2022-01-25 09:16:59 ERROR SimpleFontExtensionHelper:261 - Error loading font family
net.sf.jasperreports.engine.fonts.InvalidFontException: Error loading font "net/sf/jasperreports/fonts/pictonic/pictonic.ttf".
	at net.sf.jasperreports.engine.fonts.SimpleFontFace.loadFont(SimpleFontFace.java:206) ~[jasperreports-6.3.1.jar:6.3.1]
	at net.sf.jasperreports.engine.fonts.SimpleFontFace.setTtf(SimpleFontFace.java:167) ~[jasperreports-6.3.1.jar:6.3.1]
	at net.sf.jasperreports.engine.fonts.SimpleFontExtensionHelper.parseFontFace(SimpleFontExtensionHelper.java:387) ~[jasperreports-6.3.1.jar:6.3.1]
	at net.sf.jasperreports.engine.fonts.SimpleFontExtensionHelper.parseFontFamily(SimpleFontExtensionHelper.java:308) ~[jasperreports-6.3.1.jar:6.3.1]
	at net.sf.jasperreports.engine.fonts.SimpleFontExtensionHelper.parseFontExtensions(SimpleFontExtensionHelper.java:256) [jasperreports-6.3.1.jar:6.3.1]
	at net.sf.jasperreports.engine.fonts.SimpleFontExtensionHelper.loadFontExtensions(SimpleFontExtensionHelper.java:227) [jasperreports-6.3.1.jar:6.3.1]
	at net.sf.jasperreports.engine.fonts.SimpleFontExtensionHelper.loadFontExtensions(SimpleFontExtensionHelper.java:184) [jasperreports-6.3.1.jar:6.3.1]
	at net.sf.jasperreports.engine.fonts.FontExtensionsRegistry.ensureFontExtensions(FontExtensionsRegistry.java:93) [jasperreports-6.3.1.jar:6.3.1]
	at net.sf.jasperreports.engine.fonts.FontExtensionsRegistry.getExtensions(FontExtensionsRegistry.java:57) [jasperreports-6.3.1.jar:6.3.1]
	at net.sf.jasperreports.extensions.DefaultExtensionsRegistry.getExtensions(DefaultExtensionsRegistry.java:115) [jasperreports-6.3.1.jar:6.3.1]
	at net.sf.jasperreports.engine.util.JRStyledTextParser.<clinit>(JRStyledTextParser.java:86) [jasperreports-6.3.1.jar:6.3.1]
	at net.sf.jasperreports.engine.fill.JRBaseFiller.<init>(JRBaseFiller.java:110) [jasperreports-6.3.1.jar:6.3.1]
	at net.sf.jasperreports.engine.fill.JRVerticalFiller.<init>(JRVerticalFiller.java:69) [jasperreports-6.3.1.jar:6.3.1]
	at net.sf.jasperreports.engine.fill.JRVerticalFiller.<init>(JRVerticalFiller.java:57) [jasperreports-6.3.1.jar:6.3.1]
	at net.sf.jasperreports.engine.fill.JRFiller.createBandReportFiller(JRFiller.java:200) [jasperreports-6.3.1.jar:6.3.1]
	at net.sf.jasperreports.engine.fill.JRFiller.createReportFiller(JRFiller.java:215) [jasperreports-6.3.1.jar:6.3.1]
	at net.sf.jasperreports.engine.fill.JRFiller.fill(JRFiller.java:115) [jasperreports-6.3.1.jar:6.3.1]
	at net.sf.jasperreports.engine.JasperFillManager.fill(JasperFillManager.java:667) [jasperreports-6.3.1.jar:6.3.1]
	at net.sf.jasperreports.engine.JasperFillManager.fillReport(JasperFillManager.java:983) [jasperreports-6.3.1.jar:6.3.1]
	at py.com.roshka.fielcorresponsal.services.impl.ReportServicesImpl.generatePDFReportWithParameters(ReportServicesImpl.java:434) [classes/:?]
	at py.com.roshka.fielcorresponsal.services.impl.ReportServicesImpl.generateMovimientosAgenciaResumenReport(ReportServicesImpl.java:935) [classes/:?]
	at py.com.roshka.fielcorresponsal.controller.AdministrationController.getReporteResumenMovimientosAgencias(AdministrationController.java:676) [classes/:?]
	at sun.reflect.NativeMethodAccessorImpl.invoke0(Native Method) ~[?:1.8.0_221]
	at sun.reflect.NativeMethodAccessorImpl.invoke(NativeMethodAccessorImpl.java:62) ~[?:1.8.0_221]
	at sun.reflect.DelegatingMethodAccessorImpl.invoke(DelegatingMethodAccessorImpl.java:43) ~[?:1.8.0_221]
	at java.lang.reflect.Method.invoke(Method.java:498) ~[?:1.8.0_221]
	at org.springframework.web.method.support.InvocableHandlerMethod.invoke(InvocableHandlerMethod.java:219) [spring-web-3.2.0.RELEASE.jar:3.2.0.RELEASE]
	at org.springframework.web.method.support.InvocableHandlerMethod.invokeForRequest(InvocableHandlerMethod.java:132) [spring-web-3.2.0.RELEASE.jar:3.2.0.RELEASE]
	at org.springframework.web.servlet.mvc.method.annotation.ServletInvocableHandlerMethod.invokeAndHandle(ServletInvocableHandlerMethod.java:104) [spring-webmvc-3.2.1.RELEASE.jar:3.2.1.RELEASE]
	at org.springframework.web.servlet.mvc.method.annotation.RequestMappingHandlerAdapter.invokeHandleMethod(RequestMappingHandlerAdapter.java:745) [spring-webmvc-3.2.1.RELEASE.jar:3.2.1.RELEASE]
	at org.springframework.web.servlet.mvc.method.annotation.RequestMappingHandlerAdapter.handleInternal(RequestMappingHandlerAdapter.java:686) [spring-webmvc-3.2.1.RELEASE.jar:3.2.1.RELEASE]
	at org.springframework.web.servlet.mvc.method.AbstractHandlerMethodAdapter.handle(AbstractHandlerMethodAdapter.java:80) [spring-webmvc-3.2.1.RELEASE.jar:3.2.1.RELEASE]
	at org.springframework.web.servlet.DispatcherServlet.doDispatch(DispatcherServlet.java:925) [spring-webmvc-3.2.1.RELEASE.jar:3.2.1.RELEASE]
	at org.springframework.web.servlet.DispatcherServlet.doService(DispatcherServlet.java:856) [spring-webmvc-3.2.1.RELEASE.jar:3.2.1.RELEASE]
	at org.springframework.web.servlet.FrameworkServlet.processRequest(FrameworkServlet.java:920) [spring-webmvc-3.2.1.RELEASE.jar:3.2.1.RELEASE]
	at org.springframework.web.servlet.FrameworkServlet.doGet(FrameworkServlet.java:816) [spring-webmvc-3.2.1.RELEASE.jar:3.2.1.RELEASE]
	at javax.servlet.http.HttpServlet.service(HttpServlet.java:622) [servlet-api.jar:?]
	at org.springframework.web.servlet.FrameworkServlet.service(FrameworkServlet.java:801) [spring-webmvc-3.2.1.RELEASE.jar:3.2.1.RELEASE]
	at javax.servlet.http.HttpServlet.service(HttpServlet.java:729) [servlet-api.jar:?]
	at org.apache.catalina.core.ApplicationFilterChain.internalDoFilter(ApplicationFilterChain.java:230) [catalina.jar:8.5.6]
	at org.apache.catalina.core.ApplicationFilterChain.doFilter(ApplicationFilterChain.java:165) [catalina.jar:8.5.6]
	at org.apache.tomcat.websocket.server.WsFilter.doFilter(WsFilter.java:52) [tomcat-websocket.jar:8.5.6]
	at org.apache.catalina.core.ApplicationFilterChain.internalDoFilter(ApplicationFilterChain.java:192) [catalina.jar:8.5.6]
	at org.apache.catalina.core.ApplicationFilterChain.doFilter(ApplicationFilterChain.java:165) [catalina.jar:8.5.6]
	at py.com.fielco.fielcorresponsal.filter.CookieFilter.doFilter(CookieFilter.java:57) [classes/:?]
	at org.apache.catalina.core.ApplicationFilterChain.internalDoFilter(ApplicationFilterChain.java:192) [catalina.jar:8.5.6]
	at org.apache.catalina.core.ApplicationFilterChain.doFilter(ApplicationFilterChain.java:165) [catalina.jar:8.5.6]
	at org.springframework.web.filter.CharacterEncodingFilter.doFilterInternal(CharacterEncodingFilter.java:88) [spring-web-3.2.0.RELEASE.jar:3.2.0.RELEASE]
	at org.springframework.web.filter.OncePerRequestFilter.doFilter(OncePerRequestFilter.java:107) [spring-web-3.2.0.RELEASE.jar:3.2.0.RELEASE]
	at org.apache.catalina.core.ApplicationFilterChain.internalDoFilter(ApplicationFilterChain.java:192) [catalina.jar:8.5.6]
	at org.apache.catalina.core.ApplicationFilterChain.doFilter(ApplicationFilterChain.java:165) [catalina.jar:8.5.6]
	at org.apache.catalina.core.StandardWrapperValve.invoke(StandardWrapperValve.java:198) [catalina.jar:8.5.6]
	at org.apache.catalina.core.StandardContextValve.invoke(StandardContextValve.java:108) [catalina.jar:8.5.6]
	at org.apache.catalina.authenticator.AuthenticatorBase.invoke(AuthenticatorBase.java:472) [catalina.jar:8.5.6]
	at org.apache.catalina.core.StandardHostValve.invoke(StandardHostValve.java:140) [catalina.jar:8.5.6]
	at org.apache.catalina.valves.ErrorReportValve.invoke(ErrorReportValve.java:79) [catalina.jar:8.5.6]
	at org.apache.catalina.valves.AbstractAccessLogValve.invoke(AbstractAccessLogValve.java:620) [catalina.jar:8.5.6]
	at org.apache.catalina.core.StandardEngineValve.invoke(StandardEngineValve.java:87) [catalina.jar:8.5.6]
	at org.apache.catalina.connector.CoyoteAdapter.service(CoyoteAdapter.java:349) [catalina.jar:8.5.6]
	at org.apache.coyote.http11.Http11Processor.service(Http11Processor.java:784) [tomcat-coyote.jar:8.5.6]
	at org.apache.coyote.AbstractProcessorLight.process(AbstractProcessorLight.java:66) [tomcat-coyote.jar:8.5.6]
	at org.apache.coyote.AbstractProtocol$ConnectionHandler.process(AbstractProtocol.java:802) [tomcat-coyote.jar:8.5.6]
	at org.apache.tomcat.util.net.NioEndpoint$SocketProcessor.doRun(NioEndpoint.java:1410) [tomcat-coyote.jar:8.5.6]
	at org.apache.tomcat.util.net.SocketProcessorBase.run(SocketProcessorBase.java:49) [tomcat-coyote.jar:8.5.6]
	at java.util.concurrent.ThreadPoolExecutor.runWorker(ThreadPoolExecutor.java:1149) [?:1.8.0_221]
	at java.util.concurrent.ThreadPoolExecutor$Worker.run(ThreadPoolExecutor.java:624) [?:1.8.0_221]
	at org.apache.tomcat.util.threads.TaskThread$WrappingRunnable.run(TaskThread.java:61) [tomcat-util.jar:8.5.6]
	at java.lang.Thread.run(Thread.java:748) [?:1.8.0_221]
Caused by: java.io.IOException: Problem reading font data.
	at java.awt.Font.createFont0(Font.java:1000) ~[?:1.8.0_221]
	at java.awt.Font.createFont(Font.java:877) ~[?:1.8.0_221]
	at net.sf.jasperreports.engine.fonts.SimpleFontFace.loadFont(SimpleFontFace.java:198) ~[jasperreports-6.3.1.jar:6.3.1]
	... 67 more
2022-01-25 09:16:59 ERROR SimpleFontExtensionHelper:261 - Error loading font family
net.sf.jasperreports.engine.fonts.InvalidFontException: Error loading font "net/sf/jasperreports/fonts/dejavu/DejaVuSans.ttf".
	at net.sf.jasperreports.engine.fonts.SimpleFontFace.loadFont(SimpleFontFace.java:206) ~[jasperreports-6.3.1.jar:6.3.1]
	at net.sf.jasperreports.engine.fonts.SimpleFontFace.setTtf(SimpleFontFace.java:167) ~[jasperreports-6.3.1.jar:6.3.1]
	at net.sf.jasperreports.engine.fonts.SimpleFontExtensionHelper.parseFontFace(SimpleFontExtensionHelper.java:376) ~[jasperreports-6.3.1.jar:6.3.1]
	at net.sf.jasperreports.engine.fonts.SimpleFontExtensionHelper.parseFontFamily(SimpleFontExtensionHelper.java:308) ~[jasperreports-6.3.1.jar:6.3.1]
	at net.sf.jasperreports.engine.fonts.SimpleFontExtensionHelper.parseFontExtensions(SimpleFontExtensionHelper.java:256) [jasperreports-6.3.1.jar:6.3.1]
	at net.sf.jasperreports.engine.fonts.SimpleFontExtensionHelper.loadFontExtensions(SimpleFontExtensionHelper.java:227) [jasperreports-6.3.1.jar:6.3.1]
	at net.sf.jasperreports.engine.fonts.SimpleFontExtensionHelper.loadFontExtensions(SimpleFontExtensionHelper.java:184) [jasperreports-6.3.1.jar:6.3.1]
	at net.sf.jasperreports.engine.fonts.FontExtensionsRegistry.ensureFontExtensions(FontExtensionsRegistry.java:93) [jasperreports-6.3.1.jar:6.3.1]
	at net.sf.jasperreports.engine.fonts.FontExtensionsRegistry.getExtensions(FontExtensionsRegistry.java:57) [jasperreports-6.3.1.jar:6.3.1]
	at net.sf.jasperreports.extensions.DefaultExtensionsRegistry.getExtensions(DefaultExtensionsRegistry.java:115) [jasperreports-6.3.1.jar:6.3.1]
	at net.sf.jasperreports.engine.util.JRStyledTextParser.<clinit>(JRStyledTextParser.java:86) [jasperreports-6.3.1.jar:6.3.1]
	at net.sf.jasperreports.engine.fill.JRBaseFiller.<init>(JRBaseFiller.java:110) [jasperreports-6.3.1.jar:6.3.1]
	at net.sf.jasperreports.engine.fill.JRVerticalFiller.<init>(JRVerticalFiller.java:69) [jasperreports-6.3.1.jar:6.3.1]
	at net.sf.jasperreports.engine.fill.JRVerticalFiller.<init>(JRVerticalFiller.java:57) [jasperreports-6.3.1.jar:6.3.1]
	at net.sf.jasperreports.engine.fill.JRFiller.createBandReportFiller(JRFiller.java:200) [jasperreports-6.3.1.jar:6.3.1]
	at net.sf.jasperreports.engine.fill.JRFiller.createReportFiller(JRFiller.java:215) [jasperreports-6.3.1.jar:6.3.1]
	at net.sf.jasperreports.engine.fill.JRFiller.fill(JRFiller.java:115) [jasperreports-6.3.1.jar:6.3.1]
	at net.sf.jasperreports.engine.JasperFillManager.fill(JasperFillManager.java:667) [jasperreports-6.3.1.jar:6.3.1]
	at net.sf.jasperreports.engine.JasperFillManager.fillReport(JasperFillManager.java:983) [jasperreports-6.3.1.jar:6.3.1]
	at py.com.roshka.fielcorresponsal.services.impl.ReportServicesImpl.generatePDFReportWithParameters(ReportServicesImpl.java:434) [classes/:?]
	at py.com.roshka.fielcorresponsal.services.impl.ReportServicesImpl.generateMovimientosAgenciaResumenReport(ReportServicesImpl.java:935) [classes/:?]
	at py.com.roshka.fielcorresponsal.controller.AdministrationController.getReporteResumenMovimientosAgencias(AdministrationController.java:676) [classes/:?]
	at sun.reflect.NativeMethodAccessorImpl.invoke0(Native Method) ~[?:1.8.0_221]
	at sun.reflect.NativeMethodAccessorImpl.invoke(NativeMethodAccessorImpl.java:62) ~[?:1.8.0_221]
	at sun.reflect.DelegatingMethodAccessorImpl.invoke(DelegatingMethodAccessorImpl.java:43) ~[?:1.8.0_221]
	at java.lang.reflect.Method.invoke(Method.java:498) ~[?:1.8.0_221]
	at org.springframework.web.method.support.InvocableHandlerMethod.invoke(InvocableHandlerMethod.java:219) [spring-web-3.2.0.RELEASE.jar:3.2.0.RELEASE]
	at org.springframework.web.method.support.InvocableHandlerMethod.invokeForRequest(InvocableHandlerMethod.java:132) [spring-web-3.2.0.RELEASE.jar:3.2.0.RELEASE]
	at org.springframework.web.servlet.mvc.method.annotation.ServletInvocableHandlerMethod.invokeAndHandle(ServletInvocableHandlerMethod.java:104) [spring-webmvc-3.2.1.RELEASE.jar:3.2.1.RELEASE]
	at org.springframework.web.servlet.mvc.method.annotation.RequestMappingHandlerAdapter.invokeHandleMethod(RequestMappingHandlerAdapter.java:745) [spring-webmvc-3.2.1.RELEASE.jar:3.2.1.RELEASE]
	at org.springframework.web.servlet.mvc.method.annotation.RequestMappingHandlerAdapter.handleInternal(RequestMappingHandlerAdapter.java:686) [spring-webmvc-3.2.1.RELEASE.jar:3.2.1.RELEASE]
	at org.springframework.web.servlet.mvc.method.AbstractHandlerMethodAdapter.handle(AbstractHandlerMethodAdapter.java:80) [spring-webmvc-3.2.1.RELEASE.jar:3.2.1.RELEASE]
	at org.springframework.web.servlet.DispatcherServlet.doDispatch(DispatcherServlet.java:925) [spring-webmvc-3.2.1.RELEASE.jar:3.2.1.RELEASE]
	at org.springframework.web.servlet.DispatcherServlet.doService(DispatcherServlet.java:856) [spring-webmvc-3.2.1.RELEASE.jar:3.2.1.RELEASE]
	at org.springframework.web.servlet.FrameworkServlet.processRequest(FrameworkServlet.java:920) [spring-webmvc-3.2.1.RELEASE.jar:3.2.1.RELEASE]
	at org.springframework.web.servlet.FrameworkServlet.doGet(FrameworkServlet.java:816) [spring-webmvc-3.2.1.RELEASE.jar:3.2.1.RELEASE]
	at javax.servlet.http.HttpServlet.service(HttpServlet.java:622) [servlet-api.jar:?]
	at org.springframework.web.servlet.FrameworkServlet.service(FrameworkServlet.java:801) [spring-webmvc-3.2.1.RELEASE.jar:3.2.1.RELEASE]
	at javax.servlet.http.HttpServlet.service(HttpServlet.java:729) [servlet-api.jar:?]
	at org.apache.catalina.core.ApplicationFilterChain.internalDoFilter(ApplicationFilterChain.java:230) [catalina.jar:8.5.6]
	at org.apache.catalina.core.ApplicationFilterChain.doFilter(ApplicationFilterChain.java:165) [catalina.jar:8.5.6]
	at org.apache.tomcat.websocket.server.WsFilter.doFilter(WsFilter.java:52) [tomcat-websocket.jar:8.5.6]
	at org.apache.catalina.core.ApplicationFilterChain.internalDoFilter(ApplicationFilterChain.java:192) [catalina.jar:8.5.6]
	at org.apache.catalina.core.ApplicationFilterChain.doFilter(ApplicationFilterChain.java:165) [catalina.jar:8.5.6]
	at py.com.fielco.fielcorresponsal.filter.CookieFilter.doFilter(CookieFilter.java:57) [classes/:?]
	at org.apache.catalina.core.ApplicationFilterChain.internalDoFilter(ApplicationFilterChain.java:192) [catalina.jar:8.5.6]
	at org.apache.catalina.core.ApplicationFilterChain.doFilter(ApplicationFilterChain.java:165) [catalina.jar:8.5.6]
	at org.springframework.web.filter.CharacterEncodingFilter.doFilterInternal(CharacterEncodingFilter.java:88) [spring-web-3.2.0.RELEASE.jar:3.2.0.RELEASE]
	at org.springframework.web.filter.OncePerRequestFilter.doFilter(OncePerRequestFilter.java:107) [spring-web-3.2.0.RELEASE.jar:3.2.0.RELEASE]
	at org.apache.catalina.core.ApplicationFilterChain.internalDoFilter(ApplicationFilterChain.java:192) [catalina.jar:8.5.6]
	at org.apache.catalina.core.ApplicationFilterChain.doFilter(ApplicationFilterChain.java:165) [catalina.jar:8.5.6]
	at org.apache.catalina.core.StandardWrapperValve.invoke(StandardWrapperValve.java:198) [catalina.jar:8.5.6]
	at org.apache.catalina.core.StandardContextValve.invoke(StandardContextValve.java:108) [catalina.jar:8.5.6]
	at org.apache.catalina.authenticator.AuthenticatorBase.invoke(AuthenticatorBase.java:472) [catalina.jar:8.5.6]
	at org.apache.catalina.core.StandardHostValve.invoke(StandardHostValve.java:140) [catalina.jar:8.5.6]
	at org.apache.catalina.valves.ErrorReportValve.invoke(ErrorReportValve.java:79) [catalina.jar:8.5.6]
	at org.apache.catalina.valves.AbstractAccessLogValve.invoke(AbstractAccessLogValve.java:620) [catalina.jar:8.5.6]
	at org.apache.catalina.core.StandardEngineValve.invoke(StandardEngineValve.java:87) [catalina.jar:8.5.6]
	at org.apache.catalina.connector.CoyoteAdapter.service(CoyoteAdapter.java:349) [catalina.jar:8.5.6]
	at org.apache.coyote.http11.Http11Processor.service(Http11Processor.java:784) [tomcat-coyote.jar:8.5.6]
	at org.apache.coyote.AbstractProcessorLight.process(AbstractProcessorLight.java:66) [tomcat-coyote.jar:8.5.6]
	at org.apache.coyote.AbstractProtocol$ConnectionHandler.process(AbstractProtocol.java:802) [tomcat-coyote.jar:8.5.6]
	at org.apache.tomcat.util.net.NioEndpoint$SocketProcessor.doRun(NioEndpoint.java:1410) [tomcat-coyote.jar:8.5.6]
	at org.apache.tomcat.util.net.SocketProcessorBase.run(SocketProcessorBase.java:49) [tomcat-coyote.jar:8.5.6]
	at java.util.concurrent.ThreadPoolExecutor.runWorker(ThreadPoolExecutor.java:1149) [?:1.8.0_221]
	at java.util.concurrent.ThreadPoolExecutor$Worker.run(ThreadPoolExecutor.java:624) [?:1.8.0_221]
	at org.apache.tomcat.util.threads.TaskThread$WrappingRunnable.run(TaskThread.java:61) [tomcat-util.jar:8.5.6]
	at java.lang.Thread.run(Thread.java:748) [?:1.8.0_221]
Caused by: java.io.IOException: Problem reading font data.
	at java.awt.Font.createFont0(Font.java:1000) ~[?:1.8.0_221]
	at java.awt.Font.createFont(Font.java:877) ~[?:1.8.0_221]
	at net.sf.jasperreports.engine.fonts.SimpleFontFace.loadFont(SimpleFontFace.java:198) ~[jasperreports-6.3.1.jar:6.3.1]
	... 67 more
2022-01-25 09:17:00 ERROR SimpleFontExtensionHelper:261 - Error loading font family
net.sf.jasperreports.engine.fonts.InvalidFontException: Error loading font "net/sf/jasperreports/fonts/dejavu/DejaVuSerif.ttf".
	at net.sf.jasperreports.engine.fonts.SimpleFontFace.loadFont(SimpleFontFace.java:206) ~[jasperreports-6.3.1.jar:6.3.1]
	at net.sf.jasperreports.engine.fonts.SimpleFontFace.setTtf(SimpleFontFace.java:167) ~[jasperreports-6.3.1.jar:6.3.1]
	at net.sf.jasperreports.engine.fonts.SimpleFontExtensionHelper.parseFontFace(SimpleFontExtensionHelper.java:376) ~[jasperreports-6.3.1.jar:6.3.1]
	at net.sf.jasperreports.engine.fonts.SimpleFontExtensionHelper.parseFontFamily(SimpleFontExtensionHelper.java:308) ~[jasperreports-6.3.1.jar:6.3.1]
	at net.sf.jasperreports.engine.fonts.SimpleFontExtensionHelper.parseFontExtensions(SimpleFontExtensionHelper.java:256) [jasperreports-6.3.1.jar:6.3.1]
	at net.sf.jasperreports.engine.fonts.SimpleFontExtensionHelper.loadFontExtensions(SimpleFontExtensionHelper.java:227) [jasperreports-6.3.1.jar:6.3.1]
	at net.sf.jasperreports.engine.fonts.SimpleFontExtensionHelper.loadFontExtensions(SimpleFontExtensionHelper.java:184) [jasperreports-6.3.1.jar:6.3.1]
	at net.sf.jasperreports.engine.fonts.FontExtensionsRegistry.ensureFontExtensions(FontExtensionsRegistry.java:93) [jasperreports-6.3.1.jar:6.3.1]
	at net.sf.jasperreports.engine.fonts.FontExtensionsRegistry.getExtensions(FontExtensionsRegistry.java:57) [jasperreports-6.3.1.jar:6.3.1]
	at net.sf.jasperreports.extensions.DefaultExtensionsRegistry.getExtensions(DefaultExtensionsRegistry.java:115) [jasperreports-6.3.1.jar:6.3.1]
	at net.sf.jasperreports.engine.util.JRStyledTextParser.<clinit>(JRStyledTextParser.java:86) [jasperreports-6.3.1.jar:6.3.1]
	at net.sf.jasperreports.engine.fill.JRBaseFiller.<init>(JRBaseFiller.java:110) [jasperreports-6.3.1.jar:6.3.1]
	at net.sf.jasperreports.engine.fill.JRVerticalFiller.<init>(JRVerticalFiller.java:69) [jasperreports-6.3.1.jar:6.3.1]
	at net.sf.jasperreports.engine.fill.JRVerticalFiller.<init>(JRVerticalFiller.java:57) [jasperreports-6.3.1.jar:6.3.1]
	at net.sf.jasperreports.engine.fill.JRFiller.createBandReportFiller(JRFiller.java:200) [jasperreports-6.3.1.jar:6.3.1]
	at net.sf.jasperreports.engine.fill.JRFiller.createReportFiller(JRFiller.java:215) [jasperreports-6.3.1.jar:6.3.1]
	at net.sf.jasperreports.engine.fill.JRFiller.fill(JRFiller.java:115) [jasperreports-6.3.1.jar:6.3.1]
	at net.sf.jasperreports.engine.JasperFillManager.fill(JasperFillManager.java:667) [jasperreports-6.3.1.jar:6.3.1]
	at net.sf.jasperreports.engine.JasperFillManager.fillReport(JasperFillManager.java:983) [jasperreports-6.3.1.jar:6.3.1]
	at py.com.roshka.fielcorresponsal.services.impl.ReportServicesImpl.generatePDFReportWithParameters(ReportServicesImpl.java:434) [classes/:?]
	at py.com.roshka.fielcorresponsal.services.impl.ReportServicesImpl.generateMovimientosAgenciaResumenReport(ReportServicesImpl.java:935) [classes/:?]
	at py.com.roshka.fielcorresponsal.controller.AdministrationController.getReporteResumenMovimientosAgencias(AdministrationController.java:676) [classes/:?]
	at sun.reflect.NativeMethodAccessorImpl.invoke0(Native Method) ~[?:1.8.0_221]
	at sun.reflect.NativeMethodAccessorImpl.invoke(NativeMethodAccessorImpl.java:62) ~[?:1.8.0_221]
	at sun.reflect.DelegatingMethodAccessorImpl.invoke(DelegatingMethodAccessorImpl.java:43) ~[?:1.8.0_221]
	at java.lang.reflect.Method.invoke(Method.java:498) ~[?:1.8.0_221]
	at org.springframework.web.method.support.InvocableHandlerMethod.invoke(InvocableHandlerMethod.java:219) [spring-web-3.2.0.RELEASE.jar:3.2.0.RELEASE]
	at org.springframework.web.method.support.InvocableHandlerMethod.invokeForRequest(InvocableHandlerMethod.java:132) [spring-web-3.2.0.RELEASE.jar:3.2.0.RELEASE]
	at org.springframework.web.servlet.mvc.method.annotation.ServletInvocableHandlerMethod.invokeAndHandle(ServletInvocableHandlerMethod.java:104) [spring-webmvc-3.2.1.RELEASE.jar:3.2.1.RELEASE]
	at org.springframework.web.servlet.mvc.method.annotation.RequestMappingHandlerAdapter.invokeHandleMethod(RequestMappingHandlerAdapter.java:745) [spring-webmvc-3.2.1.RELEASE.jar:3.2.1.RELEASE]
	at org.springframework.web.servlet.mvc.method.annotation.RequestMappingHandlerAdapter.handleInternal(RequestMappingHandlerAdapter.java:686) [spring-webmvc-3.2.1.RELEASE.jar:3.2.1.RELEASE]
	at org.springframework.web.servlet.mvc.method.AbstractHandlerMethodAdapter.handle(AbstractHandlerMethodAdapter.java:80) [spring-webmvc-3.2.1.RELEASE.jar:3.2.1.RELEASE]
	at org.springframework.web.servlet.DispatcherServlet.doDispatch(DispatcherServlet.java:925) [spring-webmvc-3.2.1.RELEASE.jar:3.2.1.RELEASE]
	at org.springframework.web.servlet.DispatcherServlet.doService(DispatcherServlet.java:856) [spring-webmvc-3.2.1.RELEASE.jar:3.2.1.RELEASE]
	at org.springframework.web.servlet.FrameworkServlet.processRequest(FrameworkServlet.java:920) [spring-webmvc-3.2.1.RELEASE.jar:3.2.1.RELEASE]
	at org.springframework.web.servlet.FrameworkServlet.doGet(FrameworkServlet.java:816) [spring-webmvc-3.2.1.RELEASE.jar:3.2.1.RELEASE]
	at javax.servlet.http.HttpServlet.service(HttpServlet.java:622) [servlet-api.jar:?]
	at org.springframework.web.servlet.FrameworkServlet.service(FrameworkServlet.java:801) [spring-webmvc-3.2.1.RELEASE.jar:3.2.1.RELEASE]
	at javax.servlet.http.HttpServlet.service(HttpServlet.java:729) [servlet-api.jar:?]
	at org.apache.catalina.core.ApplicationFilterChain.internalDoFilter(ApplicationFilterChain.java:230) [catalina.jar:8.5.6]
	at org.apache.catalina.core.ApplicationFilterChain.doFilter(ApplicationFilterChain.java:165) [catalina.jar:8.5.6]
	at org.apache.tomcat.websocket.server.WsFilter.doFilter(WsFilter.java:52) [tomcat-websocket.jar:8.5.6]
	at org.apache.catalina.core.ApplicationFilterChain.internalDoFilter(ApplicationFilterChain.java:192) [catalina.jar:8.5.6]
	at org.apache.catalina.core.ApplicationFilterChain.doFilter(ApplicationFilterChain.java:165) [catalina.jar:8.5.6]
	at py.com.fielco.fielcorresponsal.filter.CookieFilter.doFilter(CookieFilter.java:57) [classes/:?]
	at org.apache.catalina.core.ApplicationFilterChain.internalDoFilter(ApplicationFilterChain.java:192) [catalina.jar:8.5.6]
	at org.apache.catalina.core.ApplicationFilterChain.doFilter(ApplicationFilterChain.java:165) [catalina.jar:8.5.6]
	at org.springframework.web.filter.CharacterEncodingFilter.doFilterInternal(CharacterEncodingFilter.java:88) [spring-web-3.2.0.RELEASE.jar:3.2.0.RELEASE]
	at org.springframework.web.filter.OncePerRequestFilter.doFilter(OncePerRequestFilter.java:107) [spring-web-3.2.0.RELEASE.jar:3.2.0.RELEASE]
	at org.apache.catalina.core.ApplicationFilterChain.internalDoFilter(ApplicationFilterChain.java:192) [catalina.jar:8.5.6]
	at org.apache.catalina.core.ApplicationFilterChain.doFilter(ApplicationFilterChain.java:165) [catalina.jar:8.5.6]
	at org.apache.catalina.core.StandardWrapperValve.invoke(StandardWrapperValve.java:198) [catalina.jar:8.5.6]
	at org.apache.catalina.core.StandardContextValve.invoke(StandardContextValve.java:108) [catalina.jar:8.5.6]
	at org.apache.catalina.authenticator.AuthenticatorBase.invoke(AuthenticatorBase.java:472) [catalina.jar:8.5.6]
	at org.apache.catalina.core.StandardHostValve.invoke(StandardHostValve.java:140) [catalina.jar:8.5.6]
	at org.apache.catalina.valves.ErrorReportValve.invoke(ErrorReportValve.java:79) [catalina.jar:8.5.6]
	at org.apache.catalina.valves.AbstractAccessLogValve.invoke(AbstractAccessLogValve.java:620) [catalina.jar:8.5.6]
	at org.apache.catalina.core.StandardEngineValve.invoke(StandardEngineValve.java:87) [catalina.jar:8.5.6]
	at org.apache.catalina.connector.CoyoteAdapter.service(CoyoteAdapter.java:349) [catalina.jar:8.5.6]
	at org.apache.coyote.http11.Http11Processor.service(Http11Processor.java:784) [tomcat-coyote.jar:8.5.6]
	at org.apache.coyote.AbstractProcessorLight.process(AbstractProcessorLight.java:66) [tomcat-coyote.jar:8.5.6]
	at org.apache.coyote.AbstractProtocol$ConnectionHandler.process(AbstractProtocol.java:802) [tomcat-coyote.jar:8.5.6]
	at org.apache.tomcat.util.net.NioEndpoint$SocketProcessor.doRun(NioEndpoint.java:1410) [tomcat-coyote.jar:8.5.6]
	at org.apache.tomcat.util.net.SocketProcessorBase.run(SocketProcessorBase.java:49) [tomcat-coyote.jar:8.5.6]
	at java.util.concurrent.ThreadPoolExecutor.runWorker(ThreadPoolExecutor.java:1149) [?:1.8.0_221]
	at java.util.concurrent.ThreadPoolExecutor$Worker.run(ThreadPoolExecutor.java:624) [?:1.8.0_221]
	at org.apache.tomcat.util.threads.TaskThread$WrappingRunnable.run(TaskThread.java:61) [tomcat-util.jar:8.5.6]
	at java.lang.Thread.run(Thread.java:748) [?:1.8.0_221]
Caused by: java.io.IOException: Problem reading font data.
	at java.awt.Font.createFont0(Font.java:1000) ~[?:1.8.0_221]
	at java.awt.Font.createFont(Font.java:877) ~[?:1.8.0_221]
	at net.sf.jasperreports.engine.fonts.SimpleFontFace.loadFont(SimpleFontFace.java:198) ~[jasperreports-6.3.1.jar:6.3.1]
	... 67 more
2022-01-25 09:17:00 ERROR SimpleFontExtensionHelper:261 - Error loading font family
net.sf.jasperreports.engine.fonts.InvalidFontException: Error loading font "net/sf/jasperreports/fonts/dejavu/DejaVuSansMono.ttf".
	at net.sf.jasperreports.engine.fonts.SimpleFontFace.loadFont(SimpleFontFace.java:206) ~[jasperreports-6.3.1.jar:6.3.1]
	at net.sf.jasperreports.engine.fonts.SimpleFontFace.setTtf(SimpleFontFace.java:167) ~[jasperreports-6.3.1.jar:6.3.1]
	at net.sf.jasperreports.engine.fonts.SimpleFontExtensionHelper.parseFontFace(SimpleFontExtensionHelper.java:376) ~[jasperreports-6.3.1.jar:6.3.1]
	at net.sf.jasperreports.engine.fonts.SimpleFontExtensionHelper.parseFontFamily(SimpleFontExtensionHelper.java:308) ~[jasperreports-6.3.1.jar:6.3.1]
	at net.sf.jasperreports.engine.fonts.SimpleFontExtensionHelper.parseFontExtensions(SimpleFontExtensionHelper.java:256) [jasperreports-6.3.1.jar:6.3.1]
	at net.sf.jasperreports.engine.fonts.SimpleFontExtensionHelper.loadFontExtensions(SimpleFontExtensionHelper.java:227) [jasperreports-6.3.1.jar:6.3.1]
	at net.sf.jasperreports.engine.fonts.SimpleFontExtensionHelper.loadFontExtensions(SimpleFontExtensionHelper.java:184) [jasperreports-6.3.1.jar:6.3.1]
	at net.sf.jasperreports.engine.fonts.FontExtensionsRegistry.ensureFontExtensions(FontExtensionsRegistry.java:93) [jasperreports-6.3.1.jar:6.3.1]
	at net.sf.jasperreports.engine.fonts.FontExtensionsRegistry.getExtensions(FontExtensionsRegistry.java:57) [jasperreports-6.3.1.jar:6.3.1]
	at net.sf.jasperreports.extensions.DefaultExtensionsRegistry.getExtensions(DefaultExtensionsRegistry.java:115) [jasperreports-6.3.1.jar:6.3.1]
	at net.sf.jasperreports.engine.util.JRStyledTextParser.<clinit>(JRStyledTextParser.java:86) [jasperreports-6.3.1.jar:6.3.1]
	at net.sf.jasperreports.engine.fill.JRBaseFiller.<init>(JRBaseFiller.java:110) [jasperreports-6.3.1.jar:6.3.1]
	at net.sf.jasperreports.engine.fill.JRVerticalFiller.<init>(JRVerticalFiller.java:69) [jasperreports-6.3.1.jar:6.3.1]
	at net.sf.jasperreports.engine.fill.JRVerticalFiller.<init>(JRVerticalFiller.java:57) [jasperreports-6.3.1.jar:6.3.1]
	at net.sf.jasperreports.engine.fill.JRFiller.createBandReportFiller(JRFiller.java:200) [jasperreports-6.3.1.jar:6.3.1]
	at net.sf.jasperreports.engine.fill.JRFiller.createReportFiller(JRFiller.java:215) [jasperreports-6.3.1.jar:6.3.1]
	at net.sf.jasperreports.engine.fill.JRFiller.fill(JRFiller.java:115) [jasperreports-6.3.1.jar:6.3.1]
	at net.sf.jasperreports.engine.JasperFillManager.fill(JasperFillManager.java:667) [jasperreports-6.3.1.jar:6.3.1]
	at net.sf.jasperreports.engine.JasperFillManager.fillReport(JasperFillManager.java:983) [jasperreports-6.3.1.jar:6.3.1]
	at py.com.roshka.fielcorresponsal.services.impl.ReportServicesImpl.generatePDFReportWithParameters(ReportServicesImpl.java:434) [classes/:?]
	at py.com.roshka.fielcorresponsal.services.impl.ReportServicesImpl.generateMovimientosAgenciaResumenReport(ReportServicesImpl.java:935) [classes/:?]
	at py.com.roshka.fielcorresponsal.controller.AdministrationController.getReporteResumenMovimientosAgencias(AdministrationController.java:676) [classes/:?]
	at sun.reflect.NativeMethodAccessorImpl.invoke0(Native Method) ~[?:1.8.0_221]
	at sun.reflect.NativeMethodAccessorImpl.invoke(NativeMethodAccessorImpl.java:62) ~[?:1.8.0_221]
	at sun.reflect.DelegatingMethodAccessorImpl.invoke(DelegatingMethodAccessorImpl.java:43) ~[?:1.8.0_221]
	at java.lang.reflect.Method.invoke(Method.java:498) ~[?:1.8.0_221]
	at org.springframework.web.method.support.InvocableHandlerMethod.invoke(InvocableHandlerMethod.java:219) [spring-web-3.2.0.RELEASE.jar:3.2.0.RELEASE]
	at org.springframework.web.method.support.InvocableHandlerMethod.invokeForRequest(InvocableHandlerMethod.java:132) [spring-web-3.2.0.RELEASE.jar:3.2.0.RELEASE]
	at org.springframework.web.servlet.mvc.method.annotation.ServletInvocableHandlerMethod.invokeAndHandle(ServletInvocableHandlerMethod.java:104) [spring-webmvc-3.2.1.RELEASE.jar:3.2.1.RELEASE]
	at org.springframework.web.servlet.mvc.method.annotation.RequestMappingHandlerAdapter.invokeHandleMethod(RequestMappingHandlerAdapter.java:745) [spring-webmvc-3.2.1.RELEASE.jar:3.2.1.RELEASE]
	at org.springframework.web.servlet.mvc.method.annotation.RequestMappingHandlerAdapter.handleInternal(RequestMappingHandlerAdapter.java:686) [spring-webmvc-3.2.1.RELEASE.jar:3.2.1.RELEASE]
	at org.springframework.web.servlet.mvc.method.AbstractHandlerMethodAdapter.handle(AbstractHandlerMethodAdapter.java:80) [spring-webmvc-3.2.1.RELEASE.jar:3.2.1.RELEASE]
	at org.springframework.web.servlet.DispatcherServlet.doDispatch(DispatcherServlet.java:925) [spring-webmvc-3.2.1.RELEASE.jar:3.2.1.RELEASE]
	at org.springframework.web.servlet.DispatcherServlet.doService(DispatcherServlet.java:856) [spring-webmvc-3.2.1.RELEASE.jar:3.2.1.RELEASE]
	at org.springframework.web.servlet.FrameworkServlet.processRequest(FrameworkServlet.java:920) [spring-webmvc-3.2.1.RELEASE.jar:3.2.1.RELEASE]
	at org.springframework.web.servlet.FrameworkServlet.doGet(FrameworkServlet.java:816) [spring-webmvc-3.2.1.RELEASE.jar:3.2.1.RELEASE]
	at javax.servlet.http.HttpServlet.service(HttpServlet.java:622) [servlet-api.jar:?]
	at org.springframework.web.servlet.FrameworkServlet.service(FrameworkServlet.java:801) [spring-webmvc-3.2.1.RELEASE.jar:3.2.1.RELEASE]
	at javax.servlet.http.HttpServlet.service(HttpServlet.java:729) [servlet-api.jar:?]
	at org.apache.catalina.core.ApplicationFilterChain.internalDoFilter(ApplicationFilterChain.java:230) [catalina.jar:8.5.6]
	at org.apache.catalina.core.ApplicationFilterChain.doFilter(ApplicationFilterChain.java:165) [catalina.jar:8.5.6]
	at org.apache.tomcat.websocket.server.WsFilter.doFilter(WsFilter.java:52) [tomcat-websocket.jar:8.5.6]
	at org.apache.catalina.core.ApplicationFilterChain.internalDoFilter(ApplicationFilterChain.java:192) [catalina.jar:8.5.6]
	at org.apache.catalina.core.ApplicationFilterChain.doFilter(ApplicationFilterChain.java:165) [catalina.jar:8.5.6]
	at py.com.fielco.fielcorresponsal.filter.CookieFilter.doFilter(CookieFilter.java:57) [classes/:?]
	at org.apache.catalina.core.ApplicationFilterChain.internalDoFilter(ApplicationFilterChain.java:192) [catalina.jar:8.5.6]
	at org.apache.catalina.core.ApplicationFilterChain.doFilter(ApplicationFilterChain.java:165) [catalina.jar:8.5.6]
	at org.springframework.web.filter.CharacterEncodingFilter.doFilterInternal(CharacterEncodingFilter.java:88) [spring-web-3.2.0.RELEASE.jar:3.2.0.RELEASE]
	at org.springframework.web.filter.OncePerRequestFilter.doFilter(OncePerRequestFilter.java:107) [spring-web-3.2.0.RELEASE.jar:3.2.0.RELEASE]
	at org.apache.catalina.core.ApplicationFilterChain.internalDoFilter(ApplicationFilterChain.java:192) [catalina.jar:8.5.6]
	at org.apache.catalina.core.ApplicationFilterChain.doFilter(ApplicationFilterChain.java:165) [catalina.jar:8.5.6]
	at org.apache.catalina.core.StandardWrapperValve.invoke(StandardWrapperValve.java:198) [catalina.jar:8.5.6]
	at org.apache.catalina.core.StandardContextValve.invoke(StandardContextValve.java:108) [catalina.jar:8.5.6]
	at org.apache.catalina.authenticator.AuthenticatorBase.invoke(AuthenticatorBase.java:472) [catalina.jar:8.5.6]
	at org.apache.catalina.core.StandardHostValve.invoke(StandardHostValve.java:140) [catalina.jar:8.5.6]
	at org.apache.catalina.valves.ErrorReportValve.invoke(ErrorReportValve.java:79) [catalina.jar:8.5.6]
	at org.apache.catalina.valves.AbstractAccessLogValve.invoke(AbstractAccessLogValve.java:620) [catalina.jar:8.5.6]
	at org.apache.catalina.core.StandardEngineValve.invoke(StandardEngineValve.java:87) [catalina.jar:8.5.6]
	at org.apache.catalina.connector.CoyoteAdapter.service(CoyoteAdapter.java:349) [catalina.jar:8.5.6]
	at org.apache.coyote.http11.Http11Processor.service(Http11Processor.java:784) [tomcat-coyote.jar:8.5.6]
	at org.apache.coyote.AbstractProcessorLight.process(AbstractProcessorLight.java:66) [tomcat-coyote.jar:8.5.6]
	at org.apache.coyote.AbstractProtocol$ConnectionHandler.process(AbstractProtocol.java:802) [tomcat-coyote.jar:8.5.6]
	at org.apache.tomcat.util.net.NioEndpoint$SocketProcessor.doRun(NioEndpoint.java:1410) [tomcat-coyote.jar:8.5.6]
	at org.apache.tomcat.util.net.SocketProcessorBase.run(SocketProcessorBase.java:49) [tomcat-coyote.jar:8.5.6]
	at java.util.concurrent.ThreadPoolExecutor.runWorker(ThreadPoolExecutor.java:1149) [?:1.8.0_221]
	at java.util.concurrent.ThreadPoolExecutor$Worker.run(ThreadPoolExecutor.java:624) [?:1.8.0_221]
	at org.apache.tomcat.util.threads.TaskThread$WrappingRunnable.run(TaskThread.java:61) [tomcat-util.jar:8.5.6]
	at java.lang.Thread.run(Thread.java:748) [?:1.8.0_221]
Caused by: java.io.IOException: Problem reading font data.
	at java.awt.Font.createFont0(Font.java:1000) ~[?:1.8.0_221]
	at java.awt.Font.createFont(Font.java:877) ~[?:1.8.0_221]
	at net.sf.jasperreports.engine.fonts.SimpleFontFace.loadFont(SimpleFontFace.java:198) ~[jasperreports-6.3.1.jar:6.3.1]
	... 67 more
2022-01-25 21:15:05 ERROR SimpleFontExtensionHelper:261 - Error loading font family
net.sf.jasperreports.engine.fonts.InvalidFontException: Error loading font "net/sf/jasperreports/fonts/pictonic/pictonic.ttf".
	at net.sf.jasperreports.engine.fonts.SimpleFontFace.loadFont(SimpleFontFace.java:206) ~[jasperreports-6.3.1.jar:6.3.1]
	at net.sf.jasperreports.engine.fonts.SimpleFontFace.setTtf(SimpleFontFace.java:167) ~[jasperreports-6.3.1.jar:6.3.1]
	at net.sf.jasperreports.engine.fonts.SimpleFontExtensionHelper.parseFontFace(SimpleFontExtensionHelper.java:387) ~[jasperreports-6.3.1.jar:6.3.1]
	at net.sf.jasperreports.engine.fonts.SimpleFontExtensionHelper.parseFontFamily(SimpleFontExtensionHelper.java:308) ~[jasperreports-6.3.1.jar:6.3.1]
	at net.sf.jasperreports.engine.fonts.SimpleFontExtensionHelper.parseFontExtensions(SimpleFontExtensionHelper.java:256) [jasperreports-6.3.1.jar:6.3.1]
	at net.sf.jasperreports.engine.fonts.SimpleFontExtensionHelper.loadFontExtensions(SimpleFontExtensionHelper.java:227) [jasperreports-6.3.1.jar:6.3.1]
	at net.sf.jasperreports.engine.fonts.SimpleFontExtensionHelper.loadFontExtensions(SimpleFontExtensionHelper.java:184) [jasperreports-6.3.1.jar:6.3.1]
	at net.sf.jasperreports.engine.fonts.FontExtensionsRegistry.ensureFontExtensions(FontExtensionsRegistry.java:93) [jasperreports-6.3.1.jar:6.3.1]
	at net.sf.jasperreports.engine.fonts.FontExtensionsRegistry.getExtensions(FontExtensionsRegistry.java:57) [jasperreports-6.3.1.jar:6.3.1]
	at net.sf.jasperreports.extensions.DefaultExtensionsRegistry.getExtensions(DefaultExtensionsRegistry.java:115) [jasperreports-6.3.1.jar:6.3.1]
	at net.sf.jasperreports.engine.util.JRStyledTextParser.<clinit>(JRStyledTextParser.java:86) [jasperreports-6.3.1.jar:6.3.1]
	at net.sf.jasperreports.engine.fill.JRBaseFiller.<init>(JRBaseFiller.java:110) [jasperreports-6.3.1.jar:6.3.1]
	at net.sf.jasperreports.engine.fill.JRVerticalFiller.<init>(JRVerticalFiller.java:69) [jasperreports-6.3.1.jar:6.3.1]
	at net.sf.jasperreports.engine.fill.JRVerticalFiller.<init>(JRVerticalFiller.java:57) [jasperreports-6.3.1.jar:6.3.1]
	at net.sf.jasperreports.engine.fill.JRFiller.createBandReportFiller(JRFiller.java:200) [jasperreports-6.3.1.jar:6.3.1]
	at net.sf.jasperreports.engine.fill.JRFiller.createReportFiller(JRFiller.java:215) [jasperreports-6.3.1.jar:6.3.1]
	at net.sf.jasperreports.engine.fill.JRFiller.fill(JRFiller.java:115) [jasperreports-6.3.1.jar:6.3.1]
	at net.sf.jasperreports.engine.JasperFillManager.fill(JasperFillManager.java:667) [jasperreports-6.3.1.jar:6.3.1]
	at net.sf.jasperreports.engine.JasperFillManager.fillReport(JasperFillManager.java:983) [jasperreports-6.3.1.jar:6.3.1]
	at py.com.roshka.fielcorresponsal.services.impl.ReportServicesImpl.generatePDFReportWithParameters(ReportServicesImpl.java:434) [classes/:?]
	at py.com.roshka.fielcorresponsal.services.impl.ReportServicesImpl.generateMovimientosAgenciaResumenReport(ReportServicesImpl.java:935) [classes/:?]
	at py.com.roshka.fielcorresponsal.controller.AdministrationController.getReporteResumenMovimientosAgencias(AdministrationController.java:676) [classes/:?]
	at sun.reflect.NativeMethodAccessorImpl.invoke0(Native Method) ~[?:1.8.0_221]
	at sun.reflect.NativeMethodAccessorImpl.invoke(NativeMethodAccessorImpl.java:62) ~[?:1.8.0_221]
	at sun.reflect.DelegatingMethodAccessorImpl.invoke(DelegatingMethodAccessorImpl.java:43) ~[?:1.8.0_221]
	at java.lang.reflect.Method.invoke(Method.java:498) ~[?:1.8.0_221]
	at org.springframework.web.method.support.InvocableHandlerMethod.invoke(InvocableHandlerMethod.java:219) [spring-web-3.2.0.RELEASE.jar:3.2.0.RELEASE]
	at org.springframework.web.method.support.InvocableHandlerMethod.invokeForRequest(InvocableHandlerMethod.java:132) [spring-web-3.2.0.RELEASE.jar:3.2.0.RELEASE]
	at org.springframework.web.servlet.mvc.method.annotation.ServletInvocableHandlerMethod.invokeAndHandle(ServletInvocableHandlerMethod.java:104) [spring-webmvc-3.2.1.RELEASE.jar:3.2.1.RELEASE]
	at org.springframework.web.servlet.mvc.method.annotation.RequestMappingHandlerAdapter.invokeHandleMethod(RequestMappingHandlerAdapter.java:745) [spring-webmvc-3.2.1.RELEASE.jar:3.2.1.RELEASE]
	at org.springframework.web.servlet.mvc.method.annotation.RequestMappingHandlerAdapter.handleInternal(RequestMappingHandlerAdapter.java:686) [spring-webmvc-3.2.1.RELEASE.jar:3.2.1.RELEASE]
	at org.springframework.web.servlet.mvc.method.AbstractHandlerMethodAdapter.handle(AbstractHandlerMethodAdapter.java:80) [spring-webmvc-3.2.1.RELEASE.jar:3.2.1.RELEASE]
	at org.springframework.web.servlet.DispatcherServlet.doDispatch(DispatcherServlet.java:925) [spring-webmvc-3.2.1.RELEASE.jar:3.2.1.RELEASE]
	at org.springframework.web.servlet.DispatcherServlet.doService(DispatcherServlet.java:856) [spring-webmvc-3.2.1.RELEASE.jar:3.2.1.RELEASE]
	at org.springframework.web.servlet.FrameworkServlet.processRequest(FrameworkServlet.java:920) [spring-webmvc-3.2.1.RELEASE.jar:3.2.1.RELEASE]
	at org.springframework.web.servlet.FrameworkServlet.doGet(FrameworkServlet.java:816) [spring-webmvc-3.2.1.RELEASE.jar:3.2.1.RELEASE]
	at javax.servlet.http.HttpServlet.service(HttpServlet.java:622) [servlet-api.jar:?]
	at org.springframework.web.servlet.FrameworkServlet.service(FrameworkServlet.java:801) [spring-webmvc-3.2.1.RELEASE.jar:3.2.1.RELEASE]
	at javax.servlet.http.HttpServlet.service(HttpServlet.java:729) [servlet-api.jar:?]
	at org.apache.catalina.core.ApplicationFilterChain.internalDoFilter(ApplicationFilterChain.java:230) [catalina.jar:8.5.6]
	at org.apache.catalina.core.ApplicationFilterChain.doFilter(ApplicationFilterChain.java:165) [catalina.jar:8.5.6]
	at org.apache.tomcat.websocket.server.WsFilter.doFilter(WsFilter.java:52) [tomcat-websocket.jar:8.5.6]
	at org.apache.catalina.core.ApplicationFilterChain.internalDoFilter(ApplicationFilterChain.java:192) [catalina.jar:8.5.6]
	at org.apache.catalina.core.ApplicationFilterChain.doFilter(ApplicationFilterChain.java:165) [catalina.jar:8.5.6]
	at py.com.fielco.fielcorresponsal.filter.CookieFilter.doFilter(CookieFilter.java:57) [classes/:?]
	at org.apache.catalina.core.ApplicationFilterChain.internalDoFilter(ApplicationFilterChain.java:192) [catalina.jar:8.5.6]
	at org.apache.catalina.core.ApplicationFilterChain.doFilter(ApplicationFilterChain.java:165) [catalina.jar:8.5.6]
	at org.springframework.web.filter.CharacterEncodingFilter.doFilterInternal(CharacterEncodingFilter.java:88) [spring-web-3.2.0.RELEASE.jar:3.2.0.RELEASE]
	at org.springframework.web.filter.OncePerRequestFilter.doFilter(OncePerRequestFilter.java:107) [spring-web-3.2.0.RELEASE.jar:3.2.0.RELEASE]
	at org.apache.catalina.core.ApplicationFilterChain.internalDoFilter(ApplicationFilterChain.java:192) [catalina.jar:8.5.6]
	at org.apache.catalina.core.ApplicationFilterChain.doFilter(ApplicationFilterChain.java:165) [catalina.jar:8.5.6]
	at org.apache.catalina.core.StandardWrapperValve.invoke(StandardWrapperValve.java:198) [catalina.jar:8.5.6]
	at org.apache.catalina.core.StandardContextValve.invoke(StandardContextValve.java:108) [catalina.jar:8.5.6]
	at org.apache.catalina.authenticator.AuthenticatorBase.invoke(AuthenticatorBase.java:472) [catalina.jar:8.5.6]
	at org.apache.catalina.core.StandardHostValve.invoke(StandardHostValve.java:140) [catalina.jar:8.5.6]
	at org.apache.catalina.valves.ErrorReportValve.invoke(ErrorReportValve.java:79) [catalina.jar:8.5.6]
	at org.apache.catalina.valves.AbstractAccessLogValve.invoke(AbstractAccessLogValve.java:620) [catalina.jar:8.5.6]
	at org.apache.catalina.core.StandardEngineValve.invoke(StandardEngineValve.java:87) [catalina.jar:8.5.6]
	at org.apache.catalina.connector.CoyoteAdapter.service(CoyoteAdapter.java:349) [catalina.jar:8.5.6]
	at org.apache.coyote.http11.Http11Processor.service(Http11Processor.java:784) [tomcat-coyote.jar:8.5.6]
	at org.apache.coyote.AbstractProcessorLight.process(AbstractProcessorLight.java:66) [tomcat-coyote.jar:8.5.6]
	at org.apache.coyote.AbstractProtocol$ConnectionHandler.process(AbstractProtocol.java:802) [tomcat-coyote.jar:8.5.6]
	at org.apache.tomcat.util.net.NioEndpoint$SocketProcessor.doRun(NioEndpoint.java:1410) [tomcat-coyote.jar:8.5.6]
	at org.apache.tomcat.util.net.SocketProcessorBase.run(SocketProcessorBase.java:49) [tomcat-coyote.jar:8.5.6]
	at java.util.concurrent.ThreadPoolExecutor.runWorker(ThreadPoolExecutor.java:1149) [?:1.8.0_221]
	at java.util.concurrent.ThreadPoolExecutor$Worker.run(ThreadPoolExecutor.java:624) [?:1.8.0_221]
	at org.apache.tomcat.util.threads.TaskThread$WrappingRunnable.run(TaskThread.java:61) [tomcat-util.jar:8.5.6]
	at java.lang.Thread.run(Thread.java:748) [?:1.8.0_221]
Caused by: java.io.IOException: Problem reading font data.
	at java.awt.Font.createFont0(Font.java:1000) ~[?:1.8.0_221]
	at java.awt.Font.createFont(Font.java:877) ~[?:1.8.0_221]
	at net.sf.jasperreports.engine.fonts.SimpleFontFace.loadFont(SimpleFontFace.java:198) ~[jasperreports-6.3.1.jar:6.3.1]
	... 67 more
2022-01-25 21:15:05 ERROR SimpleFontExtensionHelper:261 - Error loading font family
net.sf.jasperreports.engine.fonts.InvalidFontException: Error loading font "net/sf/jasperreports/fonts/dejavu/DejaVuSans.ttf".
	at net.sf.jasperreports.engine.fonts.SimpleFontFace.loadFont(SimpleFontFace.java:206) ~[jasperreports-6.3.1.jar:6.3.1]
	at net.sf.jasperreports.engine.fonts.SimpleFontFace.setTtf(SimpleFontFace.java:167) ~[jasperreports-6.3.1.jar:6.3.1]
	at net.sf.jasperreports.engine.fonts.SimpleFontExtensionHelper.parseFontFace(SimpleFontExtensionHelper.java:376) ~[jasperreports-6.3.1.jar:6.3.1]
	at net.sf.jasperreports.engine.fonts.SimpleFontExtensionHelper.parseFontFamily(SimpleFontExtensionHelper.java:308) ~[jasperreports-6.3.1.jar:6.3.1]
	at net.sf.jasperreports.engine.fonts.SimpleFontExtensionHelper.parseFontExtensions(SimpleFontExtensionHelper.java:256) [jasperreports-6.3.1.jar:6.3.1]
	at net.sf.jasperreports.engine.fonts.SimpleFontExtensionHelper.loadFontExtensions(SimpleFontExtensionHelper.java:227) [jasperreports-6.3.1.jar:6.3.1]
	at net.sf.jasperreports.engine.fonts.SimpleFontExtensionHelper.loadFontExtensions(SimpleFontExtensionHelper.java:184) [jasperreports-6.3.1.jar:6.3.1]
	at net.sf.jasperreports.engine.fonts.FontExtensionsRegistry.ensureFontExtensions(FontExtensionsRegistry.java:93) [jasperreports-6.3.1.jar:6.3.1]
	at net.sf.jasperreports.engine.fonts.FontExtensionsRegistry.getExtensions(FontExtensionsRegistry.java:57) [jasperreports-6.3.1.jar:6.3.1]
	at net.sf.jasperreports.extensions.DefaultExtensionsRegistry.getExtensions(DefaultExtensionsRegistry.java:115) [jasperreports-6.3.1.jar:6.3.1]
	at net.sf.jasperreports.engine.util.JRStyledTextParser.<clinit>(JRStyledTextParser.java:86) [jasperreports-6.3.1.jar:6.3.1]
	at net.sf.jasperreports.engine.fill.JRBaseFiller.<init>(JRBaseFiller.java:110) [jasperreports-6.3.1.jar:6.3.1]
	at net.sf.jasperreports.engine.fill.JRVerticalFiller.<init>(JRVerticalFiller.java:69) [jasperreports-6.3.1.jar:6.3.1]
	at net.sf.jasperreports.engine.fill.JRVerticalFiller.<init>(JRVerticalFiller.java:57) [jasperreports-6.3.1.jar:6.3.1]
	at net.sf.jasperreports.engine.fill.JRFiller.createBandReportFiller(JRFiller.java:200) [jasperreports-6.3.1.jar:6.3.1]
	at net.sf.jasperreports.engine.fill.JRFiller.createReportFiller(JRFiller.java:215) [jasperreports-6.3.1.jar:6.3.1]
	at net.sf.jasperreports.engine.fill.JRFiller.fill(JRFiller.java:115) [jasperreports-6.3.1.jar:6.3.1]
	at net.sf.jasperreports.engine.JasperFillManager.fill(JasperFillManager.java:667) [jasperreports-6.3.1.jar:6.3.1]
	at net.sf.jasperreports.engine.JasperFillManager.fillReport(JasperFillManager.java:983) [jasperreports-6.3.1.jar:6.3.1]
	at py.com.roshka.fielcorresponsal.services.impl.ReportServicesImpl.generatePDFReportWithParameters(ReportServicesImpl.java:434) [classes/:?]
	at py.com.roshka.fielcorresponsal.services.impl.ReportServicesImpl.generateMovimientosAgenciaResumenReport(ReportServicesImpl.java:935) [classes/:?]
	at py.com.roshka.fielcorresponsal.controller.AdministrationController.getReporteResumenMovimientosAgencias(AdministrationController.java:676) [classes/:?]
	at sun.reflect.NativeMethodAccessorImpl.invoke0(Native Method) ~[?:1.8.0_221]
	at sun.reflect.NativeMethodAccessorImpl.invoke(NativeMethodAccessorImpl.java:62) ~[?:1.8.0_221]
	at sun.reflect.DelegatingMethodAccessorImpl.invoke(DelegatingMethodAccessorImpl.java:43) ~[?:1.8.0_221]
	at java.lang.reflect.Method.invoke(Method.java:498) ~[?:1.8.0_221]
	at org.springframework.web.method.support.InvocableHandlerMethod.invoke(InvocableHandlerMethod.java:219) [spring-web-3.2.0.RELEASE.jar:3.2.0.RELEASE]
	at org.springframework.web.method.support.InvocableHandlerMethod.invokeForRequest(InvocableHandlerMethod.java:132) [spring-web-3.2.0.RELEASE.jar:3.2.0.RELEASE]
	at org.springframework.web.servlet.mvc.method.annotation.ServletInvocableHandlerMethod.invokeAndHandle(ServletInvocableHandlerMethod.java:104) [spring-webmvc-3.2.1.RELEASE.jar:3.2.1.RELEASE]
	at org.springframework.web.servlet.mvc.method.annotation.RequestMappingHandlerAdapter.invokeHandleMethod(RequestMappingHandlerAdapter.java:745) [spring-webmvc-3.2.1.RELEASE.jar:3.2.1.RELEASE]
	at org.springframework.web.servlet.mvc.method.annotation.RequestMappingHandlerAdapter.handleInternal(RequestMappingHandlerAdapter.java:686) [spring-webmvc-3.2.1.RELEASE.jar:3.2.1.RELEASE]
	at org.springframework.web.servlet.mvc.method.AbstractHandlerMethodAdapter.handle(AbstractHandlerMethodAdapter.java:80) [spring-webmvc-3.2.1.RELEASE.jar:3.2.1.RELEASE]
	at org.springframework.web.servlet.DispatcherServlet.doDispatch(DispatcherServlet.java:925) [spring-webmvc-3.2.1.RELEASE.jar:3.2.1.RELEASE]
	at org.springframework.web.servlet.DispatcherServlet.doService(DispatcherServlet.java:856) [spring-webmvc-3.2.1.RELEASE.jar:3.2.1.RELEASE]
	at org.springframework.web.servlet.FrameworkServlet.processRequest(FrameworkServlet.java:920) [spring-webmvc-3.2.1.RELEASE.jar:3.2.1.RELEASE]
	at org.springframework.web.servlet.FrameworkServlet.doGet(FrameworkServlet.java:816) [spring-webmvc-3.2.1.RELEASE.jar:3.2.1.RELEASE]
	at javax.servlet.http.HttpServlet.service(HttpServlet.java:622) [servlet-api.jar:?]
	at org.springframework.web.servlet.FrameworkServlet.service(FrameworkServlet.java:801) [spring-webmvc-3.2.1.RELEASE.jar:3.2.1.RELEASE]
	at javax.servlet.http.HttpServlet.service(HttpServlet.java:729) [servlet-api.jar:?]
	at org.apache.catalina.core.ApplicationFilterChain.internalDoFilter(ApplicationFilterChain.java:230) [catalina.jar:8.5.6]
	at org.apache.catalina.core.ApplicationFilterChain.doFilter(ApplicationFilterChain.java:165) [catalina.jar:8.5.6]
	at org.apache.tomcat.websocket.server.WsFilter.doFilter(WsFilter.java:52) [tomcat-websocket.jar:8.5.6]
	at org.apache.catalina.core.ApplicationFilterChain.internalDoFilter(ApplicationFilterChain.java:192) [catalina.jar:8.5.6]
	at org.apache.catalina.core.ApplicationFilterChain.doFilter(ApplicationFilterChain.java:165) [catalina.jar:8.5.6]
	at py.com.fielco.fielcorresponsal.filter.CookieFilter.doFilter(CookieFilter.java:57) [classes/:?]
	at org.apache.catalina.core.ApplicationFilterChain.internalDoFilter(ApplicationFilterChain.java:192) [catalina.jar:8.5.6]
	at org.apache.catalina.core.ApplicationFilterChain.doFilter(ApplicationFilterChain.java:165) [catalina.jar:8.5.6]
	at org.springframework.web.filter.CharacterEncodingFilter.doFilterInternal(CharacterEncodingFilter.java:88) [spring-web-3.2.0.RELEASE.jar:3.2.0.RELEASE]
	at org.springframework.web.filter.OncePerRequestFilter.doFilter(OncePerRequestFilter.java:107) [spring-web-3.2.0.RELEASE.jar:3.2.0.RELEASE]
	at org.apache.catalina.core.ApplicationFilterChain.internalDoFilter(ApplicationFilterChain.java:192) [catalina.jar:8.5.6]
	at org.apache.catalina.core.ApplicationFilterChain.doFilter(ApplicationFilterChain.java:165) [catalina.jar:8.5.6]
	at org.apache.catalina.core.StandardWrapperValve.invoke(StandardWrapperValve.java:198) [catalina.jar:8.5.6]
	at org.apache.catalina.core.StandardContextValve.invoke(StandardContextValve.java:108) [catalina.jar:8.5.6]
	at org.apache.catalina.authenticator.AuthenticatorBase.invoke(AuthenticatorBase.java:472) [catalina.jar:8.5.6]
	at org.apache.catalina.core.StandardHostValve.invoke(StandardHostValve.java:140) [catalina.jar:8.5.6]
	at org.apache.catalina.valves.ErrorReportValve.invoke(ErrorReportValve.java:79) [catalina.jar:8.5.6]
	at org.apache.catalina.valves.AbstractAccessLogValve.invoke(AbstractAccessLogValve.java:620) [catalina.jar:8.5.6]
	at org.apache.catalina.core.StandardEngineValve.invoke(StandardEngineValve.java:87) [catalina.jar:8.5.6]
	at org.apache.catalina.connector.CoyoteAdapter.service(CoyoteAdapter.java:349) [catalina.jar:8.5.6]
	at org.apache.coyote.http11.Http11Processor.service(Http11Processor.java:784) [tomcat-coyote.jar:8.5.6]
	at org.apache.coyote.AbstractProcessorLight.process(AbstractProcessorLight.java:66) [tomcat-coyote.jar:8.5.6]
	at org.apache.coyote.AbstractProtocol$ConnectionHandler.process(AbstractProtocol.java:802) [tomcat-coyote.jar:8.5.6]
	at org.apache.tomcat.util.net.NioEndpoint$SocketProcessor.doRun(NioEndpoint.java:1410) [tomcat-coyote.jar:8.5.6]
	at org.apache.tomcat.util.net.SocketProcessorBase.run(SocketProcessorBase.java:49) [tomcat-coyote.jar:8.5.6]
	at java.util.concurrent.ThreadPoolExecutor.runWorker(ThreadPoolExecutor.java:1149) [?:1.8.0_221]
	at java.util.concurrent.ThreadPoolExecutor$Worker.run(ThreadPoolExecutor.java:624) [?:1.8.0_221]
	at org.apache.tomcat.util.threads.TaskThread$WrappingRunnable.run(TaskThread.java:61) [tomcat-util.jar:8.5.6]
	at java.lang.Thread.run(Thread.java:748) [?:1.8.0_221]
Caused by: java.io.IOException: Problem reading font data.
	at java.awt.Font.createFont0(Font.java:1000) ~[?:1.8.0_221]
	at java.awt.Font.createFont(Font.java:877) ~[?:1.8.0_221]
	at net.sf.jasperreports.engine.fonts.SimpleFontFace.loadFont(SimpleFontFace.java:198) ~[jasperreports-6.3.1.jar:6.3.1]
	... 67 more
2022-01-25 21:15:06 ERROR SimpleFontExtensionHelper:261 - Error loading font family
net.sf.jasperreports.engine.fonts.InvalidFontException: Error loading font "net/sf/jasperreports/fonts/dejavu/DejaVuSerif.ttf".
	at net.sf.jasperreports.engine.fonts.SimpleFontFace.loadFont(SimpleFontFace.java:206) ~[jasperreports-6.3.1.jar:6.3.1]
	at net.sf.jasperreports.engine.fonts.SimpleFontFace.setTtf(SimpleFontFace.java:167) ~[jasperreports-6.3.1.jar:6.3.1]
	at net.sf.jasperreports.engine.fonts.SimpleFontExtensionHelper.parseFontFace(SimpleFontExtensionHelper.java:376) ~[jasperreports-6.3.1.jar:6.3.1]
	at net.sf.jasperreports.engine.fonts.SimpleFontExtensionHelper.parseFontFamily(SimpleFontExtensionHelper.java:308) ~[jasperreports-6.3.1.jar:6.3.1]
	at net.sf.jasperreports.engine.fonts.SimpleFontExtensionHelper.parseFontExtensions(SimpleFontExtensionHelper.java:256) [jasperreports-6.3.1.jar:6.3.1]
	at net.sf.jasperreports.engine.fonts.SimpleFontExtensionHelper.loadFontExtensions(SimpleFontExtensionHelper.java:227) [jasperreports-6.3.1.jar:6.3.1]
	at net.sf.jasperreports.engine.fonts.SimpleFontExtensionHelper.loadFontExtensions(SimpleFontExtensionHelper.java:184) [jasperreports-6.3.1.jar:6.3.1]
	at net.sf.jasperreports.engine.fonts.FontExtensionsRegistry.ensureFontExtensions(FontExtensionsRegistry.java:93) [jasperreports-6.3.1.jar:6.3.1]
	at net.sf.jasperreports.engine.fonts.FontExtensionsRegistry.getExtensions(FontExtensionsRegistry.java:57) [jasperreports-6.3.1.jar:6.3.1]
	at net.sf.jasperreports.extensions.DefaultExtensionsRegistry.getExtensions(DefaultExtensionsRegistry.java:115) [jasperreports-6.3.1.jar:6.3.1]
	at net.sf.jasperreports.engine.util.JRStyledTextParser.<clinit>(JRStyledTextParser.java:86) [jasperreports-6.3.1.jar:6.3.1]
	at net.sf.jasperreports.engine.fill.JRBaseFiller.<init>(JRBaseFiller.java:110) [jasperreports-6.3.1.jar:6.3.1]
	at net.sf.jasperreports.engine.fill.JRVerticalFiller.<init>(JRVerticalFiller.java:69) [jasperreports-6.3.1.jar:6.3.1]
	at net.sf.jasperreports.engine.fill.JRVerticalFiller.<init>(JRVerticalFiller.java:57) [jasperreports-6.3.1.jar:6.3.1]
	at net.sf.jasperreports.engine.fill.JRFiller.createBandReportFiller(JRFiller.java:200) [jasperreports-6.3.1.jar:6.3.1]
	at net.sf.jasperreports.engine.fill.JRFiller.createReportFiller(JRFiller.java:215) [jasperreports-6.3.1.jar:6.3.1]
	at net.sf.jasperreports.engine.fill.JRFiller.fill(JRFiller.java:115) [jasperreports-6.3.1.jar:6.3.1]
	at net.sf.jasperreports.engine.JasperFillManager.fill(JasperFillManager.java:667) [jasperreports-6.3.1.jar:6.3.1]
	at net.sf.jasperreports.engine.JasperFillManager.fillReport(JasperFillManager.java:983) [jasperreports-6.3.1.jar:6.3.1]
	at py.com.roshka.fielcorresponsal.services.impl.ReportServicesImpl.generatePDFReportWithParameters(ReportServicesImpl.java:434) [classes/:?]
	at py.com.roshka.fielcorresponsal.services.impl.ReportServicesImpl.generateMovimientosAgenciaResumenReport(ReportServicesImpl.java:935) [classes/:?]
	at py.com.roshka.fielcorresponsal.controller.AdministrationController.getReporteResumenMovimientosAgencias(AdministrationController.java:676) [classes/:?]
	at sun.reflect.NativeMethodAccessorImpl.invoke0(Native Method) ~[?:1.8.0_221]
	at sun.reflect.NativeMethodAccessorImpl.invoke(NativeMethodAccessorImpl.java:62) ~[?:1.8.0_221]
	at sun.reflect.DelegatingMethodAccessorImpl.invoke(DelegatingMethodAccessorImpl.java:43) ~[?:1.8.0_221]
	at java.lang.reflect.Method.invoke(Method.java:498) ~[?:1.8.0_221]
	at org.springframework.web.method.support.InvocableHandlerMethod.invoke(InvocableHandlerMethod.java:219) [spring-web-3.2.0.RELEASE.jar:3.2.0.RELEASE]
	at org.springframework.web.method.support.InvocableHandlerMethod.invokeForRequest(InvocableHandlerMethod.java:132) [spring-web-3.2.0.RELEASE.jar:3.2.0.RELEASE]
	at org.springframework.web.servlet.mvc.method.annotation.ServletInvocableHandlerMethod.invokeAndHandle(ServletInvocableHandlerMethod.java:104) [spring-webmvc-3.2.1.RELEASE.jar:3.2.1.RELEASE]
	at org.springframework.web.servlet.mvc.method.annotation.RequestMappingHandlerAdapter.invokeHandleMethod(RequestMappingHandlerAdapter.java:745) [spring-webmvc-3.2.1.RELEASE.jar:3.2.1.RELEASE]
	at org.springframework.web.servlet.mvc.method.annotation.RequestMappingHandlerAdapter.handleInternal(RequestMappingHandlerAdapter.java:686) [spring-webmvc-3.2.1.RELEASE.jar:3.2.1.RELEASE]
	at org.springframework.web.servlet.mvc.method.AbstractHandlerMethodAdapter.handle(AbstractHandlerMethodAdapter.java:80) [spring-webmvc-3.2.1.RELEASE.jar:3.2.1.RELEASE]
	at org.springframework.web.servlet.DispatcherServlet.doDispatch(DispatcherServlet.java:925) [spring-webmvc-3.2.1.RELEASE.jar:3.2.1.RELEASE]
	at org.springframework.web.servlet.DispatcherServlet.doService(DispatcherServlet.java:856) [spring-webmvc-3.2.1.RELEASE.jar:3.2.1.RELEASE]
	at org.springframework.web.servlet.FrameworkServlet.processRequest(FrameworkServlet.java:920) [spring-webmvc-3.2.1.RELEASE.jar:3.2.1.RELEASE]
	at org.springframework.web.servlet.FrameworkServlet.doGet(FrameworkServlet.java:816) [spring-webmvc-3.2.1.RELEASE.jar:3.2.1.RELEASE]
	at javax.servlet.http.HttpServlet.service(HttpServlet.java:622) [servlet-api.jar:?]
	at org.springframework.web.servlet.FrameworkServlet.service(FrameworkServlet.java:801) [spring-webmvc-3.2.1.RELEASE.jar:3.2.1.RELEASE]
	at javax.servlet.http.HttpServlet.service(HttpServlet.java:729) [servlet-api.jar:?]
	at org.apache.catalina.core.ApplicationFilterChain.internalDoFilter(ApplicationFilterChain.java:230) [catalina.jar:8.5.6]
	at org.apache.catalina.core.ApplicationFilterChain.doFilter(ApplicationFilterChain.java:165) [catalina.jar:8.5.6]
	at org.apache.tomcat.websocket.server.WsFilter.doFilter(WsFilter.java:52) [tomcat-websocket.jar:8.5.6]
	at org.apache.catalina.core.ApplicationFilterChain.internalDoFilter(ApplicationFilterChain.java:192) [catalina.jar:8.5.6]
	at org.apache.catalina.core.ApplicationFilterChain.doFilter(ApplicationFilterChain.java:165) [catalina.jar:8.5.6]
	at py.com.fielco.fielcorresponsal.filter.CookieFilter.doFilter(CookieFilter.java:57) [classes/:?]
	at org.apache.catalina.core.ApplicationFilterChain.internalDoFilter(ApplicationFilterChain.java:192) [catalina.jar:8.5.6]
	at org.apache.catalina.core.ApplicationFilterChain.doFilter(ApplicationFilterChain.java:165) [catalina.jar:8.5.6]
	at org.springframework.web.filter.CharacterEncodingFilter.doFilterInternal(CharacterEncodingFilter.java:88) [spring-web-3.2.0.RELEASE.jar:3.2.0.RELEASE]
	at org.springframework.web.filter.OncePerRequestFilter.doFilter(OncePerRequestFilter.java:107) [spring-web-3.2.0.RELEASE.jar:3.2.0.RELEASE]
	at org.apache.catalina.core.ApplicationFilterChain.internalDoFilter(ApplicationFilterChain.java:192) [catalina.jar:8.5.6]
	at org.apache.catalina.core.ApplicationFilterChain.doFilter(ApplicationFilterChain.java:165) [catalina.jar:8.5.6]
	at org.apache.catalina.core.StandardWrapperValve.invoke(StandardWrapperValve.java:198) [catalina.jar:8.5.6]
	at org.apache.catalina.core.StandardContextValve.invoke(StandardContextValve.java:108) [catalina.jar:8.5.6]
	at org.apache.catalina.authenticator.AuthenticatorBase.invoke(AuthenticatorBase.java:472) [catalina.jar:8.5.6]
	at org.apache.catalina.core.StandardHostValve.invoke(StandardHostValve.java:140) [catalina.jar:8.5.6]
	at org.apache.catalina.valves.ErrorReportValve.invoke(ErrorReportValve.java:79) [catalina.jar:8.5.6]
	at org.apache.catalina.valves.AbstractAccessLogValve.invoke(AbstractAccessLogValve.java:620) [catalina.jar:8.5.6]
	at org.apache.catalina.core.StandardEngineValve.invoke(StandardEngineValve.java:87) [catalina.jar:8.5.6]
	at org.apache.catalina.connector.CoyoteAdapter.service(CoyoteAdapter.java:349) [catalina.jar:8.5.6]
	at org.apache.coyote.http11.Http11Processor.service(Http11Processor.java:784) [tomcat-coyote.jar:8.5.6]
	at org.apache.coyote.AbstractProcessorLight.process(AbstractProcessorLight.java:66) [tomcat-coyote.jar:8.5.6]
	at org.apache.coyote.AbstractProtocol$ConnectionHandler.process(AbstractProtocol.java:802) [tomcat-coyote.jar:8.5.6]
	at org.apache.tomcat.util.net.NioEndpoint$SocketProcessor.doRun(NioEndpoint.java:1410) [tomcat-coyote.jar:8.5.6]
	at org.apache.tomcat.util.net.SocketProcessorBase.run(SocketProcessorBase.java:49) [tomcat-coyote.jar:8.5.6]
	at java.util.concurrent.ThreadPoolExecutor.runWorker(ThreadPoolExecutor.java:1149) [?:1.8.0_221]
	at java.util.concurrent.ThreadPoolExecutor$Worker.run(ThreadPoolExecutor.java:624) [?:1.8.0_221]
	at org.apache.tomcat.util.threads.TaskThread$WrappingRunnable.run(TaskThread.java:61) [tomcat-util.jar:8.5.6]
	at java.lang.Thread.run(Thread.java:748) [?:1.8.0_221]
Caused by: java.io.IOException: Problem reading font data.
	at java.awt.Font.createFont0(Font.java:1000) ~[?:1.8.0_221]
	at java.awt.Font.createFont(Font.java:877) ~[?:1.8.0_221]
	at net.sf.jasperreports.engine.fonts.SimpleFontFace.loadFont(SimpleFontFace.java:198) ~[jasperreports-6.3.1.jar:6.3.1]
	... 67 more
2022-01-25 21:15:06 ERROR SimpleFontExtensionHelper:261 - Error loading font family
net.sf.jasperreports.engine.fonts.InvalidFontException: Error loading font "net/sf/jasperreports/fonts/dejavu/DejaVuSansMono.ttf".
	at net.sf.jasperreports.engine.fonts.SimpleFontFace.loadFont(SimpleFontFace.java:206) ~[jasperreports-6.3.1.jar:6.3.1]
	at net.sf.jasperreports.engine.fonts.SimpleFontFace.setTtf(SimpleFontFace.java:167) ~[jasperreports-6.3.1.jar:6.3.1]
	at net.sf.jasperreports.engine.fonts.SimpleFontExtensionHelper.parseFontFace(SimpleFontExtensionHelper.java:376) ~[jasperreports-6.3.1.jar:6.3.1]
	at net.sf.jasperreports.engine.fonts.SimpleFontExtensionHelper.parseFontFamily(SimpleFontExtensionHelper.java:308) ~[jasperreports-6.3.1.jar:6.3.1]
	at net.sf.jasperreports.engine.fonts.SimpleFontExtensionHelper.parseFontExtensions(SimpleFontExtensionHelper.java:256) [jasperreports-6.3.1.jar:6.3.1]
	at net.sf.jasperreports.engine.fonts.SimpleFontExtensionHelper.loadFontExtensions(SimpleFontExtensionHelper.java:227) [jasperreports-6.3.1.jar:6.3.1]
	at net.sf.jasperreports.engine.fonts.SimpleFontExtensionHelper.loadFontExtensions(SimpleFontExtensionHelper.java:184) [jasperreports-6.3.1.jar:6.3.1]
	at net.sf.jasperreports.engine.fonts.FontExtensionsRegistry.ensureFontExtensions(FontExtensionsRegistry.java:93) [jasperreports-6.3.1.jar:6.3.1]
	at net.sf.jasperreports.engine.fonts.FontExtensionsRegistry.getExtensions(FontExtensionsRegistry.java:57) [jasperreports-6.3.1.jar:6.3.1]
	at net.sf.jasperreports.extensions.DefaultExtensionsRegistry.getExtensions(DefaultExtensionsRegistry.java:115) [jasperreports-6.3.1.jar:6.3.1]
	at net.sf.jasperreports.engine.util.JRStyledTextParser.<clinit>(JRStyledTextParser.java:86) [jasperreports-6.3.1.jar:6.3.1]
	at net.sf.jasperreports.engine.fill.JRBaseFiller.<init>(JRBaseFiller.java:110) [jasperreports-6.3.1.jar:6.3.1]
	at net.sf.jasperreports.engine.fill.JRVerticalFiller.<init>(JRVerticalFiller.java:69) [jasperreports-6.3.1.jar:6.3.1]
	at net.sf.jasperreports.engine.fill.JRVerticalFiller.<init>(JRVerticalFiller.java:57) [jasperreports-6.3.1.jar:6.3.1]
	at net.sf.jasperreports.engine.fill.JRFiller.createBandReportFiller(JRFiller.java:200) [jasperreports-6.3.1.jar:6.3.1]
	at net.sf.jasperreports.engine.fill.JRFiller.createReportFiller(JRFiller.java:215) [jasperreports-6.3.1.jar:6.3.1]
	at net.sf.jasperreports.engine.fill.JRFiller.fill(JRFiller.java:115) [jasperreports-6.3.1.jar:6.3.1]
	at net.sf.jasperreports.engine.JasperFillManager.fill(JasperFillManager.java:667) [jasperreports-6.3.1.jar:6.3.1]
	at net.sf.jasperreports.engine.JasperFillManager.fillReport(JasperFillManager.java:983) [jasperreports-6.3.1.jar:6.3.1]
	at py.com.roshka.fielcorresponsal.services.impl.ReportServicesImpl.generatePDFReportWithParameters(ReportServicesImpl.java:434) [classes/:?]
	at py.com.roshka.fielcorresponsal.services.impl.ReportServicesImpl.generateMovimientosAgenciaResumenReport(ReportServicesImpl.java:935) [classes/:?]
	at py.com.roshka.fielcorresponsal.controller.AdministrationController.getReporteResumenMovimientosAgencias(AdministrationController.java:676) [classes/:?]
	at sun.reflect.NativeMethodAccessorImpl.invoke0(Native Method) ~[?:1.8.0_221]
	at sun.reflect.NativeMethodAccessorImpl.invoke(NativeMethodAccessorImpl.java:62) ~[?:1.8.0_221]
	at sun.reflect.DelegatingMethodAccessorImpl.invoke(DelegatingMethodAccessorImpl.java:43) ~[?:1.8.0_221]
	at java.lang.reflect.Method.invoke(Method.java:498) ~[?:1.8.0_221]
	at org.springframework.web.method.support.InvocableHandlerMethod.invoke(InvocableHandlerMethod.java:219) [spring-web-3.2.0.RELEASE.jar:3.2.0.RELEASE]
	at org.springframework.web.method.support.InvocableHandlerMethod.invokeForRequest(InvocableHandlerMethod.java:132) [spring-web-3.2.0.RELEASE.jar:3.2.0.RELEASE]
	at org.springframework.web.servlet.mvc.method.annotation.ServletInvocableHandlerMethod.invokeAndHandle(ServletInvocableHandlerMethod.java:104) [spring-webmvc-3.2.1.RELEASE.jar:3.2.1.RELEASE]
	at org.springframework.web.servlet.mvc.method.annotation.RequestMappingHandlerAdapter.invokeHandleMethod(RequestMappingHandlerAdapter.java:745) [spring-webmvc-3.2.1.RELEASE.jar:3.2.1.RELEASE]
	at org.springframework.web.servlet.mvc.method.annotation.RequestMappingHandlerAdapter.handleInternal(RequestMappingHandlerAdapter.java:686) [spring-webmvc-3.2.1.RELEASE.jar:3.2.1.RELEASE]
	at org.springframework.web.servlet.mvc.method.AbstractHandlerMethodAdapter.handle(AbstractHandlerMethodAdapter.java:80) [spring-webmvc-3.2.1.RELEASE.jar:3.2.1.RELEASE]
	at org.springframework.web.servlet.DispatcherServlet.doDispatch(DispatcherServlet.java:925) [spring-webmvc-3.2.1.RELEASE.jar:3.2.1.RELEASE]
	at org.springframework.web.servlet.DispatcherServlet.doService(DispatcherServlet.java:856) [spring-webmvc-3.2.1.RELEASE.jar:3.2.1.RELEASE]
	at org.springframework.web.servlet.FrameworkServlet.processRequest(FrameworkServlet.java:920) [spring-webmvc-3.2.1.RELEASE.jar:3.2.1.RELEASE]
	at org.springframework.web.servlet.FrameworkServlet.doGet(FrameworkServlet.java:816) [spring-webmvc-3.2.1.RELEASE.jar:3.2.1.RELEASE]
	at javax.servlet.http.HttpServlet.service(HttpServlet.java:622) [servlet-api.jar:?]
	at org.springframework.web.servlet.FrameworkServlet.service(FrameworkServlet.java:801) [spring-webmvc-3.2.1.RELEASE.jar:3.2.1.RELEASE]
	at javax.servlet.http.HttpServlet.service(HttpServlet.java:729) [servlet-api.jar:?]
	at org.apache.catalina.core.ApplicationFilterChain.internalDoFilter(ApplicationFilterChain.java:230) [catalina.jar:8.5.6]
	at org.apache.catalina.core.ApplicationFilterChain.doFilter(ApplicationFilterChain.java:165) [catalina.jar:8.5.6]
	at org.apache.tomcat.websocket.server.WsFilter.doFilter(WsFilter.java:52) [tomcat-websocket.jar:8.5.6]
	at org.apache.catalina.core.ApplicationFilterChain.internalDoFilter(ApplicationFilterChain.java:192) [catalina.jar:8.5.6]
	at org.apache.catalina.core.ApplicationFilterChain.doFilter(ApplicationFilterChain.java:165) [catalina.jar:8.5.6]
	at py.com.fielco.fielcorresponsal.filter.CookieFilter.doFilter(CookieFilter.java:57) [classes/:?]
	at org.apache.catalina.core.ApplicationFilterChain.internalDoFilter(ApplicationFilterChain.java:192) [catalina.jar:8.5.6]
	at org.apache.catalina.core.ApplicationFilterChain.doFilter(ApplicationFilterChain.java:165) [catalina.jar:8.5.6]
	at org.springframework.web.filter.CharacterEncodingFilter.doFilterInternal(CharacterEncodingFilter.java:88) [spring-web-3.2.0.RELEASE.jar:3.2.0.RELEASE]
	at org.springframework.web.filter.OncePerRequestFilter.doFilter(OncePerRequestFilter.java:107) [spring-web-3.2.0.RELEASE.jar:3.2.0.RELEASE]
	at org.apache.catalina.core.ApplicationFilterChain.internalDoFilter(ApplicationFilterChain.java:192) [catalina.jar:8.5.6]
	at org.apache.catalina.core.ApplicationFilterChain.doFilter(ApplicationFilterChain.java:165) [catalina.jar:8.5.6]
	at org.apache.catalina.core.StandardWrapperValve.invoke(StandardWrapperValve.java:198) [catalina.jar:8.5.6]
	at org.apache.catalina.core.StandardContextValve.invoke(StandardContextValve.java:108) [catalina.jar:8.5.6]
	at org.apache.catalina.authenticator.AuthenticatorBase.invoke(AuthenticatorBase.java:472) [catalina.jar:8.5.6]
	at org.apache.catalina.core.StandardHostValve.invoke(StandardHostValve.java:140) [catalina.jar:8.5.6]
	at org.apache.catalina.valves.ErrorReportValve.invoke(ErrorReportValve.java:79) [catalina.jar:8.5.6]
	at org.apache.catalina.valves.AbstractAccessLogValve.invoke(AbstractAccessLogValve.java:620) [catalina.jar:8.5.6]
	at org.apache.catalina.core.StandardEngineValve.invoke(StandardEngineValve.java:87) [catalina.jar:8.5.6]
	at org.apache.catalina.connector.CoyoteAdapter.service(CoyoteAdapter.java:349) [catalina.jar:8.5.6]
	at org.apache.coyote.http11.Http11Processor.service(Http11Processor.java:784) [tomcat-coyote.jar:8.5.6]
	at org.apache.coyote.AbstractProcessorLight.process(AbstractProcessorLight.java:66) [tomcat-coyote.jar:8.5.6]
	at org.apache.coyote.AbstractProtocol$ConnectionHandler.process(AbstractProtocol.java:802) [tomcat-coyote.jar:8.5.6]
	at org.apache.tomcat.util.net.NioEndpoint$SocketProcessor.doRun(NioEndpoint.java:1410) [tomcat-coyote.jar:8.5.6]
	at org.apache.tomcat.util.net.SocketProcessorBase.run(SocketProcessorBase.java:49) [tomcat-coyote.jar:8.5.6]
	at java.util.concurrent.ThreadPoolExecutor.runWorker(ThreadPoolExecutor.java:1149) [?:1.8.0_221]
	at java.util.concurrent.ThreadPoolExecutor$Worker.run(ThreadPoolExecutor.java:624) [?:1.8.0_221]
	at org.apache.tomcat.util.threads.TaskThread$WrappingRunnable.run(TaskThread.java:61) [tomcat-util.jar:8.5.6]
	at java.lang.Thread.run(Thread.java:748) [?:1.8.0_221]
Caused by: java.io.IOException: Problem reading font data.
	at java.awt.Font.createFont0(Font.java:1000) ~[?:1.8.0_221]
	at java.awt.Font.createFont(Font.java:877) ~[?:1.8.0_221]
	at net.sf.jasperreports.engine.fonts.SimpleFontFace.loadFont(SimpleFontFace.java:198) ~[jasperreports-6.3.1.jar:6.3.1]
	... 67 more
