 INFO 2021-11-27T00:00:28,846 [ThreadPoolTaskScheduler20][[]][][][][][][][][] py.com.fielco.corresponsal.administrativo.service.TaskSchedulerService - Se verificará si los parametros de BORRAR DATABAG fueron modificados, 3 y 0 0 3 * 1/3 SUN
 INFO 2021-11-27T00:00:28,846 [ThreadPoolTaskScheduler20][[]][][][][][][][][] py.com.fielco.corresponsal.administrativo.service.TaskSchedulerService - Se verificará si los parametros de BORRAR DATABAG fueron modificados, 3 y 0 0 3 * 1/3 SUN
DEBUG 2021-11-27T00:00:28,846 [ThreadPoolTaskScheduler20][[]][][][][][][][][] org.mybatis.spring.SqlSessionUtils - Creating a new SqlSession
DEBUG 2021-11-27T00:00:28,846 [ThreadPoolTaskScheduler20][[]][][][][][][][][] org.mybatis.spring.SqlSessionUtils - SqlSession [org.apache.ibatis.session.defaults.DefaultSqlSession@4238baba] was not registered for synchronization because synchronization is not active
DEBUG 2021-11-27T00:00:28,847 [ThreadPoolTaskScheduler20][[]][][][][][][][][] org.apache.ibatis.transaction.managed.ManagedTransaction - Opening JDBC Connection
DEBUG 2021-11-27T00:00:29,205 [ThreadPoolTaskScheduler20][[]][][][][][][][][] py.com.fielco.corresponsal.common.dao.mapper.ParametroAdministrativoMapper.obtenerParametroByNombre - ==>  Preparing: SELECT * FROM PARAMETROS_ADM WHERE NOMBRE = ? 
DEBUG 2021-11-27T00:00:29,205 [ThreadPoolTaskScheduler20][[]][][][][][][][][] py.com.fielco.corresponsal.common.dao.mapper.ParametroAdministrativoMapper.obtenerParametroByNombre - ==>  Preparing: SELECT * FROM PARAMETROS_ADM WHERE NOMBRE = ? 
DEBUG 2021-11-27T00:00:29,224 [ThreadPoolTaskScheduler20][[]][][][][][][][][] py.com.fielco.corresponsal.common.dao.mapper.ParametroAdministrativoMapper.obtenerParametroByNombre - ==> Parameters: BORRAR_DATABAG_MESES_ANTES(String)
DEBUG 2021-11-27T00:00:29,224 [ThreadPoolTaskScheduler20][[]][][][][][][][][] py.com.fielco.corresponsal.common.dao.mapper.ParametroAdministrativoMapper.obtenerParametroByNombre - ==> Parameters: BORRAR_DATABAG_MESES_ANTES(String)
DEBUG 2021-11-27T00:00:29,241 [ThreadPoolTaskScheduler20][[]][][][][][][][][] py.com.fielco.corresponsal.common.dao.mapper.ParametroAdministrativoMapper.obtenerParametroByNombre - <==      Total: 1
DEBUG 2021-11-27T00:00:29,241 [ThreadPoolTaskScheduler20][[]][][][][][][][][] py.com.fielco.corresponsal.common.dao.mapper.ParametroAdministrativoMapper.obtenerParametroByNombre - <==      Total: 1
DEBUG 2021-11-27T00:00:29,256 [ThreadPoolTaskScheduler20][[]][][][][][][][][] org.mybatis.spring.SqlSessionUtils - Closing non transactional SqlSession [org.apache.ibatis.session.defaults.DefaultSqlSession@4238baba]
DEBUG 2021-11-27T00:00:29,256 [ThreadPoolTaskScheduler20][[]][][][][][][][][] org.apache.ibatis.transaction.managed.ManagedTransaction - Closing JDBC Connection [ProxyConnection[PooledConnection[B00617DP]]]
DEBUG 2021-11-27T00:00:29,257 [ThreadPoolTaskScheduler20][[]][][][][][][][][] org.mybatis.spring.SqlSessionUtils - Creating a new SqlSession
DEBUG 2021-11-27T00:00:29,257 [ThreadPoolTaskScheduler20][[]][][][][][][][][] org.mybatis.spring.SqlSessionUtils - SqlSession [org.apache.ibatis.session.defaults.DefaultSqlSession@249e8157] was not registered for synchronization because synchronization is not active
DEBUG 2021-11-27T00:00:29,258 [ThreadPoolTaskScheduler20][[]][][][][][][][][] org.apache.ibatis.transaction.managed.ManagedTransaction - Opening JDBC Connection
DEBUG 2021-11-27T00:00:29,291 [ThreadPoolTaskScheduler20][[]][][][][][][][][] py.com.fielco.corresponsal.common.dao.mapper.ParametroAdministrativoMapper.obtenerParametroByNombre - ==>  Preparing: SELECT * FROM PARAMETROS_ADM WHERE NOMBRE = ? 
DEBUG 2021-11-27T00:00:29,291 [ThreadPoolTaskScheduler20][[]][][][][][][][][] py.com.fielco.corresponsal.common.dao.mapper.ParametroAdministrativoMapper.obtenerParametroByNombre - ==>  Preparing: SELECT * FROM PARAMETROS_ADM WHERE NOMBRE = ? 
DEBUG 2021-11-27T00:00:29,308 [ThreadPoolTaskScheduler20][[]][][][][][][][][] py.com.fielco.corresponsal.common.dao.mapper.ParametroAdministrativoMapper.obtenerParametroByNombre - ==> Parameters: BORRAR_DATABAG_PATTERN(String)
DEBUG 2021-11-27T00:00:29,308 [ThreadPoolTaskScheduler20][[]][][][][][][][][] py.com.fielco.corresponsal.common.dao.mapper.ParametroAdministrativoMapper.obtenerParametroByNombre - ==> Parameters: BORRAR_DATABAG_PATTERN(String)
DEBUG 2021-11-27T00:00:29,331 [ThreadPoolTaskScheduler20][[]][][][][][][][][] py.com.fielco.corresponsal.common.dao.mapper.ParametroAdministrativoMapper.obtenerParametroByNombre - <==      Total: 1
DEBUG 2021-11-27T00:00:29,331 [ThreadPoolTaskScheduler20][[]][][][][][][][][] py.com.fielco.corresponsal.common.dao.mapper.ParametroAdministrativoMapper.obtenerParametroByNombre - <==      Total: 1
DEBUG 2021-11-27T00:00:29,346 [ThreadPoolTaskScheduler20][[]][][][][][][][][] org.mybatis.spring.SqlSessionUtils - Closing non transactional SqlSession [org.apache.ibatis.session.defaults.DefaultSqlSession@249e8157]
DEBUG 2021-11-27T00:00:29,346 [ThreadPoolTaskScheduler20][[]][][][][][][][][] org.apache.ibatis.transaction.managed.ManagedTransaction - Closing JDBC Connection [ProxyConnection[PooledConnection[B00617DP]]]
 INFO 2021-11-27T00:00:29,347 [ThreadPoolTaskScheduler20][[]][][][][][][][][] py.com.fielco.corresponsal.administrativo.service.TaskSchedulerService - Se parametros de BORRAR DATABAG siguen con el mismo valor 3 y 0 0 3 * 1/3 SUN.
 INFO 2021-11-27T00:00:29,347 [ThreadPoolTaskScheduler20][[]][][][][][][][][] py.com.fielco.corresponsal.administrativo.service.TaskSchedulerService - Se parametros de BORRAR DATABAG siguen con el mismo valor 3 y 0 0 3 * 1/3 SUN.
