 INFO 2021-11-26T00:00:29,554 [ThreadPoolTaskScheduler11][[]][][][][][][][][] py.com.fielco.corresponsal.administrativo.service.TaskSchedulerService - Se verificará si los parametros de BORRAR DATABAG fueron modificados, 3 y 0 0 3 * 1/3 SUN
 INFO 2021-11-26T00:00:29,554 [ThreadPoolTaskScheduler11][[]][][][][][][][][] py.com.fielco.corresponsal.administrativo.service.TaskSchedulerService - Se verificará si los parametros de BORRAR DATABAG fueron modificados, 3 y 0 0 3 * 1/3 SUN
DEBUG 2021-11-26T00:00:29,639 [ThreadPoolTaskScheduler11][[]][][][][][][][][] org.mybatis.spring.SqlSessionUtils - Creating a new SqlSession
DEBUG 2021-11-26T00:00:29,639 [ThreadPoolTaskScheduler11][[]][][][][][][][][] org.mybatis.spring.SqlSessionUtils - SqlSession [org.apache.ibatis.session.defaults.DefaultSqlSession@1cf107e6] was not registered for synchronization because synchronization is not active
DEBUG 2021-11-26T00:00:29,639 [ThreadPoolTaskScheduler11][[]][][][][][][][][] org.apache.ibatis.transaction.managed.ManagedTransaction - Opening JDBC Connection
DEBUG 2021-11-26T00:00:29,676 [ThreadPoolTaskScheduler11][[]][][][][][][][][] py.com.fielco.corresponsal.common.dao.mapper.ParametroAdministrativoMapper.obtenerParametroByNombre - ==>  Preparing: SELECT * FROM PARAMETROS_ADM WHERE NOMBRE = ? 
DEBUG 2021-11-26T00:00:29,676 [ThreadPoolTaskScheduler11][[]][][][][][][][][] py.com.fielco.corresponsal.common.dao.mapper.ParametroAdministrativoMapper.obtenerParametroByNombre - ==>  Preparing: SELECT * FROM PARAMETROS_ADM WHERE NOMBRE = ? 
DEBUG 2021-11-26T00:00:29,692 [ThreadPoolTaskScheduler11][[]][][][][][][][][] py.com.fielco.corresponsal.common.dao.mapper.ParametroAdministrativoMapper.obtenerParametroByNombre - ==> Parameters: BORRAR_DATABAG_MESES_ANTES(String)
DEBUG 2021-11-26T00:00:29,692 [ThreadPoolTaskScheduler11][[]][][][][][][][][] py.com.fielco.corresponsal.common.dao.mapper.ParametroAdministrativoMapper.obtenerParametroByNombre - ==> Parameters: BORRAR_DATABAG_MESES_ANTES(String)
DEBUG 2021-11-26T00:00:29,723 [ThreadPoolTaskScheduler11][[]][][][][][][][][] py.com.fielco.corresponsal.common.dao.mapper.ParametroAdministrativoMapper.obtenerParametroByNombre - <==      Total: 1
DEBUG 2021-11-26T00:00:29,723 [ThreadPoolTaskScheduler11][[]][][][][][][][][] py.com.fielco.corresponsal.common.dao.mapper.ParametroAdministrativoMapper.obtenerParametroByNombre - <==      Total: 1
DEBUG 2021-11-26T00:00:29,738 [ThreadPoolTaskScheduler11][[]][][][][][][][][] org.mybatis.spring.SqlSessionUtils - Closing non transactional SqlSession [org.apache.ibatis.session.defaults.DefaultSqlSession@1cf107e6]
DEBUG 2021-11-26T00:00:29,738 [ThreadPoolTaskScheduler11][[]][][][][][][][][] org.apache.ibatis.transaction.managed.ManagedTransaction - Closing JDBC Connection [ProxyConnection[PooledConnection[B00617DP]]]
DEBUG 2021-11-26T00:00:29,738 [ThreadPoolTaskScheduler11][[]][][][][][][][][] org.mybatis.spring.SqlSessionUtils - Creating a new SqlSession
DEBUG 2021-11-26T00:00:29,738 [ThreadPoolTaskScheduler11][[]][][][][][][][][] org.mybatis.spring.SqlSessionUtils - SqlSession [org.apache.ibatis.session.defaults.DefaultSqlSession@7c1252aa] was not registered for synchronization because synchronization is not active
DEBUG 2021-11-26T00:00:29,738 [ThreadPoolTaskScheduler11][[]][][][][][][][][] org.apache.ibatis.transaction.managed.ManagedTransaction - Opening JDBC Connection
DEBUG 2021-11-26T00:00:29,738 [ThreadPoolTaskScheduler11][[]][][][][][][][][] py.com.fielco.corresponsal.common.dao.mapper.ParametroAdministrativoMapper.obtenerParametroByNombre - ==>  Preparing: SELECT * FROM PARAMETROS_ADM WHERE NOMBRE = ? 
DEBUG 2021-11-26T00:00:29,738 [ThreadPoolTaskScheduler11][[]][][][][][][][][] py.com.fielco.corresponsal.common.dao.mapper.ParametroAdministrativoMapper.obtenerParametroByNombre - ==>  Preparing: SELECT * FROM PARAMETROS_ADM WHERE NOMBRE = ? 
DEBUG 2021-11-26T00:00:29,754 [ThreadPoolTaskScheduler11][[]][][][][][][][][] py.com.fielco.corresponsal.common.dao.mapper.ParametroAdministrativoMapper.obtenerParametroByNombre - ==> Parameters: BORRAR_DATABAG_PATTERN(String)
DEBUG 2021-11-26T00:00:29,754 [ThreadPoolTaskScheduler11][[]][][][][][][][][] py.com.fielco.corresponsal.common.dao.mapper.ParametroAdministrativoMapper.obtenerParametroByNombre - ==> Parameters: BORRAR_DATABAG_PATTERN(String)
DEBUG 2021-11-26T00:00:29,776 [ThreadPoolTaskScheduler11][[]][][][][][][][][] py.com.fielco.corresponsal.common.dao.mapper.ParametroAdministrativoMapper.obtenerParametroByNombre - <==      Total: 1
DEBUG 2021-11-26T00:00:29,776 [ThreadPoolTaskScheduler11][[]][][][][][][][][] py.com.fielco.corresponsal.common.dao.mapper.ParametroAdministrativoMapper.obtenerParametroByNombre - <==      Total: 1
DEBUG 2021-11-26T00:00:29,792 [ThreadPoolTaskScheduler11][[]][][][][][][][][] org.mybatis.spring.SqlSessionUtils - Closing non transactional SqlSession [org.apache.ibatis.session.defaults.DefaultSqlSession@7c1252aa]
DEBUG 2021-11-26T00:00:29,792 [ThreadPoolTaskScheduler11][[]][][][][][][][][] org.apache.ibatis.transaction.managed.ManagedTransaction - Closing JDBC Connection [ProxyConnection[PooledConnection[B00617DP]]]
 INFO 2021-11-26T00:00:29,792 [ThreadPoolTaskScheduler11][[]][][][][][][][][] py.com.fielco.corresponsal.administrativo.service.TaskSchedulerService - Se parametros de BORRAR DATABAG siguen con el mismo valor 3 y 0 0 3 * 1/3 SUN.
 INFO 2021-11-26T00:00:29,792 [ThreadPoolTaskScheduler11][[]][][][][][][][][] py.com.fielco.corresponsal.administrativo.service.TaskSchedulerService - Se parametros de BORRAR DATABAG siguen con el mismo valor 3 y 0 0 3 * 1/3 SUN.
