 INFO 2021-11-29T00:00:27,684 [ThreadPoolTaskScheduler20][[]][][][][][][][][] py.com.fielco.corresponsal.administrativo.service.TaskSchedulerService - Se verificará si los parametros de BORRAR DATABAG fueron modificados, 3 y 0 0 3 * 1/3 SUN
 INFO 2021-11-29T00:00:27,684 [ThreadPoolTaskScheduler20][[]][][][][][][][][] py.com.fielco.corresponsal.administrativo.service.TaskSchedulerService - Se verificará si los parametros de BORRAR DATABAG fueron modificados, 3 y 0 0 3 * 1/3 SUN
DEBUG 2021-11-29T00:00:27,684 [ThreadPoolTaskScheduler20][[]][][][][][][][][] org.mybatis.spring.SqlSessionUtils - Creating a new SqlSession
DEBUG 2021-11-29T00:00:27,685 [ThreadPoolTaskScheduler20][[]][][][][][][][][] org.mybatis.spring.SqlSessionUtils - SqlSession [org.apache.ibatis.session.defaults.DefaultSqlSession@18a58666] was not registered for synchronization because synchronization is not active
DEBUG 2021-11-29T00:00:27,685 [ThreadPoolTaskScheduler20][[]][][][][][][][][] org.apache.ibatis.transaction.managed.ManagedTransaction - Opening JDBC Connection
DEBUG 2021-11-29T00:00:27,721 [ThreadPoolTaskScheduler20][[]][][][][][][][][] py.com.fielco.corresponsal.common.dao.mapper.ParametroAdministrativoMapper.obtenerParametroByNombre - ==>  Preparing: SELECT * FROM PARAMETROS_ADM WHERE NOMBRE = ? 
DEBUG 2021-11-29T00:00:27,721 [ThreadPoolTaskScheduler20][[]][][][][][][][][] py.com.fielco.corresponsal.common.dao.mapper.ParametroAdministrativoMapper.obtenerParametroByNombre - ==>  Preparing: SELECT * FROM PARAMETROS_ADM WHERE NOMBRE = ? 
DEBUG 2021-11-29T00:00:27,737 [ThreadPoolTaskScheduler20][[]][][][][][][][][] py.com.fielco.corresponsal.common.dao.mapper.ParametroAdministrativoMapper.obtenerParametroByNombre - ==> Parameters: BORRAR_DATABAG_MESES_ANTES(String)
DEBUG 2021-11-29T00:00:27,737 [ThreadPoolTaskScheduler20][[]][][][][][][][][] py.com.fielco.corresponsal.common.dao.mapper.ParametroAdministrativoMapper.obtenerParametroByNombre - ==> Parameters: BORRAR_DATABAG_MESES_ANTES(String)
DEBUG 2021-11-29T00:00:27,754 [ThreadPoolTaskScheduler20][[]][][][][][][][][] py.com.fielco.corresponsal.common.dao.mapper.ParametroAdministrativoMapper.obtenerParametroByNombre - <==      Total: 1
DEBUG 2021-11-29T00:00:27,754 [ThreadPoolTaskScheduler20][[]][][][][][][][][] py.com.fielco.corresponsal.common.dao.mapper.ParametroAdministrativoMapper.obtenerParametroByNombre - <==      Total: 1
DEBUG 2021-11-29T00:00:27,793 [ThreadPoolTaskScheduler20][[]][][][][][][][][] org.mybatis.spring.SqlSessionUtils - Closing non transactional SqlSession [org.apache.ibatis.session.defaults.DefaultSqlSession@18a58666]
DEBUG 2021-11-29T00:00:27,794 [ThreadPoolTaskScheduler20][[]][][][][][][][][] org.apache.ibatis.transaction.managed.ManagedTransaction - Closing JDBC Connection [ProxyConnection[PooledConnection[B00617DP]]]
DEBUG 2021-11-29T00:00:27,794 [ThreadPoolTaskScheduler20][[]][][][][][][][][] org.mybatis.spring.SqlSessionUtils - Creating a new SqlSession
DEBUG 2021-11-29T00:00:27,794 [ThreadPoolTaskScheduler20][[]][][][][][][][][] org.mybatis.spring.SqlSessionUtils - SqlSession [org.apache.ibatis.session.defaults.DefaultSqlSession@7fd06754] was not registered for synchronization because synchronization is not active
DEBUG 2021-11-29T00:00:27,795 [ThreadPoolTaskScheduler20][[]][][][][][][][][] org.apache.ibatis.transaction.managed.ManagedTransaction - Opening JDBC Connection
DEBUG 2021-11-29T00:00:27,795 [ThreadPoolTaskScheduler20][[]][][][][][][][][] py.com.fielco.corresponsal.common.dao.mapper.ParametroAdministrativoMapper.obtenerParametroByNombre - ==>  Preparing: SELECT * FROM PARAMETROS_ADM WHERE NOMBRE = ? 
DEBUG 2021-11-29T00:00:27,795 [ThreadPoolTaskScheduler20][[]][][][][][][][][] py.com.fielco.corresponsal.common.dao.mapper.ParametroAdministrativoMapper.obtenerParametroByNombre - ==>  Preparing: SELECT * FROM PARAMETROS_ADM WHERE NOMBRE = ? 
DEBUG 2021-11-29T00:00:27,810 [ThreadPoolTaskScheduler20][[]][][][][][][][][] py.com.fielco.corresponsal.common.dao.mapper.ParametroAdministrativoMapper.obtenerParametroByNombre - ==> Parameters: BORRAR_DATABAG_PATTERN(String)
DEBUG 2021-11-29T00:00:27,810 [ThreadPoolTaskScheduler20][[]][][][][][][][][] py.com.fielco.corresponsal.common.dao.mapper.ParametroAdministrativoMapper.obtenerParametroByNombre - ==> Parameters: BORRAR_DATABAG_PATTERN(String)
DEBUG 2021-11-29T00:00:27,827 [ThreadPoolTaskScheduler20][[]][][][][][][][][] py.com.fielco.corresponsal.common.dao.mapper.ParametroAdministrativoMapper.obtenerParametroByNombre - <==      Total: 1
DEBUG 2021-11-29T00:00:27,827 [ThreadPoolTaskScheduler20][[]][][][][][][][][] py.com.fielco.corresponsal.common.dao.mapper.ParametroAdministrativoMapper.obtenerParametroByNombre - <==      Total: 1
DEBUG 2021-11-29T00:00:27,840 [ThreadPoolTaskScheduler20][[]][][][][][][][][] org.mybatis.spring.SqlSessionUtils - Closing non transactional SqlSession [org.apache.ibatis.session.defaults.DefaultSqlSession@7fd06754]
DEBUG 2021-11-29T00:00:27,841 [ThreadPoolTaskScheduler20][[]][][][][][][][][] org.apache.ibatis.transaction.managed.ManagedTransaction - Closing JDBC Connection [ProxyConnection[PooledConnection[B00617DP]]]
 INFO 2021-11-29T00:00:27,841 [ThreadPoolTaskScheduler20][[]][][][][][][][][] py.com.fielco.corresponsal.administrativo.service.TaskSchedulerService - Se parametros de BORRAR DATABAG siguen con el mismo valor 3 y 0 0 3 * 1/3 SUN.
 INFO 2021-11-29T00:00:27,841 [ThreadPoolTaskScheduler20][[]][][][][][][][][] py.com.fielco.corresponsal.administrativo.service.TaskSchedulerService - Se parametros de BORRAR DATABAG siguen con el mismo valor 3 y 0 0 3 * 1/3 SUN.
