 INFO 2021-11-25T00:00:38,743 [ThreadPoolTaskScheduler48][[]][][][][][][][][] py.com.fielco.corresponsal.administrativo.service.TaskSchedulerService - Se verificará si los parametros de BORRAR DATABAG fueron modificados, 3 y 0 0 3 * 1/3 SUN
 INFO 2021-11-25T00:00:38,743 [ThreadPoolTaskScheduler48][[]][][][][][][][][] py.com.fielco.corresponsal.administrativo.service.TaskSchedulerService - Se verificará si los parametros de BORRAR DATABAG fueron modificados, 3 y 0 0 3 * 1/3 SUN
DEBUG 2021-11-25T00:00:38,744 [ThreadPoolTaskScheduler48][[]][][][][][][][][] org.mybatis.spring.SqlSessionUtils - Creating a new SqlSession
DEBUG 2021-11-25T00:00:38,745 [ThreadPoolTaskScheduler48][[]][][][][][][][][] org.mybatis.spring.SqlSessionUtils - SqlSession [org.apache.ibatis.session.defaults.DefaultSqlSession@4445f679] was not registered for synchronization because synchronization is not active
DEBUG 2021-11-25T00:00:38,745 [ThreadPoolTaskScheduler48][[]][][][][][][][][] org.apache.ibatis.transaction.managed.ManagedTransaction - Opening JDBC Connection
DEBUG 2021-11-25T00:00:38,785 [ThreadPoolTaskScheduler48][[]][][][][][][][][] py.com.fielco.corresponsal.common.dao.mapper.ParametroAdministrativoMapper.obtenerParametroByNombre - ==>  Preparing: SELECT * FROM PARAMETROS_ADM WHERE NOMBRE = ? 
DEBUG 2021-11-25T00:00:38,785 [ThreadPoolTaskScheduler48][[]][][][][][][][][] py.com.fielco.corresponsal.common.dao.mapper.ParametroAdministrativoMapper.obtenerParametroByNombre - ==>  Preparing: SELECT * FROM PARAMETROS_ADM WHERE NOMBRE = ? 
DEBUG 2021-11-25T00:00:38,805 [ThreadPoolTaskScheduler48][[]][][][][][][][][] py.com.fielco.corresponsal.common.dao.mapper.ParametroAdministrativoMapper.obtenerParametroByNombre - ==> Parameters: BORRAR_DATABAG_MESES_ANTES(String)
DEBUG 2021-11-25T00:00:38,805 [ThreadPoolTaskScheduler48][[]][][][][][][][][] py.com.fielco.corresponsal.common.dao.mapper.ParametroAdministrativoMapper.obtenerParametroByNombre - ==> Parameters: BORRAR_DATABAG_MESES_ANTES(String)
DEBUG 2021-11-25T00:00:38,824 [ThreadPoolTaskScheduler48][[]][][][][][][][][] py.com.fielco.corresponsal.common.dao.mapper.ParametroAdministrativoMapper.obtenerParametroByNombre - <==      Total: 1
DEBUG 2021-11-25T00:00:38,824 [ThreadPoolTaskScheduler48][[]][][][][][][][][] py.com.fielco.corresponsal.common.dao.mapper.ParametroAdministrativoMapper.obtenerParametroByNombre - <==      Total: 1
DEBUG 2021-11-25T00:00:38,845 [ThreadPoolTaskScheduler48][[]][][][][][][][][] org.mybatis.spring.SqlSessionUtils - Closing non transactional SqlSession [org.apache.ibatis.session.defaults.DefaultSqlSession@4445f679]
DEBUG 2021-11-25T00:00:38,845 [ThreadPoolTaskScheduler48][[]][][][][][][][][] org.apache.ibatis.transaction.managed.ManagedTransaction - Closing JDBC Connection [ProxyConnection[PooledConnection[B00617DP]]]
DEBUG 2021-11-25T00:00:38,845 [ThreadPoolTaskScheduler48][[]][][][][][][][][] org.mybatis.spring.SqlSessionUtils - Creating a new SqlSession
DEBUG 2021-11-25T00:00:38,846 [ThreadPoolTaskScheduler48][[]][][][][][][][][] org.mybatis.spring.SqlSessionUtils - SqlSession [org.apache.ibatis.session.defaults.DefaultSqlSession@7dbfdc16] was not registered for synchronization because synchronization is not active
DEBUG 2021-11-25T00:00:38,846 [ThreadPoolTaskScheduler48][[]][][][][][][][][] org.apache.ibatis.transaction.managed.ManagedTransaction - Opening JDBC Connection
DEBUG 2021-11-25T00:00:38,848 [ThreadPoolTaskScheduler48][[]][][][][][][][][] py.com.fielco.corresponsal.common.dao.mapper.ParametroAdministrativoMapper.obtenerParametroByNombre - ==>  Preparing: SELECT * FROM PARAMETROS_ADM WHERE NOMBRE = ? 
DEBUG 2021-11-25T00:00:38,848 [ThreadPoolTaskScheduler48][[]][][][][][][][][] py.com.fielco.corresponsal.common.dao.mapper.ParametroAdministrativoMapper.obtenerParametroByNombre - ==>  Preparing: SELECT * FROM PARAMETROS_ADM WHERE NOMBRE = ? 
DEBUG 2021-11-25T00:00:38,862 [ThreadPoolTaskScheduler48][[]][][][][][][][][] py.com.fielco.corresponsal.common.dao.mapper.ParametroAdministrativoMapper.obtenerParametroByNombre - ==> Parameters: BORRAR_DATABAG_PATTERN(String)
DEBUG 2021-11-25T00:00:38,862 [ThreadPoolTaskScheduler48][[]][][][][][][][][] py.com.fielco.corresponsal.common.dao.mapper.ParametroAdministrativoMapper.obtenerParametroByNombre - ==> Parameters: BORRAR_DATABAG_PATTERN(String)
DEBUG 2021-11-25T00:00:38,880 [ThreadPoolTaskScheduler48][[]][][][][][][][][] py.com.fielco.corresponsal.common.dao.mapper.ParametroAdministrativoMapper.obtenerParametroByNombre - <==      Total: 1
DEBUG 2021-11-25T00:00:38,880 [ThreadPoolTaskScheduler48][[]][][][][][][][][] py.com.fielco.corresponsal.common.dao.mapper.ParametroAdministrativoMapper.obtenerParametroByNombre - <==      Total: 1
DEBUG 2021-11-25T00:00:38,896 [ThreadPoolTaskScheduler48][[]][][][][][][][][] org.mybatis.spring.SqlSessionUtils - Closing non transactional SqlSession [org.apache.ibatis.session.defaults.DefaultSqlSession@7dbfdc16]
DEBUG 2021-11-25T00:00:38,897 [ThreadPoolTaskScheduler48][[]][][][][][][][][] org.apache.ibatis.transaction.managed.ManagedTransaction - Closing JDBC Connection [ProxyConnection[PooledConnection[B00617DP]]]
 INFO 2021-11-25T00:00:38,897 [ThreadPoolTaskScheduler48][[]][][][][][][][][] py.com.fielco.corresponsal.administrativo.service.TaskSchedulerService - Se parametros de BORRAR DATABAG siguen con el mismo valor 3 y 0 0 3 * 1/3 SUN.
 INFO 2021-11-25T00:00:38,897 [ThreadPoolTaskScheduler48][[]][][][][][][][][] py.com.fielco.corresponsal.administrativo.service.TaskSchedulerService - Se parametros de BORRAR DATABAG siguen con el mismo valor 3 y 0 0 3 * 1/3 SUN.
