 INFO 2021-12-07T05:59:59,947 [ThreadPoolTaskScheduler3][[]][][][][][][][][] py.com.fielco.corresponsal.administrativo.schedule.LiquidacionTask - [TAREA PROGRAMADA]: Verificar si es día habil
 INFO 2021-12-07T05:59:59,947 [ThreadPoolTaskScheduler3][[]][][][][][][][][] py.com.fielco.corresponsal.administrativo.schedule.LiquidacionTask - [TAREA PROGRAMADA]: Verificar si es día habil
DEBUG 2021-12-07T06:00:02,307 [ThreadPoolTaskScheduler3][[]][][][][][][][][] org.springframework.jdbc.core.JdbcTemplate - Executing prepared SQL query
DEBUG 2021-12-07T06:00:02,789 [ThreadPoolTaskScheduler3][[]][][][][][][][][] org.springframework.jdbc.core.JdbcTemplate - Executing prepared SQL statement [SELECT HABIL FROM RAALIB.VDIAHABIL WHERE FECHA=?]
TRACE 2021-12-07T06:00:08,577 [ThreadPoolTaskScheduler3][[]][][][][][][][][] org.springframework.jdbc.core.StatementCreatorUtils - Setting SQL statement parameter value: column index 1, parameter value [20211207], value class [java.lang.String], SQL type unknown
 INFO 2021-12-07T06:00:09,181 [ThreadPoolTaskScheduler3][[]][][][][][][][][] py.com.fielco.corresponsal.administrativo.schedule.LiquidacionTask - [TAREA PROGRAMADA]: Ejecutar proceso de liquidacion programada
 INFO 2021-12-07T06:00:09,181 [ThreadPoolTaskScheduler3][[]][][][][][][][][] py.com.fielco.corresponsal.administrativo.schedule.LiquidacionTask - [TAREA PROGRAMADA]: Ejecutar proceso de liquidacion programada
 INFO 2021-12-07T06:00:09,320 [ThreadPoolTaskScheduler3][[]][][][][][][][][] py.com.fielco.corresponsal.administrativo.service.LiquidacionServiceImpl - [TAREA_PROGRAMADA]:Obtener lista de monedas
 INFO 2021-12-07T06:00:09,320 [ThreadPoolTaskScheduler3][[]][][][][][][][][] py.com.fielco.corresponsal.administrativo.service.LiquidacionServiceImpl - [TAREA_PROGRAMADA]:Obtener lista de monedas
 INFO 2021-12-07T06:00:09,334 [ThreadPoolTaskScheduler3][[]][][][][][][][][] py.com.fielco.corresponsal.administrativo.service.LiquidacionServiceImpl - [TAREA_PROGRAMADA]:Obtener lista de agencias
 INFO 2021-12-07T06:00:09,334 [ThreadPoolTaskScheduler3][[]][][][][][][][][] py.com.fielco.corresponsal.administrativo.service.LiquidacionServiceImpl - [TAREA_PROGRAMADA]:Obtener lista de agencias
DEBUG 2021-12-07T06:00:09,464 [ThreadPoolTaskScheduler3][[]][][][][][][][][] org.mybatis.spring.SqlSessionUtils - Creating a new SqlSession
DEBUG 2021-12-07T06:00:09,829 [ThreadPoolTaskScheduler3][[]][][][][][][][][] org.mybatis.spring.SqlSessionUtils - SqlSession [org.apache.ibatis.session.defaults.DefaultSqlSession@23fe767c] was not registered for synchronization because synchronization is not active
DEBUG 2021-12-07T06:00:09,891 [ThreadPoolTaskScheduler3][[]][][][][][][][][] org.apache.ibatis.transaction.managed.ManagedTransaction - Opening JDBC Connection
DEBUG 2021-12-07T06:00:30,130 [ThreadPoolTaskScheduler3][[]][][][][][][][][] py.com.fielco.corresponsal.common.dao.mapper.AgenciaMapper.selectActivas - ==>  Preparing: select a.*, DEBITO, CREDITO from AGENCIAS a left join (SELECT M.AGENCIA_ID , SUM(M.MONTO_GS) AS DEBITO FROM OPERACIONES O JOIN MOVIMIENTO M ON O.OPERACIONES_ID = M.OPERACION_ID WHERE O.TIPO_SALDO = 'D' AND O.PROC_LIQUIDACION = 'S' AND M.ESTADO = 'ACTIVO' AND M.LIQUIDACION_ID IS NULL group by M.AGENCIA_ID) DEBITO on debito.AGENCIA_ID = a.AGENCIA_ID left join (SELECT M.AGENCIA_ID , SUM(M.MONTO_GS) AS CREDITO FROM OPERACIONES O JOIN MOVIMIENTO M ON O.OPERACIONES_ID = M.OPERACION_ID WHERE O.TIPO_SALDO = 'C' AND O.PROC_LIQUIDACION = 'S' AND M.ESTADO = 'ACTIVO' AND M.LIQUIDACION_ID IS NULL group by M.AGENCIA_ID) CREDITO on CREDITO.AGENCIA_ID = a.AGENCIA_ID where a.ESTADO = 'A' 
DEBUG 2021-12-07T06:00:30,130 [ThreadPoolTaskScheduler3][[]][][][][][][][][] py.com.fielco.corresponsal.common.dao.mapper.AgenciaMapper.selectActivas - ==>  Preparing: select a.*, DEBITO, CREDITO from AGENCIAS a left join (SELECT M.AGENCIA_ID , SUM(M.MONTO_GS) AS DEBITO FROM OPERACIONES O JOIN MOVIMIENTO M ON O.OPERACIONES_ID = M.OPERACION_ID WHERE O.TIPO_SALDO = 'D' AND O.PROC_LIQUIDACION = 'S' AND M.ESTADO = 'ACTIVO' AND M.LIQUIDACION_ID IS NULL group by M.AGENCIA_ID) DEBITO on debito.AGENCIA_ID = a.AGENCIA_ID left join (SELECT M.AGENCIA_ID , SUM(M.MONTO_GS) AS CREDITO FROM OPERACIONES O JOIN MOVIMIENTO M ON O.OPERACIONES_ID = M.OPERACION_ID WHERE O.TIPO_SALDO = 'C' AND O.PROC_LIQUIDACION = 'S' AND M.ESTADO = 'ACTIVO' AND M.LIQUIDACION_ID IS NULL group by M.AGENCIA_ID) CREDITO on CREDITO.AGENCIA_ID = a.AGENCIA_ID where a.ESTADO = 'A' 
DEBUG 2021-12-07T06:00:30,500 [ThreadPoolTaskScheduler3][[]][][][][][][][][] py.com.fielco.corresponsal.common.dao.mapper.AgenciaMapper.selectActivas - ==> Parameters: 
DEBUG 2021-12-07T06:00:30,500 [ThreadPoolTaskScheduler3][[]][][][][][][][][] py.com.fielco.corresponsal.common.dao.mapper.AgenciaMapper.selectActivas - ==> Parameters: 
DEBUG 2021-12-07T06:00:34,475 [ThreadPoolTaskScheduler3][[]][][][][][][][][] py.com.fielco.corresponsal.common.dao.mapper.AgenciaMapper.selectActivas - <==      Total: 241
DEBUG 2021-12-07T06:00:34,475 [ThreadPoolTaskScheduler3][[]][][][][][][][][] py.com.fielco.corresponsal.common.dao.mapper.AgenciaMapper.selectActivas - <==      Total: 241
DEBUG 2021-12-07T06:00:34,691 [ThreadPoolTaskScheduler3][[]][][][][][][][][] org.mybatis.spring.SqlSessionUtils - Closing non transactional SqlSession [org.apache.ibatis.session.defaults.DefaultSqlSession@23fe767c]
DEBUG 2021-12-07T06:00:34,692 [ThreadPoolTaskScheduler3][[]][][][][][][][][] org.apache.ibatis.transaction.managed.ManagedTransaction - Closing JDBC Connection [ProxyConnection[PooledConnection[B00617DP]]]
 INFO 2021-12-07T06:00:34,694 [ThreadPoolTaskScheduler3][[]][][][][][][][][] py.com.fielco.corresponsal.administrativo.service.LiquidacionServiceImpl - [TAREA_PROGRAMADA]:Obtener lista de servicios
 INFO 2021-12-07T06:00:34,694 [ThreadPoolTaskScheduler3][[]][][][][][][][][] py.com.fielco.corresponsal.administrativo.service.LiquidacionServiceImpl - [TAREA_PROGRAMADA]:Obtener lista de servicios
DEBUG 2021-12-07T06:00:34,757 [ThreadPoolTaskScheduler3][[]][][][][][][][][] org.springframework.jdbc.core.JdbcTemplate - Executing prepared SQL query
DEBUG 2021-12-07T06:00:34,824 [ThreadPoolTaskScheduler3][[]][][][][][][][][] org.springframework.jdbc.core.JdbcTemplate - Executing prepared SQL statement [SELECT SERVICIOS_ID, NOMBRE FROM SERVICIOS]
 INFO 2021-12-07T06:00:34,915 [ThreadPoolTaskScheduler3][[]][][][][][][][][] py.com.fielco.corresponsal.administrativo.service.LiquidacionServiceImpl - [TAREA_PROGRAMADA]:Obtener fecha de proceso
 INFO 2021-12-07T06:00:34,915 [ThreadPoolTaskScheduler3][[]][][][][][][][][] py.com.fielco.corresponsal.administrativo.service.LiquidacionServiceImpl - [TAREA_PROGRAMADA]:Obtener fecha de proceso
 INFO 2021-12-07T06:00:34,975 [ThreadPoolTaskScheduler3][[]][][][][][][][][] py.com.fielco.corresponsal.administrativo.service.LiquidacionServiceImpl - Obtener fecha de cierre de Bantotal
 INFO 2021-12-07T06:00:34,975 [ThreadPoolTaskScheduler3][[]][][][][][][][][] py.com.fielco.corresponsal.administrativo.service.LiquidacionServiceImpl - Obtener fecha de cierre de Bantotal
 INFO 2021-12-07T06:00:35,055 [ThreadPoolTaskScheduler3][[]][][][][][][][][] py.com.elcomercio.bantotal.api.dao.WUAgenteITGFDAO - Obteniendo fecha de cierre
DEBUG 2021-12-07T06:00:35,150 [ThreadPoolTaskScheduler3][[]][][][][][][][][] org.springframework.jdbc.core.JdbcTemplate - Executing SQL query [SELECT IT.PAG_CAL.FU_OBT_FEC_ANTERIOR(1) FROM DUAL]
ERROR 2021-12-07T06:00:35,421 [ThreadPoolTaskScheduler3][[]][][][][][][][][] org.springframework.scheduling.support.TaskUtils$LoggingErrorHandler - Unexpected error occurred in scheduled task.
org.springframework.jdbc.CannotGetJdbcConnectionException: Could not get JDBC Connection; nested exception is java.sql.SQLException: Data source is closed
	at org.springframework.jdbc.datasource.DataSourceUtils.getConnection(DataSourceUtils.java:80) ~[spring-jdbc-4.2.4.RELEASE.jar:4.2.4.RELEASE]
	at org.springframework.jdbc.core.JdbcTemplate.execute(JdbcTemplate.java:390) ~[spring-jdbc-4.2.4.RELEASE.jar:4.2.4.RELEASE]
	at org.springframework.jdbc.core.JdbcTemplate.query(JdbcTemplate.java:470) ~[spring-jdbc-4.2.4.RELEASE.jar:4.2.4.RELEASE]
	at org.springframework.jdbc.core.JdbcTemplate.query(JdbcTemplate.java:480) ~[spring-jdbc-4.2.4.RELEASE.jar:4.2.4.RELEASE]
	at org.springframework.jdbc.core.JdbcTemplate.queryForObject(JdbcTemplate.java:490) ~[spring-jdbc-4.2.4.RELEASE.jar:4.2.4.RELEASE]
	at org.springframework.jdbc.core.JdbcTemplate.queryForObject(JdbcTemplate.java:496) ~[spring-jdbc-4.2.4.RELEASE.jar:4.2.4.RELEASE]
	at py.com.elcomercio.bantotal.api.dao.WUAgenteITGFDAO.obtenerFechaCierre(WUAgenteITGFDAO.java:875) ~[bantotal-cliente-1.7.15.jar:?]
	at py.com.fielco.corresponsal.ws.communication.BantotalCommunication.consultarFechaCierre(BantotalCommunication.java:1015) ~[fielcorresponsal-common-ws-2.11.12-RELEASE.jar:2.11.12-RELEASE]
	at py.com.fielco.corresponsal.administrativo.service.LiquidacionServiceImpl.consultarFechaCierre(LiquidacionServiceImpl.java:186) ~[classes/:?]
	at py.com.fielco.corresponsal.administrativo.service.LiquidacionServiceImpl.procesarLiquidacionProgramada(LiquidacionServiceImpl.java:1872) ~[classes/:?]
	at py.com.fielco.corresponsal.administrativo.schedule.LiquidacionTask.run(LiquidacionTask.java:52) ~[classes/:?]
	at org.springframework.scheduling.support.DelegatingErrorHandlingRunnable.run(DelegatingErrorHandlingRunnable.java:54) [spring-context-4.2.4.RELEASE.jar:4.2.4.RELEASE]
	at org.springframework.scheduling.concurrent.ReschedulingRunnable.run(ReschedulingRunnable.java:81) [spring-context-4.2.4.RELEASE.jar:4.2.4.RELEASE]
	at java.util.concurrent.Executors$RunnableAdapter.call(Executors.java:511) [?:1.8.0_221]
	at java.util.concurrent.FutureTask.run(FutureTask.java:266) [?:1.8.0_221]
	at java.util.concurrent.ScheduledThreadPoolExecutor$ScheduledFutureTask.access$201(ScheduledThreadPoolExecutor.java:180) [?:1.8.0_221]
	at java.util.concurrent.ScheduledThreadPoolExecutor$ScheduledFutureTask.run(ScheduledThreadPoolExecutor.java:293) [?:1.8.0_221]
	at java.util.concurrent.ThreadPoolExecutor.runWorker(ThreadPoolExecutor.java:1149) [?:1.8.0_221]
	at java.util.concurrent.ThreadPoolExecutor$Worker.run(ThreadPoolExecutor.java:624) [?:1.8.0_221]
	at java.lang.Thread.run(Thread.java:748) [?:1.8.0_221]
Caused by: java.sql.SQLException: Data source is closed
	at org.apache.tomcat.dbcp.dbcp2.BasicDataSource.createDataSource(BasicDataSource.java:2020) ~[?:?]
	at org.apache.tomcat.dbcp.dbcp2.BasicDataSource.getConnection(BasicDataSource.java:1543) ~[?:?]
	at org.springframework.jdbc.datasource.DataSourceUtils.doGetConnection(DataSourceUtils.java:111) ~[spring-jdbc-4.2.4.RELEASE.jar:4.2.4.RELEASE]
	at org.springframework.jdbc.datasource.DataSourceUtils.getConnection(DataSourceUtils.java:77) ~[spring-jdbc-4.2.4.RELEASE.jar:4.2.4.RELEASE]
	... 19 more
