ERROR 10 09:32:03 [[]][][][][] WUAgenteDB2DAO- Login incorrecto: 
org.springframework.dao.EmptyResultDataAccessException: Incorrect result size: expected 1, actual 0
	at org.springframework.dao.support.DataAccessUtils.requiredSingleResult(DataAccessUtils.java:71) ~[spring-tx-4.2.4.RELEASE.jar:4.2.4.RELEASE]
	at org.springframework.jdbc.core.JdbcTemplate.queryForObject(JdbcTemplate.java:791) ~[spring-jdbc-4.2.4.RELEASE.jar:4.2.4.RELEASE]
	at org.springframework.jdbc.core.JdbcTemplate.queryForObject(JdbcTemplate.java:814) ~[spring-jdbc-4.2.4.RELEASE.jar:4.2.4.RELEASE]
	at py.com.elcomercio.bantotal.api.dao.WUAgenteDB2DAO.getUserPasswordState(WUAgenteDB2DAO.java:328) [bantotal-cliente-1.7.15.jar:?]
	at py.com.elcomercio.bantotal.api.dao.WUAgenteDB2DAO.userLogin(WUAgenteDB2DAO.java:477) [bantotal-cliente-1.7.15.jar:?]
	at py.com.elcomercio.bantotal.api.servicio.AutenticacionServiceImpl.autenticarUsuarioAgencia(AutenticacionServiceImpl.java:68) [bantotal-cliente-1.7.15.jar:?]
	at py.com.fielco.corresponsal.common.service.BantotalClienteService.autenticarUsuario(BantotalClienteService.java:203) [fielcorresponsal-common-2.11.14-RELEASE.jar:2.11.14-RELEASE]
	at py.com.fielco.corresponsal.auth.service.SessionServiceImpl.createSession(SessionServiceImpl.java:165) [classes/:?]
	at py.com.fielco.corresponsal.auth.controller.AuthAPI.requestAccessToken(AuthAPI.java:80) [classes/:?]
	at sun.reflect.NativeMethodAccessorImpl.invoke0(Native Method) ~[?:1.8.0_221]
	at sun.reflect.NativeMethodAccessorImpl.invoke(NativeMethodAccessorImpl.java:62) ~[?:1.8.0_221]
	at sun.reflect.DelegatingMethodAccessorImpl.invoke(DelegatingMethodAccessorImpl.java:43) ~[?:1.8.0_221]
	at java.lang.reflect.Method.invoke(Method.java:498) ~[?:1.8.0_221]
	at org.springframework.web.method.support.InvocableHandlerMethod.doInvoke(InvocableHandlerMethod.java:222) [spring-web-4.2.4.RELEASE.jar:4.2.4.RELEASE]
	at org.springframework.web.method.support.InvocableHandlerMethod.invokeForRequest(InvocableHandlerMethod.java:137) [spring-web-4.2.4.RELEASE.jar:4.2.4.RELEASE]
	at org.springframework.web.servlet.mvc.method.annotation.ServletInvocableHandlerMethod.invokeAndHandle(ServletInvocableHandlerMethod.java:110) [spring-webmvc-4.2.4.RELEASE.jar:4.2.4.RELEASE]
	at org.springframework.web.servlet.mvc.method.annotation.RequestMappingHandlerAdapter.invokeHandlerMethod(RequestMappingHandlerAdapter.java:814) [spring-webmvc-4.2.4.RELEASE.jar:4.2.4.RELEASE]
	at org.springframework.web.servlet.mvc.method.annotation.RequestMappingHandlerAdapter.handleInternal(RequestMappingHandlerAdapter.java:737) [spring-webmvc-4.2.4.RELEASE.jar:4.2.4.RELEASE]
	at org.springframework.web.servlet.mvc.method.AbstractHandlerMethodAdapter.handle(AbstractHandlerMethodAdapter.java:85) [spring-webmvc-4.2.4.RELEASE.jar:4.2.4.RELEASE]
	at org.springframework.web.servlet.DispatcherServlet.doDispatch(DispatcherServlet.java:959) [spring-webmvc-4.2.4.RELEASE.jar:4.2.4.RELEASE]
	at org.springframework.web.servlet.DispatcherServlet.doService(DispatcherServlet.java:893) [spring-webmvc-4.2.4.RELEASE.jar:4.2.4.RELEASE]
	at org.springframework.web.servlet.FrameworkServlet.processRequest(FrameworkServlet.java:969) [spring-webmvc-4.2.4.RELEASE.jar:4.2.4.RELEASE]
	at org.springframework.web.servlet.FrameworkServlet.doPost(FrameworkServlet.java:871) [spring-webmvc-4.2.4.RELEASE.jar:4.2.4.RELEASE]
	at javax.servlet.http.HttpServlet.service(HttpServlet.java:648) [servlet-api.jar:?]
	at org.springframework.web.servlet.FrameworkServlet.service(FrameworkServlet.java:845) [spring-webmvc-4.2.4.RELEASE.jar:4.2.4.RELEASE]
	at javax.servlet.http.HttpServlet.service(HttpServlet.java:729) [servlet-api.jar:?]
	at org.apache.catalina.core.ApplicationFilterChain.internalDoFilter(ApplicationFilterChain.java:230) [catalina.jar:8.5.6]
	at org.apache.catalina.core.ApplicationFilterChain.doFilter(ApplicationFilterChain.java:165) [catalina.jar:8.5.6]
	at org.apache.tomcat.websocket.server.WsFilter.doFilter(WsFilter.java:52) [tomcat-websocket.jar:8.5.6]
	at org.apache.catalina.core.ApplicationFilterChain.internalDoFilter(ApplicationFilterChain.java:192) [catalina.jar:8.5.6]
	at org.apache.catalina.core.ApplicationFilterChain.doFilter(ApplicationFilterChain.java:165) [catalina.jar:8.5.6]
	at org.apache.catalina.core.StandardWrapperValve.invoke(StandardWrapperValve.java:198) [catalina.jar:8.5.6]
	at org.apache.catalina.core.StandardContextValve.invoke(StandardContextValve.java:108) [catalina.jar:8.5.6]
	at org.apache.catalina.authenticator.AuthenticatorBase.invoke(AuthenticatorBase.java:472) [catalina.jar:8.5.6]
	at org.apache.catalina.core.StandardHostValve.invoke(StandardHostValve.java:140) [catalina.jar:8.5.6]
	at org.apache.catalina.valves.ErrorReportValve.invoke(ErrorReportValve.java:79) [catalina.jar:8.5.6]
	at org.apache.catalina.valves.AbstractAccessLogValve.invoke(AbstractAccessLogValve.java:620) [catalina.jar:8.5.6]
	at org.apache.catalina.core.StandardEngineValve.invoke(StandardEngineValve.java:87) [catalina.jar:8.5.6]
	at org.apache.catalina.connector.CoyoteAdapter.service(CoyoteAdapter.java:349) [catalina.jar:8.5.6]
	at org.apache.coyote.http11.Http11Processor.service(Http11Processor.java:784) [tomcat-coyote.jar:8.5.6]
	at org.apache.coyote.AbstractProcessorLight.process(AbstractProcessorLight.java:66) [tomcat-coyote.jar:8.5.6]
	at org.apache.coyote.AbstractProtocol$ConnectionHandler.process(AbstractProtocol.java:802) [tomcat-coyote.jar:8.5.6]
	at org.apache.tomcat.util.net.NioEndpoint$SocketProcessor.doRun(NioEndpoint.java:1410) [tomcat-coyote.jar:8.5.6]
	at org.apache.tomcat.util.net.SocketProcessorBase.run(SocketProcessorBase.java:49) [tomcat-coyote.jar:8.5.6]
	at java.util.concurrent.ThreadPoolExecutor.runWorker(ThreadPoolExecutor.java:1149) [?:1.8.0_221]
	at java.util.concurrent.ThreadPoolExecutor$Worker.run(ThreadPoolExecutor.java:624) [?:1.8.0_221]
	at org.apache.tomcat.util.threads.TaskThread$WrappingRunnable.run(TaskThread.java:61) [tomcat-util.jar:8.5.6]
	at java.lang.Thread.run(Thread.java:748) [?:1.8.0_221]
ERROR 10 09:32:03 [[]][][][][] BantotalClienteService- Error al autenticar usuario desde bantotal cliente.
py.com.fielco.bantotal.service.exception.BantotalClienteException: Usuario y/o clave no coinciden
	at py.com.elcomercio.bantotal.api.dao.WUAgenteDB2DAO.getUserPasswordState(WUAgenteDB2DAO.java:349) ~[bantotal-cliente-1.7.15.jar:?]
	at py.com.elcomercio.bantotal.api.dao.WUAgenteDB2DAO.userLogin(WUAgenteDB2DAO.java:477) ~[bantotal-cliente-1.7.15.jar:?]
	at py.com.elcomercio.bantotal.api.servicio.AutenticacionServiceImpl.autenticarUsuarioAgencia(AutenticacionServiceImpl.java:68) ~[bantotal-cliente-1.7.15.jar:?]
	at py.com.fielco.corresponsal.common.service.BantotalClienteService.autenticarUsuario(BantotalClienteService.java:203) [fielcorresponsal-common-2.11.14-RELEASE.jar:2.11.14-RELEASE]
	at py.com.fielco.corresponsal.auth.service.SessionServiceImpl.createSession(SessionServiceImpl.java:165) [classes/:?]
	at py.com.fielco.corresponsal.auth.controller.AuthAPI.requestAccessToken(AuthAPI.java:80) [classes/:?]
	at sun.reflect.NativeMethodAccessorImpl.invoke0(Native Method) ~[?:1.8.0_221]
	at sun.reflect.NativeMethodAccessorImpl.invoke(NativeMethodAccessorImpl.java:62) ~[?:1.8.0_221]
	at sun.reflect.DelegatingMethodAccessorImpl.invoke(DelegatingMethodAccessorImpl.java:43) ~[?:1.8.0_221]
	at java.lang.reflect.Method.invoke(Method.java:498) ~[?:1.8.0_221]
	at org.springframework.web.method.support.InvocableHandlerMethod.doInvoke(InvocableHandlerMethod.java:222) [spring-web-4.2.4.RELEASE.jar:4.2.4.RELEASE]
	at org.springframework.web.method.support.InvocableHandlerMethod.invokeForRequest(InvocableHandlerMethod.java:137) [spring-web-4.2.4.RELEASE.jar:4.2.4.RELEASE]
	at org.springframework.web.servlet.mvc.method.annotation.ServletInvocableHandlerMethod.invokeAndHandle(ServletInvocableHandlerMethod.java:110) [spring-webmvc-4.2.4.RELEASE.jar:4.2.4.RELEASE]
	at org.springframework.web.servlet.mvc.method.annotation.RequestMappingHandlerAdapter.invokeHandlerMethod(RequestMappingHandlerAdapter.java:814) [spring-webmvc-4.2.4.RELEASE.jar:4.2.4.RELEASE]
	at org.springframework.web.servlet.mvc.method.annotation.RequestMappingHandlerAdapter.handleInternal(RequestMappingHandlerAdapter.java:737) [spring-webmvc-4.2.4.RELEASE.jar:4.2.4.RELEASE]
	at org.springframework.web.servlet.mvc.method.AbstractHandlerMethodAdapter.handle(AbstractHandlerMethodAdapter.java:85) [spring-webmvc-4.2.4.RELEASE.jar:4.2.4.RELEASE]
	at org.springframework.web.servlet.DispatcherServlet.doDispatch(DispatcherServlet.java:959) [spring-webmvc-4.2.4.RELEASE.jar:4.2.4.RELEASE]
	at org.springframework.web.servlet.DispatcherServlet.doService(DispatcherServlet.java:893) [spring-webmvc-4.2.4.RELEASE.jar:4.2.4.RELEASE]
	at org.springframework.web.servlet.FrameworkServlet.processRequest(FrameworkServlet.java:969) [spring-webmvc-4.2.4.RELEASE.jar:4.2.4.RELEASE]
	at org.springframework.web.servlet.FrameworkServlet.doPost(FrameworkServlet.java:871) [spring-webmvc-4.2.4.RELEASE.jar:4.2.4.RELEASE]
	at javax.servlet.http.HttpServlet.service(HttpServlet.java:648) [servlet-api.jar:?]
	at org.springframework.web.servlet.FrameworkServlet.service(FrameworkServlet.java:845) [spring-webmvc-4.2.4.RELEASE.jar:4.2.4.RELEASE]
	at javax.servlet.http.HttpServlet.service(HttpServlet.java:729) [servlet-api.jar:?]
	at org.apache.catalina.core.ApplicationFilterChain.internalDoFilter(ApplicationFilterChain.java:230) [catalina.jar:8.5.6]
	at org.apache.catalina.core.ApplicationFilterChain.doFilter(ApplicationFilterChain.java:165) [catalina.jar:8.5.6]
	at org.apache.tomcat.websocket.server.WsFilter.doFilter(WsFilter.java:52) [tomcat-websocket.jar:8.5.6]
	at org.apache.catalina.core.ApplicationFilterChain.internalDoFilter(ApplicationFilterChain.java:192) [catalina.jar:8.5.6]
	at org.apache.catalina.core.ApplicationFilterChain.doFilter(ApplicationFilterChain.java:165) [catalina.jar:8.5.6]
	at org.apache.catalina.core.StandardWrapperValve.invoke(StandardWrapperValve.java:198) [catalina.jar:8.5.6]
	at org.apache.catalina.core.StandardContextValve.invoke(StandardContextValve.java:108) [catalina.jar:8.5.6]
	at org.apache.catalina.authenticator.AuthenticatorBase.invoke(AuthenticatorBase.java:472) [catalina.jar:8.5.6]
	at org.apache.catalina.core.StandardHostValve.invoke(StandardHostValve.java:140) [catalina.jar:8.5.6]
	at org.apache.catalina.valves.ErrorReportValve.invoke(ErrorReportValve.java:79) [catalina.jar:8.5.6]
	at org.apache.catalina.valves.AbstractAccessLogValve.invoke(AbstractAccessLogValve.java:620) [catalina.jar:8.5.6]
	at org.apache.catalina.core.StandardEngineValve.invoke(StandardEngineValve.java:87) [catalina.jar:8.5.6]
	at org.apache.catalina.connector.CoyoteAdapter.service(CoyoteAdapter.java:349) [catalina.jar:8.5.6]
	at org.apache.coyote.http11.Http11Processor.service(Http11Processor.java:784) [tomcat-coyote.jar:8.5.6]
	at org.apache.coyote.AbstractProcessorLight.process(AbstractProcessorLight.java:66) [tomcat-coyote.jar:8.5.6]
	at org.apache.coyote.AbstractProtocol$ConnectionHandler.process(AbstractProtocol.java:802) [tomcat-coyote.jar:8.5.6]
	at org.apache.tomcat.util.net.NioEndpoint$SocketProcessor.doRun(NioEndpoint.java:1410) [tomcat-coyote.jar:8.5.6]
	at org.apache.tomcat.util.net.SocketProcessorBase.run(SocketProcessorBase.java:49) [tomcat-coyote.jar:8.5.6]
	at java.util.concurrent.ThreadPoolExecutor.runWorker(ThreadPoolExecutor.java:1149) [?:1.8.0_221]
	at java.util.concurrent.ThreadPoolExecutor$Worker.run(ThreadPoolExecutor.java:624) [?:1.8.0_221]
	at org.apache.tomcat.util.threads.TaskThread$WrappingRunnable.run(TaskThread.java:61) [tomcat-util.jar:8.5.6]
	at java.lang.Thread.run(Thread.java:748) [?:1.8.0_221]
ERROR 10 09:32:04 [[]][][][][] GlobalDefaultExceptionHandler- Handling error
com.roshka.michi.exception.APIException: Usuario y/o clave no coinciden
	at py.com.fielco.corresponsal.common.service.BantotalClienteService.autenticarUsuario(BantotalClienteService.java:206) ~[fielcorresponsal-common-2.11.14-RELEASE.jar:2.11.14-RELEASE]
	at py.com.fielco.corresponsal.auth.service.SessionServiceImpl.createSession(SessionServiceImpl.java:165) ~[classes/:?]
	at py.com.fielco.corresponsal.auth.controller.AuthAPI.requestAccessToken(AuthAPI.java:80) ~[classes/:?]
	at sun.reflect.NativeMethodAccessorImpl.invoke0(Native Method) ~[?:1.8.0_221]
	at sun.reflect.NativeMethodAccessorImpl.invoke(NativeMethodAccessorImpl.java:62) ~[?:1.8.0_221]
	at sun.reflect.DelegatingMethodAccessorImpl.invoke(DelegatingMethodAccessorImpl.java:43) ~[?:1.8.0_221]
	at java.lang.reflect.Method.invoke(Method.java:498) ~[?:1.8.0_221]
	at org.springframework.web.method.support.InvocableHandlerMethod.doInvoke(InvocableHandlerMethod.java:222) ~[spring-web-4.2.4.RELEASE.jar:4.2.4.RELEASE]
	at org.springframework.web.method.support.InvocableHandlerMethod.invokeForRequest(InvocableHandlerMethod.java:137) ~[spring-web-4.2.4.RELEASE.jar:4.2.4.RELEASE]
	at org.springframework.web.servlet.mvc.method.annotation.ServletInvocableHandlerMethod.invokeAndHandle(ServletInvocableHandlerMethod.java:110) ~[spring-webmvc-4.2.4.RELEASE.jar:4.2.4.RELEASE]
	at org.springframework.web.servlet.mvc.method.annotation.RequestMappingHandlerAdapter.invokeHandlerMethod(RequestMappingHandlerAdapter.java:814) ~[spring-webmvc-4.2.4.RELEASE.jar:4.2.4.RELEASE]
	at org.springframework.web.servlet.mvc.method.annotation.RequestMappingHandlerAdapter.handleInternal(RequestMappingHandlerAdapter.java:737) ~[spring-webmvc-4.2.4.RELEASE.jar:4.2.4.RELEASE]
	at org.springframework.web.servlet.mvc.method.AbstractHandlerMethodAdapter.handle(AbstractHandlerMethodAdapter.java:85) ~[spring-webmvc-4.2.4.RELEASE.jar:4.2.4.RELEASE]
	at org.springframework.web.servlet.DispatcherServlet.doDispatch(DispatcherServlet.java:959) [spring-webmvc-4.2.4.RELEASE.jar:4.2.4.RELEASE]
	at org.springframework.web.servlet.DispatcherServlet.doService(DispatcherServlet.java:893) [spring-webmvc-4.2.4.RELEASE.jar:4.2.4.RELEASE]
	at org.springframework.web.servlet.FrameworkServlet.processRequest(FrameworkServlet.java:969) [spring-webmvc-4.2.4.RELEASE.jar:4.2.4.RELEASE]
	at org.springframework.web.servlet.FrameworkServlet.doPost(FrameworkServlet.java:871) [spring-webmvc-4.2.4.RELEASE.jar:4.2.4.RELEASE]
	at javax.servlet.http.HttpServlet.service(HttpServlet.java:648) [servlet-api.jar:?]
	at org.springframework.web.servlet.FrameworkServlet.service(FrameworkServlet.java:845) [spring-webmvc-4.2.4.RELEASE.jar:4.2.4.RELEASE]
	at javax.servlet.http.HttpServlet.service(HttpServlet.java:729) [servlet-api.jar:?]
	at org.apache.catalina.core.ApplicationFilterChain.internalDoFilter(ApplicationFilterChain.java:230) [catalina.jar:8.5.6]
	at org.apache.catalina.core.ApplicationFilterChain.doFilter(ApplicationFilterChain.java:165) [catalina.jar:8.5.6]
	at org.apache.tomcat.websocket.server.WsFilter.doFilter(WsFilter.java:52) [tomcat-websocket.jar:8.5.6]
	at org.apache.catalina.core.ApplicationFilterChain.internalDoFilter(ApplicationFilterChain.java:192) [catalina.jar:8.5.6]
	at org.apache.catalina.core.ApplicationFilterChain.doFilter(ApplicationFilterChain.java:165) [catalina.jar:8.5.6]
	at org.apache.catalina.core.StandardWrapperValve.invoke(StandardWrapperValve.java:198) [catalina.jar:8.5.6]
	at org.apache.catalina.core.StandardContextValve.invoke(StandardContextValve.java:108) [catalina.jar:8.5.6]
	at org.apache.catalina.authenticator.AuthenticatorBase.invoke(AuthenticatorBase.java:472) [catalina.jar:8.5.6]
	at org.apache.catalina.core.StandardHostValve.invoke(StandardHostValve.java:140) [catalina.jar:8.5.6]
	at org.apache.catalina.valves.ErrorReportValve.invoke(ErrorReportValve.java:79) [catalina.jar:8.5.6]
	at org.apache.catalina.valves.AbstractAccessLogValve.invoke(AbstractAccessLogValve.java:620) [catalina.jar:8.5.6]
	at org.apache.catalina.core.StandardEngineValve.invoke(StandardEngineValve.java:87) [catalina.jar:8.5.6]
	at org.apache.catalina.connector.CoyoteAdapter.service(CoyoteAdapter.java:349) [catalina.jar:8.5.6]
	at org.apache.coyote.http11.Http11Processor.service(Http11Processor.java:784) [tomcat-coyote.jar:8.5.6]
	at org.apache.coyote.AbstractProcessorLight.process(AbstractProcessorLight.java:66) [tomcat-coyote.jar:8.5.6]
	at org.apache.coyote.AbstractProtocol$ConnectionHandler.process(AbstractProtocol.java:802) [tomcat-coyote.jar:8.5.6]
	at org.apache.tomcat.util.net.NioEndpoint$SocketProcessor.doRun(NioEndpoint.java:1410) [tomcat-coyote.jar:8.5.6]
	at org.apache.tomcat.util.net.SocketProcessorBase.run(SocketProcessorBase.java:49) [tomcat-coyote.jar:8.5.6]
	at java.util.concurrent.ThreadPoolExecutor.runWorker(ThreadPoolExecutor.java:1149) [?:1.8.0_221]
	at java.util.concurrent.ThreadPoolExecutor$Worker.run(ThreadPoolExecutor.java:624) [?:1.8.0_221]
	at org.apache.tomcat.util.threads.TaskThread$WrappingRunnable.run(TaskThread.java:61) [tomcat-util.jar:8.5.6]
	at java.lang.Thread.run(Thread.java:748) [?:1.8.0_221]
ERROR 10 10:09:41 [[]][][][][] WUAgenteDB2DAO- Login incorrecto: 
org.springframework.dao.EmptyResultDataAccessException: Incorrect result size: expected 1, actual 0
	at org.springframework.dao.support.DataAccessUtils.requiredSingleResult(DataAccessUtils.java:71) ~[spring-tx-4.2.4.RELEASE.jar:4.2.4.RELEASE]
	at org.springframework.jdbc.core.JdbcTemplate.queryForObject(JdbcTemplate.java:791) ~[spring-jdbc-4.2.4.RELEASE.jar:4.2.4.RELEASE]
	at org.springframework.jdbc.core.JdbcTemplate.queryForObject(JdbcTemplate.java:814) ~[spring-jdbc-4.2.4.RELEASE.jar:4.2.4.RELEASE]
	at py.com.elcomercio.bantotal.api.dao.WUAgenteDB2DAO.getUserPasswordState(WUAgenteDB2DAO.java:328) [bantotal-cliente-1.7.15.jar:?]
	at py.com.elcomercio.bantotal.api.dao.WUAgenteDB2DAO.userLogin(WUAgenteDB2DAO.java:477) [bantotal-cliente-1.7.15.jar:?]
	at py.com.elcomercio.bantotal.api.servicio.AutenticacionServiceImpl.autenticarUsuarioAgencia(AutenticacionServiceImpl.java:68) [bantotal-cliente-1.7.15.jar:?]
	at py.com.fielco.corresponsal.common.service.BantotalClienteService.autenticarUsuario(BantotalClienteService.java:203) [fielcorresponsal-common-2.11.14-RELEASE.jar:2.11.14-RELEASE]
	at py.com.fielco.corresponsal.auth.service.SessionServiceImpl.createSession(SessionServiceImpl.java:165) [classes/:?]
	at py.com.fielco.corresponsal.auth.controller.AuthAPI.requestAccessToken(AuthAPI.java:80) [classes/:?]
	at sun.reflect.NativeMethodAccessorImpl.invoke0(Native Method) ~[?:1.8.0_221]
	at sun.reflect.NativeMethodAccessorImpl.invoke(NativeMethodAccessorImpl.java:62) ~[?:1.8.0_221]
	at sun.reflect.DelegatingMethodAccessorImpl.invoke(DelegatingMethodAccessorImpl.java:43) ~[?:1.8.0_221]
	at java.lang.reflect.Method.invoke(Method.java:498) ~[?:1.8.0_221]
	at org.springframework.web.method.support.InvocableHandlerMethod.doInvoke(InvocableHandlerMethod.java:222) [spring-web-4.2.4.RELEASE.jar:4.2.4.RELEASE]
	at org.springframework.web.method.support.InvocableHandlerMethod.invokeForRequest(InvocableHandlerMethod.java:137) [spring-web-4.2.4.RELEASE.jar:4.2.4.RELEASE]
	at org.springframework.web.servlet.mvc.method.annotation.ServletInvocableHandlerMethod.invokeAndHandle(ServletInvocableHandlerMethod.java:110) [spring-webmvc-4.2.4.RELEASE.jar:4.2.4.RELEASE]
	at org.springframework.web.servlet.mvc.method.annotation.RequestMappingHandlerAdapter.invokeHandlerMethod(RequestMappingHandlerAdapter.java:814) [spring-webmvc-4.2.4.RELEASE.jar:4.2.4.RELEASE]
	at org.springframework.web.servlet.mvc.method.annotation.RequestMappingHandlerAdapter.handleInternal(RequestMappingHandlerAdapter.java:737) [spring-webmvc-4.2.4.RELEASE.jar:4.2.4.RELEASE]
	at org.springframework.web.servlet.mvc.method.AbstractHandlerMethodAdapter.handle(AbstractHandlerMethodAdapter.java:85) [spring-webmvc-4.2.4.RELEASE.jar:4.2.4.RELEASE]
	at org.springframework.web.servlet.DispatcherServlet.doDispatch(DispatcherServlet.java:959) [spring-webmvc-4.2.4.RELEASE.jar:4.2.4.RELEASE]
	at org.springframework.web.servlet.DispatcherServlet.doService(DispatcherServlet.java:893) [spring-webmvc-4.2.4.RELEASE.jar:4.2.4.RELEASE]
	at org.springframework.web.servlet.FrameworkServlet.processRequest(FrameworkServlet.java:969) [spring-webmvc-4.2.4.RELEASE.jar:4.2.4.RELEASE]
	at org.springframework.web.servlet.FrameworkServlet.doPost(FrameworkServlet.java:871) [spring-webmvc-4.2.4.RELEASE.jar:4.2.4.RELEASE]
	at javax.servlet.http.HttpServlet.service(HttpServlet.java:648) [servlet-api.jar:?]
	at org.springframework.web.servlet.FrameworkServlet.service(FrameworkServlet.java:845) [spring-webmvc-4.2.4.RELEASE.jar:4.2.4.RELEASE]
	at javax.servlet.http.HttpServlet.service(HttpServlet.java:729) [servlet-api.jar:?]
	at org.apache.catalina.core.ApplicationFilterChain.internalDoFilter(ApplicationFilterChain.java:230) [catalina.jar:8.5.6]
	at org.apache.catalina.core.ApplicationFilterChain.doFilter(ApplicationFilterChain.java:165) [catalina.jar:8.5.6]
	at org.apache.tomcat.websocket.server.WsFilter.doFilter(WsFilter.java:52) [tomcat-websocket.jar:8.5.6]
	at org.apache.catalina.core.ApplicationFilterChain.internalDoFilter(ApplicationFilterChain.java:192) [catalina.jar:8.5.6]
	at org.apache.catalina.core.ApplicationFilterChain.doFilter(ApplicationFilterChain.java:165) [catalina.jar:8.5.6]
	at org.apache.catalina.core.StandardWrapperValve.invoke(StandardWrapperValve.java:198) [catalina.jar:8.5.6]
	at org.apache.catalina.core.StandardContextValve.invoke(StandardContextValve.java:108) [catalina.jar:8.5.6]
	at org.apache.catalina.authenticator.AuthenticatorBase.invoke(AuthenticatorBase.java:472) [catalina.jar:8.5.6]
	at org.apache.catalina.core.StandardHostValve.invoke(StandardHostValve.java:140) [catalina.jar:8.5.6]
	at org.apache.catalina.valves.ErrorReportValve.invoke(ErrorReportValve.java:79) [catalina.jar:8.5.6]
	at org.apache.catalina.valves.AbstractAccessLogValve.invoke(AbstractAccessLogValve.java:620) [catalina.jar:8.5.6]
	at org.apache.catalina.core.StandardEngineValve.invoke(StandardEngineValve.java:87) [catalina.jar:8.5.6]
	at org.apache.catalina.connector.CoyoteAdapter.service(CoyoteAdapter.java:349) [catalina.jar:8.5.6]
	at org.apache.coyote.http11.Http11Processor.service(Http11Processor.java:784) [tomcat-coyote.jar:8.5.6]
	at org.apache.coyote.AbstractProcessorLight.process(AbstractProcessorLight.java:66) [tomcat-coyote.jar:8.5.6]
	at org.apache.coyote.AbstractProtocol$ConnectionHandler.process(AbstractProtocol.java:802) [tomcat-coyote.jar:8.5.6]
	at org.apache.tomcat.util.net.NioEndpoint$SocketProcessor.doRun(NioEndpoint.java:1410) [tomcat-coyote.jar:8.5.6]
	at org.apache.tomcat.util.net.SocketProcessorBase.run(SocketProcessorBase.java:49) [tomcat-coyote.jar:8.5.6]
	at java.util.concurrent.ThreadPoolExecutor.runWorker(ThreadPoolExecutor.java:1149) [?:1.8.0_221]
	at java.util.concurrent.ThreadPoolExecutor$Worker.run(ThreadPoolExecutor.java:624) [?:1.8.0_221]
	at org.apache.tomcat.util.threads.TaskThread$WrappingRunnable.run(TaskThread.java:61) [tomcat-util.jar:8.5.6]
	at java.lang.Thread.run(Thread.java:748) [?:1.8.0_221]
ERROR 10 10:09:41 [[]][][][][] BantotalClienteService- Error al autenticar usuario desde bantotal cliente.
py.com.fielco.bantotal.service.exception.BantotalClienteException: Usuario y/o clave no coinciden
	at py.com.elcomercio.bantotal.api.dao.WUAgenteDB2DAO.getUserPasswordState(WUAgenteDB2DAO.java:349) ~[bantotal-cliente-1.7.15.jar:?]
	at py.com.elcomercio.bantotal.api.dao.WUAgenteDB2DAO.userLogin(WUAgenteDB2DAO.java:477) ~[bantotal-cliente-1.7.15.jar:?]
	at py.com.elcomercio.bantotal.api.servicio.AutenticacionServiceImpl.autenticarUsuarioAgencia(AutenticacionServiceImpl.java:68) ~[bantotal-cliente-1.7.15.jar:?]
	at py.com.fielco.corresponsal.common.service.BantotalClienteService.autenticarUsuario(BantotalClienteService.java:203) [fielcorresponsal-common-2.11.14-RELEASE.jar:2.11.14-RELEASE]
	at py.com.fielco.corresponsal.auth.service.SessionServiceImpl.createSession(SessionServiceImpl.java:165) [classes/:?]
	at py.com.fielco.corresponsal.auth.controller.AuthAPI.requestAccessToken(AuthAPI.java:80) [classes/:?]
	at sun.reflect.NativeMethodAccessorImpl.invoke0(Native Method) ~[?:1.8.0_221]
	at sun.reflect.NativeMethodAccessorImpl.invoke(NativeMethodAccessorImpl.java:62) ~[?:1.8.0_221]
	at sun.reflect.DelegatingMethodAccessorImpl.invoke(DelegatingMethodAccessorImpl.java:43) ~[?:1.8.0_221]
	at java.lang.reflect.Method.invoke(Method.java:498) ~[?:1.8.0_221]
	at org.springframework.web.method.support.InvocableHandlerMethod.doInvoke(InvocableHandlerMethod.java:222) [spring-web-4.2.4.RELEASE.jar:4.2.4.RELEASE]
	at org.springframework.web.method.support.InvocableHandlerMethod.invokeForRequest(InvocableHandlerMethod.java:137) [spring-web-4.2.4.RELEASE.jar:4.2.4.RELEASE]
	at org.springframework.web.servlet.mvc.method.annotation.ServletInvocableHandlerMethod.invokeAndHandle(ServletInvocableHandlerMethod.java:110) [spring-webmvc-4.2.4.RELEASE.jar:4.2.4.RELEASE]
	at org.springframework.web.servlet.mvc.method.annotation.RequestMappingHandlerAdapter.invokeHandlerMethod(RequestMappingHandlerAdapter.java:814) [spring-webmvc-4.2.4.RELEASE.jar:4.2.4.RELEASE]
	at org.springframework.web.servlet.mvc.method.annotation.RequestMappingHandlerAdapter.handleInternal(RequestMappingHandlerAdapter.java:737) [spring-webmvc-4.2.4.RELEASE.jar:4.2.4.RELEASE]
	at org.springframework.web.servlet.mvc.method.AbstractHandlerMethodAdapter.handle(AbstractHandlerMethodAdapter.java:85) [spring-webmvc-4.2.4.RELEASE.jar:4.2.4.RELEASE]
	at org.springframework.web.servlet.DispatcherServlet.doDispatch(DispatcherServlet.java:959) [spring-webmvc-4.2.4.RELEASE.jar:4.2.4.RELEASE]
	at org.springframework.web.servlet.DispatcherServlet.doService(DispatcherServlet.java:893) [spring-webmvc-4.2.4.RELEASE.jar:4.2.4.RELEASE]
	at org.springframework.web.servlet.FrameworkServlet.processRequest(FrameworkServlet.java:969) [spring-webmvc-4.2.4.RELEASE.jar:4.2.4.RELEASE]
	at org.springframework.web.servlet.FrameworkServlet.doPost(FrameworkServlet.java:871) [spring-webmvc-4.2.4.RELEASE.jar:4.2.4.RELEASE]
	at javax.servlet.http.HttpServlet.service(HttpServlet.java:648) [servlet-api.jar:?]
	at org.springframework.web.servlet.FrameworkServlet.service(FrameworkServlet.java:845) [spring-webmvc-4.2.4.RELEASE.jar:4.2.4.RELEASE]
	at javax.servlet.http.HttpServlet.service(HttpServlet.java:729) [servlet-api.jar:?]
	at org.apache.catalina.core.ApplicationFilterChain.internalDoFilter(ApplicationFilterChain.java:230) [catalina.jar:8.5.6]
	at org.apache.catalina.core.ApplicationFilterChain.doFilter(ApplicationFilterChain.java:165) [catalina.jar:8.5.6]
	at org.apache.tomcat.websocket.server.WsFilter.doFilter(WsFilter.java:52) [tomcat-websocket.jar:8.5.6]
	at org.apache.catalina.core.ApplicationFilterChain.internalDoFilter(ApplicationFilterChain.java:192) [catalina.jar:8.5.6]
	at org.apache.catalina.core.ApplicationFilterChain.doFilter(ApplicationFilterChain.java:165) [catalina.jar:8.5.6]
	at org.apache.catalina.core.StandardWrapperValve.invoke(StandardWrapperValve.java:198) [catalina.jar:8.5.6]
	at org.apache.catalina.core.StandardContextValve.invoke(StandardContextValve.java:108) [catalina.jar:8.5.6]
	at org.apache.catalina.authenticator.AuthenticatorBase.invoke(AuthenticatorBase.java:472) [catalina.jar:8.5.6]
	at org.apache.catalina.core.StandardHostValve.invoke(StandardHostValve.java:140) [catalina.jar:8.5.6]
	at org.apache.catalina.valves.ErrorReportValve.invoke(ErrorReportValve.java:79) [catalina.jar:8.5.6]
	at org.apache.catalina.valves.AbstractAccessLogValve.invoke(AbstractAccessLogValve.java:620) [catalina.jar:8.5.6]
	at org.apache.catalina.core.StandardEngineValve.invoke(StandardEngineValve.java:87) [catalina.jar:8.5.6]
	at org.apache.catalina.connector.CoyoteAdapter.service(CoyoteAdapter.java:349) [catalina.jar:8.5.6]
	at org.apache.coyote.http11.Http11Processor.service(Http11Processor.java:784) [tomcat-coyote.jar:8.5.6]
	at org.apache.coyote.AbstractProcessorLight.process(AbstractProcessorLight.java:66) [tomcat-coyote.jar:8.5.6]
	at org.apache.coyote.AbstractProtocol$ConnectionHandler.process(AbstractProtocol.java:802) [tomcat-coyote.jar:8.5.6]
	at org.apache.tomcat.util.net.NioEndpoint$SocketProcessor.doRun(NioEndpoint.java:1410) [tomcat-coyote.jar:8.5.6]
	at org.apache.tomcat.util.net.SocketProcessorBase.run(SocketProcessorBase.java:49) [tomcat-coyote.jar:8.5.6]
	at java.util.concurrent.ThreadPoolExecutor.runWorker(ThreadPoolExecutor.java:1149) [?:1.8.0_221]
	at java.util.concurrent.ThreadPoolExecutor$Worker.run(ThreadPoolExecutor.java:624) [?:1.8.0_221]
	at org.apache.tomcat.util.threads.TaskThread$WrappingRunnable.run(TaskThread.java:61) [tomcat-util.jar:8.5.6]
	at java.lang.Thread.run(Thread.java:748) [?:1.8.0_221]
ERROR 10 10:09:41 [[]][][][][] GlobalDefaultExceptionHandler- Handling error
com.roshka.michi.exception.APIException: Usuario y/o clave no coinciden
	at py.com.fielco.corresponsal.common.service.BantotalClienteService.autenticarUsuario(BantotalClienteService.java:206) ~[fielcorresponsal-common-2.11.14-RELEASE.jar:2.11.14-RELEASE]
	at py.com.fielco.corresponsal.auth.service.SessionServiceImpl.createSession(SessionServiceImpl.java:165) ~[classes/:?]
	at py.com.fielco.corresponsal.auth.controller.AuthAPI.requestAccessToken(AuthAPI.java:80) ~[classes/:?]
	at sun.reflect.NativeMethodAccessorImpl.invoke0(Native Method) ~[?:1.8.0_221]
	at sun.reflect.NativeMethodAccessorImpl.invoke(NativeMethodAccessorImpl.java:62) ~[?:1.8.0_221]
	at sun.reflect.DelegatingMethodAccessorImpl.invoke(DelegatingMethodAccessorImpl.java:43) ~[?:1.8.0_221]
	at java.lang.reflect.Method.invoke(Method.java:498) ~[?:1.8.0_221]
	at org.springframework.web.method.support.InvocableHandlerMethod.doInvoke(InvocableHandlerMethod.java:222) ~[spring-web-4.2.4.RELEASE.jar:4.2.4.RELEASE]
	at org.springframework.web.method.support.InvocableHandlerMethod.invokeForRequest(InvocableHandlerMethod.java:137) ~[spring-web-4.2.4.RELEASE.jar:4.2.4.RELEASE]
	at org.springframework.web.servlet.mvc.method.annotation.ServletInvocableHandlerMethod.invokeAndHandle(ServletInvocableHandlerMethod.java:110) ~[spring-webmvc-4.2.4.RELEASE.jar:4.2.4.RELEASE]
	at org.springframework.web.servlet.mvc.method.annotation.RequestMappingHandlerAdapter.invokeHandlerMethod(RequestMappingHandlerAdapter.java:814) ~[spring-webmvc-4.2.4.RELEASE.jar:4.2.4.RELEASE]
	at org.springframework.web.servlet.mvc.method.annotation.RequestMappingHandlerAdapter.handleInternal(RequestMappingHandlerAdapter.java:737) ~[spring-webmvc-4.2.4.RELEASE.jar:4.2.4.RELEASE]
	at org.springframework.web.servlet.mvc.method.AbstractHandlerMethodAdapter.handle(AbstractHandlerMethodAdapter.java:85) ~[spring-webmvc-4.2.4.RELEASE.jar:4.2.4.RELEASE]
	at org.springframework.web.servlet.DispatcherServlet.doDispatch(DispatcherServlet.java:959) [spring-webmvc-4.2.4.RELEASE.jar:4.2.4.RELEASE]
	at org.springframework.web.servlet.DispatcherServlet.doService(DispatcherServlet.java:893) [spring-webmvc-4.2.4.RELEASE.jar:4.2.4.RELEASE]
	at org.springframework.web.servlet.FrameworkServlet.processRequest(FrameworkServlet.java:969) [spring-webmvc-4.2.4.RELEASE.jar:4.2.4.RELEASE]
	at org.springframework.web.servlet.FrameworkServlet.doPost(FrameworkServlet.java:871) [spring-webmvc-4.2.4.RELEASE.jar:4.2.4.RELEASE]
	at javax.servlet.http.HttpServlet.service(HttpServlet.java:648) [servlet-api.jar:?]
	at org.springframework.web.servlet.FrameworkServlet.service(FrameworkServlet.java:845) [spring-webmvc-4.2.4.RELEASE.jar:4.2.4.RELEASE]
	at javax.servlet.http.HttpServlet.service(HttpServlet.java:729) [servlet-api.jar:?]
	at org.apache.catalina.core.ApplicationFilterChain.internalDoFilter(ApplicationFilterChain.java:230) [catalina.jar:8.5.6]
	at org.apache.catalina.core.ApplicationFilterChain.doFilter(ApplicationFilterChain.java:165) [catalina.jar:8.5.6]
	at org.apache.tomcat.websocket.server.WsFilter.doFilter(WsFilter.java:52) [tomcat-websocket.jar:8.5.6]
	at org.apache.catalina.core.ApplicationFilterChain.internalDoFilter(ApplicationFilterChain.java:192) [catalina.jar:8.5.6]
	at org.apache.catalina.core.ApplicationFilterChain.doFilter(ApplicationFilterChain.java:165) [catalina.jar:8.5.6]
	at org.apache.catalina.core.StandardWrapperValve.invoke(StandardWrapperValve.java:198) [catalina.jar:8.5.6]
	at org.apache.catalina.core.StandardContextValve.invoke(StandardContextValve.java:108) [catalina.jar:8.5.6]
	at org.apache.catalina.authenticator.AuthenticatorBase.invoke(AuthenticatorBase.java:472) [catalina.jar:8.5.6]
	at org.apache.catalina.core.StandardHostValve.invoke(StandardHostValve.java:140) [catalina.jar:8.5.6]
	at org.apache.catalina.valves.ErrorReportValve.invoke(ErrorReportValve.java:79) [catalina.jar:8.5.6]
	at org.apache.catalina.valves.AbstractAccessLogValve.invoke(AbstractAccessLogValve.java:620) [catalina.jar:8.5.6]
	at org.apache.catalina.core.StandardEngineValve.invoke(StandardEngineValve.java:87) [catalina.jar:8.5.6]
	at org.apache.catalina.connector.CoyoteAdapter.service(CoyoteAdapter.java:349) [catalina.jar:8.5.6]
	at org.apache.coyote.http11.Http11Processor.service(Http11Processor.java:784) [tomcat-coyote.jar:8.5.6]
	at org.apache.coyote.AbstractProcessorLight.process(AbstractProcessorLight.java:66) [tomcat-coyote.jar:8.5.6]
	at org.apache.coyote.AbstractProtocol$ConnectionHandler.process(AbstractProtocol.java:802) [tomcat-coyote.jar:8.5.6]
	at org.apache.tomcat.util.net.NioEndpoint$SocketProcessor.doRun(NioEndpoint.java:1410) [tomcat-coyote.jar:8.5.6]
	at org.apache.tomcat.util.net.SocketProcessorBase.run(SocketProcessorBase.java:49) [tomcat-coyote.jar:8.5.6]
	at java.util.concurrent.ThreadPoolExecutor.runWorker(ThreadPoolExecutor.java:1149) [?:1.8.0_221]
	at java.util.concurrent.ThreadPoolExecutor$Worker.run(ThreadPoolExecutor.java:624) [?:1.8.0_221]
	at org.apache.tomcat.util.threads.TaskThread$WrappingRunnable.run(TaskThread.java:61) [tomcat-util.jar:8.5.6]
	at java.lang.Thread.run(Thread.java:748) [?:1.8.0_221]
ERROR 10 10:37:14 [[]][][1274395495-303-1][][] GlobalDefaultExceptionHandler- Handling error
org.springframework.dao.DataAccessResourceFailureException: PreparedStatementCallback; SQL [select SESSIONS.session_iid, SESSIONS.access_token, SESSIONS.session_type, SESSIONS.status, SESSIONS.created, SESSIONS.received_timestamp, SESSIONS.expiration, SESSIONS.invalidated, SESSIONS.user_type, SESSIONS.user_value, SESSIONS.device_iid, SESSIONS.additional_info, DATABAG.databag_iid, DATABAG.databag_type, DATABAG.created, DATABAG.databag_val from SESSIONS left outer join DATABAG on  (SESSIONS.additional_info = DATABAG.databag_iid and DATABAG.databag_type = 'AUTH.SESSIONS/ADDITIONAL_INFO')  where SESSIONS.session_iid = ?]; Communication link failure. (Unrecognized Windows Sockets error: 0: recv failed); nested exception is java.sql.SQLNonTransientConnectionException: Communication link failure. (Unrecognized Windows Sockets error: 0: recv failed)
	at org.springframework.jdbc.support.SQLExceptionSubclassTranslator.doTranslate(SQLExceptionSubclassTranslator.java:79) ~[spring-jdbc-4.2.4.RELEASE.jar:4.2.4.RELEASE]
	at org.springframework.jdbc.support.AbstractFallbackSQLExceptionTranslator.translate(AbstractFallbackSQLExceptionTranslator.java:73) ~[spring-jdbc-4.2.4.RELEASE.jar:4.2.4.RELEASE]
	at org.springframework.jdbc.support.AbstractFallbackSQLExceptionTranslator.translate(AbstractFallbackSQLExceptionTranslator.java:81) ~[spring-jdbc-4.2.4.RELEASE.jar:4.2.4.RELEASE]
	at org.springframework.jdbc.core.JdbcTemplate.execute(JdbcTemplate.java:645) ~[spring-jdbc-4.2.4.RELEASE.jar:4.2.4.RELEASE]
	at org.springframework.jdbc.core.JdbcTemplate.query(JdbcTemplate.java:680) ~[spring-jdbc-4.2.4.RELEASE.jar:4.2.4.RELEASE]
	at org.springframework.jdbc.core.JdbcTemplate.query(JdbcTemplate.java:712) ~[spring-jdbc-4.2.4.RELEASE.jar:4.2.4.RELEASE]
	at org.springframework.jdbc.core.JdbcTemplate.query(JdbcTemplate.java:722) ~[spring-jdbc-4.2.4.RELEASE.jar:4.2.4.RELEASE]
	at org.springframework.jdbc.core.JdbcTemplate.queryForObject(JdbcTemplate.java:796) ~[spring-jdbc-4.2.4.RELEASE.jar:4.2.4.RELEASE]
	at py.com.fielco.corresponsal.auth.dao.SessionDAOImpl.getBySessionId(SessionDAOImpl.java:273) ~[classes/:?]
	at py.com.fielco.corresponsal.auth.dao.SessionDAOImpl.create(SessionDAOImpl.java:237) ~[classes/:?]
	at py.com.fielco.corresponsal.auth.service.SessionServiceImpl.createSession(SessionServiceImpl.java:260) ~[classes/:?]
	at py.com.fielco.corresponsal.auth.controller.AuthAPI.requestAccessToken(AuthAPI.java:80) ~[classes/:?]
	at sun.reflect.NativeMethodAccessorImpl.invoke0(Native Method) ~[?:1.8.0_221]
	at sun.reflect.NativeMethodAccessorImpl.invoke(NativeMethodAccessorImpl.java:62) ~[?:1.8.0_221]
	at sun.reflect.DelegatingMethodAccessorImpl.invoke(DelegatingMethodAccessorImpl.java:43) ~[?:1.8.0_221]
	at java.lang.reflect.Method.invoke(Method.java:498) ~[?:1.8.0_221]
	at org.springframework.web.method.support.InvocableHandlerMethod.doInvoke(InvocableHandlerMethod.java:222) ~[spring-web-4.2.4.RELEASE.jar:4.2.4.RELEASE]
	at org.springframework.web.method.support.InvocableHandlerMethod.invokeForRequest(InvocableHandlerMethod.java:137) ~[spring-web-4.2.4.RELEASE.jar:4.2.4.RELEASE]
	at org.springframework.web.servlet.mvc.method.annotation.ServletInvocableHandlerMethod.invokeAndHandle(ServletInvocableHandlerMethod.java:110) ~[spring-webmvc-4.2.4.RELEASE.jar:4.2.4.RELEASE]
	at org.springframework.web.servlet.mvc.method.annotation.RequestMappingHandlerAdapter.invokeHandlerMethod(RequestMappingHandlerAdapter.java:814) ~[spring-webmvc-4.2.4.RELEASE.jar:4.2.4.RELEASE]
	at org.springframework.web.servlet.mvc.method.annotation.RequestMappingHandlerAdapter.handleInternal(RequestMappingHandlerAdapter.java:737) ~[spring-webmvc-4.2.4.RELEASE.jar:4.2.4.RELEASE]
	at org.springframework.web.servlet.mvc.method.AbstractHandlerMethodAdapter.handle(AbstractHandlerMethodAdapter.java:85) ~[spring-webmvc-4.2.4.RELEASE.jar:4.2.4.RELEASE]
	at org.springframework.web.servlet.DispatcherServlet.doDispatch(DispatcherServlet.java:959) [spring-webmvc-4.2.4.RELEASE.jar:4.2.4.RELEASE]
	at org.springframework.web.servlet.DispatcherServlet.doService(DispatcherServlet.java:893) [spring-webmvc-4.2.4.RELEASE.jar:4.2.4.RELEASE]
	at org.springframework.web.servlet.FrameworkServlet.processRequest(FrameworkServlet.java:969) [spring-webmvc-4.2.4.RELEASE.jar:4.2.4.RELEASE]
	at org.springframework.web.servlet.FrameworkServlet.doPost(FrameworkServlet.java:871) [spring-webmvc-4.2.4.RELEASE.jar:4.2.4.RELEASE]
	at javax.servlet.http.HttpServlet.service(HttpServlet.java:648) [servlet-api.jar:?]
	at org.springframework.web.servlet.FrameworkServlet.service(FrameworkServlet.java:845) [spring-webmvc-4.2.4.RELEASE.jar:4.2.4.RELEASE]
	at javax.servlet.http.HttpServlet.service(HttpServlet.java:729) [servlet-api.jar:?]
	at org.apache.catalina.core.ApplicationFilterChain.internalDoFilter(ApplicationFilterChain.java:230) [catalina.jar:8.5.6]
	at org.apache.catalina.core.ApplicationFilterChain.doFilter(ApplicationFilterChain.java:165) [catalina.jar:8.5.6]
	at org.apache.tomcat.websocket.server.WsFilter.doFilter(WsFilter.java:52) [tomcat-websocket.jar:8.5.6]
	at org.apache.catalina.core.ApplicationFilterChain.internalDoFilter(ApplicationFilterChain.java:192) [catalina.jar:8.5.6]
	at org.apache.catalina.core.ApplicationFilterChain.doFilter(ApplicationFilterChain.java:165) [catalina.jar:8.5.6]
	at org.apache.catalina.core.StandardWrapperValve.invoke(StandardWrapperValve.java:198) [catalina.jar:8.5.6]
	at org.apache.catalina.core.StandardContextValve.invoke(StandardContextValve.java:108) [catalina.jar:8.5.6]
	at org.apache.catalina.authenticator.AuthenticatorBase.invoke(AuthenticatorBase.java:472) [catalina.jar:8.5.6]
	at org.apache.catalina.core.StandardHostValve.invoke(StandardHostValve.java:140) [catalina.jar:8.5.6]
	at org.apache.catalina.valves.ErrorReportValve.invoke(ErrorReportValve.java:79) [catalina.jar:8.5.6]
	at org.apache.catalina.valves.AbstractAccessLogValve.invoke(AbstractAccessLogValve.java:620) [catalina.jar:8.5.6]
	at org.apache.catalina.core.StandardEngineValve.invoke(StandardEngineValve.java:87) [catalina.jar:8.5.6]
	at org.apache.catalina.connector.CoyoteAdapter.service(CoyoteAdapter.java:349) [catalina.jar:8.5.6]
	at org.apache.coyote.http11.Http11Processor.service(Http11Processor.java:784) [tomcat-coyote.jar:8.5.6]
	at org.apache.coyote.AbstractProcessorLight.process(AbstractProcessorLight.java:66) [tomcat-coyote.jar:8.5.6]
	at org.apache.coyote.AbstractProtocol$ConnectionHandler.process(AbstractProtocol.java:802) [tomcat-coyote.jar:8.5.6]
	at org.apache.tomcat.util.net.NioEndpoint$SocketProcessor.doRun(NioEndpoint.java:1410) [tomcat-coyote.jar:8.5.6]
	at org.apache.tomcat.util.net.SocketProcessorBase.run(SocketProcessorBase.java:49) [tomcat-coyote.jar:8.5.6]
	at java.util.concurrent.ThreadPoolExecutor.runWorker(ThreadPoolExecutor.java:1149) [?:1.8.0_221]
	at java.util.concurrent.ThreadPoolExecutor$Worker.run(ThreadPoolExecutor.java:624) [?:1.8.0_221]
	at org.apache.tomcat.util.threads.TaskThread$WrappingRunnable.run(TaskThread.java:61) [tomcat-util.jar:8.5.6]
	at java.lang.Thread.run(Thread.java:748) [?:1.8.0_221]
Caused by: java.sql.SQLNonTransientConnectionException: Communication link failure. (Unrecognized Windows Sockets error: 0: recv failed)
	at com.ibm.as400.access.JDError.createSQLExceptionSubClass(JDError.java:802) ~[jt400-20110405.jar:?]
	at com.ibm.as400.access.JDError.throwSQLException(JDError.java:561) ~[jt400-20110405.jar:?]
	at com.ibm.as400.access.AS400JDBCConnection.sendAndReceive(AS400JDBCConnection.java:2930) ~[jt400-20110405.jar:?]
	at com.ibm.as400.access.AS400JDBCStatement.commonExecute(AS400JDBCStatement.java:910) ~[jt400-20110405.jar:?]
	at com.ibm.as400.access.AS400JDBCPreparedStatement.executeQuery(AS400JDBCPreparedStatement.java:1415) ~[jt400-20110405.jar:?]
	at org.springframework.jdbc.core.JdbcTemplate$1.doInPreparedStatement(JdbcTemplate.java:688) ~[spring-jdbc-4.2.4.RELEASE.jar:4.2.4.RELEASE]
	at org.springframework.jdbc.core.JdbcTemplate.execute(JdbcTemplate.java:629) ~[spring-jdbc-4.2.4.RELEASE.jar:4.2.4.RELEASE]
	... 47 more
Caused by: java.net.SocketException: Unrecognized Windows Sockets error: 0: recv failed
	at java.net.SocketInputStream.socketRead0(Native Method) ~[?:1.8.0_221]
	at java.net.SocketInputStream.socketRead(SocketInputStream.java:116) ~[?:1.8.0_221]
	at java.net.SocketInputStream.read(SocketInputStream.java:171) ~[?:1.8.0_221]
	at java.net.SocketInputStream.read(SocketInputStream.java:141) ~[?:1.8.0_221]
	at com.ibm.as400.access.DataStream.readFromStream(DataStream.java:52) ~[jt400-20110405.jar:?]
	at com.ibm.as400.access.DataStream.readFromStream(DataStream.java:134) ~[jt400-20110405.jar:?]
	at com.ibm.as400.access.DataStream.readAfterHeader(DataStream.java:243) ~[jt400-20110405.jar:?]
	at com.ibm.as400.access.DBBaseReplyDS.readAfterHeader(DBBaseReplyDS.java:546) ~[jt400-20110405.jar:?]
	at com.ibm.as400.access.ClientAccessDataStream.construct(ClientAccessDataStream.java:190) ~[jt400-20110405.jar:?]
	at com.ibm.as400.access.AS400ThreadedServer.run(AS400ThreadedServer.java:357) ~[jt400-20110405.jar:?]
	... 1 more
ERROR 10 10:37:14 [[]][][][][] HttpCommunication- 
java.net.SocketException: Network is unreachable: connect
	at java.net.DualStackPlainSocketImpl.connect0(Native Method) ~[?:1.8.0_221]
	at java.net.DualStackPlainSocketImpl.socketConnect(DualStackPlainSocketImpl.java:79) ~[?:1.8.0_221]
	at java.net.AbstractPlainSocketImpl.doConnect(AbstractPlainSocketImpl.java:350) ~[?:1.8.0_221]
	at java.net.AbstractPlainSocketImpl.connectToAddress(AbstractPlainSocketImpl.java:206) ~[?:1.8.0_221]
	at java.net.AbstractPlainSocketImpl.connect(AbstractPlainSocketImpl.java:188) ~[?:1.8.0_221]
	at java.net.PlainSocketImpl.connect(PlainSocketImpl.java:172) ~[?:1.8.0_221]
	at java.net.SocksSocketImpl.connect(SocksSocketImpl.java:392) ~[?:1.8.0_221]
	at java.net.Socket.connect(Socket.java:589) ~[?:1.8.0_221]
	at org.apache.http.conn.socket.PlainConnectionSocketFactory.connectSocket(PlainConnectionSocketFactory.java:72) ~[httpclient-4.3.4.jar:4.3.4]
	at org.apache.http.impl.conn.HttpClientConnectionOperator.connect(HttpClientConnectionOperator.java:123) ~[httpclient-4.3.4.jar:4.3.4]
	at org.apache.http.impl.conn.PoolingHttpClientConnectionManager.connect(PoolingHttpClientConnectionManager.java:318) ~[httpclient-4.3.4.jar:4.3.4]
	at org.apache.http.impl.execchain.MainClientExec.establishRoute(MainClientExec.java:363) ~[httpclient-4.3.4.jar:4.3.4]
	at org.apache.http.impl.execchain.MainClientExec.execute(MainClientExec.java:219) ~[httpclient-4.3.4.jar:4.3.4]
	at org.apache.http.impl.execchain.ProtocolExec.execute(ProtocolExec.java:195) ~[httpclient-4.3.4.jar:4.3.4]
	at org.apache.http.impl.execchain.RetryExec.execute(RetryExec.java:86) ~[httpclient-4.3.4.jar:4.3.4]
	at org.apache.http.impl.execchain.RedirectExec.execute(RedirectExec.java:108) ~[httpclient-4.3.4.jar:4.3.4]
	at org.apache.http.impl.client.InternalHttpClient.doExecute(InternalHttpClient.java:184) ~[httpclient-4.3.4.jar:4.3.4]
	at org.apache.http.impl.client.CloseableHttpClient.execute(CloseableHttpClient.java:82) ~[httpclient-4.3.4.jar:4.3.4]
	at org.apache.http.impl.client.CloseableHttpClient.execute(CloseableHttpClient.java:106) ~[httpclient-4.3.4.jar:4.3.4]
	at org.apache.http.impl.client.CloseableHttpClient.execute(CloseableHttpClient.java:57) ~[httpclient-4.3.4.jar:4.3.4]
	at com.roshka.michi.communication.HttpCommunication.doPost(HttpCommunication.java:444) [michi-common-client-2.8.1.jar:?]
	at com.roshka.michi.communication.HttpCommunication.doPost(HttpCommunication.java:128) [michi-common-client-2.8.1.jar:?]
	at com.roshka.michi.communication.HttpCommunication.perform(HttpCommunication.java:45) [michi-common-client-2.8.1.jar:?]
	at com.roshka.michi.logging.client.LoggingAPIClient.requestEnd(LoggingAPIClient.java:128) [michi-logging-client-2.8.1.jar:?]
	at com.roshka.michi.service.LoggingServiceImpl.logRequestEnd(LoggingServiceImpl.java:75) [common-2.8.1.jar:?]
	at sun.reflect.NativeMethodAccessorImpl.invoke0(Native Method) ~[?:1.8.0_221]
	at sun.reflect.NativeMethodAccessorImpl.invoke(NativeMethodAccessorImpl.java:62) ~[?:1.8.0_221]
	at sun.reflect.DelegatingMethodAccessorImpl.invoke(DelegatingMethodAccessorImpl.java:43) ~[?:1.8.0_221]
	at java.lang.reflect.Method.invoke(Method.java:498) ~[?:1.8.0_221]
	at org.springframework.aop.support.AopUtils.invokeJoinpointUsingReflection(AopUtils.java:302) [spring-aop-4.2.4.RELEASE.jar:4.2.4.RELEASE]
	at org.springframework.aop.framework.ReflectiveMethodInvocation.invokeJoinpoint(ReflectiveMethodInvocation.java:190) [spring-aop-4.2.4.RELEASE.jar:4.2.4.RELEASE]
	at org.springframework.aop.framework.ReflectiveMethodInvocation.proceed(ReflectiveMethodInvocation.java:157) [spring-aop-4.2.4.RELEASE.jar:4.2.4.RELEASE]
	at org.springframework.aop.interceptor.AsyncExecutionInterceptor$1.call(AsyncExecutionInterceptor.java:108) [spring-aop-4.2.4.RELEASE.jar:4.2.4.RELEASE]
	at java.util.concurrent.FutureTask.run(FutureTask.java:266) [?:1.8.0_221]
	at java.lang.Thread.run(Thread.java:748) [?:1.8.0_221]
ERROR 10 10:37:14 [[]][][1274395495-303-1][][] HttpCommunication- 
java.net.SocketException: Network is unreachable: connect
	at java.net.DualStackPlainSocketImpl.connect0(Native Method) ~[?:1.8.0_221]
	at java.net.DualStackPlainSocketImpl.socketConnect(DualStackPlainSocketImpl.java:79) ~[?:1.8.0_221]
	at java.net.AbstractPlainSocketImpl.doConnect(AbstractPlainSocketImpl.java:350) ~[?:1.8.0_221]
	at java.net.AbstractPlainSocketImpl.connectToAddress(AbstractPlainSocketImpl.java:206) ~[?:1.8.0_221]
	at java.net.AbstractPlainSocketImpl.connect(AbstractPlainSocketImpl.java:188) ~[?:1.8.0_221]
	at java.net.PlainSocketImpl.connect(PlainSocketImpl.java:172) ~[?:1.8.0_221]
	at java.net.SocksSocketImpl.connect(SocksSocketImpl.java:392) ~[?:1.8.0_221]
	at java.net.Socket.connect(Socket.java:589) ~[?:1.8.0_221]
	at org.apache.http.conn.socket.PlainConnectionSocketFactory.connectSocket(PlainConnectionSocketFactory.java:72) ~[httpclient-4.3.4.jar:4.3.4]
	at org.apache.http.impl.conn.HttpClientConnectionOperator.connect(HttpClientConnectionOperator.java:123) ~[httpclient-4.3.4.jar:4.3.4]
	at org.apache.http.impl.conn.PoolingHttpClientConnectionManager.connect(PoolingHttpClientConnectionManager.java:318) ~[httpclient-4.3.4.jar:4.3.4]
	at org.apache.http.impl.execchain.MainClientExec.establishRoute(MainClientExec.java:363) ~[httpclient-4.3.4.jar:4.3.4]
	at org.apache.http.impl.execchain.MainClientExec.execute(MainClientExec.java:219) ~[httpclient-4.3.4.jar:4.3.4]
	at org.apache.http.impl.execchain.ProtocolExec.execute(ProtocolExec.java:195) ~[httpclient-4.3.4.jar:4.3.4]
	at org.apache.http.impl.execchain.RetryExec.execute(RetryExec.java:86) ~[httpclient-4.3.4.jar:4.3.4]
	at org.apache.http.impl.execchain.RedirectExec.execute(RedirectExec.java:108) ~[httpclient-4.3.4.jar:4.3.4]
	at org.apache.http.impl.client.InternalHttpClient.doExecute(InternalHttpClient.java:184) ~[httpclient-4.3.4.jar:4.3.4]
	at org.apache.http.impl.client.CloseableHttpClient.execute(CloseableHttpClient.java:82) ~[httpclient-4.3.4.jar:4.3.4]
	at org.apache.http.impl.client.CloseableHttpClient.execute(CloseableHttpClient.java:106) ~[httpclient-4.3.4.jar:4.3.4]
	at org.apache.http.impl.client.CloseableHttpClient.execute(CloseableHttpClient.java:57) ~[httpclient-4.3.4.jar:4.3.4]
	at com.roshka.michi.communication.HttpCommunication.doPost(HttpCommunication.java:444) [michi-common-client-2.8.1.jar:?]
	at com.roshka.michi.communication.HttpCommunication.doPost(HttpCommunication.java:128) [michi-common-client-2.8.1.jar:?]
	at com.roshka.michi.communication.HttpCommunication.perform(HttpCommunication.java:45) [michi-common-client-2.8.1.jar:?]
	at com.roshka.michi.logging.client.LoggingAPIClient.attachValue(LoggingAPIClient.java:147) [michi-logging-client-2.8.1.jar:?]
	at com.roshka.michi.logging.client.LoggingAPIClient.attachResponse(LoggingAPIClient.java:164) [michi-logging-client-2.8.1.jar:?]
	at com.roshka.michi.service.LoggingServiceImpl.logResponseData(LoggingServiceImpl.java:117) [common-2.8.1.jar:?]
	at sun.reflect.NativeMethodAccessorImpl.invoke0(Native Method) ~[?:1.8.0_221]
	at sun.reflect.NativeMethodAccessorImpl.invoke(NativeMethodAccessorImpl.java:62) ~[?:1.8.0_221]
	at sun.reflect.DelegatingMethodAccessorImpl.invoke(DelegatingMethodAccessorImpl.java:43) ~[?:1.8.0_221]
	at java.lang.reflect.Method.invoke(Method.java:498) ~[?:1.8.0_221]
	at org.springframework.aop.support.AopUtils.invokeJoinpointUsingReflection(AopUtils.java:302) [spring-aop-4.2.4.RELEASE.jar:4.2.4.RELEASE]
	at org.springframework.aop.framework.JdkDynamicAopProxy.invoke(JdkDynamicAopProxy.java:202) [spring-aop-4.2.4.RELEASE.jar:4.2.4.RELEASE]
	at com.sun.proxy.$Proxy179.logResponseData(Unknown Source) [?:?]
	at com.roshka.michi.interceptor.MichiInterceptor.afterCompletion(MichiInterceptor.java:129) [common-2.8.1.jar:?]
	at org.springframework.web.servlet.HandlerExecutionChain.triggerAfterCompletion(HandlerExecutionChain.java:170) [spring-webmvc-4.2.4.RELEASE.jar:4.2.4.RELEASE]
	at org.springframework.web.servlet.DispatcherServlet.processDispatchResult(DispatcherServlet.java:1045) [spring-webmvc-4.2.4.RELEASE.jar:4.2.4.RELEASE]
	at org.springframework.web.servlet.DispatcherServlet.doDispatch(DispatcherServlet.java:971) [spring-webmvc-4.2.4.RELEASE.jar:4.2.4.RELEASE]
	at org.springframework.web.servlet.DispatcherServlet.doService(DispatcherServlet.java:893) [spring-webmvc-4.2.4.RELEASE.jar:4.2.4.RELEASE]
	at org.springframework.web.servlet.FrameworkServlet.processRequest(FrameworkServlet.java:969) [spring-webmvc-4.2.4.RELEASE.jar:4.2.4.RELEASE]
	at org.springframework.web.servlet.FrameworkServlet.doPost(FrameworkServlet.java:871) [spring-webmvc-4.2.4.RELEASE.jar:4.2.4.RELEASE]
	at javax.servlet.http.HttpServlet.service(HttpServlet.java:648) [servlet-api.jar:?]
	at org.springframework.web.servlet.FrameworkServlet.service(FrameworkServlet.java:845) [spring-webmvc-4.2.4.RELEASE.jar:4.2.4.RELEASE]
	at javax.servlet.http.HttpServlet.service(HttpServlet.java:729) [servlet-api.jar:?]
	at org.apache.catalina.core.ApplicationFilterChain.internalDoFilter(ApplicationFilterChain.java:230) [catalina.jar:8.5.6]
	at org.apache.catalina.core.ApplicationFilterChain.doFilter(ApplicationFilterChain.java:165) [catalina.jar:8.5.6]
	at org.apache.tomcat.websocket.server.WsFilter.doFilter(WsFilter.java:52) [tomcat-websocket.jar:8.5.6]
	at org.apache.catalina.core.ApplicationFilterChain.internalDoFilter(ApplicationFilterChain.java:192) [catalina.jar:8.5.6]
	at org.apache.catalina.core.ApplicationFilterChain.doFilter(ApplicationFilterChain.java:165) [catalina.jar:8.5.6]
	at org.apache.catalina.core.StandardWrapperValve.invoke(StandardWrapperValve.java:198) [catalina.jar:8.5.6]
	at org.apache.catalina.core.StandardContextValve.invoke(StandardContextValve.java:108) [catalina.jar:8.5.6]
	at org.apache.catalina.authenticator.AuthenticatorBase.invoke(AuthenticatorBase.java:472) [catalina.jar:8.5.6]
	at org.apache.catalina.core.StandardHostValve.invoke(StandardHostValve.java:140) [catalina.jar:8.5.6]
	at org.apache.catalina.valves.ErrorReportValve.invoke(ErrorReportValve.java:79) [catalina.jar:8.5.6]
	at org.apache.catalina.valves.AbstractAccessLogValve.invoke(AbstractAccessLogValve.java:620) [catalina.jar:8.5.6]
	at org.apache.catalina.core.StandardEngineValve.invoke(StandardEngineValve.java:87) [catalina.jar:8.5.6]
	at org.apache.catalina.connector.CoyoteAdapter.service(CoyoteAdapter.java:349) [catalina.jar:8.5.6]
	at org.apache.coyote.http11.Http11Processor.service(Http11Processor.java:784) [tomcat-coyote.jar:8.5.6]
	at org.apache.coyote.AbstractProcessorLight.process(AbstractProcessorLight.java:66) [tomcat-coyote.jar:8.5.6]
	at org.apache.coyote.AbstractProtocol$ConnectionHandler.process(AbstractProtocol.java:802) [tomcat-coyote.jar:8.5.6]
	at org.apache.tomcat.util.net.NioEndpoint$SocketProcessor.doRun(NioEndpoint.java:1410) [tomcat-coyote.jar:8.5.6]
	at org.apache.tomcat.util.net.SocketProcessorBase.run(SocketProcessorBase.java:49) [tomcat-coyote.jar:8.5.6]
	at java.util.concurrent.ThreadPoolExecutor.runWorker(ThreadPoolExecutor.java:1149) [?:1.8.0_221]
	at java.util.concurrent.ThreadPoolExecutor$Worker.run(ThreadPoolExecutor.java:624) [?:1.8.0_221]
	at org.apache.tomcat.util.threads.TaskThread$WrappingRunnable.run(TaskThread.java:61) [tomcat-util.jar:8.5.6]
	at java.lang.Thread.run(Thread.java:748) [?:1.8.0_221]
ERROR 10 10:37:14 [[]][][][][] HttpCommunication- 
java.net.SocketException: Network is unreachable: connect
	at java.net.DualStackPlainSocketImpl.connect0(Native Method) ~[?:1.8.0_221]
	at java.net.DualStackPlainSocketImpl.socketConnect(DualStackPlainSocketImpl.java:79) ~[?:1.8.0_221]
	at java.net.AbstractPlainSocketImpl.doConnect(AbstractPlainSocketImpl.java:350) ~[?:1.8.0_221]
	at java.net.AbstractPlainSocketImpl.connectToAddress(AbstractPlainSocketImpl.java:206) ~[?:1.8.0_221]
	at java.net.AbstractPlainSocketImpl.connect(AbstractPlainSocketImpl.java:188) ~[?:1.8.0_221]
	at java.net.PlainSocketImpl.connect(PlainSocketImpl.java:172) ~[?:1.8.0_221]
	at java.net.SocksSocketImpl.connect(SocksSocketImpl.java:392) ~[?:1.8.0_221]
	at java.net.Socket.connect(Socket.java:589) ~[?:1.8.0_221]
	at org.apache.http.conn.socket.PlainConnectionSocketFactory.connectSocket(PlainConnectionSocketFactory.java:72) ~[httpclient-4.3.4.jar:4.3.4]
	at org.apache.http.impl.conn.HttpClientConnectionOperator.connect(HttpClientConnectionOperator.java:123) ~[httpclient-4.3.4.jar:4.3.4]
	at org.apache.http.impl.conn.PoolingHttpClientConnectionManager.connect(PoolingHttpClientConnectionManager.java:318) ~[httpclient-4.3.4.jar:4.3.4]
	at org.apache.http.impl.execchain.MainClientExec.establishRoute(MainClientExec.java:363) ~[httpclient-4.3.4.jar:4.3.4]
	at org.apache.http.impl.execchain.MainClientExec.execute(MainClientExec.java:219) ~[httpclient-4.3.4.jar:4.3.4]
	at org.apache.http.impl.execchain.ProtocolExec.execute(ProtocolExec.java:195) ~[httpclient-4.3.4.jar:4.3.4]
	at org.apache.http.impl.execchain.RetryExec.execute(RetryExec.java:86) ~[httpclient-4.3.4.jar:4.3.4]
	at org.apache.http.impl.execchain.RedirectExec.execute(RedirectExec.java:108) ~[httpclient-4.3.4.jar:4.3.4]
	at org.apache.http.impl.client.InternalHttpClient.doExecute(InternalHttpClient.java:184) ~[httpclient-4.3.4.jar:4.3.4]
	at org.apache.http.impl.client.CloseableHttpClient.execute(CloseableHttpClient.java:82) ~[httpclient-4.3.4.jar:4.3.4]
	at org.apache.http.impl.client.CloseableHttpClient.execute(CloseableHttpClient.java:106) ~[httpclient-4.3.4.jar:4.3.4]
	at org.apache.http.impl.client.CloseableHttpClient.execute(CloseableHttpClient.java:57) ~[httpclient-4.3.4.jar:4.3.4]
	at com.roshka.michi.communication.HttpCommunication.doPost(HttpCommunication.java:444) [michi-common-client-2.8.1.jar:?]
	at com.roshka.michi.communication.HttpCommunication.doPost(HttpCommunication.java:128) [michi-common-client-2.8.1.jar:?]
	at com.roshka.michi.communication.HttpCommunication.perform(HttpCommunication.java:45) [michi-common-client-2.8.1.jar:?]
	at com.roshka.michi.logging.client.LoggingAPIClient.attachValue(LoggingAPIClient.java:147) [michi-logging-client-2.8.1.jar:?]
	at com.roshka.michi.logging.client.LoggingAPIClient.attachRequest(LoggingAPIClient.java:156) [michi-logging-client-2.8.1.jar:?]
	at com.roshka.michi.service.LoggingServiceImpl.logRequestData(LoggingServiceImpl.java:100) [common-2.8.1.jar:?]
	at sun.reflect.NativeMethodAccessorImpl.invoke0(Native Method) ~[?:1.8.0_221]
	at sun.reflect.NativeMethodAccessorImpl.invoke(NativeMethodAccessorImpl.java:62) ~[?:1.8.0_221]
	at sun.reflect.DelegatingMethodAccessorImpl.invoke(DelegatingMethodAccessorImpl.java:43) ~[?:1.8.0_221]
	at java.lang.reflect.Method.invoke(Method.java:498) ~[?:1.8.0_221]
	at org.springframework.aop.support.AopUtils.invokeJoinpointUsingReflection(AopUtils.java:302) [spring-aop-4.2.4.RELEASE.jar:4.2.4.RELEASE]
	at org.springframework.aop.framework.ReflectiveMethodInvocation.invokeJoinpoint(ReflectiveMethodInvocation.java:190) [spring-aop-4.2.4.RELEASE.jar:4.2.4.RELEASE]
	at org.springframework.aop.framework.ReflectiveMethodInvocation.proceed(ReflectiveMethodInvocation.java:157) [spring-aop-4.2.4.RELEASE.jar:4.2.4.RELEASE]
	at org.springframework.aop.interceptor.AsyncExecutionInterceptor$1.call(AsyncExecutionInterceptor.java:108) [spring-aop-4.2.4.RELEASE.jar:4.2.4.RELEASE]
	at java.util.concurrent.FutureTask.run(FutureTask.java:266) [?:1.8.0_221]
	at java.lang.Thread.run(Thread.java:748) [?:1.8.0_221]
ERROR 10 10:37:15 [[]][][][][] LoggingServiceImpl- Can't ATTACH request data
com.roshka.michi.exception.APIClientException: null
	at com.roshka.michi.communication.HttpCommunication.doPost(HttpCommunication.java:467) ~[michi-common-client-2.8.1.jar:?]
	at com.roshka.michi.communication.HttpCommunication.doPost(HttpCommunication.java:128) ~[michi-common-client-2.8.1.jar:?]
	at com.roshka.michi.communication.HttpCommunication.perform(HttpCommunication.java:45) ~[michi-common-client-2.8.1.jar:?]
	at com.roshka.michi.logging.client.LoggingAPIClient.attachValue(LoggingAPIClient.java:147) ~[michi-logging-client-2.8.1.jar:?]
	at com.roshka.michi.logging.client.LoggingAPIClient.attachRequest(LoggingAPIClient.java:156) ~[michi-logging-client-2.8.1.jar:?]
	at com.roshka.michi.service.LoggingServiceImpl.logRequestData(LoggingServiceImpl.java:100) [common-2.8.1.jar:?]
	at sun.reflect.NativeMethodAccessorImpl.invoke0(Native Method) ~[?:1.8.0_221]
	at sun.reflect.NativeMethodAccessorImpl.invoke(NativeMethodAccessorImpl.java:62) ~[?:1.8.0_221]
	at sun.reflect.DelegatingMethodAccessorImpl.invoke(DelegatingMethodAccessorImpl.java:43) ~[?:1.8.0_221]
	at java.lang.reflect.Method.invoke(Method.java:498) ~[?:1.8.0_221]
	at org.springframework.aop.support.AopUtils.invokeJoinpointUsingReflection(AopUtils.java:302) [spring-aop-4.2.4.RELEASE.jar:4.2.4.RELEASE]
	at org.springframework.aop.framework.ReflectiveMethodInvocation.invokeJoinpoint(ReflectiveMethodInvocation.java:190) [spring-aop-4.2.4.RELEASE.jar:4.2.4.RELEASE]
	at org.springframework.aop.framework.ReflectiveMethodInvocation.proceed(ReflectiveMethodInvocation.java:157) [spring-aop-4.2.4.RELEASE.jar:4.2.4.RELEASE]
	at org.springframework.aop.interceptor.AsyncExecutionInterceptor$1.call(AsyncExecutionInterceptor.java:108) [spring-aop-4.2.4.RELEASE.jar:4.2.4.RELEASE]
	at java.util.concurrent.FutureTask.run(FutureTask.java:266) [?:1.8.0_221]
	at java.lang.Thread.run(Thread.java:748) [?:1.8.0_221]
ERROR 10 10:37:15 [[]][][][][] LoggingServiceImpl- Can't LOG request-end
com.roshka.michi.exception.APIClientException: null
	at com.roshka.michi.communication.HttpCommunication.doPost(HttpCommunication.java:467) ~[michi-common-client-2.8.1.jar:?]
	at com.roshka.michi.communication.HttpCommunication.doPost(HttpCommunication.java:128) ~[michi-common-client-2.8.1.jar:?]
	at com.roshka.michi.communication.HttpCommunication.perform(HttpCommunication.java:45) ~[michi-common-client-2.8.1.jar:?]
	at com.roshka.michi.logging.client.LoggingAPIClient.requestEnd(LoggingAPIClient.java:128) ~[michi-logging-client-2.8.1.jar:?]
	at com.roshka.michi.service.LoggingServiceImpl.logRequestEnd(LoggingServiceImpl.java:75) [common-2.8.1.jar:?]
	at sun.reflect.NativeMethodAccessorImpl.invoke0(Native Method) ~[?:1.8.0_221]
	at sun.reflect.NativeMethodAccessorImpl.invoke(NativeMethodAccessorImpl.java:62) ~[?:1.8.0_221]
	at sun.reflect.DelegatingMethodAccessorImpl.invoke(DelegatingMethodAccessorImpl.java:43) ~[?:1.8.0_221]
	at java.lang.reflect.Method.invoke(Method.java:498) ~[?:1.8.0_221]
	at org.springframework.aop.support.AopUtils.invokeJoinpointUsingReflection(AopUtils.java:302) [spring-aop-4.2.4.RELEASE.jar:4.2.4.RELEASE]
	at org.springframework.aop.framework.ReflectiveMethodInvocation.invokeJoinpoint(ReflectiveMethodInvocation.java:190) [spring-aop-4.2.4.RELEASE.jar:4.2.4.RELEASE]
	at org.springframework.aop.framework.ReflectiveMethodInvocation.proceed(ReflectiveMethodInvocation.java:157) [spring-aop-4.2.4.RELEASE.jar:4.2.4.RELEASE]
	at org.springframework.aop.interceptor.AsyncExecutionInterceptor$1.call(AsyncExecutionInterceptor.java:108) [spring-aop-4.2.4.RELEASE.jar:4.2.4.RELEASE]
	at java.util.concurrent.FutureTask.run(FutureTask.java:266) [?:1.8.0_221]
	at java.lang.Thread.run(Thread.java:748) [?:1.8.0_221]
ERROR 10 10:37:15 [[]][][1274395495-303-1][][] LoggingServiceImpl- Can't ATTACH request data
com.roshka.michi.exception.APIClientException: null
	at com.roshka.michi.communication.HttpCommunication.doPost(HttpCommunication.java:467) ~[michi-common-client-2.8.1.jar:?]
	at com.roshka.michi.communication.HttpCommunication.doPost(HttpCommunication.java:128) ~[michi-common-client-2.8.1.jar:?]
	at com.roshka.michi.communication.HttpCommunication.perform(HttpCommunication.java:45) ~[michi-common-client-2.8.1.jar:?]
	at com.roshka.michi.logging.client.LoggingAPIClient.attachValue(LoggingAPIClient.java:147) ~[michi-logging-client-2.8.1.jar:?]
	at com.roshka.michi.logging.client.LoggingAPIClient.attachResponse(LoggingAPIClient.java:164) ~[michi-logging-client-2.8.1.jar:?]
	at com.roshka.michi.service.LoggingServiceImpl.logResponseData(LoggingServiceImpl.java:117) [common-2.8.1.jar:?]
	at sun.reflect.NativeMethodAccessorImpl.invoke0(Native Method) ~[?:1.8.0_221]
	at sun.reflect.NativeMethodAccessorImpl.invoke(NativeMethodAccessorImpl.java:62) ~[?:1.8.0_221]
	at sun.reflect.DelegatingMethodAccessorImpl.invoke(DelegatingMethodAccessorImpl.java:43) ~[?:1.8.0_221]
	at java.lang.reflect.Method.invoke(Method.java:498) ~[?:1.8.0_221]
	at org.springframework.aop.support.AopUtils.invokeJoinpointUsingReflection(AopUtils.java:302) [spring-aop-4.2.4.RELEASE.jar:4.2.4.RELEASE]
	at org.springframework.aop.framework.JdkDynamicAopProxy.invoke(JdkDynamicAopProxy.java:202) [spring-aop-4.2.4.RELEASE.jar:4.2.4.RELEASE]
	at com.sun.proxy.$Proxy179.logResponseData(Unknown Source) [?:?]
	at com.roshka.michi.interceptor.MichiInterceptor.afterCompletion(MichiInterceptor.java:129) [common-2.8.1.jar:?]
	at org.springframework.web.servlet.HandlerExecutionChain.triggerAfterCompletion(HandlerExecutionChain.java:170) [spring-webmvc-4.2.4.RELEASE.jar:4.2.4.RELEASE]
	at org.springframework.web.servlet.DispatcherServlet.processDispatchResult(DispatcherServlet.java:1045) [spring-webmvc-4.2.4.RELEASE.jar:4.2.4.RELEASE]
	at org.springframework.web.servlet.DispatcherServlet.doDispatch(DispatcherServlet.java:971) [spring-webmvc-4.2.4.RELEASE.jar:4.2.4.RELEASE]
	at org.springframework.web.servlet.DispatcherServlet.doService(DispatcherServlet.java:893) [spring-webmvc-4.2.4.RELEASE.jar:4.2.4.RELEASE]
	at org.springframework.web.servlet.FrameworkServlet.processRequest(FrameworkServlet.java:969) [spring-webmvc-4.2.4.RELEASE.jar:4.2.4.RELEASE]
	at org.springframework.web.servlet.FrameworkServlet.doPost(FrameworkServlet.java:871) [spring-webmvc-4.2.4.RELEASE.jar:4.2.4.RELEASE]
	at javax.servlet.http.HttpServlet.service(HttpServlet.java:648) [servlet-api.jar:?]
	at org.springframework.web.servlet.FrameworkServlet.service(FrameworkServlet.java:845) [spring-webmvc-4.2.4.RELEASE.jar:4.2.4.RELEASE]
	at javax.servlet.http.HttpServlet.service(HttpServlet.java:729) [servlet-api.jar:?]
	at org.apache.catalina.core.ApplicationFilterChain.internalDoFilter(ApplicationFilterChain.java:230) [catalina.jar:8.5.6]
	at org.apache.catalina.core.ApplicationFilterChain.doFilter(ApplicationFilterChain.java:165) [catalina.jar:8.5.6]
	at org.apache.tomcat.websocket.server.WsFilter.doFilter(WsFilter.java:52) [tomcat-websocket.jar:8.5.6]
	at org.apache.catalina.core.ApplicationFilterChain.internalDoFilter(ApplicationFilterChain.java:192) [catalina.jar:8.5.6]
	at org.apache.catalina.core.ApplicationFilterChain.doFilter(ApplicationFilterChain.java:165) [catalina.jar:8.5.6]
	at org.apache.catalina.core.StandardWrapperValve.invoke(StandardWrapperValve.java:198) [catalina.jar:8.5.6]
	at org.apache.catalina.core.StandardContextValve.invoke(StandardContextValve.java:108) [catalina.jar:8.5.6]
	at org.apache.catalina.authenticator.AuthenticatorBase.invoke(AuthenticatorBase.java:472) [catalina.jar:8.5.6]
	at org.apache.catalina.core.StandardHostValve.invoke(StandardHostValve.java:140) [catalina.jar:8.5.6]
	at org.apache.catalina.valves.ErrorReportValve.invoke(ErrorReportValve.java:79) [catalina.jar:8.5.6]
	at org.apache.catalina.valves.AbstractAccessLogValve.invoke(AbstractAccessLogValve.java:620) [catalina.jar:8.5.6]
	at org.apache.catalina.core.StandardEngineValve.invoke(StandardEngineValve.java:87) [catalina.jar:8.5.6]
	at org.apache.catalina.connector.CoyoteAdapter.service(CoyoteAdapter.java:349) [catalina.jar:8.5.6]
	at org.apache.coyote.http11.Http11Processor.service(Http11Processor.java:784) [tomcat-coyote.jar:8.5.6]
	at org.apache.coyote.AbstractProcessorLight.process(AbstractProcessorLight.java:66) [tomcat-coyote.jar:8.5.6]
	at org.apache.coyote.AbstractProtocol$ConnectionHandler.process(AbstractProtocol.java:802) [tomcat-coyote.jar:8.5.6]
	at org.apache.tomcat.util.net.NioEndpoint$SocketProcessor.doRun(NioEndpoint.java:1410) [tomcat-coyote.jar:8.5.6]
	at org.apache.tomcat.util.net.SocketProcessorBase.run(SocketProcessorBase.java:49) [tomcat-coyote.jar:8.5.6]
	at java.util.concurrent.ThreadPoolExecutor.runWorker(ThreadPoolExecutor.java:1149) [?:1.8.0_221]
	at java.util.concurrent.ThreadPoolExecutor$Worker.run(ThreadPoolExecutor.java:624) [?:1.8.0_221]
	at org.apache.tomcat.util.threads.TaskThread$WrappingRunnable.run(TaskThread.java:61) [tomcat-util.jar:8.5.6]
	at java.lang.Thread.run(Thread.java:748) [?:1.8.0_221]
ERROR 10 12:07:42 [[]][][][][] GlobalDefaultExceptionHandler- Handling error
org.springframework.web.servlet.NoHandlerFoundException: No handler found for GET /auth-fielcorresponsal/
	at org.springframework.web.servlet.DispatcherServlet.noHandlerFound(DispatcherServlet.java:1141) [spring-webmvc-4.2.4.RELEASE.jar:4.2.4.RELEASE]
	at org.springframework.web.servlet.DispatcherServlet.doDispatch(DispatcherServlet.java:934) [spring-webmvc-4.2.4.RELEASE.jar:4.2.4.RELEASE]
	at org.springframework.web.servlet.DispatcherServlet.doService(DispatcherServlet.java:893) [spring-webmvc-4.2.4.RELEASE.jar:4.2.4.RELEASE]
	at org.springframework.web.servlet.FrameworkServlet.processRequest(FrameworkServlet.java:969) [spring-webmvc-4.2.4.RELEASE.jar:4.2.4.RELEASE]
	at org.springframework.web.servlet.FrameworkServlet.doGet(FrameworkServlet.java:860) [spring-webmvc-4.2.4.RELEASE.jar:4.2.4.RELEASE]
	at javax.servlet.http.HttpServlet.service(HttpServlet.java:622) [servlet-api.jar:?]
	at org.springframework.web.servlet.FrameworkServlet.service(FrameworkServlet.java:845) [spring-webmvc-4.2.4.RELEASE.jar:4.2.4.RELEASE]
	at javax.servlet.http.HttpServlet.service(HttpServlet.java:729) [servlet-api.jar:?]
	at org.apache.catalina.core.ApplicationFilterChain.internalDoFilter(ApplicationFilterChain.java:230) [catalina.jar:8.5.6]
	at org.apache.catalina.core.ApplicationFilterChain.doFilter(ApplicationFilterChain.java:165) [catalina.jar:8.5.6]
	at org.apache.tomcat.websocket.server.WsFilter.doFilter(WsFilter.java:52) [tomcat-websocket.jar:8.5.6]
	at org.apache.catalina.core.ApplicationFilterChain.internalDoFilter(ApplicationFilterChain.java:192) [catalina.jar:8.5.6]
	at org.apache.catalina.core.ApplicationFilterChain.doFilter(ApplicationFilterChain.java:165) [catalina.jar:8.5.6]
	at org.apache.catalina.core.StandardWrapperValve.invoke(StandardWrapperValve.java:198) [catalina.jar:8.5.6]
	at org.apache.catalina.core.StandardContextValve.invoke(StandardContextValve.java:108) [catalina.jar:8.5.6]
	at org.apache.catalina.authenticator.AuthenticatorBase.invoke(AuthenticatorBase.java:472) [catalina.jar:8.5.6]
	at org.apache.catalina.core.StandardHostValve.invoke(StandardHostValve.java:140) [catalina.jar:8.5.6]
	at org.apache.catalina.valves.ErrorReportValve.invoke(ErrorReportValve.java:79) [catalina.jar:8.5.6]
	at org.apache.catalina.valves.AbstractAccessLogValve.invoke(AbstractAccessLogValve.java:620) [catalina.jar:8.5.6]
	at org.apache.catalina.core.StandardEngineValve.invoke(StandardEngineValve.java:87) [catalina.jar:8.5.6]
	at org.apache.catalina.connector.CoyoteAdapter.service(CoyoteAdapter.java:349) [catalina.jar:8.5.6]
	at org.apache.coyote.http11.Http11Processor.service(Http11Processor.java:784) [tomcat-coyote.jar:8.5.6]
	at org.apache.coyote.AbstractProcessorLight.process(AbstractProcessorLight.java:66) [tomcat-coyote.jar:8.5.6]
	at org.apache.coyote.AbstractProtocol$ConnectionHandler.process(AbstractProtocol.java:802) [tomcat-coyote.jar:8.5.6]
	at org.apache.tomcat.util.net.NioEndpoint$SocketProcessor.doRun(NioEndpoint.java:1410) [tomcat-coyote.jar:8.5.6]
	at org.apache.tomcat.util.net.SocketProcessorBase.run(SocketProcessorBase.java:49) [tomcat-coyote.jar:8.5.6]
	at java.util.concurrent.ThreadPoolExecutor.runWorker(ThreadPoolExecutor.java:1149) [?:1.8.0_221]
	at java.util.concurrent.ThreadPoolExecutor$Worker.run(ThreadPoolExecutor.java:624) [?:1.8.0_221]
	at org.apache.tomcat.util.threads.TaskThread$WrappingRunnable.run(TaskThread.java:61) [tomcat-util.jar:8.5.6]
	at java.lang.Thread.run(Thread.java:748) [?:1.8.0_221]
ERROR 10 16:00:13 [[]][][][][] GlobalDefaultExceptionHandler- Handling error
org.springframework.web.servlet.NoHandlerFoundException: No handler found for GET /auth-fielcorresponsal/
	at org.springframework.web.servlet.DispatcherServlet.noHandlerFound(DispatcherServlet.java:1141) [spring-webmvc-4.2.4.RELEASE.jar:4.2.4.RELEASE]
	at org.springframework.web.servlet.DispatcherServlet.doDispatch(DispatcherServlet.java:934) [spring-webmvc-4.2.4.RELEASE.jar:4.2.4.RELEASE]
	at org.springframework.web.servlet.DispatcherServlet.doService(DispatcherServlet.java:893) [spring-webmvc-4.2.4.RELEASE.jar:4.2.4.RELEASE]
	at org.springframework.web.servlet.FrameworkServlet.processRequest(FrameworkServlet.java:969) [spring-webmvc-4.2.4.RELEASE.jar:4.2.4.RELEASE]
	at org.springframework.web.servlet.FrameworkServlet.doGet(FrameworkServlet.java:860) [spring-webmvc-4.2.4.RELEASE.jar:4.2.4.RELEASE]
	at javax.servlet.http.HttpServlet.service(HttpServlet.java:622) [servlet-api.jar:?]
	at org.springframework.web.servlet.FrameworkServlet.service(FrameworkServlet.java:845) [spring-webmvc-4.2.4.RELEASE.jar:4.2.4.RELEASE]
	at javax.servlet.http.HttpServlet.service(HttpServlet.java:729) [servlet-api.jar:?]
	at org.apache.catalina.core.ApplicationFilterChain.internalDoFilter(ApplicationFilterChain.java:230) [catalina.jar:8.5.6]
	at org.apache.catalina.core.ApplicationFilterChain.doFilter(ApplicationFilterChain.java:165) [catalina.jar:8.5.6]
	at org.apache.tomcat.websocket.server.WsFilter.doFilter(WsFilter.java:52) [tomcat-websocket.jar:8.5.6]
	at org.apache.catalina.core.ApplicationFilterChain.internalDoFilter(ApplicationFilterChain.java:192) [catalina.jar:8.5.6]
	at org.apache.catalina.core.ApplicationFilterChain.doFilter(ApplicationFilterChain.java:165) [catalina.jar:8.5.6]
	at org.apache.catalina.core.StandardWrapperValve.invoke(StandardWrapperValve.java:198) [catalina.jar:8.5.6]
	at org.apache.catalina.core.StandardContextValve.invoke(StandardContextValve.java:108) [catalina.jar:8.5.6]
	at org.apache.catalina.authenticator.AuthenticatorBase.invoke(AuthenticatorBase.java:472) [catalina.jar:8.5.6]
	at org.apache.catalina.core.StandardHostValve.invoke(StandardHostValve.java:140) [catalina.jar:8.5.6]
	at org.apache.catalina.valves.ErrorReportValve.invoke(ErrorReportValve.java:79) [catalina.jar:8.5.6]
	at org.apache.catalina.valves.AbstractAccessLogValve.invoke(AbstractAccessLogValve.java:620) [catalina.jar:8.5.6]
	at org.apache.catalina.core.StandardEngineValve.invoke(StandardEngineValve.java:87) [catalina.jar:8.5.6]
	at org.apache.catalina.connector.CoyoteAdapter.service(CoyoteAdapter.java:349) [catalina.jar:8.5.6]
	at org.apache.coyote.http11.Http11Processor.service(Http11Processor.java:784) [tomcat-coyote.jar:8.5.6]
	at org.apache.coyote.AbstractProcessorLight.process(AbstractProcessorLight.java:66) [tomcat-coyote.jar:8.5.6]
	at org.apache.coyote.AbstractProtocol$ConnectionHandler.process(AbstractProtocol.java:802) [tomcat-coyote.jar:8.5.6]
	at org.apache.tomcat.util.net.NioEndpoint$SocketProcessor.doRun(NioEndpoint.java:1410) [tomcat-coyote.jar:8.5.6]
	at org.apache.tomcat.util.net.SocketProcessorBase.run(SocketProcessorBase.java:49) [tomcat-coyote.jar:8.5.6]
	at java.util.concurrent.ThreadPoolExecutor.runWorker(ThreadPoolExecutor.java:1149) [?:1.8.0_221]
	at java.util.concurrent.ThreadPoolExecutor$Worker.run(ThreadPoolExecutor.java:624) [?:1.8.0_221]
	at org.apache.tomcat.util.threads.TaskThread$WrappingRunnable.run(TaskThread.java:61) [tomcat-util.jar:8.5.6]
	at java.lang.Thread.run(Thread.java:748) [?:1.8.0_221]
