2021-12-01 10:39:17 ERROR HiddenInputTag:87 - Neither BindingResult nor plain target object for bean name 'userInfo' available as request attribute
java.lang.IllegalStateException: Neither BindingResult nor plain target object for bean name 'userInfo' available as request attribute
	at org.springframework.web.servlet.support.BindStatus.<init>(BindStatus.java:141) ~[spring-webmvc-3.2.1.RELEASE.jar:3.2.1.RELEASE]
	at org.springframework.web.servlet.tags.form.AbstractDataBoundFormElementTag.getBindStatus(AbstractDataBoundFormElementTag.java:179) ~[spring-webmvc-3.2.1.RELEASE.jar:3.2.1.RELEASE]
	at org.springframework.web.servlet.tags.form.AbstractDataBoundFormElementTag.getPropertyPath(AbstractDataBoundFormElementTag.java:199) ~[spring-webmvc-3.2.1.RELEASE.jar:3.2.1.RELEASE]
	at org.springframework.web.servlet.tags.form.AbstractDataBoundFormElementTag.getName(AbstractDataBoundFormElementTag.java:165) ~[spring-webmvc-3.2.1.RELEASE.jar:3.2.1.RELEASE]
	at org.springframework.web.servlet.tags.form.AbstractDataBoundFormElementTag.writeDefaultAttributes(AbstractDataBoundFormElementTag.java:128) ~[spring-webmvc-3.2.1.RELEASE.jar:3.2.1.RELEASE]
	at org.springframework.web.servlet.tags.form.AbstractHtmlElementTag.writeDefaultAttributes(AbstractHtmlElementTag.java:421) ~[spring-webmvc-3.2.1.RELEASE.jar:3.2.1.RELEASE]
	at org.springframework.web.servlet.tags.form.HiddenInputTag.writeTagContent(HiddenInputTag.java:77) ~[spring-webmvc-3.2.1.RELEASE.jar:3.2.1.RELEASE]
	at org.springframework.web.servlet.tags.form.AbstractFormTag.doStartTagInternal(AbstractFormTag.java:103) ~[spring-webmvc-3.2.1.RELEASE.jar:3.2.1.RELEASE]
	at org.springframework.web.servlet.tags.RequestContextAwareTag.doStartTag(RequestContextAwareTag.java:80) [spring-webmvc-3.2.1.RELEASE.jar:3.2.1.RELEASE]
	at org.apache.jsp.WEB_002dINF.views.commons.login_jsp._jspx_meth_sf_005fhidden_005f0(login_jsp.java:460) [ROOT/:?]
	at org.apache.jsp.WEB_002dINF.views.commons.login_jsp._jspService(login_jsp.java:282) [ROOT/:?]
	at org.apache.jasper.runtime.HttpJspBase.service(HttpJspBase.java:70) [jasper.jar:8.5.6]
	at javax.servlet.http.HttpServlet.service(HttpServlet.java:729) [servlet-api.jar:?]
	at org.apache.jasper.servlet.JspServletWrapper.service(JspServletWrapper.java:443) [jasper.jar:8.5.6]
	at org.apache.jasper.servlet.JspServlet.serviceJspFile(JspServlet.java:385) [jasper.jar:8.5.6]
	at org.apache.jasper.servlet.JspServlet.service(JspServlet.java:329) [jasper.jar:8.5.6]
	at javax.servlet.http.HttpServlet.service(HttpServlet.java:729) [servlet-api.jar:?]
	at org.apache.catalina.core.ApplicationFilterChain.internalDoFilter(ApplicationFilterChain.java:230) [catalina.jar:8.5.6]
	at org.apache.catalina.core.ApplicationFilterChain.doFilter(ApplicationFilterChain.java:165) [catalina.jar:8.5.6]
	at org.apache.tomcat.websocket.server.WsFilter.doFilter(WsFilter.java:52) [tomcat-websocket.jar:8.5.6]
	at org.apache.catalina.core.ApplicationFilterChain.internalDoFilter(ApplicationFilterChain.java:192) [catalina.jar:8.5.6]
	at org.apache.catalina.core.ApplicationFilterChain.doFilter(ApplicationFilterChain.java:165) [catalina.jar:8.5.6]
	at org.netbeans.modules.web.monitor.server.MonitorFilter.doFilter(MonitorFilter.java:368) [org-netbeans-modules-web-httpmonitor.jar:?]
	at org.apache.catalina.core.ApplicationFilterChain.internalDoFilter(ApplicationFilterChain.java:192) [catalina.jar:8.5.6]
	at org.apache.catalina.core.ApplicationFilterChain.doFilter(ApplicationFilterChain.java:165) [catalina.jar:8.5.6]
	at org.apache.catalina.core.ApplicationDispatcher.invoke(ApplicationDispatcher.java:726) [catalina.jar:8.5.6]
	at org.apache.catalina.core.ApplicationDispatcher.processRequest(ApplicationDispatcher.java:469) [catalina.jar:8.5.6]
	at org.apache.catalina.core.ApplicationDispatcher.doForward(ApplicationDispatcher.java:394) [catalina.jar:8.5.6]
	at org.apache.catalina.core.ApplicationDispatcher.forward(ApplicationDispatcher.java:311) [catalina.jar:8.5.6]
	at org.springframework.web.servlet.view.InternalResourceView.renderMergedOutputModel(InternalResourceView.java:238) [spring-webmvc-3.2.1.RELEASE.jar:3.2.1.RELEASE]
	at org.springframework.web.servlet.view.AbstractView.render(AbstractView.java:264) [spring-webmvc-3.2.1.RELEASE.jar:3.2.1.RELEASE]
	at org.springframework.web.servlet.DispatcherServlet.render(DispatcherServlet.java:1208) [spring-webmvc-3.2.1.RELEASE.jar:3.2.1.RELEASE]
	at org.springframework.web.servlet.DispatcherServlet.processDispatchResult(DispatcherServlet.java:992) [spring-webmvc-3.2.1.RELEASE.jar:3.2.1.RELEASE]
	at org.springframework.web.servlet.DispatcherServlet.doDispatch(DispatcherServlet.java:939) [spring-webmvc-3.2.1.RELEASE.jar:3.2.1.RELEASE]
	at org.springframework.web.servlet.DispatcherServlet.doService(DispatcherServlet.java:856) [spring-webmvc-3.2.1.RELEASE.jar:3.2.1.RELEASE]
	at org.springframework.web.servlet.FrameworkServlet.processRequest(FrameworkServlet.java:920) [spring-webmvc-3.2.1.RELEASE.jar:3.2.1.RELEASE]
	at org.springframework.web.servlet.FrameworkServlet.doGet(FrameworkServlet.java:816) [spring-webmvc-3.2.1.RELEASE.jar:3.2.1.RELEASE]
	at javax.servlet.http.HttpServlet.service(HttpServlet.java:622) [servlet-api.jar:?]
	at org.springframework.web.servlet.FrameworkServlet.service(FrameworkServlet.java:801) [spring-webmvc-3.2.1.RELEASE.jar:3.2.1.RELEASE]
	at javax.servlet.http.HttpServlet.service(HttpServlet.java:729) [servlet-api.jar:?]
	at org.apache.catalina.core.ApplicationFilterChain.internalDoFilter(ApplicationFilterChain.java:230) [catalina.jar:8.5.6]
	at org.apache.catalina.core.ApplicationFilterChain.doFilter(ApplicationFilterChain.java:165) [catalina.jar:8.5.6]
	at org.apache.tomcat.websocket.server.WsFilter.doFilter(WsFilter.java:52) [tomcat-websocket.jar:8.5.6]
	at org.apache.catalina.core.ApplicationFilterChain.internalDoFilter(ApplicationFilterChain.java:192) [catalina.jar:8.5.6]
	at org.apache.catalina.core.ApplicationFilterChain.doFilter(ApplicationFilterChain.java:165) [catalina.jar:8.5.6]
	at org.netbeans.modules.web.monitor.server.MonitorFilter.doFilter(MonitorFilter.java:368) [org-netbeans-modules-web-httpmonitor.jar:?]
	at org.apache.catalina.core.ApplicationFilterChain.internalDoFilter(ApplicationFilterChain.java:192) [catalina.jar:8.5.6]
	at org.apache.catalina.core.ApplicationFilterChain.doFilter(ApplicationFilterChain.java:165) [catalina.jar:8.5.6]
	at py.com.fielco.fielcorresponsal.filter.CookieFilter.doFilter(CookieFilter.java:57) [classes/:?]
	at org.apache.catalina.core.ApplicationFilterChain.internalDoFilter(ApplicationFilterChain.java:192) [catalina.jar:8.5.6]
	at org.apache.catalina.core.ApplicationFilterChain.doFilter(ApplicationFilterChain.java:165) [catalina.jar:8.5.6]
	at org.springframework.web.filter.CharacterEncodingFilter.doFilterInternal(CharacterEncodingFilter.java:88) [spring-web-3.2.0.RELEASE.jar:3.2.0.RELEASE]
	at org.springframework.web.filter.OncePerRequestFilter.doFilter(OncePerRequestFilter.java:107) [spring-web-3.2.0.RELEASE.jar:3.2.0.RELEASE]
	at org.apache.catalina.core.ApplicationFilterChain.internalDoFilter(ApplicationFilterChain.java:192) [catalina.jar:8.5.6]
	at org.apache.catalina.core.ApplicationFilterChain.doFilter(ApplicationFilterChain.java:165) [catalina.jar:8.5.6]
	at org.apache.catalina.core.StandardWrapperValve.invoke(StandardWrapperValve.java:198) [catalina.jar:8.5.6]
	at org.apache.catalina.core.StandardContextValve.invoke(StandardContextValve.java:108) [catalina.jar:8.5.6]
	at org.apache.catalina.authenticator.AuthenticatorBase.invoke(AuthenticatorBase.java:472) [catalina.jar:8.5.6]
	at org.apache.catalina.core.StandardHostValve.invoke(StandardHostValve.java:140) [catalina.jar:8.5.6]
	at org.apache.catalina.valves.ErrorReportValve.invoke(ErrorReportValve.java:79) [catalina.jar:8.5.6]
	at org.apache.catalina.valves.AbstractAccessLogValve.invoke(AbstractAccessLogValve.java:620) [catalina.jar:8.5.6]
	at org.apache.catalina.core.StandardEngineValve.invoke(StandardEngineValve.java:87) [catalina.jar:8.5.6]
	at org.apache.catalina.connector.CoyoteAdapter.service(CoyoteAdapter.java:349) [catalina.jar:8.5.6]
	at org.apache.coyote.http11.Http11Processor.service(Http11Processor.java:784) [tomcat-coyote.jar:8.5.6]
	at org.apache.coyote.AbstractProcessorLight.process(AbstractProcessorLight.java:66) [tomcat-coyote.jar:8.5.6]
	at org.apache.coyote.AbstractProtocol$ConnectionHandler.process(AbstractProtocol.java:802) [tomcat-coyote.jar:8.5.6]
	at org.apache.tomcat.util.net.NioEndpoint$SocketProcessor.doRun(NioEndpoint.java:1410) [tomcat-coyote.jar:8.5.6]
	at org.apache.tomcat.util.net.SocketProcessorBase.run(SocketProcessorBase.java:49) [tomcat-coyote.jar:8.5.6]
	at java.util.concurrent.ThreadPoolExecutor.runWorker(ThreadPoolExecutor.java:1149) [?:1.8.0_221]
	at java.util.concurrent.ThreadPoolExecutor$Worker.run(ThreadPoolExecutor.java:624) [?:1.8.0_221]
	at org.apache.tomcat.util.threads.TaskThread$WrappingRunnable.run(TaskThread.java:61) [tomcat-util.jar:8.5.6]
	at java.lang.Thread.run(Thread.java:748) [?:1.8.0_221]
