2022-02-15T12:14:36,647 ERROR [http-nio-8080-exec-96][[]][][][][][] com.roshka.michi.application.GlobalDefaultExceptionHandler:35 - Handling error
org.springframework.web.servlet.NoHandlerFoundException: No handler found for GET /auth-fielcorresponsal/
	at org.springframework.web.servlet.DispatcherServlet.noHandlerFound(DispatcherServlet.java:1141) [spring-webmvc-4.2.4.RELEASE.jar:4.2.4.RELEASE]
	at org.springframework.web.servlet.DispatcherServlet.doDispatch(DispatcherServlet.java:934) [spring-webmvc-4.2.4.RELEASE.jar:4.2.4.RELEASE]
	at org.springframework.web.servlet.DispatcherServlet.doService(DispatcherServlet.java:893) [spring-webmvc-4.2.4.RELEASE.jar:4.2.4.RELEASE]
	at org.springframework.web.servlet.FrameworkServlet.processRequest(FrameworkServlet.java:969) [spring-webmvc-4.2.4.RELEASE.jar:4.2.4.RELEASE]
	at org.springframework.web.servlet.FrameworkServlet.doGet(FrameworkServlet.java:860) [spring-webmvc-4.2.4.RELEASE.jar:4.2.4.RELEASE]
	at javax.servlet.http.HttpServlet.service(HttpServlet.java:622) [servlet-api.jar:?]
	at org.springframework.web.servlet.FrameworkServlet.service(FrameworkServlet.java:845) [spring-webmvc-4.2.4.RELEASE.jar:4.2.4.RELEASE]
	at javax.servlet.http.HttpServlet.service(HttpServlet.java:729) [servlet-api.jar:?]
	at org.apache.catalina.core.ApplicationFilterChain.internalDoFilter(ApplicationFilterChain.java:230) [catalina.jar:8.5.6]
	at org.apache.catalina.core.ApplicationFilterChain.doFilter(ApplicationFilterChain.java:165) [catalina.jar:8.5.6]
	at org.apache.tomcat.websocket.server.WsFilter.doFilter(WsFilter.java:52) [tomcat-websocket.jar:8.5.6]
	at org.apache.catalina.core.ApplicationFilterChain.internalDoFilter(ApplicationFilterChain.java:192) [catalina.jar:8.5.6]
	at org.apache.catalina.core.ApplicationFilterChain.doFilter(ApplicationFilterChain.java:165) [catalina.jar:8.5.6]
	at org.apache.catalina.core.StandardWrapperValve.invoke(StandardWrapperValve.java:198) [catalina.jar:8.5.6]
	at org.apache.catalina.core.StandardContextValve.invoke(StandardContextValve.java:108) [catalina.jar:8.5.6]
	at org.apache.catalina.authenticator.AuthenticatorBase.invoke(AuthenticatorBase.java:472) [catalina.jar:8.5.6]
	at org.apache.catalina.core.StandardHostValve.invoke(StandardHostValve.java:140) [catalina.jar:8.5.6]
	at org.apache.catalina.valves.ErrorReportValve.invoke(ErrorReportValve.java:79) [catalina.jar:8.5.6]
	at org.apache.catalina.valves.AbstractAccessLogValve.invoke(AbstractAccessLogValve.java:620) [catalina.jar:8.5.6]
	at org.apache.catalina.core.StandardEngineValve.invoke(StandardEngineValve.java:87) [catalina.jar:8.5.6]
	at org.apache.catalina.connector.CoyoteAdapter.service(CoyoteAdapter.java:349) [catalina.jar:8.5.6]
	at org.apache.coyote.http11.Http11Processor.service(Http11Processor.java:784) [tomcat-coyote.jar:8.5.6]
	at org.apache.coyote.AbstractProcessorLight.process(AbstractProcessorLight.java:66) [tomcat-coyote.jar:8.5.6]
	at org.apache.coyote.AbstractProtocol$ConnectionHandler.process(AbstractProtocol.java:802) [tomcat-coyote.jar:8.5.6]
	at org.apache.tomcat.util.net.NioEndpoint$SocketProcessor.doRun(NioEndpoint.java:1410) [tomcat-coyote.jar:8.5.6]
	at org.apache.tomcat.util.net.SocketProcessorBase.run(SocketProcessorBase.java:49) [tomcat-coyote.jar:8.5.6]
	at java.util.concurrent.ThreadPoolExecutor.runWorker(ThreadPoolExecutor.java:1149) [?:1.8.0_221]
	at java.util.concurrent.ThreadPoolExecutor$Worker.run(ThreadPoolExecutor.java:624) [?:1.8.0_221]
	at org.apache.tomcat.util.threads.TaskThread$WrappingRunnable.run(TaskThread.java:61) [tomcat-util.jar:8.5.6]
	at java.lang.Thread.run(Thread.java:748) [?:1.8.0_221]
