23-Nov-2021 16:12:37.647 GRAVE [main] org.apache.catalina.startup.Catalina.initDirs No puedo hallar carpeta temporal especificada en C:\Users\User\Documents\Tomcat\apache-tomcat-WU\temp
23-Nov-2021 16:12:38.163 INFORMACIÓN [main] org.apache.catalina.startup.VersionLoggerListener.log Server version:        Apache Tomcat/8.0.0
23-Nov-2021 16:12:38.163 INFORMACIÓN [main] org.apache.catalina.startup.VersionLoggerListener.log Server built:          Oct 6 2016 20:15:31 UTC
23-Nov-2021 16:12:38.163 INFORMACIÓN [main] org.apache.catalina.startup.VersionLoggerListener.log Server number:         8.0.0
23-Nov-2021 16:12:38.163 INFORMACIÓN [main] org.apache.catalina.startup.VersionLoggerListener.log OS Name:               Windows 10
23-Nov-2021 16:12:38.166 INFORMACIÓN [main] org.apache.catalina.startup.VersionLoggerListener.log OS Version:            10.0
23-Nov-2021 16:12:38.166 INFORMACIÓN [main] org.apache.catalina.startup.VersionLoggerListener.log Architecture:          amd64
23-Nov-2021 16:12:38.166 INFORMACIÓN [main] org.apache.catalina.startup.VersionLoggerListener.log Java Home:             C:\Program Files\Java\jdk1.8.0_221\jre
23-Nov-2021 16:12:38.166 INFORMACIÓN [main] org.apache.catalina.startup.VersionLoggerListener.log JVM Version:           1.8.0_221-b11
23-Nov-2021 16:12:38.167 INFORMACIÓN [main] org.apache.catalina.startup.VersionLoggerListener.log JVM Vendor:            Oracle Corporation
23-Nov-2021 16:12:38.167 INFORMACIÓN [main] org.apache.catalina.startup.VersionLoggerListener.log CATALINA_BASE:         C:\Users\User\Documents\Tomcat\apache-tomcat-WU
23-Nov-2021 16:12:38.167 INFORMACIÓN [main] org.apache.catalina.startup.VersionLoggerListener.log CATALINA_HOME:         C:\Users\User\Documents\Tomcat\apache-tomcat-WU
23-Nov-2021 16:12:38.167 INFORMACIÓN [main] org.apache.catalina.startup.VersionLoggerListener.log Command line argument: -Dhttp.nonProxyHosts=localhost|127.0.0.1|CPU61-006161
23-Nov-2021 16:12:38.167 INFORMACIÓN [main] org.apache.catalina.startup.VersionLoggerListener.log Command line argument: -Djdk.tls.ephemeralDHKeySize=2048
23-Nov-2021 16:12:38.167 INFORMACIÓN [main] org.apache.catalina.startup.VersionLoggerListener.log Command line argument: -Djava.protocol.handler.pkgs=org.apache.catalina.webresources
23-Nov-2021 16:12:38.167 INFORMACIÓN [main] org.apache.catalina.startup.VersionLoggerListener.log Command line argument: -Djava.util.logging.config.file=C:\Users\User\Documents\Tomcat\apache-tomcat-WU\conf\logging.properties
23-Nov-2021 16:12:38.167 INFORMACIÓN [main] org.apache.catalina.startup.VersionLoggerListener.log Command line argument: -Djava.util.logging.manager=org.apache.juli.ClassLoaderLogManager
23-Nov-2021 16:12:38.167 INFORMACIÓN [main] org.apache.catalina.startup.VersionLoggerListener.log Command line argument: -Dcatalina.base=C:\Users\User\Documents\Tomcat\apache-tomcat-WU
23-Nov-2021 16:12:38.167 INFORMACIÓN [main] org.apache.catalina.startup.VersionLoggerListener.log Command line argument: -Dcatalina.home=C:\Users\User\Documents\Tomcat\apache-tomcat-WU
23-Nov-2021 16:12:38.167 INFORMACIÓN [main] org.apache.catalina.startup.VersionLoggerListener.log Command line argument: -Djava.io.tmpdir=C:\Users\User\Documents\Tomcat\apache-tomcat-WU\temp
23-Nov-2021 16:12:38.167 INFORMACIÓN [main] org.apache.catalina.core.AprLifecycleListener.lifecycleEvent La biblioteca nativa de Apache Tomcat basada en ARP que permite un rendimiento óptimo en entornos de desarrollo no ha sido hallada en java.library.path: C:\Program Files\Java\jdk1.8.0_221\bin;C:\WINDOWS\Sun\Java\bin;C:\WINDOWS\system32;C:\WINDOWS;C:\Python310\Scripts\;C:\Python310\;C:\Program Files (x86)\VMware\VMware Player\bin\;C:\Program Files\Common Files\Oracle\Java\javapath;C:\Program Files (x86)\Common Files\Oracle\Java\javapath;C:\WINDOWS\system32;C:\WINDOWS;C:\WINDOWS\System32\Wbem;C:\WINDOWS\System32\WindowsPowerShell\v1.0\;C:\WINDOWS\System32\OpenSSH\;C:\Program Files (x86)\IBM\Client Access\Emulator;C:\Program Files (x86)\IBM\Client Access\Shared;C:\Program Files (x86)\IBM\Client Access\;C:\Program Files\PuTTY\;C:\flutter\bin;C:\android-sdk\tools;C:\android-sdk\tools\bin;C:\android-sdk\platform-tools;C:\Instaladores\instantclient_19_11;C:\Program Files\Microsoft SQL Server\Client SDK\ODBC\170\Tools\Binn\;C:\Program Files\Microsoft SQL Server\130\Tools\Binn\;C:\Program Files\nodejs\;C:\ProgramData\chocolatey\bin;C:\Users\User\AppData\Local\Microsoft\WindowsApps;C:\flutter\bin;C:\android-sdk\tools;C:\android-sdk\tools\bin;C:\android-sdk\platform-tools;C:\android-sdk;C:\Users\User\AppData\Local\Programs\Microsoft VS Code\bin;C:\Users\User\AppData\Roaming\npm;C:\Users\User\AppData\Local\GitHubDesktop\bin;.
23-Nov-2021 16:12:38.437 INFORMACIÓN [main] org.apache.coyote.AbstractProtocol.init Initializing ProtocolHandler ["http-nio-8090"]
23-Nov-2021 16:12:38.873 INFORMACIÓN [main] org.apache.tomcat.util.net.NioSelectorPool.getSharedSelector Using a shared selector for servlet write/read
23-Nov-2021 16:12:38.877 INFORMACIÓN [main] org.apache.coyote.AbstractProtocol.init Initializing ProtocolHandler ["ajp-nio-8009"]
23-Nov-2021 16:12:38.880 INFORMACIÓN [main] org.apache.tomcat.util.net.NioSelectorPool.getSharedSelector Using a shared selector for servlet write/read
23-Nov-2021 16:12:38.880 INFORMACIÓN [main] org.apache.catalina.startup.Catalina.load Initialization processed in 1233 ms
23-Nov-2021 16:12:38.915 ADVERTENCIA [main] org.apache.tomcat.jdbc.pool.ConnectionPool.checkPoolConfiguration minIdle is larger than maxActive, setting minIdle to: 5
23-Nov-2021 16:12:38.915 ADVERTENCIA [main] org.apache.tomcat.jdbc.pool.ConnectionPool.checkPoolConfiguration maxIdle is smaller than minIdle, setting maxIdle to: 5
23-Nov-2021 16:12:38.935 ADVERTENCIA [main] org.apache.tomcat.jdbc.pool.ConnectionPool.checkPoolConfiguration maxIdle is smaller than minIdle, setting maxIdle to: 10
23-Nov-2021 16:12:38.936 ADVERTENCIA [main] org.apache.tomcat.jdbc.pool.ConnectionPool.checkPoolConfiguration maxIdle is smaller than minIdle, setting maxIdle to: 10
23-Nov-2021 16:12:38.941 INFORMACIÓN [main] org.apache.tomcat.dbcp.dbcp2.BasicDataSourceFactory.getObjectInstance Name = shared-raa Ignoring unknown property: value of "1" for "minimumIdle" property
23-Nov-2021 16:12:38.941 INFORMACIÓN [main] org.apache.tomcat.dbcp.dbcp2.BasicDataSourceFactory.getObjectInstance Name = shared-raa Ignoring unknown property: value of "jdbc/shared-raa" for "global" property
23-Nov-2021 16:12:38.942 INFORMACIÓN [main] org.apache.tomcat.dbcp.dbcp2.BasicDataSourceFactory.getObjectInstance Name = shared-raa Ignoring unknown property: value of "1" for "maximumPoolSize" property
23-Nov-2021 16:12:38.956 ADVERTENCIA [main] org.apache.tomcat.jdbc.pool.ConnectionPool.checkPoolConfiguration maxIdle is smaller than minIdle, setting maxIdle to: 10
23-Nov-2021 16:12:38.957 ADVERTENCIA [main] org.apache.tomcat.jdbc.pool.ConnectionPool.checkPoolConfiguration maxIdle is smaller than minIdle, setting maxIdle to: 10
23-Nov-2021 16:12:39.001 INFORMACIÓN [main] org.apache.catalina.core.StandardService.startInternal Arrancando servicio Catalina
23-Nov-2021 16:12:39.002 INFORMACIÓN [main] org.apache.catalina.core.StandardEngine.startInternal Starting Servlet Engine: Apache Tomcat/8.0.0
23-Nov-2021 16:12:39.017 INFORMACIÓN [localhost-startStop-1] org.apache.catalina.startup.HostConfig.deployDescriptor Desplieque del descriptor de configuración C:\Users\User\Documents\Tomcat\apache-tomcat-WU\conf\Catalina\localhost\ROOT.xml
23-Nov-2021 16:12:42.552 GRAVE [localhost-startStop-1] org.apache.catalina.startup.ContextConfig.processAnnotationsJar No puedo procesar la entrada de Jar [module-info.class] desde el Jar [file:/C:/Users/User/Documents/Proyectos/web/target/fielcorresponsal%23%232.9.4-RELEASE/WEB-INF/lib/lombok-1.18.10.jar] para las anotaciones
 org.apache.tomcat.util.bcel.classfile.ClassFormatException: Invalid byte tag in constant pool: 19
	at org.apache.tomcat.util.bcel.classfile.Constant.readConstant(Constant.java:97)
	at org.apache.tomcat.util.bcel.classfile.ConstantPool.<init>(ConstantPool.java:54)
	at org.apache.tomcat.util.bcel.classfile.ClassParser.readConstantPool(ClassParser.java:174)
	at org.apache.tomcat.util.bcel.classfile.ClassParser.parse(ClassParser.java:83)
	at org.apache.catalina.startup.ContextConfig.processAnnotationsStream(ContextConfig.java:2053)
	at org.apache.catalina.startup.ContextConfig.processAnnotationsJar(ContextConfig.java:2000)
	at org.apache.catalina.startup.ContextConfig.processAnnotationsUrl(ContextConfig.java:1970)
	at org.apache.catalina.startup.ContextConfig.processAnnotations(ContextConfig.java:1923)
	at org.apache.catalina.startup.ContextConfig.webConfig(ContextConfig.java:1163)
	at org.apache.catalina.startup.ContextConfig.configureStart(ContextConfig.java:775)
	at org.apache.catalina.startup.ContextConfig.lifecycleEvent(ContextConfig.java:299)
	at org.apache.catalina.util.LifecycleBase.fireLifecycleEvent(LifecycleBase.java:94)
	at org.apache.catalina.core.StandardContext.startInternal(StandardContext.java:5087)
	at org.apache.catalina.util.LifecycleBase.start(LifecycleBase.java:150)
	at org.apache.catalina.core.ContainerBase.addChildInternal(ContainerBase.java:724)
	at org.apache.catalina.core.ContainerBase.addChild(ContainerBase.java:700)
	at org.apache.catalina.core.StandardHost.addChild(StandardHost.java:734)
	at org.apache.catalina.startup.HostConfig.deployDescriptor(HostConfig.java:596)
	at org.apache.catalina.startup.HostConfig$DeployDescriptor.run(HostConfig.java:1805)
	at java.util.concurrent.Executors$RunnableAdapter.call(Executors.java:511)
	at java.util.concurrent.FutureTask.run(FutureTask.java:266)
	at java.util.concurrent.ThreadPoolExecutor.runWorker(ThreadPoolExecutor.java:1149)
	at java.util.concurrent.ThreadPoolExecutor$Worker.run(ThreadPoolExecutor.java:624)
	at java.lang.Thread.run(Thread.java:748)

23-Nov-2021 16:12:48.207 ADVERTENCIA [localhost-startStop-1] org.apache.tomcat.dbcp.dbcp2.BasicDataSourceFactory.getObjectInstance Name = CNB-Sybase Property maxActive is not used in DBCP2, use maxTotal instead. maxTotal default value is 8. You have set value of "1" for "maxActive" property, which is being ignored.
23-Nov-2021 16:12:48.208 INFORMACIÓN [localhost-startStop-1] org.apache.tomcat.dbcp.dbcp2.BasicDataSourceFactory.getObjectInstance Name = Solicitud Ignoring unknown property: value of "1" for "minimumIdle" property
23-Nov-2021 16:12:48.208 INFORMACIÓN [localhost-startStop-1] org.apache.tomcat.dbcp.dbcp2.BasicDataSourceFactory.getObjectInstance Name = Solicitud Ignoring unknown property: value of "1" for "maximumPoolSize" property
23-Nov-2021 16:12:48.208 ADVERTENCIA [localhost-startStop-1] org.apache.tomcat.dbcp.dbcp2.BasicDataSourceFactory.getObjectInstance Name = pentaho-sybase Property maxActive is not used in DBCP2, use maxTotal instead. maxTotal default value is 8. You have set value of "5" for "maxActive" property, which is being ignored.
23-Nov-2021 16:12:48.611 INFORMACIÓN [localhost-startStop-1] org.apache.jasper.servlet.TldScanner.scanJars Al menos un JAR, que se ha explorado buscando TLDs, aún no contenía TLDs. Activar historial de depuración para este historiador para una completa lista de los JARs que fueron explorados y de los que nos se halló TLDs. Saltarse JARs no necesarios durante la exploración puede dar lugar a una mejora de tiempo significativa en el arranque y compilación de JSP .
23-Nov-2021 16:12:51.821 INFO [localhost-startStop-1] org.hibernate.validator.internal.util.Version.<clinit> HV000001: Hibernate Validator 4.3.1.Final
23-Nov-2021 16:12:53.380 ADVERTENCIA [localhost-startStop-1] com.sun.jersey.multipart.impl.MultiPartReaderClientSide.createMimeConfig Cannot create temporary files. Multipart attachments will be limited to 4096 bytes.
 java.io.IOException: El sistema no puede encontrar la ruta especificada
	at java.io.WinNTFileSystem.createFileExclusively(Native Method)
	at java.io.File.createTempFile(File.java:2024)
	at java.io.File.createTempFile(File.java:2070)
	at com.sun.jersey.multipart.impl.MultiPartReaderClientSide.createMimeConfig(MultiPartReaderClientSide.java:121)
	at com.sun.jersey.multipart.impl.MultiPartReaderClientSide.<init>(MultiPartReaderClientSide.java:109)
	at sun.reflect.NativeConstructorAccessorImpl.newInstance0(Native Method)
	at sun.reflect.NativeConstructorAccessorImpl.newInstance(NativeConstructorAccessorImpl.java:62)
	at sun.reflect.DelegatingConstructorAccessorImpl.newInstance(DelegatingConstructorAccessorImpl.java:45)
	at java.lang.reflect.Constructor.newInstance(Constructor.java:423)
	at com.sun.jersey.core.spi.component.ComponentConstructor._getInstance(ComponentConstructor.java:210)
	at com.sun.jersey.core.spi.component.ComponentConstructor.getInstance(ComponentConstructor.java:180)
	at com.sun.jersey.core.spi.component.ProviderFactory.__getComponentProvider(ProviderFactory.java:166)
	at com.sun.jersey.core.spi.component.ProviderFactory.getComponentProvider(ProviderFactory.java:137)
	at com.sun.jersey.core.spi.component.ProviderServices.getComponent(ProviderServices.java:283)
	at com.sun.jersey.core.spi.component.ProviderServices.getServices(ProviderServices.java:163)
	at com.sun.jersey.core.spi.factory.MessageBodyFactory.initReaders(MessageBodyFactory.java:176)
	at com.sun.jersey.core.spi.factory.MessageBodyFactory.init(MessageBodyFactory.java:162)
	at com.sun.jersey.api.client.Client.init(Client.java:343)
	at com.sun.jersey.api.client.Client.access$000(Client.java:119)
	at com.sun.jersey.api.client.Client$1.f(Client.java:192)
	at com.sun.jersey.api.client.Client$1.f(Client.java:188)
	at com.sun.jersey.spi.inject.Errors.processWithErrors(Errors.java:193)
	at com.sun.jersey.api.client.Client.<init>(Client.java:188)
	at com.sun.jersey.api.client.Client.<init>(Client.java:171)
	at com.sun.jersey.api.client.Client.create(Client.java:683)
	at io.swagger.client.ApiClient.rebuildHttpClient(ApiClient.java:103)
	at io.swagger.client.ApiClient.<init>(ApiClient.java:81)
	at io.swagger.client.Configuration.<clinit>(Configuration.java:5)
	at io.swagger.client.api.AuthapiApi.<init>(AuthapiApi.java:26)
	at py.com.roshka.fielcorresponsal.services.impl.AuthenticationServicesImpl.<init>(AuthenticationServicesImpl.java:42)
	at sun.reflect.NativeConstructorAccessorImpl.newInstance0(Native Method)
	at sun.reflect.NativeConstructorAccessorImpl.newInstance(NativeConstructorAccessorImpl.java:62)
	at sun.reflect.DelegatingConstructorAccessorImpl.newInstance(DelegatingConstructorAccessorImpl.java:45)
	at java.lang.reflect.Constructor.newInstance(Constructor.java:423)
	at org.springframework.beans.BeanUtils.instantiateClass(BeanUtils.java:147)
	at org.springframework.beans.factory.support.SimpleInstantiationStrategy.instantiate(SimpleInstantiationStrategy.java:76)
	at org.springframework.beans.factory.support.AbstractAutowireCapableBeanFactory.instantiateBean(AbstractAutowireCapableBeanFactory.java:990)
	at org.springframework.beans.factory.support.AbstractAutowireCapableBeanFactory.createBeanInstance(AbstractAutowireCapableBeanFactory.java:943)
	at org.springframework.beans.factory.support.AbstractAutowireCapableBeanFactory.doCreateBean(AbstractAutowireCapableBeanFactory.java:485)
	at org.springframework.beans.factory.support.AbstractAutowireCapableBeanFactory.createBean(AbstractAutowireCapableBeanFactory.java:456)
	at org.springframework.beans.factory.support.AbstractBeanFactory$1.getObject(AbstractBeanFactory.java:294)
	at org.springframework.beans.factory.support.DefaultSingletonBeanRegistry.getSingleton(DefaultSingletonBeanRegistry.java:225)
	at org.springframework.beans.factory.support.AbstractBeanFactory.doGetBean(AbstractBeanFactory.java:291)
	at org.springframework.beans.factory.support.AbstractBeanFactory.getBean(AbstractBeanFactory.java:193)
	at org.springframework.beans.factory.support.DefaultListableBeanFactory.findAutowireCandidates(DefaultListableBeanFactory.java:848)
	at org.springframework.beans.factory.support.DefaultListableBeanFactory.doResolveDependency(DefaultListableBeanFactory.java:790)
	at org.springframework.beans.factory.support.DefaultListableBeanFactory.resolveDependency(DefaultListableBeanFactory.java:707)
	at org.springframework.beans.factory.annotation.AutowiredAnnotationBeanPostProcessor$AutowiredFieldElement.inject(AutowiredAnnotationBeanPostProcessor.java:478)
	at org.springframework.beans.factory.annotation.InjectionMetadata.inject(InjectionMetadata.java:87)
	at org.springframework.beans.factory.annotation.AutowiredAnnotationBeanPostProcessor.postProcessPropertyValues(AutowiredAnnotationBeanPostProcessor.java:284)
	at org.springframework.beans.factory.support.AbstractAutowireCapableBeanFactory.populateBean(AbstractAutowireCapableBeanFactory.java:1106)
	at org.springframework.beans.factory.support.AbstractAutowireCapableBeanFactory.doCreateBean(AbstractAutowireCapableBeanFactory.java:517)
	at org.springframework.beans.factory.support.AbstractAutowireCapableBeanFactory.createBean(AbstractAutowireCapableBeanFactory.java:456)
	at org.springframework.beans.factory.support.AbstractBeanFactory$1.getObject(AbstractBeanFactory.java:294)
	at org.springframework.beans.factory.support.DefaultSingletonBeanRegistry.getSingleton(DefaultSingletonBeanRegistry.java:225)
	at org.springframework.beans.factory.support.AbstractBeanFactory.doGetBean(AbstractBeanFactory.java:291)
	at org.springframework.beans.factory.support.AbstractBeanFactory.getBean(AbstractBeanFactory.java:193)
	at org.springframework.beans.factory.support.DefaultListableBeanFactory.preInstantiateSingletons(DefaultListableBeanFactory.java:585)
	at org.springframework.context.support.AbstractApplicationContext.finishBeanFactoryInitialization(AbstractApplicationContext.java:913)
	at org.springframework.context.support.AbstractApplicationContext.refresh(AbstractApplicationContext.java:464)
	at org.springframework.web.servlet.FrameworkServlet.configureAndRefreshWebApplicationContext(FrameworkServlet.java:652)
	at org.springframework.web.servlet.FrameworkServlet.createWebApplicationContext(FrameworkServlet.java:600)
	at org.springframework.web.servlet.FrameworkServlet.createWebApplicationContext(FrameworkServlet.java:666)
	at org.springframework.web.servlet.FrameworkServlet.initWebApplicationContext(FrameworkServlet.java:519)
	at org.springframework.web.servlet.FrameworkServlet.initServletBean(FrameworkServlet.java:460)
	at org.springframework.web.servlet.HttpServletBean.init(HttpServletBean.java:136)
	at javax.servlet.GenericServlet.init(GenericServlet.java:158)
	at org.apache.catalina.core.StandardWrapper.initServlet(StandardWrapper.java:1183)
	at org.apache.catalina.core.StandardWrapper.loadServlet(StandardWrapper.java:1099)
	at org.apache.catalina.core.StandardWrapper.load(StandardWrapper.java:989)
	at org.apache.catalina.core.StandardContext.loadOnStartup(StandardContext.java:4913)
	at org.apache.catalina.core.StandardContext.startInternal(StandardContext.java:5223)
	at org.apache.catalina.util.LifecycleBase.start(LifecycleBase.java:150)
	at org.apache.catalina.core.ContainerBase.addChildInternal(ContainerBase.java:724)
	at org.apache.catalina.core.ContainerBase.addChild(ContainerBase.java:700)
	at org.apache.catalina.core.StandardHost.addChild(StandardHost.java:734)
	at org.apache.catalina.startup.HostConfig.deployDescriptor(HostConfig.java:596)
	at org.apache.catalina.startup.HostConfig$DeployDescriptor.run(HostConfig.java:1805)
	at java.util.concurrent.Executors$RunnableAdapter.call(Executors.java:511)
	at java.util.concurrent.FutureTask.run(FutureTask.java:266)
	at java.util.concurrent.ThreadPoolExecutor.runWorker(ThreadPoolExecutor.java:1149)
	at java.util.concurrent.ThreadPoolExecutor$Worker.run(ThreadPoolExecutor.java:624)
	at java.lang.Thread.run(Thread.java:748)

23-Nov-2021 16:12:54.410 INFORMACIÓN [localhost-startStop-1] org.apache.catalina.startup.HostConfig.deployDescriptor Deployment of configuration descriptor C:\Users\User\Documents\Tomcat\apache-tomcat-WU\conf\Catalina\localhost\ROOT.xml has finished in 15.392 ms
23-Nov-2021 16:12:54.411 INFORMACIÓN [localhost-startStop-1] org.apache.catalina.startup.HostConfig.deployDirectory Despliegue del directorio C:\Users\User\Documents\Tomcat\apache-tomcat-WU\webapps\docs de la aplicación web
23-Nov-2021 16:12:55.395 ADVERTENCIA [localhost-startStop-1] org.apache.tomcat.dbcp.dbcp2.BasicDataSourceFactory.getObjectInstance Name = CNB-Sybase Property maxActive is not used in DBCP2, use maxTotal instead. maxTotal default value is 8. You have set value of "1" for "maxActive" property, which is being ignored.
23-Nov-2021 16:12:55.396 INFORMACIÓN [localhost-startStop-1] org.apache.tomcat.dbcp.dbcp2.BasicDataSourceFactory.getObjectInstance Name = Solicitud Ignoring unknown property: value of "1" for "minimumIdle" property
23-Nov-2021 16:12:55.396 INFORMACIÓN [localhost-startStop-1] org.apache.tomcat.dbcp.dbcp2.BasicDataSourceFactory.getObjectInstance Name = Solicitud Ignoring unknown property: value of "1" for "maximumPoolSize" property
23-Nov-2021 16:12:55.396 ADVERTENCIA [localhost-startStop-1] org.apache.tomcat.dbcp.dbcp2.BasicDataSourceFactory.getObjectInstance Name = pentaho-sybase Property maxActive is not used in DBCP2, use maxTotal instead. maxTotal default value is 8. You have set value of "5" for "maxActive" property, which is being ignored.
23-Nov-2021 16:12:55.406 INFORMACIÓN [localhost-startStop-1] org.apache.jasper.servlet.TldScanner.scanJars Al menos un JAR, que se ha explorado buscando TLDs, aún no contenía TLDs. Activar historial de depuración para este historiador para una completa lista de los JARs que fueron explorados y de los que nos se halló TLDs. Saltarse JARs no necesarios durante la exploración puede dar lugar a una mejora de tiempo significativa en el arranque y compilación de JSP .
23-Nov-2021 16:12:55.410 INFORMACIÓN [localhost-startStop-1] org.apache.catalina.startup.HostConfig.deployDirectory Deployment of web application directory C:\Users\User\Documents\Tomcat\apache-tomcat-WU\webapps\docs has finished in 999 ms
23-Nov-2021 16:12:55.410 INFORMACIÓN [localhost-startStop-1] org.apache.catalina.startup.HostConfig.deployDirectory Despliegue del directorio C:\Users\User\Documents\Tomcat\apache-tomcat-WU\webapps\host-manager de la aplicación web
23-Nov-2021 16:12:56.360 ADVERTENCIA [localhost-startStop-1] org.apache.tomcat.dbcp.dbcp2.BasicDataSourceFactory.getObjectInstance Name = CNB-Sybase Property maxActive is not used in DBCP2, use maxTotal instead. maxTotal default value is 8. You have set value of "1" for "maxActive" property, which is being ignored.
23-Nov-2021 16:12:56.361 INFORMACIÓN [localhost-startStop-1] org.apache.tomcat.dbcp.dbcp2.BasicDataSourceFactory.getObjectInstance Name = Solicitud Ignoring unknown property: value of "1" for "minimumIdle" property
23-Nov-2021 16:12:56.361 INFORMACIÓN [localhost-startStop-1] org.apache.tomcat.dbcp.dbcp2.BasicDataSourceFactory.getObjectInstance Name = Solicitud Ignoring unknown property: value of "1" for "maximumPoolSize" property
23-Nov-2021 16:12:56.361 ADVERTENCIA [localhost-startStop-1] org.apache.tomcat.dbcp.dbcp2.BasicDataSourceFactory.getObjectInstance Name = pentaho-sybase Property maxActive is not used in DBCP2, use maxTotal instead. maxTotal default value is 8. You have set value of "5" for "maxActive" property, which is being ignored.
23-Nov-2021 16:12:56.372 INFORMACIÓN [localhost-startStop-1] org.apache.jasper.servlet.TldScanner.scanJars Al menos un JAR, que se ha explorado buscando TLDs, aún no contenía TLDs. Activar historial de depuración para este historiador para una completa lista de los JARs que fueron explorados y de los que nos se halló TLDs. Saltarse JARs no necesarios durante la exploración puede dar lugar a una mejora de tiempo significativa en el arranque y compilación de JSP .
23-Nov-2021 16:12:56.380 INFORMACIÓN [localhost-startStop-1] org.apache.catalina.startup.HostConfig.deployDirectory Deployment of web application directory C:\Users\User\Documents\Tomcat\apache-tomcat-WU\webapps\host-manager has finished in 970 ms
23-Nov-2021 16:12:56.380 INFORMACIÓN [localhost-startStop-1] org.apache.catalina.startup.HostConfig.deployDirectory Despliegue del directorio C:\Users\User\Documents\Tomcat\apache-tomcat-WU\webapps\manager de la aplicación web
23-Nov-2021 16:12:57.367 ADVERTENCIA [localhost-startStop-1] org.apache.tomcat.dbcp.dbcp2.BasicDataSourceFactory.getObjectInstance Name = CNB-Sybase Property maxActive is not used in DBCP2, use maxTotal instead. maxTotal default value is 8. You have set value of "1" for "maxActive" property, which is being ignored.
23-Nov-2021 16:12:57.367 INFORMACIÓN [localhost-startStop-1] org.apache.tomcat.dbcp.dbcp2.BasicDataSourceFactory.getObjectInstance Name = Solicitud Ignoring unknown property: value of "1" for "minimumIdle" property
23-Nov-2021 16:12:57.367 INFORMACIÓN [localhost-startStop-1] org.apache.tomcat.dbcp.dbcp2.BasicDataSourceFactory.getObjectInstance Name = Solicitud Ignoring unknown property: value of "1" for "maximumPoolSize" property
23-Nov-2021 16:12:57.368 ADVERTENCIA [localhost-startStop-1] org.apache.tomcat.dbcp.dbcp2.BasicDataSourceFactory.getObjectInstance Name = pentaho-sybase Property maxActive is not used in DBCP2, use maxTotal instead. maxTotal default value is 8. You have set value of "5" for "maxActive" property, which is being ignored.
23-Nov-2021 16:12:57.382 INFORMACIÓN [localhost-startStop-1] org.apache.jasper.servlet.TldScanner.scanJars Al menos un JAR, que se ha explorado buscando TLDs, aún no contenía TLDs. Activar historial de depuración para este historiador para una completa lista de los JARs que fueron explorados y de los que nos se halló TLDs. Saltarse JARs no necesarios durante la exploración puede dar lugar a una mejora de tiempo significativa en el arranque y compilación de JSP .
23-Nov-2021 16:12:57.386 INFORMACIÓN [localhost-startStop-1] org.apache.catalina.startup.HostConfig.deployDirectory Deployment of web application directory C:\Users\User\Documents\Tomcat\apache-tomcat-WU\webapps\manager has finished in 1.006 ms
23-Nov-2021 16:12:57.391 INFORMACIÓN [main] org.apache.coyote.AbstractProtocol.start Starting ProtocolHandler [http-nio-8090]
23-Nov-2021 16:12:57.398 INFORMACIÓN [main] org.apache.coyote.AbstractProtocol.start Starting ProtocolHandler [ajp-nio-8009]
23-Nov-2021 16:12:57.401 INFORMACIÓN [main] org.apache.catalina.startup.Catalina.start Server startup in 18520 ms
23-Nov-2021 16:13:03.320 INFORMACIÓN [http-nio-8090-exec-10] org.apache.catalina.startup.HostConfig.deployDescriptor Desplieque del descriptor de configuración C:\Users\User\Documents\Tomcat\apache-tomcat-WU\conf\Catalina\localhost\fielcocbapi.xml
23-Nov-2021 16:13:08.149 ADVERTENCIA [http-nio-8090-exec-10] org.apache.tomcat.dbcp.dbcp2.BasicDataSourceFactory.getObjectInstance Name = CNB-Sybase Property maxActive is not used in DBCP2, use maxTotal instead. maxTotal default value is 8. You have set value of "1" for "maxActive" property, which is being ignored.
23-Nov-2021 16:13:08.150 INFORMACIÓN [http-nio-8090-exec-10] org.apache.tomcat.dbcp.dbcp2.BasicDataSourceFactory.getObjectInstance Name = Solicitud Ignoring unknown property: value of "1" for "minimumIdle" property
23-Nov-2021 16:13:08.150 INFORMACIÓN [http-nio-8090-exec-10] org.apache.tomcat.dbcp.dbcp2.BasicDataSourceFactory.getObjectInstance Name = Solicitud Ignoring unknown property: value of "1" for "maximumPoolSize" property
23-Nov-2021 16:13:08.150 ADVERTENCIA [http-nio-8090-exec-10] org.apache.tomcat.dbcp.dbcp2.BasicDataSourceFactory.getObjectInstance Name = pentaho-sybase Property maxActive is not used in DBCP2, use maxTotal instead. maxTotal default value is 8. You have set value of "5" for "maxActive" property, which is being ignored.
23-Nov-2021 16:13:08.212 INFORMACIÓN [http-nio-8090-exec-10] org.apache.jasper.servlet.TldScanner.scanJars Al menos un JAR, que se ha explorado buscando TLDs, aún no contenía TLDs. Activar historial de depuración para este historiador para una completa lista de los JARs que fueron explorados y de los que nos se halló TLDs. Saltarse JARs no necesarios durante la exploración puede dar lugar a una mejora de tiempo significativa en el arranque y compilación de JSP .
23-Nov-2021 16:13:14.313 INFORMACIÓN [http-nio-8090-exec-10] org.apache.catalina.startup.HostConfig.deployDescriptor Deployment of configuration descriptor C:\Users\User\Documents\Tomcat\apache-tomcat-WU\conf\Catalina\localhost\fielcocbapi.xml has finished in 11.005 ms
23-Nov-2021 16:13:14.332 INFORMACIÓN [http-nio-8090-exec-10] org.apache.catalina.util.LifecycleBase.start The start() method was called on component [StandardEngine[Catalina].StandardHost[localhost].StandardContext[/fielcocbapi]] after start() had already been called. The second call will be ignored.
23-Nov-2021 16:13:38.891 INFORMACIÓN [main] org.apache.catalina.core.StandardServer.await Se ha recibido un comando de apagado a través del puerto de apagado. Parando la instancia del Servidor.
23-Nov-2021 16:13:38.892 INFORMACIÓN [main] org.apache.coyote.AbstractProtocol.pause Pausing ProtocolHandler ["http-nio-8090"]
23-Nov-2021 16:13:38.942 INFORMACIÓN [main] org.apache.coyote.AbstractProtocol.pause Pausing ProtocolHandler ["ajp-nio-8009"]
23-Nov-2021 16:13:39.005 INFORMACIÓN [main] org.apache.catalina.core.StandardService.stopInternal Parando servicio Catalina
23-Nov-2021 16:13:39.049 ADVERTENCIA [localhost-startStop-2] org.apache.catalina.loader.WebappClassLoaderBase.clearReferencesThreads The web application [ROOT] appears to have started a thread named [AsyncAppender-RollingFileAsync] but has failed to stop it. This is very likely to create a memory leak. Stack trace of thread:
 sun.misc.Unsafe.park(Native Method)
 java.util.concurrent.locks.LockSupport.park(LockSupport.java:175)
 java.util.concurrent.locks.AbstractQueuedSynchronizer$ConditionObject.await(AbstractQueuedSynchronizer.java:2039)
 java.util.concurrent.ArrayBlockingQueue.take(ArrayBlockingQueue.java:403)
 org.apache.logging.log4j.core.appender.AsyncAppender$AsyncThread.run(AsyncAppender.java:403)
23-Nov-2021 16:13:39.087 INFORMACIÓN [main] org.apache.coyote.AbstractProtocol.stop Stopping ProtocolHandler ["http-nio-8090"]
23-Nov-2021 16:13:39.090 INFORMACIÓN [main] org.apache.coyote.AbstractProtocol.stop Stopping ProtocolHandler ["ajp-nio-8009"]
23-Nov-2021 16:13:39.090 INFORMACIÓN [main] org.apache.coyote.AbstractProtocol.destroy Destroying ProtocolHandler ["http-nio-8090"]
23-Nov-2021 16:13:39.091 INFORMACIÓN [main] org.apache.coyote.AbstractProtocol.destroy Destroying ProtocolHandler ["ajp-nio-8009"]
