10-Mar-2022 09:14:45.973 INFORMACIÓN [http-nio-8080-exec-60] org.apache.catalina.core.StandardContext.reload Ha comenzado la recarga de Contexto [/miempresa-cuentas]
10-Mar-2022 09:14:46.558 ADVERTENCIA [http-nio-8080-exec-60] org.apache.catalina.loader.WebappClassLoaderBase.clearReferencesThreads The web application [miempresa-cuentas] appears to have started a thread named [Log4j2-TF-3-Scheduled-1] but has failed to stop it. This is very likely to create a memory leak. Stack trace of thread:
 sun.misc.Unsafe.park(Native Method)
 java.util.concurrent.locks.LockSupport.parkNanos(LockSupport.java:215)
 java.util.concurrent.locks.AbstractQueuedSynchronizer$ConditionObject.awaitNanos(AbstractQueuedSynchronizer.java:2078)
 java.util.concurrent.ScheduledThreadPoolExecutor$DelayedWorkQueue.take(ScheduledThreadPoolExecutor.java:1093)
 java.util.concurrent.ScheduledThreadPoolExecutor$DelayedWorkQueue.take(ScheduledThreadPoolExecutor.java:809)
 java.util.concurrent.ThreadPoolExecutor.getTask(ThreadPoolExecutor.java:1074)
 java.util.concurrent.ThreadPoolExecutor.runWorker(ThreadPoolExecutor.java:1134)
 java.util.concurrent.ThreadPoolExecutor$Worker.run(ThreadPoolExecutor.java:624)
 java.lang.Thread.run(Thread.java:748)
10-Mar-2022 09:14:46.561 ADVERTENCIA [http-nio-8080-exec-60] org.apache.catalina.loader.WebappClassLoaderBase.clearReferencesThreads The web application [miempresa-cuentas] appears to have started a thread named [AS400 Read Daemon [system:192.168.30.112;job:921446/QUSER/QZDASOINIT]] but has failed to stop it. This is very likely to create a memory leak. Stack trace of thread:
 java.net.SocketInputStream.socketRead0(Native Method)
 java.net.SocketInputStream.socketRead(SocketInputStream.java:116)
 java.net.SocketInputStream.read(SocketInputStream.java:171)
 java.net.SocketInputStream.read(SocketInputStream.java:141)
 com.ibm.as400.access.DataStream.readFromStream(DataStream.java:52)
 com.ibm.as400.access.ClientAccessDataStream.construct(ClientAccessDataStream.java:52)
 com.ibm.as400.access.AS400ThreadedServer.run(AS400ThreadedServer.java:357)
 java.lang.Thread.run(Thread.java:748)
10-Mar-2022 09:14:50.663 GRAVE [http-nio-8080-exec-60] org.apache.catalina.startup.ContextConfig.processAnnotationsJar No puedo procesar la entrada de Jar [module-info.class] desde el Jar [file:/C:/Users/User/Documents/Proyectos/miempresa-gateway/cuentas/target/miempresa-cuentas%23%231.4.3/WEB-INF/lib/jackson-annotations-2.13.1.jar] para las anotaciones
 org.apache.tomcat.util.bcel.classfile.ClassFormatException: Invalid byte tag in constant pool: 19
	at org.apache.tomcat.util.bcel.classfile.Constant.readConstant(Constant.java:97)
	at org.apache.tomcat.util.bcel.classfile.ConstantPool.<init>(ConstantPool.java:54)
	at org.apache.tomcat.util.bcel.classfile.ClassParser.readConstantPool(ClassParser.java:174)
	at org.apache.tomcat.util.bcel.classfile.ClassParser.parse(ClassParser.java:83)
	at org.apache.catalina.startup.ContextConfig.processAnnotationsStream(ContextConfig.java:2053)
	at org.apache.catalina.startup.ContextConfig.processAnnotationsJar(ContextConfig.java:2000)
	at org.apache.catalina.startup.ContextConfig.processAnnotationsUrl(ContextConfig.java:1970)
	at org.apache.catalina.startup.ContextConfig.processAnnotations(ContextConfig.java:1923)
	at org.apache.catalina.startup.ContextConfig.webConfig(ContextConfig.java:1163)
	at org.apache.catalina.startup.ContextConfig.configureStart(ContextConfig.java:775)
	at org.apache.catalina.startup.ContextConfig.lifecycleEvent(ContextConfig.java:299)
	at org.apache.catalina.util.LifecycleBase.fireLifecycleEvent(LifecycleBase.java:94)
	at org.apache.catalina.core.StandardContext.startInternal(StandardContext.java:5087)
	at org.apache.catalina.util.LifecycleBase.start(LifecycleBase.java:150)
	at org.apache.catalina.core.StandardContext.reload(StandardContext.java:3782)
	at org.apache.catalina.manager.ManagerServlet.reload(ManagerServlet.java:1006)
	at org.apache.catalina.manager.ManagerServlet.doGet(ManagerServlet.java:346)
	at javax.servlet.http.HttpServlet.service(HttpServlet.java:622)
	at javax.servlet.http.HttpServlet.service(HttpServlet.java:729)
	at org.apache.catalina.core.ApplicationFilterChain.internalDoFilter(ApplicationFilterChain.java:230)
	at org.apache.catalina.core.ApplicationFilterChain.doFilter(ApplicationFilterChain.java:165)
	at org.apache.tomcat.websocket.server.WsFilter.doFilter(WsFilter.java:52)
	at org.apache.catalina.core.ApplicationFilterChain.internalDoFilter(ApplicationFilterChain.java:192)
	at org.apache.catalina.core.ApplicationFilterChain.doFilter(ApplicationFilterChain.java:165)
	at org.apache.catalina.filters.SetCharacterEncodingFilter.doFilter(SetCharacterEncodingFilter.java:108)
	at org.apache.catalina.core.ApplicationFilterChain.internalDoFilter(ApplicationFilterChain.java:192)
	at org.apache.catalina.core.ApplicationFilterChain.doFilter(ApplicationFilterChain.java:165)
	at org.apache.catalina.core.StandardWrapperValve.invoke(StandardWrapperValve.java:198)
	at org.apache.catalina.core.StandardContextValve.invoke(StandardContextValve.java:108)
	at org.apache.catalina.authenticator.AuthenticatorBase.invoke(AuthenticatorBase.java:589)
	at org.apache.catalina.valves.RequestFilterValve.process(RequestFilterValve.java:319)
	at org.apache.catalina.valves.RemoteAddrValve.invoke(RemoteAddrValve.java:88)
	at org.apache.catalina.core.StandardHostValve.invoke(StandardHostValve.java:140)
	at org.apache.catalina.valves.ErrorReportValve.invoke(ErrorReportValve.java:79)
	at org.apache.catalina.valves.AbstractAccessLogValve.invoke(AbstractAccessLogValve.java:620)
	at org.apache.catalina.core.StandardEngineValve.invoke(StandardEngineValve.java:87)
	at org.apache.catalina.connector.CoyoteAdapter.service(CoyoteAdapter.java:349)
	at org.apache.coyote.http11.Http11Processor.service(Http11Processor.java:784)
	at org.apache.coyote.AbstractProcessorLight.process(AbstractProcessorLight.java:66)
	at org.apache.coyote.AbstractProtocol$ConnectionHandler.process(AbstractProtocol.java:802)
	at org.apache.tomcat.util.net.NioEndpoint$SocketProcessor.doRun(NioEndpoint.java:1410)
	at org.apache.tomcat.util.net.SocketProcessorBase.run(SocketProcessorBase.java:49)
	at java.util.concurrent.ThreadPoolExecutor.runWorker(ThreadPoolExecutor.java:1149)
	at java.util.concurrent.ThreadPoolExecutor$Worker.run(ThreadPoolExecutor.java:624)
	at org.apache.tomcat.util.threads.TaskThread$WrappingRunnable.run(TaskThread.java:61)
	at java.lang.Thread.run(Thread.java:748)

10-Mar-2022 09:14:51.627 GRAVE [http-nio-8080-exec-60] org.apache.catalina.startup.ContextConfig.processAnnotationsJar No puedo procesar la entrada de Jar [META-INF/versions/11/module-info.class] desde el Jar [file:/C:/Users/User/Documents/Proyectos/miempresa-gateway/cuentas/target/miempresa-cuentas%23%231.4.3/WEB-INF/lib/jackson-databind-2.13.1.jar] para las anotaciones
 org.apache.tomcat.util.bcel.classfile.ClassFormatException: Invalid byte tag in constant pool: 19
	at org.apache.tomcat.util.bcel.classfile.Constant.readConstant(Constant.java:97)
	at org.apache.tomcat.util.bcel.classfile.ConstantPool.<init>(ConstantPool.java:54)
	at org.apache.tomcat.util.bcel.classfile.ClassParser.readConstantPool(ClassParser.java:174)
	at org.apache.tomcat.util.bcel.classfile.ClassParser.parse(ClassParser.java:83)
	at org.apache.catalina.startup.ContextConfig.processAnnotationsStream(ContextConfig.java:2053)
	at org.apache.catalina.startup.ContextConfig.processAnnotationsJar(ContextConfig.java:2000)
	at org.apache.catalina.startup.ContextConfig.processAnnotationsUrl(ContextConfig.java:1970)
	at org.apache.catalina.startup.ContextConfig.processAnnotations(ContextConfig.java:1923)
	at org.apache.catalina.startup.ContextConfig.webConfig(ContextConfig.java:1163)
	at org.apache.catalina.startup.ContextConfig.configureStart(ContextConfig.java:775)
	at org.apache.catalina.startup.ContextConfig.lifecycleEvent(ContextConfig.java:299)
	at org.apache.catalina.util.LifecycleBase.fireLifecycleEvent(LifecycleBase.java:94)
	at org.apache.catalina.core.StandardContext.startInternal(StandardContext.java:5087)
	at org.apache.catalina.util.LifecycleBase.start(LifecycleBase.java:150)
	at org.apache.catalina.core.StandardContext.reload(StandardContext.java:3782)
	at org.apache.catalina.manager.ManagerServlet.reload(ManagerServlet.java:1006)
	at org.apache.catalina.manager.ManagerServlet.doGet(ManagerServlet.java:346)
	at javax.servlet.http.HttpServlet.service(HttpServlet.java:622)
	at javax.servlet.http.HttpServlet.service(HttpServlet.java:729)
	at org.apache.catalina.core.ApplicationFilterChain.internalDoFilter(ApplicationFilterChain.java:230)
	at org.apache.catalina.core.ApplicationFilterChain.doFilter(ApplicationFilterChain.java:165)
	at org.apache.tomcat.websocket.server.WsFilter.doFilter(WsFilter.java:52)
	at org.apache.catalina.core.ApplicationFilterChain.internalDoFilter(ApplicationFilterChain.java:192)
	at org.apache.catalina.core.ApplicationFilterChain.doFilter(ApplicationFilterChain.java:165)
	at org.apache.catalina.filters.SetCharacterEncodingFilter.doFilter(SetCharacterEncodingFilter.java:108)
	at org.apache.catalina.core.ApplicationFilterChain.internalDoFilter(ApplicationFilterChain.java:192)
	at org.apache.catalina.core.ApplicationFilterChain.doFilter(ApplicationFilterChain.java:165)
	at org.apache.catalina.core.StandardWrapperValve.invoke(StandardWrapperValve.java:198)
	at org.apache.catalina.core.StandardContextValve.invoke(StandardContextValve.java:108)
	at org.apache.catalina.authenticator.AuthenticatorBase.invoke(AuthenticatorBase.java:589)
	at org.apache.catalina.valves.RequestFilterValve.process(RequestFilterValve.java:319)
	at org.apache.catalina.valves.RemoteAddrValve.invoke(RemoteAddrValve.java:88)
	at org.apache.catalina.core.StandardHostValve.invoke(StandardHostValve.java:140)
	at org.apache.catalina.valves.ErrorReportValve.invoke(ErrorReportValve.java:79)
	at org.apache.catalina.valves.AbstractAccessLogValve.invoke(AbstractAccessLogValve.java:620)
	at org.apache.catalina.core.StandardEngineValve.invoke(StandardEngineValve.java:87)
	at org.apache.catalina.connector.CoyoteAdapter.service(CoyoteAdapter.java:349)
	at org.apache.coyote.http11.Http11Processor.service(Http11Processor.java:784)
	at org.apache.coyote.AbstractProcessorLight.process(AbstractProcessorLight.java:66)
	at org.apache.coyote.AbstractProtocol$ConnectionHandler.process(AbstractProtocol.java:802)
	at org.apache.tomcat.util.net.NioEndpoint$SocketProcessor.doRun(NioEndpoint.java:1410)
	at org.apache.tomcat.util.net.SocketProcessorBase.run(SocketProcessorBase.java:49)
	at java.util.concurrent.ThreadPoolExecutor.runWorker(ThreadPoolExecutor.java:1149)
	at java.util.concurrent.ThreadPoolExecutor$Worker.run(ThreadPoolExecutor.java:624)
	at org.apache.tomcat.util.threads.TaskThread$WrappingRunnable.run(TaskThread.java:61)
	at java.lang.Thread.run(Thread.java:748)

10-Mar-2022 09:14:53.581 GRAVE [http-nio-8080-exec-60] org.apache.catalina.startup.ContextConfig.processAnnotationsJar No puedo procesar la entrada de Jar [META-INF/versions/11/module-info.class] desde el Jar [file:/C:/Users/User/Documents/Proyectos/miempresa-gateway/cuentas/target/miempresa-cuentas%23%231.4.3/WEB-INF/lib/jackson-core-2.13.1.jar] para las anotaciones
 org.apache.tomcat.util.bcel.classfile.ClassFormatException: Invalid byte tag in constant pool: 19
	at org.apache.tomcat.util.bcel.classfile.Constant.readConstant(Constant.java:97)
	at org.apache.tomcat.util.bcel.classfile.ConstantPool.<init>(ConstantPool.java:54)
	at org.apache.tomcat.util.bcel.classfile.ClassParser.readConstantPool(ClassParser.java:174)
	at org.apache.tomcat.util.bcel.classfile.ClassParser.parse(ClassParser.java:83)
	at org.apache.catalina.startup.ContextConfig.processAnnotationsStream(ContextConfig.java:2053)
	at org.apache.catalina.startup.ContextConfig.processAnnotationsJar(ContextConfig.java:2000)
	at org.apache.catalina.startup.ContextConfig.processAnnotationsUrl(ContextConfig.java:1970)
	at org.apache.catalina.startup.ContextConfig.processAnnotations(ContextConfig.java:1923)
	at org.apache.catalina.startup.ContextConfig.webConfig(ContextConfig.java:1163)
	at org.apache.catalina.startup.ContextConfig.configureStart(ContextConfig.java:775)
	at org.apache.catalina.startup.ContextConfig.lifecycleEvent(ContextConfig.java:299)
	at org.apache.catalina.util.LifecycleBase.fireLifecycleEvent(LifecycleBase.java:94)
	at org.apache.catalina.core.StandardContext.startInternal(StandardContext.java:5087)
	at org.apache.catalina.util.LifecycleBase.start(LifecycleBase.java:150)
	at org.apache.catalina.core.StandardContext.reload(StandardContext.java:3782)
	at org.apache.catalina.manager.ManagerServlet.reload(ManagerServlet.java:1006)
	at org.apache.catalina.manager.ManagerServlet.doGet(ManagerServlet.java:346)
	at javax.servlet.http.HttpServlet.service(HttpServlet.java:622)
	at javax.servlet.http.HttpServlet.service(HttpServlet.java:729)
	at org.apache.catalina.core.ApplicationFilterChain.internalDoFilter(ApplicationFilterChain.java:230)
	at org.apache.catalina.core.ApplicationFilterChain.doFilter(ApplicationFilterChain.java:165)
	at org.apache.tomcat.websocket.server.WsFilter.doFilter(WsFilter.java:52)
	at org.apache.catalina.core.ApplicationFilterChain.internalDoFilter(ApplicationFilterChain.java:192)
	at org.apache.catalina.core.ApplicationFilterChain.doFilter(ApplicationFilterChain.java:165)
	at org.apache.catalina.filters.SetCharacterEncodingFilter.doFilter(SetCharacterEncodingFilter.java:108)
	at org.apache.catalina.core.ApplicationFilterChain.internalDoFilter(ApplicationFilterChain.java:192)
	at org.apache.catalina.core.ApplicationFilterChain.doFilter(ApplicationFilterChain.java:165)
	at org.apache.catalina.core.StandardWrapperValve.invoke(StandardWrapperValve.java:198)
	at org.apache.catalina.core.StandardContextValve.invoke(StandardContextValve.java:108)
	at org.apache.catalina.authenticator.AuthenticatorBase.invoke(AuthenticatorBase.java:589)
	at org.apache.catalina.valves.RequestFilterValve.process(RequestFilterValve.java:319)
	at org.apache.catalina.valves.RemoteAddrValve.invoke(RemoteAddrValve.java:88)
	at org.apache.catalina.core.StandardHostValve.invoke(StandardHostValve.java:140)
	at org.apache.catalina.valves.ErrorReportValve.invoke(ErrorReportValve.java:79)
	at org.apache.catalina.valves.AbstractAccessLogValve.invoke(AbstractAccessLogValve.java:620)
	at org.apache.catalina.core.StandardEngineValve.invoke(StandardEngineValve.java:87)
	at org.apache.catalina.connector.CoyoteAdapter.service(CoyoteAdapter.java:349)
	at org.apache.coyote.http11.Http11Processor.service(Http11Processor.java:784)
	at org.apache.coyote.AbstractProcessorLight.process(AbstractProcessorLight.java:66)
	at org.apache.coyote.AbstractProtocol$ConnectionHandler.process(AbstractProtocol.java:802)
	at org.apache.tomcat.util.net.NioEndpoint$SocketProcessor.doRun(NioEndpoint.java:1410)
	at org.apache.tomcat.util.net.SocketProcessorBase.run(SocketProcessorBase.java:49)
	at java.util.concurrent.ThreadPoolExecutor.runWorker(ThreadPoolExecutor.java:1149)
	at java.util.concurrent.ThreadPoolExecutor$Worker.run(ThreadPoolExecutor.java:624)
	at org.apache.tomcat.util.threads.TaskThread$WrappingRunnable.run(TaskThread.java:61)
	at java.lang.Thread.run(Thread.java:748)

10-Mar-2022 09:14:54.348 GRAVE [http-nio-8080-exec-60] org.apache.catalina.startup.ContextConfig.processAnnotationsJar No puedo procesar la entrada de Jar [module-info.class] desde el Jar [file:/C:/Users/User/Documents/Proyectos/miempresa-gateway/cuentas/target/miempresa-cuentas%23%231.4.3/WEB-INF/lib/lombok-1.18.10.jar] para las anotaciones
 org.apache.tomcat.util.bcel.classfile.ClassFormatException: Invalid byte tag in constant pool: 19
	at org.apache.tomcat.util.bcel.classfile.Constant.readConstant(Constant.java:97)
	at org.apache.tomcat.util.bcel.classfile.ConstantPool.<init>(ConstantPool.java:54)
	at org.apache.tomcat.util.bcel.classfile.ClassParser.readConstantPool(ClassParser.java:174)
	at org.apache.tomcat.util.bcel.classfile.ClassParser.parse(ClassParser.java:83)
	at org.apache.catalina.startup.ContextConfig.processAnnotationsStream(ContextConfig.java:2053)
	at org.apache.catalina.startup.ContextConfig.processAnnotationsJar(ContextConfig.java:2000)
	at org.apache.catalina.startup.ContextConfig.processAnnotationsUrl(ContextConfig.java:1970)
	at org.apache.catalina.startup.ContextConfig.processAnnotations(ContextConfig.java:1923)
	at org.apache.catalina.startup.ContextConfig.webConfig(ContextConfig.java:1163)
	at org.apache.catalina.startup.ContextConfig.configureStart(ContextConfig.java:775)
	at org.apache.catalina.startup.ContextConfig.lifecycleEvent(ContextConfig.java:299)
	at org.apache.catalina.util.LifecycleBase.fireLifecycleEvent(LifecycleBase.java:94)
	at org.apache.catalina.core.StandardContext.startInternal(StandardContext.java:5087)
	at org.apache.catalina.util.LifecycleBase.start(LifecycleBase.java:150)
	at org.apache.catalina.core.StandardContext.reload(StandardContext.java:3782)
	at org.apache.catalina.manager.ManagerServlet.reload(ManagerServlet.java:1006)
	at org.apache.catalina.manager.ManagerServlet.doGet(ManagerServlet.java:346)
	at javax.servlet.http.HttpServlet.service(HttpServlet.java:622)
	at javax.servlet.http.HttpServlet.service(HttpServlet.java:729)
	at org.apache.catalina.core.ApplicationFilterChain.internalDoFilter(ApplicationFilterChain.java:230)
	at org.apache.catalina.core.ApplicationFilterChain.doFilter(ApplicationFilterChain.java:165)
	at org.apache.tomcat.websocket.server.WsFilter.doFilter(WsFilter.java:52)
	at org.apache.catalina.core.ApplicationFilterChain.internalDoFilter(ApplicationFilterChain.java:192)
	at org.apache.catalina.core.ApplicationFilterChain.doFilter(ApplicationFilterChain.java:165)
	at org.apache.catalina.filters.SetCharacterEncodingFilter.doFilter(SetCharacterEncodingFilter.java:108)
	at org.apache.catalina.core.ApplicationFilterChain.internalDoFilter(ApplicationFilterChain.java:192)
	at org.apache.catalina.core.ApplicationFilterChain.doFilter(ApplicationFilterChain.java:165)
	at org.apache.catalina.core.StandardWrapperValve.invoke(StandardWrapperValve.java:198)
	at org.apache.catalina.core.StandardContextValve.invoke(StandardContextValve.java:108)
	at org.apache.catalina.authenticator.AuthenticatorBase.invoke(AuthenticatorBase.java:589)
	at org.apache.catalina.valves.RequestFilterValve.process(RequestFilterValve.java:319)
	at org.apache.catalina.valves.RemoteAddrValve.invoke(RemoteAddrValve.java:88)
	at org.apache.catalina.core.StandardHostValve.invoke(StandardHostValve.java:140)
	at org.apache.catalina.valves.ErrorReportValve.invoke(ErrorReportValve.java:79)
	at org.apache.catalina.valves.AbstractAccessLogValve.invoke(AbstractAccessLogValve.java:620)
	at org.apache.catalina.core.StandardEngineValve.invoke(StandardEngineValve.java:87)
	at org.apache.catalina.connector.CoyoteAdapter.service(CoyoteAdapter.java:349)
	at org.apache.coyote.http11.Http11Processor.service(Http11Processor.java:784)
	at org.apache.coyote.AbstractProcessorLight.process(AbstractProcessorLight.java:66)
	at org.apache.coyote.AbstractProtocol$ConnectionHandler.process(AbstractProtocol.java:802)
	at org.apache.tomcat.util.net.NioEndpoint$SocketProcessor.doRun(NioEndpoint.java:1410)
	at org.apache.tomcat.util.net.SocketProcessorBase.run(SocketProcessorBase.java:49)
	at java.util.concurrent.ThreadPoolExecutor.runWorker(ThreadPoolExecutor.java:1149)
	at java.util.concurrent.ThreadPoolExecutor$Worker.run(ThreadPoolExecutor.java:624)
	at org.apache.tomcat.util.threads.TaskThread$WrappingRunnable.run(TaskThread.java:61)
	at java.lang.Thread.run(Thread.java:748)

10-Mar-2022 09:14:55.290 ADVERTENCIA [http-nio-8080-exec-60] org.apache.tomcat.dbcp.dbcp2.BasicDataSourceFactory.getObjectInstance Name = CNB-Sybase Property maxActive is not used in DBCP2, use maxTotal instead. maxTotal default value is 8. You have set value of "1" for "maxActive" property, which is being ignored.
10-Mar-2022 09:14:55.290 INFORMACIÓN [http-nio-8080-exec-60] org.apache.tomcat.dbcp.dbcp2.BasicDataSourceFactory.getObjectInstance Name = Solicitud Ignoring unknown property: value of "1" for "minimumIdle" property
10-Mar-2022 09:14:55.291 INFORMACIÓN [http-nio-8080-exec-60] org.apache.tomcat.dbcp.dbcp2.BasicDataSourceFactory.getObjectInstance Name = Solicitud Ignoring unknown property: value of "1" for "maximumPoolSize" property
10-Mar-2022 09:14:55.291 ADVERTENCIA [http-nio-8080-exec-60] org.apache.tomcat.dbcp.dbcp2.BasicDataSourceFactory.getObjectInstance Name = pentaho-sybase Property maxActive is not used in DBCP2, use maxTotal instead. maxTotal default value is 8. You have set value of "5" for "maxActive" property, which is being ignored.
10-Mar-2022 09:14:55.375 INFORMACIÓN [http-nio-8080-exec-60] org.apache.jasper.servlet.TldScanner.scanJars Al menos un JAR, que se ha explorado buscando TLDs, aún no contenía TLDs. Activar historial de depuración para este historiador para una completa lista de los JARs que fueron explorados y de los que nos se halló TLDs. Saltarse JARs no necesarios durante la exploración puede dar lugar a una mejora de tiempo significativa en el arranque y compilación de JSP .
10-Mar-2022 09:15:07.642 INFORMACIÓN [http-nio-8080-exec-60] org.apache.catalina.core.StandardContext.reload Se ha completado la recarga de este Contexto
10-Mar-2022 09:15:08.209 INFORMACIÓN [http-nio-8080-exec-67] org.apache.catalina.core.StandardContext.reload Ha comenzado la recarga de Contexto [/miempresa-empresas]
10-Mar-2022 09:15:08.973 ADVERTENCIA [http-nio-8080-exec-67] org.apache.catalina.loader.WebappClassLoaderBase.clearReferencesThreads The web application [miempresa-empresas] appears to have started a thread named [Log4j2-TF-3-Scheduled-1] but has failed to stop it. This is very likely to create a memory leak. Stack trace of thread:
 sun.misc.Unsafe.park(Native Method)
 java.util.concurrent.locks.LockSupport.parkNanos(LockSupport.java:215)
 java.util.concurrent.locks.AbstractQueuedSynchronizer$ConditionObject.awaitNanos(AbstractQueuedSynchronizer.java:2078)
 java.util.concurrent.ScheduledThreadPoolExecutor$DelayedWorkQueue.take(ScheduledThreadPoolExecutor.java:1093)
 java.util.concurrent.ScheduledThreadPoolExecutor$DelayedWorkQueue.take(ScheduledThreadPoolExecutor.java:809)
 java.util.concurrent.ThreadPoolExecutor.getTask(ThreadPoolExecutor.java:1074)
 java.util.concurrent.ThreadPoolExecutor.runWorker(ThreadPoolExecutor.java:1134)
 java.util.concurrent.ThreadPoolExecutor$Worker.run(ThreadPoolExecutor.java:624)
 java.lang.Thread.run(Thread.java:748)
10-Mar-2022 09:15:08.974 GRAVE [http-nio-8080-exec-67] org.apache.catalina.loader.WebappClassLoaderBase.checkThreadLocalMapForLeaks La aplicación web [miempresa-empresas] creó un ThreadLocal con clave del tipo [biz.paluch.logging.gelf.GelfMessageAssembler$1] (valor [biz.paluch.logging.gelf.GelfMessageAssembler$1@6e864535]) y un valor del tipo [biz.paluch.logging.gelf.intern.PoolingGelfMessageBuilder] (valor [biz.paluch.logging.gelf.intern.PoolingGelfMessageBuilder@73735c41]) pero no pudo quitarlo cuando la aplicación web se paró. Los hilos se van a renovar con el tiempo para intentar evitar in posible fallo de memoria.
10-Mar-2022 09:15:08.974 GRAVE [http-nio-8080-exec-67] org.apache.catalina.loader.WebappClassLoaderBase.checkThreadLocalMapForLeaks La aplicación web [miempresa-empresas] creó un ThreadLocal con clave del tipo [biz.paluch.logging.gelf.intern.OutputAccessor$OutputAccessorPoolHolder$1] (valor [biz.paluch.logging.gelf.intern.OutputAccessor$OutputAccessorPoolHolder$1@7cd3bee3]) y un valor del tipo [biz.paluch.logging.gelf.intern.OutputAccessor.ByteBufferOutputAccessor] (valor [biz.paluch.logging.gelf.intern.OutputAccessor$ByteBufferOutputAccessor@7959580b]) pero no pudo quitarlo cuando la aplicación web se paró. Los hilos se van a renovar con el tiempo para intentar evitar in posible fallo de memoria.
10-Mar-2022 09:15:11.242 GRAVE [http-nio-8080-exec-67] org.apache.catalina.startup.ContextConfig.processAnnotationsJar No puedo procesar la entrada de Jar [module-info.class] desde el Jar [file:/C:/Users/User/Documents/Proyectos/miempresa-gateway/empresas/target/miempresa-empresas%23%231.4.3/WEB-INF/lib/lombok-1.18.10.jar] para las anotaciones
 org.apache.tomcat.util.bcel.classfile.ClassFormatException: Invalid byte tag in constant pool: 19
	at org.apache.tomcat.util.bcel.classfile.Constant.readConstant(Constant.java:97)
	at org.apache.tomcat.util.bcel.classfile.ConstantPool.<init>(ConstantPool.java:54)
	at org.apache.tomcat.util.bcel.classfile.ClassParser.readConstantPool(ClassParser.java:174)
	at org.apache.tomcat.util.bcel.classfile.ClassParser.parse(ClassParser.java:83)
	at org.apache.catalina.startup.ContextConfig.processAnnotationsStream(ContextConfig.java:2053)
	at org.apache.catalina.startup.ContextConfig.processAnnotationsJar(ContextConfig.java:2000)
	at org.apache.catalina.startup.ContextConfig.processAnnotationsUrl(ContextConfig.java:1970)
	at org.apache.catalina.startup.ContextConfig.processAnnotations(ContextConfig.java:1923)
	at org.apache.catalina.startup.ContextConfig.webConfig(ContextConfig.java:1163)
	at org.apache.catalina.startup.ContextConfig.configureStart(ContextConfig.java:775)
	at org.apache.catalina.startup.ContextConfig.lifecycleEvent(ContextConfig.java:299)
	at org.apache.catalina.util.LifecycleBase.fireLifecycleEvent(LifecycleBase.java:94)
	at org.apache.catalina.core.StandardContext.startInternal(StandardContext.java:5087)
	at org.apache.catalina.util.LifecycleBase.start(LifecycleBase.java:150)
	at org.apache.catalina.core.StandardContext.reload(StandardContext.java:3782)
	at org.apache.catalina.manager.ManagerServlet.reload(ManagerServlet.java:1006)
	at org.apache.catalina.manager.ManagerServlet.doGet(ManagerServlet.java:346)
	at javax.servlet.http.HttpServlet.service(HttpServlet.java:622)
	at javax.servlet.http.HttpServlet.service(HttpServlet.java:729)
	at org.apache.catalina.core.ApplicationFilterChain.internalDoFilter(ApplicationFilterChain.java:230)
	at org.apache.catalina.core.ApplicationFilterChain.doFilter(ApplicationFilterChain.java:165)
	at org.apache.tomcat.websocket.server.WsFilter.doFilter(WsFilter.java:52)
	at org.apache.catalina.core.ApplicationFilterChain.internalDoFilter(ApplicationFilterChain.java:192)
	at org.apache.catalina.core.ApplicationFilterChain.doFilter(ApplicationFilterChain.java:165)
	at org.apache.catalina.filters.SetCharacterEncodingFilter.doFilter(SetCharacterEncodingFilter.java:108)
	at org.apache.catalina.core.ApplicationFilterChain.internalDoFilter(ApplicationFilterChain.java:192)
	at org.apache.catalina.core.ApplicationFilterChain.doFilter(ApplicationFilterChain.java:165)
	at org.apache.catalina.core.StandardWrapperValve.invoke(StandardWrapperValve.java:198)
	at org.apache.catalina.core.StandardContextValve.invoke(StandardContextValve.java:108)
	at org.apache.catalina.authenticator.AuthenticatorBase.invoke(AuthenticatorBase.java:589)
	at org.apache.catalina.valves.RequestFilterValve.process(RequestFilterValve.java:319)
	at org.apache.catalina.valves.RemoteAddrValve.invoke(RemoteAddrValve.java:88)
	at org.apache.catalina.core.StandardHostValve.invoke(StandardHostValve.java:140)
	at org.apache.catalina.valves.ErrorReportValve.invoke(ErrorReportValve.java:79)
	at org.apache.catalina.valves.AbstractAccessLogValve.invoke(AbstractAccessLogValve.java:620)
	at org.apache.catalina.core.StandardEngineValve.invoke(StandardEngineValve.java:87)
	at org.apache.catalina.connector.CoyoteAdapter.service(CoyoteAdapter.java:349)
	at org.apache.coyote.http11.Http11Processor.service(Http11Processor.java:784)
	at org.apache.coyote.AbstractProcessorLight.process(AbstractProcessorLight.java:66)
	at org.apache.coyote.AbstractProtocol$ConnectionHandler.process(AbstractProtocol.java:802)
	at org.apache.tomcat.util.net.NioEndpoint$SocketProcessor.doRun(NioEndpoint.java:1410)
	at org.apache.tomcat.util.net.SocketProcessorBase.run(SocketProcessorBase.java:49)
	at java.util.concurrent.ThreadPoolExecutor.runWorker(ThreadPoolExecutor.java:1149)
	at java.util.concurrent.ThreadPoolExecutor$Worker.run(ThreadPoolExecutor.java:624)
	at org.apache.tomcat.util.threads.TaskThread$WrappingRunnable.run(TaskThread.java:61)
	at java.lang.Thread.run(Thread.java:748)

10-Mar-2022 09:15:11.533 GRAVE [http-nio-8080-exec-67] org.apache.catalina.startup.ContextConfig.processAnnotationsJar No puedo procesar la entrada de Jar [META-INF/versions/11/module-info.class] desde el Jar [file:/C:/Users/User/Documents/Proyectos/miempresa-gateway/empresas/target/miempresa-empresas%23%231.4.3/WEB-INF/lib/jackson-core-2.13.1.jar] para las anotaciones
 org.apache.tomcat.util.bcel.classfile.ClassFormatException: Invalid byte tag in constant pool: 19
	at org.apache.tomcat.util.bcel.classfile.Constant.readConstant(Constant.java:97)
	at org.apache.tomcat.util.bcel.classfile.ConstantPool.<init>(ConstantPool.java:54)
	at org.apache.tomcat.util.bcel.classfile.ClassParser.readConstantPool(ClassParser.java:174)
	at org.apache.tomcat.util.bcel.classfile.ClassParser.parse(ClassParser.java:83)
	at org.apache.catalina.startup.ContextConfig.processAnnotationsStream(ContextConfig.java:2053)
	at org.apache.catalina.startup.ContextConfig.processAnnotationsJar(ContextConfig.java:2000)
	at org.apache.catalina.startup.ContextConfig.processAnnotationsUrl(ContextConfig.java:1970)
	at org.apache.catalina.startup.ContextConfig.processAnnotations(ContextConfig.java:1923)
	at org.apache.catalina.startup.ContextConfig.webConfig(ContextConfig.java:1163)
	at org.apache.catalina.startup.ContextConfig.configureStart(ContextConfig.java:775)
	at org.apache.catalina.startup.ContextConfig.lifecycleEvent(ContextConfig.java:299)
	at org.apache.catalina.util.LifecycleBase.fireLifecycleEvent(LifecycleBase.java:94)
	at org.apache.catalina.core.StandardContext.startInternal(StandardContext.java:5087)
	at org.apache.catalina.util.LifecycleBase.start(LifecycleBase.java:150)
	at org.apache.catalina.core.StandardContext.reload(StandardContext.java:3782)
	at org.apache.catalina.manager.ManagerServlet.reload(ManagerServlet.java:1006)
	at org.apache.catalina.manager.ManagerServlet.doGet(ManagerServlet.java:346)
	at javax.servlet.http.HttpServlet.service(HttpServlet.java:622)
	at javax.servlet.http.HttpServlet.service(HttpServlet.java:729)
	at org.apache.catalina.core.ApplicationFilterChain.internalDoFilter(ApplicationFilterChain.java:230)
	at org.apache.catalina.core.ApplicationFilterChain.doFilter(ApplicationFilterChain.java:165)
	at org.apache.tomcat.websocket.server.WsFilter.doFilter(WsFilter.java:52)
	at org.apache.catalina.core.ApplicationFilterChain.internalDoFilter(ApplicationFilterChain.java:192)
	at org.apache.catalina.core.ApplicationFilterChain.doFilter(ApplicationFilterChain.java:165)
	at org.apache.catalina.filters.SetCharacterEncodingFilter.doFilter(SetCharacterEncodingFilter.java:108)
	at org.apache.catalina.core.ApplicationFilterChain.internalDoFilter(ApplicationFilterChain.java:192)
	at org.apache.catalina.core.ApplicationFilterChain.doFilter(ApplicationFilterChain.java:165)
	at org.apache.catalina.core.StandardWrapperValve.invoke(StandardWrapperValve.java:198)
	at org.apache.catalina.core.StandardContextValve.invoke(StandardContextValve.java:108)
	at org.apache.catalina.authenticator.AuthenticatorBase.invoke(AuthenticatorBase.java:589)
	at org.apache.catalina.valves.RequestFilterValve.process(RequestFilterValve.java:319)
	at org.apache.catalina.valves.RemoteAddrValve.invoke(RemoteAddrValve.java:88)
	at org.apache.catalina.core.StandardHostValve.invoke(StandardHostValve.java:140)
	at org.apache.catalina.valves.ErrorReportValve.invoke(ErrorReportValve.java:79)
	at org.apache.catalina.valves.AbstractAccessLogValve.invoke(AbstractAccessLogValve.java:620)
	at org.apache.catalina.core.StandardEngineValve.invoke(StandardEngineValve.java:87)
	at org.apache.catalina.connector.CoyoteAdapter.service(CoyoteAdapter.java:349)
	at org.apache.coyote.http11.Http11Processor.service(Http11Processor.java:784)
	at org.apache.coyote.AbstractProcessorLight.process(AbstractProcessorLight.java:66)
	at org.apache.coyote.AbstractProtocol$ConnectionHandler.process(AbstractProtocol.java:802)
	at org.apache.tomcat.util.net.NioEndpoint$SocketProcessor.doRun(NioEndpoint.java:1410)
	at org.apache.tomcat.util.net.SocketProcessorBase.run(SocketProcessorBase.java:49)
	at java.util.concurrent.ThreadPoolExecutor.runWorker(ThreadPoolExecutor.java:1149)
	at java.util.concurrent.ThreadPoolExecutor$Worker.run(ThreadPoolExecutor.java:624)
	at org.apache.tomcat.util.threads.TaskThread$WrappingRunnable.run(TaskThread.java:61)
	at java.lang.Thread.run(Thread.java:748)

10-Mar-2022 09:15:12.974 GRAVE [http-nio-8080-exec-67] org.apache.catalina.startup.ContextConfig.processAnnotationsJar No puedo procesar la entrada de Jar [module-info.class] desde el Jar [file:/C:/Users/User/Documents/Proyectos/miempresa-gateway/empresas/target/miempresa-empresas%23%231.4.3/WEB-INF/lib/jackson-annotations-2.13.1.jar] para las anotaciones
 org.apache.tomcat.util.bcel.classfile.ClassFormatException: Invalid byte tag in constant pool: 19
	at org.apache.tomcat.util.bcel.classfile.Constant.readConstant(Constant.java:97)
	at org.apache.tomcat.util.bcel.classfile.ConstantPool.<init>(ConstantPool.java:54)
	at org.apache.tomcat.util.bcel.classfile.ClassParser.readConstantPool(ClassParser.java:174)
	at org.apache.tomcat.util.bcel.classfile.ClassParser.parse(ClassParser.java:83)
	at org.apache.catalina.startup.ContextConfig.processAnnotationsStream(ContextConfig.java:2053)
	at org.apache.catalina.startup.ContextConfig.processAnnotationsJar(ContextConfig.java:2000)
	at org.apache.catalina.startup.ContextConfig.processAnnotationsUrl(ContextConfig.java:1970)
	at org.apache.catalina.startup.ContextConfig.processAnnotations(ContextConfig.java:1923)
	at org.apache.catalina.startup.ContextConfig.webConfig(ContextConfig.java:1163)
	at org.apache.catalina.startup.ContextConfig.configureStart(ContextConfig.java:775)
	at org.apache.catalina.startup.ContextConfig.lifecycleEvent(ContextConfig.java:299)
	at org.apache.catalina.util.LifecycleBase.fireLifecycleEvent(LifecycleBase.java:94)
	at org.apache.catalina.core.StandardContext.startInternal(StandardContext.java:5087)
	at org.apache.catalina.util.LifecycleBase.start(LifecycleBase.java:150)
	at org.apache.catalina.core.StandardContext.reload(StandardContext.java:3782)
	at org.apache.catalina.manager.ManagerServlet.reload(ManagerServlet.java:1006)
	at org.apache.catalina.manager.ManagerServlet.doGet(ManagerServlet.java:346)
	at javax.servlet.http.HttpServlet.service(HttpServlet.java:622)
	at javax.servlet.http.HttpServlet.service(HttpServlet.java:729)
	at org.apache.catalina.core.ApplicationFilterChain.internalDoFilter(ApplicationFilterChain.java:230)
	at org.apache.catalina.core.ApplicationFilterChain.doFilter(ApplicationFilterChain.java:165)
	at org.apache.tomcat.websocket.server.WsFilter.doFilter(WsFilter.java:52)
	at org.apache.catalina.core.ApplicationFilterChain.internalDoFilter(ApplicationFilterChain.java:192)
	at org.apache.catalina.core.ApplicationFilterChain.doFilter(ApplicationFilterChain.java:165)
	at org.apache.catalina.filters.SetCharacterEncodingFilter.doFilter(SetCharacterEncodingFilter.java:108)
	at org.apache.catalina.core.ApplicationFilterChain.internalDoFilter(ApplicationFilterChain.java:192)
	at org.apache.catalina.core.ApplicationFilterChain.doFilter(ApplicationFilterChain.java:165)
	at org.apache.catalina.core.StandardWrapperValve.invoke(StandardWrapperValve.java:198)
	at org.apache.catalina.core.StandardContextValve.invoke(StandardContextValve.java:108)
	at org.apache.catalina.authenticator.AuthenticatorBase.invoke(AuthenticatorBase.java:589)
	at org.apache.catalina.valves.RequestFilterValve.process(RequestFilterValve.java:319)
	at org.apache.catalina.valves.RemoteAddrValve.invoke(RemoteAddrValve.java:88)
	at org.apache.catalina.core.StandardHostValve.invoke(StandardHostValve.java:140)
	at org.apache.catalina.valves.ErrorReportValve.invoke(ErrorReportValve.java:79)
	at org.apache.catalina.valves.AbstractAccessLogValve.invoke(AbstractAccessLogValve.java:620)
	at org.apache.catalina.core.StandardEngineValve.invoke(StandardEngineValve.java:87)
	at org.apache.catalina.connector.CoyoteAdapter.service(CoyoteAdapter.java:349)
	at org.apache.coyote.http11.Http11Processor.service(Http11Processor.java:784)
	at org.apache.coyote.AbstractProcessorLight.process(AbstractProcessorLight.java:66)
	at org.apache.coyote.AbstractProtocol$ConnectionHandler.process(AbstractProtocol.java:802)
	at org.apache.tomcat.util.net.NioEndpoint$SocketProcessor.doRun(NioEndpoint.java:1410)
	at org.apache.tomcat.util.net.SocketProcessorBase.run(SocketProcessorBase.java:49)
	at java.util.concurrent.ThreadPoolExecutor.runWorker(ThreadPoolExecutor.java:1149)
	at java.util.concurrent.ThreadPoolExecutor$Worker.run(ThreadPoolExecutor.java:624)
	at org.apache.tomcat.util.threads.TaskThread$WrappingRunnable.run(TaskThread.java:61)
	at java.lang.Thread.run(Thread.java:748)

10-Mar-2022 09:15:13.188 GRAVE [http-nio-8080-exec-67] org.apache.catalina.startup.ContextConfig.processAnnotationsJar No puedo procesar la entrada de Jar [META-INF/versions/11/module-info.class] desde el Jar [file:/C:/Users/User/Documents/Proyectos/miempresa-gateway/empresas/target/miempresa-empresas%23%231.4.3/WEB-INF/lib/jackson-databind-2.13.1.jar] para las anotaciones
 org.apache.tomcat.util.bcel.classfile.ClassFormatException: Invalid byte tag in constant pool: 19
	at org.apache.tomcat.util.bcel.classfile.Constant.readConstant(Constant.java:97)
	at org.apache.tomcat.util.bcel.classfile.ConstantPool.<init>(ConstantPool.java:54)
	at org.apache.tomcat.util.bcel.classfile.ClassParser.readConstantPool(ClassParser.java:174)
	at org.apache.tomcat.util.bcel.classfile.ClassParser.parse(ClassParser.java:83)
	at org.apache.catalina.startup.ContextConfig.processAnnotationsStream(ContextConfig.java:2053)
	at org.apache.catalina.startup.ContextConfig.processAnnotationsJar(ContextConfig.java:2000)
	at org.apache.catalina.startup.ContextConfig.processAnnotationsUrl(ContextConfig.java:1970)
	at org.apache.catalina.startup.ContextConfig.processAnnotations(ContextConfig.java:1923)
	at org.apache.catalina.startup.ContextConfig.webConfig(ContextConfig.java:1163)
	at org.apache.catalina.startup.ContextConfig.configureStart(ContextConfig.java:775)
	at org.apache.catalina.startup.ContextConfig.lifecycleEvent(ContextConfig.java:299)
	at org.apache.catalina.util.LifecycleBase.fireLifecycleEvent(LifecycleBase.java:94)
	at org.apache.catalina.core.StandardContext.startInternal(StandardContext.java:5087)
	at org.apache.catalina.util.LifecycleBase.start(LifecycleBase.java:150)
	at org.apache.catalina.core.StandardContext.reload(StandardContext.java:3782)
	at org.apache.catalina.manager.ManagerServlet.reload(ManagerServlet.java:1006)
	at org.apache.catalina.manager.ManagerServlet.doGet(ManagerServlet.java:346)
	at javax.servlet.http.HttpServlet.service(HttpServlet.java:622)
	at javax.servlet.http.HttpServlet.service(HttpServlet.java:729)
	at org.apache.catalina.core.ApplicationFilterChain.internalDoFilter(ApplicationFilterChain.java:230)
	at org.apache.catalina.core.ApplicationFilterChain.doFilter(ApplicationFilterChain.java:165)
	at org.apache.tomcat.websocket.server.WsFilter.doFilter(WsFilter.java:52)
	at org.apache.catalina.core.ApplicationFilterChain.internalDoFilter(ApplicationFilterChain.java:192)
	at org.apache.catalina.core.ApplicationFilterChain.doFilter(ApplicationFilterChain.java:165)
	at org.apache.catalina.filters.SetCharacterEncodingFilter.doFilter(SetCharacterEncodingFilter.java:108)
	at org.apache.catalina.core.ApplicationFilterChain.internalDoFilter(ApplicationFilterChain.java:192)
	at org.apache.catalina.core.ApplicationFilterChain.doFilter(ApplicationFilterChain.java:165)
	at org.apache.catalina.core.StandardWrapperValve.invoke(StandardWrapperValve.java:198)
	at org.apache.catalina.core.StandardContextValve.invoke(StandardContextValve.java:108)
	at org.apache.catalina.authenticator.AuthenticatorBase.invoke(AuthenticatorBase.java:589)
	at org.apache.catalina.valves.RequestFilterValve.process(RequestFilterValve.java:319)
	at org.apache.catalina.valves.RemoteAddrValve.invoke(RemoteAddrValve.java:88)
	at org.apache.catalina.core.StandardHostValve.invoke(StandardHostValve.java:140)
	at org.apache.catalina.valves.ErrorReportValve.invoke(ErrorReportValve.java:79)
	at org.apache.catalina.valves.AbstractAccessLogValve.invoke(AbstractAccessLogValve.java:620)
	at org.apache.catalina.core.StandardEngineValve.invoke(StandardEngineValve.java:87)
	at org.apache.catalina.connector.CoyoteAdapter.service(CoyoteAdapter.java:349)
	at org.apache.coyote.http11.Http11Processor.service(Http11Processor.java:784)
	at org.apache.coyote.AbstractProcessorLight.process(AbstractProcessorLight.java:66)
	at org.apache.coyote.AbstractProtocol$ConnectionHandler.process(AbstractProtocol.java:802)
	at org.apache.tomcat.util.net.NioEndpoint$SocketProcessor.doRun(NioEndpoint.java:1410)
	at org.apache.tomcat.util.net.SocketProcessorBase.run(SocketProcessorBase.java:49)
	at java.util.concurrent.ThreadPoolExecutor.runWorker(ThreadPoolExecutor.java:1149)
	at java.util.concurrent.ThreadPoolExecutor$Worker.run(ThreadPoolExecutor.java:624)
	at org.apache.tomcat.util.threads.TaskThread$WrappingRunnable.run(TaskThread.java:61)
	at java.lang.Thread.run(Thread.java:748)

10-Mar-2022 09:15:14.640 ADVERTENCIA [http-nio-8080-exec-67] org.apache.tomcat.dbcp.dbcp2.BasicDataSourceFactory.getObjectInstance Name = CNB-Sybase Property maxActive is not used in DBCP2, use maxTotal instead. maxTotal default value is 8. You have set value of "1" for "maxActive" property, which is being ignored.
10-Mar-2022 09:15:14.641 INFORMACIÓN [http-nio-8080-exec-67] org.apache.tomcat.dbcp.dbcp2.BasicDataSourceFactory.getObjectInstance Name = Solicitud Ignoring unknown property: value of "1" for "minimumIdle" property
10-Mar-2022 09:15:14.641 INFORMACIÓN [http-nio-8080-exec-67] org.apache.tomcat.dbcp.dbcp2.BasicDataSourceFactory.getObjectInstance Name = Solicitud Ignoring unknown property: value of "1" for "maximumPoolSize" property
10-Mar-2022 09:15:14.641 ADVERTENCIA [http-nio-8080-exec-67] org.apache.tomcat.dbcp.dbcp2.BasicDataSourceFactory.getObjectInstance Name = pentaho-sybase Property maxActive is not used in DBCP2, use maxTotal instead. maxTotal default value is 8. You have set value of "5" for "maxActive" property, which is being ignored.
10-Mar-2022 09:15:14.716 INFORMACIÓN [http-nio-8080-exec-67] org.apache.jasper.servlet.TldScanner.scanJars Al menos un JAR, que se ha explorado buscando TLDs, aún no contenía TLDs. Activar historial de depuración para este historiador para una completa lista de los JARs que fueron explorados y de los que nos se halló TLDs. Saltarse JARs no necesarios durante la exploración puede dar lugar a una mejora de tiempo significativa en el arranque y compilación de JSP .
10-Mar-2022 09:15:31.511 INFORMACIÓN [http-nio-8080-exec-67] org.apache.catalina.core.StandardContext.reload Se ha completado la recarga de este Contexto
10-Mar-2022 09:57:41.545 INFORMACIÓN [http-nio-8080-exec-73] org.apache.catalina.core.StandardContext.reload Ha comenzado la recarga de Contexto [/miempresa-empresas]
10-Mar-2022 09:57:42.978 ADVERTENCIA [http-nio-8080-exec-73] org.apache.catalina.loader.WebappClassLoaderBase.clearReferencesThreads The web application [miempresa-empresas] appears to have started a thread named [Log4j2-TF-3-Scheduled-1] but has failed to stop it. This is very likely to create a memory leak. Stack trace of thread:
 sun.misc.Unsafe.park(Native Method)
 java.util.concurrent.locks.LockSupport.parkNanos(LockSupport.java:215)
 java.util.concurrent.locks.AbstractQueuedSynchronizer$ConditionObject.awaitNanos(AbstractQueuedSynchronizer.java:2078)
 java.util.concurrent.ScheduledThreadPoolExecutor$DelayedWorkQueue.take(ScheduledThreadPoolExecutor.java:1093)
 java.util.concurrent.ScheduledThreadPoolExecutor$DelayedWorkQueue.take(ScheduledThreadPoolExecutor.java:809)
 java.util.concurrent.ThreadPoolExecutor.getTask(ThreadPoolExecutor.java:1074)
 java.util.concurrent.ThreadPoolExecutor.runWorker(ThreadPoolExecutor.java:1134)
 java.util.concurrent.ThreadPoolExecutor$Worker.run(ThreadPoolExecutor.java:624)
 java.lang.Thread.run(Thread.java:748)
10-Mar-2022 09:57:42.979 GRAVE [http-nio-8080-exec-73] org.apache.catalina.loader.WebappClassLoaderBase.checkThreadLocalMapForLeaks La aplicación web [miempresa-empresas] creó un ThreadLocal con clave del tipo [biz.paluch.logging.gelf.intern.OutputAccessor$OutputAccessorPoolHolder$1] (valor [biz.paluch.logging.gelf.intern.OutputAccessor$OutputAccessorPoolHolder$1@59fe8b28]) y un valor del tipo [biz.paluch.logging.gelf.intern.OutputAccessor.ByteBufferOutputAccessor] (valor [biz.paluch.logging.gelf.intern.OutputAccessor$ByteBufferOutputAccessor@6434df0f]) pero no pudo quitarlo cuando la aplicación web se paró. Los hilos se van a renovar con el tiempo para intentar evitar in posible fallo de memoria.
10-Mar-2022 09:57:42.979 GRAVE [http-nio-8080-exec-73] org.apache.catalina.loader.WebappClassLoaderBase.checkThreadLocalMapForLeaks La aplicación web [miempresa-empresas] creó un ThreadLocal con clave del tipo [biz.paluch.logging.gelf.GelfMessageAssembler$1] (valor [biz.paluch.logging.gelf.GelfMessageAssembler$1@70ebab79]) y un valor del tipo [biz.paluch.logging.gelf.intern.PoolingGelfMessageBuilder] (valor [biz.paluch.logging.gelf.intern.PoolingGelfMessageBuilder@32e5cecc]) pero no pudo quitarlo cuando la aplicación web se paró. Los hilos se van a renovar con el tiempo para intentar evitar in posible fallo de memoria.
10-Mar-2022 09:57:44.458 GRAVE [http-nio-8080-exec-73] org.apache.catalina.startup.ContextConfig.processAnnotationsJar No puedo procesar la entrada de Jar [module-info.class] desde el Jar [file:/C:/Users/User/Documents/Proyectos/miempresa-gateway/empresas/target/miempresa-empresas%23%231.4.3/WEB-INF/lib/jackson-annotations-2.13.1.jar] para las anotaciones
 org.apache.tomcat.util.bcel.classfile.ClassFormatException: Invalid byte tag in constant pool: 19
	at org.apache.tomcat.util.bcel.classfile.Constant.readConstant(Constant.java:97)
	at org.apache.tomcat.util.bcel.classfile.ConstantPool.<init>(ConstantPool.java:54)
	at org.apache.tomcat.util.bcel.classfile.ClassParser.readConstantPool(ClassParser.java:174)
	at org.apache.tomcat.util.bcel.classfile.ClassParser.parse(ClassParser.java:83)
	at org.apache.catalina.startup.ContextConfig.processAnnotationsStream(ContextConfig.java:2053)
	at org.apache.catalina.startup.ContextConfig.processAnnotationsJar(ContextConfig.java:2000)
	at org.apache.catalina.startup.ContextConfig.processAnnotationsUrl(ContextConfig.java:1970)
	at org.apache.catalina.startup.ContextConfig.processAnnotations(ContextConfig.java:1923)
	at org.apache.catalina.startup.ContextConfig.webConfig(ContextConfig.java:1163)
	at org.apache.catalina.startup.ContextConfig.configureStart(ContextConfig.java:775)
	at org.apache.catalina.startup.ContextConfig.lifecycleEvent(ContextConfig.java:299)
	at org.apache.catalina.util.LifecycleBase.fireLifecycleEvent(LifecycleBase.java:94)
	at org.apache.catalina.core.StandardContext.startInternal(StandardContext.java:5087)
	at org.apache.catalina.util.LifecycleBase.start(LifecycleBase.java:150)
	at org.apache.catalina.core.StandardContext.reload(StandardContext.java:3782)
	at org.apache.catalina.manager.ManagerServlet.reload(ManagerServlet.java:1006)
	at org.apache.catalina.manager.ManagerServlet.doGet(ManagerServlet.java:346)
	at javax.servlet.http.HttpServlet.service(HttpServlet.java:622)
	at javax.servlet.http.HttpServlet.service(HttpServlet.java:729)
	at org.apache.catalina.core.ApplicationFilterChain.internalDoFilter(ApplicationFilterChain.java:230)
	at org.apache.catalina.core.ApplicationFilterChain.doFilter(ApplicationFilterChain.java:165)
	at org.apache.tomcat.websocket.server.WsFilter.doFilter(WsFilter.java:52)
	at org.apache.catalina.core.ApplicationFilterChain.internalDoFilter(ApplicationFilterChain.java:192)
	at org.apache.catalina.core.ApplicationFilterChain.doFilter(ApplicationFilterChain.java:165)
	at org.apache.catalina.filters.SetCharacterEncodingFilter.doFilter(SetCharacterEncodingFilter.java:108)
	at org.apache.catalina.core.ApplicationFilterChain.internalDoFilter(ApplicationFilterChain.java:192)
	at org.apache.catalina.core.ApplicationFilterChain.doFilter(ApplicationFilterChain.java:165)
	at org.apache.catalina.core.StandardWrapperValve.invoke(StandardWrapperValve.java:198)
	at org.apache.catalina.core.StandardContextValve.invoke(StandardContextValve.java:108)
	at org.apache.catalina.authenticator.AuthenticatorBase.invoke(AuthenticatorBase.java:589)
	at org.apache.catalina.valves.RequestFilterValve.process(RequestFilterValve.java:319)
	at org.apache.catalina.valves.RemoteAddrValve.invoke(RemoteAddrValve.java:88)
	at org.apache.catalina.core.StandardHostValve.invoke(StandardHostValve.java:140)
	at org.apache.catalina.valves.ErrorReportValve.invoke(ErrorReportValve.java:79)
	at org.apache.catalina.valves.AbstractAccessLogValve.invoke(AbstractAccessLogValve.java:620)
	at org.apache.catalina.core.StandardEngineValve.invoke(StandardEngineValve.java:87)
	at org.apache.catalina.connector.CoyoteAdapter.service(CoyoteAdapter.java:349)
	at org.apache.coyote.http11.Http11Processor.service(Http11Processor.java:784)
	at org.apache.coyote.AbstractProcessorLight.process(AbstractProcessorLight.java:66)
	at org.apache.coyote.AbstractProtocol$ConnectionHandler.process(AbstractProtocol.java:802)
	at org.apache.tomcat.util.net.NioEndpoint$SocketProcessor.doRun(NioEndpoint.java:1410)
	at org.apache.tomcat.util.net.SocketProcessorBase.run(SocketProcessorBase.java:49)
	at java.util.concurrent.ThreadPoolExecutor.runWorker(ThreadPoolExecutor.java:1149)
	at java.util.concurrent.ThreadPoolExecutor$Worker.run(ThreadPoolExecutor.java:624)
	at org.apache.tomcat.util.threads.TaskThread$WrappingRunnable.run(TaskThread.java:61)
	at java.lang.Thread.run(Thread.java:748)

10-Mar-2022 09:57:45.881 GRAVE [http-nio-8080-exec-73] org.apache.catalina.startup.ContextConfig.processAnnotationsJar No puedo procesar la entrada de Jar [META-INF/versions/11/module-info.class] desde el Jar [file:/C:/Users/User/Documents/Proyectos/miempresa-gateway/empresas/target/miempresa-empresas%23%231.4.3/WEB-INF/lib/jackson-core-2.13.1.jar] para las anotaciones
 org.apache.tomcat.util.bcel.classfile.ClassFormatException: Invalid byte tag in constant pool: 19
	at org.apache.tomcat.util.bcel.classfile.Constant.readConstant(Constant.java:97)
	at org.apache.tomcat.util.bcel.classfile.ConstantPool.<init>(ConstantPool.java:54)
	at org.apache.tomcat.util.bcel.classfile.ClassParser.readConstantPool(ClassParser.java:174)
	at org.apache.tomcat.util.bcel.classfile.ClassParser.parse(ClassParser.java:83)
	at org.apache.catalina.startup.ContextConfig.processAnnotationsStream(ContextConfig.java:2053)
	at org.apache.catalina.startup.ContextConfig.processAnnotationsJar(ContextConfig.java:2000)
	at org.apache.catalina.startup.ContextConfig.processAnnotationsUrl(ContextConfig.java:1970)
	at org.apache.catalina.startup.ContextConfig.processAnnotations(ContextConfig.java:1923)
	at org.apache.catalina.startup.ContextConfig.webConfig(ContextConfig.java:1163)
	at org.apache.catalina.startup.ContextConfig.configureStart(ContextConfig.java:775)
	at org.apache.catalina.startup.ContextConfig.lifecycleEvent(ContextConfig.java:299)
	at org.apache.catalina.util.LifecycleBase.fireLifecycleEvent(LifecycleBase.java:94)
	at org.apache.catalina.core.StandardContext.startInternal(StandardContext.java:5087)
	at org.apache.catalina.util.LifecycleBase.start(LifecycleBase.java:150)
	at org.apache.catalina.core.StandardContext.reload(StandardContext.java:3782)
	at org.apache.catalina.manager.ManagerServlet.reload(ManagerServlet.java:1006)
	at org.apache.catalina.manager.ManagerServlet.doGet(ManagerServlet.java:346)
	at javax.servlet.http.HttpServlet.service(HttpServlet.java:622)
	at javax.servlet.http.HttpServlet.service(HttpServlet.java:729)
	at org.apache.catalina.core.ApplicationFilterChain.internalDoFilter(ApplicationFilterChain.java:230)
	at org.apache.catalina.core.ApplicationFilterChain.doFilter(ApplicationFilterChain.java:165)
	at org.apache.tomcat.websocket.server.WsFilter.doFilter(WsFilter.java:52)
	at org.apache.catalina.core.ApplicationFilterChain.internalDoFilter(ApplicationFilterChain.java:192)
	at org.apache.catalina.core.ApplicationFilterChain.doFilter(ApplicationFilterChain.java:165)
	at org.apache.catalina.filters.SetCharacterEncodingFilter.doFilter(SetCharacterEncodingFilter.java:108)
	at org.apache.catalina.core.ApplicationFilterChain.internalDoFilter(ApplicationFilterChain.java:192)
	at org.apache.catalina.core.ApplicationFilterChain.doFilter(ApplicationFilterChain.java:165)
	at org.apache.catalina.core.StandardWrapperValve.invoke(StandardWrapperValve.java:198)
	at org.apache.catalina.core.StandardContextValve.invoke(StandardContextValve.java:108)
	at org.apache.catalina.authenticator.AuthenticatorBase.invoke(AuthenticatorBase.java:589)
	at org.apache.catalina.valves.RequestFilterValve.process(RequestFilterValve.java:319)
	at org.apache.catalina.valves.RemoteAddrValve.invoke(RemoteAddrValve.java:88)
	at org.apache.catalina.core.StandardHostValve.invoke(StandardHostValve.java:140)
	at org.apache.catalina.valves.ErrorReportValve.invoke(ErrorReportValve.java:79)
	at org.apache.catalina.valves.AbstractAccessLogValve.invoke(AbstractAccessLogValve.java:620)
	at org.apache.catalina.core.StandardEngineValve.invoke(StandardEngineValve.java:87)
	at org.apache.catalina.connector.CoyoteAdapter.service(CoyoteAdapter.java:349)
	at org.apache.coyote.http11.Http11Processor.service(Http11Processor.java:784)
	at org.apache.coyote.AbstractProcessorLight.process(AbstractProcessorLight.java:66)
	at org.apache.coyote.AbstractProtocol$ConnectionHandler.process(AbstractProtocol.java:802)
	at org.apache.tomcat.util.net.NioEndpoint$SocketProcessor.doRun(NioEndpoint.java:1410)
	at org.apache.tomcat.util.net.SocketProcessorBase.run(SocketProcessorBase.java:49)
	at java.util.concurrent.ThreadPoolExecutor.runWorker(ThreadPoolExecutor.java:1149)
	at java.util.concurrent.ThreadPoolExecutor$Worker.run(ThreadPoolExecutor.java:624)
	at org.apache.tomcat.util.threads.TaskThread$WrappingRunnable.run(TaskThread.java:61)
	at java.lang.Thread.run(Thread.java:748)

10-Mar-2022 09:57:46.464 GRAVE [http-nio-8080-exec-73] org.apache.catalina.startup.ContextConfig.processAnnotationsJar No puedo procesar la entrada de Jar [module-info.class] desde el Jar [file:/C:/Users/User/Documents/Proyectos/miempresa-gateway/empresas/target/miempresa-empresas%23%231.4.3/WEB-INF/lib/lombok-1.18.10.jar] para las anotaciones
 org.apache.tomcat.util.bcel.classfile.ClassFormatException: Invalid byte tag in constant pool: 19
	at org.apache.tomcat.util.bcel.classfile.Constant.readConstant(Constant.java:97)
	at org.apache.tomcat.util.bcel.classfile.ConstantPool.<init>(ConstantPool.java:54)
	at org.apache.tomcat.util.bcel.classfile.ClassParser.readConstantPool(ClassParser.java:174)
	at org.apache.tomcat.util.bcel.classfile.ClassParser.parse(ClassParser.java:83)
	at org.apache.catalina.startup.ContextConfig.processAnnotationsStream(ContextConfig.java:2053)
	at org.apache.catalina.startup.ContextConfig.processAnnotationsJar(ContextConfig.java:2000)
	at org.apache.catalina.startup.ContextConfig.processAnnotationsUrl(ContextConfig.java:1970)
	at org.apache.catalina.startup.ContextConfig.processAnnotations(ContextConfig.java:1923)
	at org.apache.catalina.startup.ContextConfig.webConfig(ContextConfig.java:1163)
	at org.apache.catalina.startup.ContextConfig.configureStart(ContextConfig.java:775)
	at org.apache.catalina.startup.ContextConfig.lifecycleEvent(ContextConfig.java:299)
	at org.apache.catalina.util.LifecycleBase.fireLifecycleEvent(LifecycleBase.java:94)
	at org.apache.catalina.core.StandardContext.startInternal(StandardContext.java:5087)
	at org.apache.catalina.util.LifecycleBase.start(LifecycleBase.java:150)
	at org.apache.catalina.core.StandardContext.reload(StandardContext.java:3782)
	at org.apache.catalina.manager.ManagerServlet.reload(ManagerServlet.java:1006)
	at org.apache.catalina.manager.ManagerServlet.doGet(ManagerServlet.java:346)
	at javax.servlet.http.HttpServlet.service(HttpServlet.java:622)
	at javax.servlet.http.HttpServlet.service(HttpServlet.java:729)
	at org.apache.catalina.core.ApplicationFilterChain.internalDoFilter(ApplicationFilterChain.java:230)
	at org.apache.catalina.core.ApplicationFilterChain.doFilter(ApplicationFilterChain.java:165)
	at org.apache.tomcat.websocket.server.WsFilter.doFilter(WsFilter.java:52)
	at org.apache.catalina.core.ApplicationFilterChain.internalDoFilter(ApplicationFilterChain.java:192)
	at org.apache.catalina.core.ApplicationFilterChain.doFilter(ApplicationFilterChain.java:165)
	at org.apache.catalina.filters.SetCharacterEncodingFilter.doFilter(SetCharacterEncodingFilter.java:108)
	at org.apache.catalina.core.ApplicationFilterChain.internalDoFilter(ApplicationFilterChain.java:192)
	at org.apache.catalina.core.ApplicationFilterChain.doFilter(ApplicationFilterChain.java:165)
	at org.apache.catalina.core.StandardWrapperValve.invoke(StandardWrapperValve.java:198)
	at org.apache.catalina.core.StandardContextValve.invoke(StandardContextValve.java:108)
	at org.apache.catalina.authenticator.AuthenticatorBase.invoke(AuthenticatorBase.java:589)
	at org.apache.catalina.valves.RequestFilterValve.process(RequestFilterValve.java:319)
	at org.apache.catalina.valves.RemoteAddrValve.invoke(RemoteAddrValve.java:88)
	at org.apache.catalina.core.StandardHostValve.invoke(StandardHostValve.java:140)
	at org.apache.catalina.valves.ErrorReportValve.invoke(ErrorReportValve.java:79)
	at org.apache.catalina.valves.AbstractAccessLogValve.invoke(AbstractAccessLogValve.java:620)
	at org.apache.catalina.core.StandardEngineValve.invoke(StandardEngineValve.java:87)
	at org.apache.catalina.connector.CoyoteAdapter.service(CoyoteAdapter.java:349)
	at org.apache.coyote.http11.Http11Processor.service(Http11Processor.java:784)
	at org.apache.coyote.AbstractProcessorLight.process(AbstractProcessorLight.java:66)
	at org.apache.coyote.AbstractProtocol$ConnectionHandler.process(AbstractProtocol.java:802)
	at org.apache.tomcat.util.net.NioEndpoint$SocketProcessor.doRun(NioEndpoint.java:1410)
	at org.apache.tomcat.util.net.SocketProcessorBase.run(SocketProcessorBase.java:49)
	at java.util.concurrent.ThreadPoolExecutor.runWorker(ThreadPoolExecutor.java:1149)
	at java.util.concurrent.ThreadPoolExecutor$Worker.run(ThreadPoolExecutor.java:624)
	at org.apache.tomcat.util.threads.TaskThread$WrappingRunnable.run(TaskThread.java:61)
	at java.lang.Thread.run(Thread.java:748)

10-Mar-2022 09:57:49.775 GRAVE [http-nio-8080-exec-73] org.apache.catalina.startup.ContextConfig.processAnnotationsJar No puedo procesar la entrada de Jar [META-INF/versions/11/module-info.class] desde el Jar [file:/C:/Users/User/Documents/Proyectos/miempresa-gateway/empresas/target/miempresa-empresas%23%231.4.3/WEB-INF/lib/jackson-databind-2.13.1.jar] para las anotaciones
 org.apache.tomcat.util.bcel.classfile.ClassFormatException: Invalid byte tag in constant pool: 19
	at org.apache.tomcat.util.bcel.classfile.Constant.readConstant(Constant.java:97)
	at org.apache.tomcat.util.bcel.classfile.ConstantPool.<init>(ConstantPool.java:54)
	at org.apache.tomcat.util.bcel.classfile.ClassParser.readConstantPool(ClassParser.java:174)
	at org.apache.tomcat.util.bcel.classfile.ClassParser.parse(ClassParser.java:83)
	at org.apache.catalina.startup.ContextConfig.processAnnotationsStream(ContextConfig.java:2053)
	at org.apache.catalina.startup.ContextConfig.processAnnotationsJar(ContextConfig.java:2000)
	at org.apache.catalina.startup.ContextConfig.processAnnotationsUrl(ContextConfig.java:1970)
	at org.apache.catalina.startup.ContextConfig.processAnnotations(ContextConfig.java:1923)
	at org.apache.catalina.startup.ContextConfig.webConfig(ContextConfig.java:1163)
	at org.apache.catalina.startup.ContextConfig.configureStart(ContextConfig.java:775)
	at org.apache.catalina.startup.ContextConfig.lifecycleEvent(ContextConfig.java:299)
	at org.apache.catalina.util.LifecycleBase.fireLifecycleEvent(LifecycleBase.java:94)
	at org.apache.catalina.core.StandardContext.startInternal(StandardContext.java:5087)
	at org.apache.catalina.util.LifecycleBase.start(LifecycleBase.java:150)
	at org.apache.catalina.core.StandardContext.reload(StandardContext.java:3782)
	at org.apache.catalina.manager.ManagerServlet.reload(ManagerServlet.java:1006)
	at org.apache.catalina.manager.ManagerServlet.doGet(ManagerServlet.java:346)
	at javax.servlet.http.HttpServlet.service(HttpServlet.java:622)
	at javax.servlet.http.HttpServlet.service(HttpServlet.java:729)
	at org.apache.catalina.core.ApplicationFilterChain.internalDoFilter(ApplicationFilterChain.java:230)
	at org.apache.catalina.core.ApplicationFilterChain.doFilter(ApplicationFilterChain.java:165)
	at org.apache.tomcat.websocket.server.WsFilter.doFilter(WsFilter.java:52)
	at org.apache.catalina.core.ApplicationFilterChain.internalDoFilter(ApplicationFilterChain.java:192)
	at org.apache.catalina.core.ApplicationFilterChain.doFilter(ApplicationFilterChain.java:165)
	at org.apache.catalina.filters.SetCharacterEncodingFilter.doFilter(SetCharacterEncodingFilter.java:108)
	at org.apache.catalina.core.ApplicationFilterChain.internalDoFilter(ApplicationFilterChain.java:192)
	at org.apache.catalina.core.ApplicationFilterChain.doFilter(ApplicationFilterChain.java:165)
	at org.apache.catalina.core.StandardWrapperValve.invoke(StandardWrapperValve.java:198)
	at org.apache.catalina.core.StandardContextValve.invoke(StandardContextValve.java:108)
	at org.apache.catalina.authenticator.AuthenticatorBase.invoke(AuthenticatorBase.java:589)
	at org.apache.catalina.valves.RequestFilterValve.process(RequestFilterValve.java:319)
	at org.apache.catalina.valves.RemoteAddrValve.invoke(RemoteAddrValve.java:88)
	at org.apache.catalina.core.StandardHostValve.invoke(StandardHostValve.java:140)
	at org.apache.catalina.valves.ErrorReportValve.invoke(ErrorReportValve.java:79)
	at org.apache.catalina.valves.AbstractAccessLogValve.invoke(AbstractAccessLogValve.java:620)
	at org.apache.catalina.core.StandardEngineValve.invoke(StandardEngineValve.java:87)
	at org.apache.catalina.connector.CoyoteAdapter.service(CoyoteAdapter.java:349)
	at org.apache.coyote.http11.Http11Processor.service(Http11Processor.java:784)
	at org.apache.coyote.AbstractProcessorLight.process(AbstractProcessorLight.java:66)
	at org.apache.coyote.AbstractProtocol$ConnectionHandler.process(AbstractProtocol.java:802)
	at org.apache.tomcat.util.net.NioEndpoint$SocketProcessor.doRun(NioEndpoint.java:1410)
	at org.apache.tomcat.util.net.SocketProcessorBase.run(SocketProcessorBase.java:49)
	at java.util.concurrent.ThreadPoolExecutor.runWorker(ThreadPoolExecutor.java:1149)
	at java.util.concurrent.ThreadPoolExecutor$Worker.run(ThreadPoolExecutor.java:624)
	at org.apache.tomcat.util.threads.TaskThread$WrappingRunnable.run(TaskThread.java:61)
	at java.lang.Thread.run(Thread.java:748)

10-Mar-2022 09:57:51.312 ADVERTENCIA [http-nio-8080-exec-73] org.apache.tomcat.dbcp.dbcp2.BasicDataSourceFactory.getObjectInstance Name = CNB-Sybase Property maxActive is not used in DBCP2, use maxTotal instead. maxTotal default value is 8. You have set value of "1" for "maxActive" property, which is being ignored.
10-Mar-2022 09:57:51.313 INFORMACIÓN [http-nio-8080-exec-73] org.apache.tomcat.dbcp.dbcp2.BasicDataSourceFactory.getObjectInstance Name = Solicitud Ignoring unknown property: value of "1" for "minimumIdle" property
10-Mar-2022 09:57:51.313 INFORMACIÓN [http-nio-8080-exec-73] org.apache.tomcat.dbcp.dbcp2.BasicDataSourceFactory.getObjectInstance Name = Solicitud Ignoring unknown property: value of "1" for "maximumPoolSize" property
10-Mar-2022 09:57:51.314 ADVERTENCIA [http-nio-8080-exec-73] org.apache.tomcat.dbcp.dbcp2.BasicDataSourceFactory.getObjectInstance Name = pentaho-sybase Property maxActive is not used in DBCP2, use maxTotal instead. maxTotal default value is 8. You have set value of "5" for "maxActive" property, which is being ignored.
10-Mar-2022 09:57:51.486 INFORMACIÓN [http-nio-8080-exec-73] org.apache.jasper.servlet.TldScanner.scanJars Al menos un JAR, que se ha explorado buscando TLDs, aún no contenía TLDs. Activar historial de depuración para este historiador para una completa lista de los JARs que fueron explorados y de los que nos se halló TLDs. Saltarse JARs no necesarios durante la exploración puede dar lugar a una mejora de tiempo significativa en el arranque y compilación de JSP .
10-Mar-2022 09:58:10.748 INFORMACIÓN [http-nio-8080-exec-73] org.apache.catalina.core.StandardContext.reload Se ha completado la recarga de este Contexto
10-Mar-2022 09:58:11.214 INFORMACIÓN [http-nio-8080-exec-74] org.apache.catalina.core.StandardContext.reload Ha comenzado la recarga de Contexto [/miempresa-cuentas]
10-Mar-2022 09:58:11.249 ADVERTENCIA [http-nio-8080-exec-74] org.apache.catalina.loader.WebappClassLoaderBase.clearReferencesThreads The web application [miempresa-cuentas] appears to have started a thread named [Log4j2-TF-3-Scheduled-1] but has failed to stop it. This is very likely to create a memory leak. Stack trace of thread:
 sun.misc.Unsafe.park(Native Method)
 java.util.concurrent.locks.LockSupport.parkNanos(LockSupport.java:215)
 java.util.concurrent.locks.AbstractQueuedSynchronizer$ConditionObject.awaitNanos(AbstractQueuedSynchronizer.java:2078)
 java.util.concurrent.ScheduledThreadPoolExecutor$DelayedWorkQueue.take(ScheduledThreadPoolExecutor.java:1093)
 java.util.concurrent.ScheduledThreadPoolExecutor$DelayedWorkQueue.take(ScheduledThreadPoolExecutor.java:809)
 java.util.concurrent.ThreadPoolExecutor.getTask(ThreadPoolExecutor.java:1074)
 java.util.concurrent.ThreadPoolExecutor.runWorker(ThreadPoolExecutor.java:1134)
 java.util.concurrent.ThreadPoolExecutor$Worker.run(ThreadPoolExecutor.java:624)
 java.lang.Thread.run(Thread.java:748)
10-Mar-2022 09:58:11.826 GRAVE [http-nio-8080-exec-74] org.apache.catalina.startup.ContextConfig.processAnnotationsJar No puedo procesar la entrada de Jar [META-INF/versions/11/module-info.class] desde el Jar [file:/C:/Users/User/Documents/Proyectos/miempresa-gateway/cuentas/target/miempresa-cuentas%23%231.4.3/WEB-INF/lib/jackson-core-2.13.1.jar] para las anotaciones
 org.apache.tomcat.util.bcel.classfile.ClassFormatException: Invalid byte tag in constant pool: 19
	at org.apache.tomcat.util.bcel.classfile.Constant.readConstant(Constant.java:97)
	at org.apache.tomcat.util.bcel.classfile.ConstantPool.<init>(ConstantPool.java:54)
	at org.apache.tomcat.util.bcel.classfile.ClassParser.readConstantPool(ClassParser.java:174)
	at org.apache.tomcat.util.bcel.classfile.ClassParser.parse(ClassParser.java:83)
	at org.apache.catalina.startup.ContextConfig.processAnnotationsStream(ContextConfig.java:2053)
	at org.apache.catalina.startup.ContextConfig.processAnnotationsJar(ContextConfig.java:2000)
	at org.apache.catalina.startup.ContextConfig.processAnnotationsUrl(ContextConfig.java:1970)
	at org.apache.catalina.startup.ContextConfig.processAnnotations(ContextConfig.java:1923)
	at org.apache.catalina.startup.ContextConfig.webConfig(ContextConfig.java:1163)
	at org.apache.catalina.startup.ContextConfig.configureStart(ContextConfig.java:775)
	at org.apache.catalina.startup.ContextConfig.lifecycleEvent(ContextConfig.java:299)
	at org.apache.catalina.util.LifecycleBase.fireLifecycleEvent(LifecycleBase.java:94)
	at org.apache.catalina.core.StandardContext.startInternal(StandardContext.java:5087)
	at org.apache.catalina.util.LifecycleBase.start(LifecycleBase.java:150)
	at org.apache.catalina.core.StandardContext.reload(StandardContext.java:3782)
	at org.apache.catalina.manager.ManagerServlet.reload(ManagerServlet.java:1006)
	at org.apache.catalina.manager.ManagerServlet.doGet(ManagerServlet.java:346)
	at javax.servlet.http.HttpServlet.service(HttpServlet.java:622)
	at javax.servlet.http.HttpServlet.service(HttpServlet.java:729)
	at org.apache.catalina.core.ApplicationFilterChain.internalDoFilter(ApplicationFilterChain.java:230)
	at org.apache.catalina.core.ApplicationFilterChain.doFilter(ApplicationFilterChain.java:165)
	at org.apache.tomcat.websocket.server.WsFilter.doFilter(WsFilter.java:52)
	at org.apache.catalina.core.ApplicationFilterChain.internalDoFilter(ApplicationFilterChain.java:192)
	at org.apache.catalina.core.ApplicationFilterChain.doFilter(ApplicationFilterChain.java:165)
	at org.apache.catalina.filters.SetCharacterEncodingFilter.doFilter(SetCharacterEncodingFilter.java:108)
	at org.apache.catalina.core.ApplicationFilterChain.internalDoFilter(ApplicationFilterChain.java:192)
	at org.apache.catalina.core.ApplicationFilterChain.doFilter(ApplicationFilterChain.java:165)
	at org.apache.catalina.core.StandardWrapperValve.invoke(StandardWrapperValve.java:198)
	at org.apache.catalina.core.StandardContextValve.invoke(StandardContextValve.java:108)
	at org.apache.catalina.authenticator.AuthenticatorBase.invoke(AuthenticatorBase.java:589)
	at org.apache.catalina.valves.RequestFilterValve.process(RequestFilterValve.java:319)
	at org.apache.catalina.valves.RemoteAddrValve.invoke(RemoteAddrValve.java:88)
	at org.apache.catalina.core.StandardHostValve.invoke(StandardHostValve.java:140)
	at org.apache.catalina.valves.ErrorReportValve.invoke(ErrorReportValve.java:79)
	at org.apache.catalina.valves.AbstractAccessLogValve.invoke(AbstractAccessLogValve.java:620)
	at org.apache.catalina.core.StandardEngineValve.invoke(StandardEngineValve.java:87)
	at org.apache.catalina.connector.CoyoteAdapter.service(CoyoteAdapter.java:349)
	at org.apache.coyote.http11.Http11Processor.service(Http11Processor.java:784)
	at org.apache.coyote.AbstractProcessorLight.process(AbstractProcessorLight.java:66)
	at org.apache.coyote.AbstractProtocol$ConnectionHandler.process(AbstractProtocol.java:802)
	at org.apache.tomcat.util.net.NioEndpoint$SocketProcessor.doRun(NioEndpoint.java:1410)
	at org.apache.tomcat.util.net.SocketProcessorBase.run(SocketProcessorBase.java:49)
	at java.util.concurrent.ThreadPoolExecutor.runWorker(ThreadPoolExecutor.java:1149)
	at java.util.concurrent.ThreadPoolExecutor$Worker.run(ThreadPoolExecutor.java:624)
	at org.apache.tomcat.util.threads.TaskThread$WrappingRunnable.run(TaskThread.java:61)
	at java.lang.Thread.run(Thread.java:748)

10-Mar-2022 09:58:12.860 GRAVE [http-nio-8080-exec-74] org.apache.catalina.startup.ContextConfig.processAnnotationsJar No puedo procesar la entrada de Jar [META-INF/versions/11/module-info.class] desde el Jar [file:/C:/Users/User/Documents/Proyectos/miempresa-gateway/cuentas/target/miempresa-cuentas%23%231.4.3/WEB-INF/lib/jackson-databind-2.13.1.jar] para las anotaciones
 org.apache.tomcat.util.bcel.classfile.ClassFormatException: Invalid byte tag in constant pool: 19
	at org.apache.tomcat.util.bcel.classfile.Constant.readConstant(Constant.java:97)
	at org.apache.tomcat.util.bcel.classfile.ConstantPool.<init>(ConstantPool.java:54)
	at org.apache.tomcat.util.bcel.classfile.ClassParser.readConstantPool(ClassParser.java:174)
	at org.apache.tomcat.util.bcel.classfile.ClassParser.parse(ClassParser.java:83)
	at org.apache.catalina.startup.ContextConfig.processAnnotationsStream(ContextConfig.java:2053)
	at org.apache.catalina.startup.ContextConfig.processAnnotationsJar(ContextConfig.java:2000)
	at org.apache.catalina.startup.ContextConfig.processAnnotationsUrl(ContextConfig.java:1970)
	at org.apache.catalina.startup.ContextConfig.processAnnotations(ContextConfig.java:1923)
	at org.apache.catalina.startup.ContextConfig.webConfig(ContextConfig.java:1163)
	at org.apache.catalina.startup.ContextConfig.configureStart(ContextConfig.java:775)
	at org.apache.catalina.startup.ContextConfig.lifecycleEvent(ContextConfig.java:299)
	at org.apache.catalina.util.LifecycleBase.fireLifecycleEvent(LifecycleBase.java:94)
	at org.apache.catalina.core.StandardContext.startInternal(StandardContext.java:5087)
	at org.apache.catalina.util.LifecycleBase.start(LifecycleBase.java:150)
	at org.apache.catalina.core.StandardContext.reload(StandardContext.java:3782)
	at org.apache.catalina.manager.ManagerServlet.reload(ManagerServlet.java:1006)
	at org.apache.catalina.manager.ManagerServlet.doGet(ManagerServlet.java:346)
	at javax.servlet.http.HttpServlet.service(HttpServlet.java:622)
	at javax.servlet.http.HttpServlet.service(HttpServlet.java:729)
	at org.apache.catalina.core.ApplicationFilterChain.internalDoFilter(ApplicationFilterChain.java:230)
	at org.apache.catalina.core.ApplicationFilterChain.doFilter(ApplicationFilterChain.java:165)
	at org.apache.tomcat.websocket.server.WsFilter.doFilter(WsFilter.java:52)
	at org.apache.catalina.core.ApplicationFilterChain.internalDoFilter(ApplicationFilterChain.java:192)
	at org.apache.catalina.core.ApplicationFilterChain.doFilter(ApplicationFilterChain.java:165)
	at org.apache.catalina.filters.SetCharacterEncodingFilter.doFilter(SetCharacterEncodingFilter.java:108)
	at org.apache.catalina.core.ApplicationFilterChain.internalDoFilter(ApplicationFilterChain.java:192)
	at org.apache.catalina.core.ApplicationFilterChain.doFilter(ApplicationFilterChain.java:165)
	at org.apache.catalina.core.StandardWrapperValve.invoke(StandardWrapperValve.java:198)
	at org.apache.catalina.core.StandardContextValve.invoke(StandardContextValve.java:108)
	at org.apache.catalina.authenticator.AuthenticatorBase.invoke(AuthenticatorBase.java:589)
	at org.apache.catalina.valves.RequestFilterValve.process(RequestFilterValve.java:319)
	at org.apache.catalina.valves.RemoteAddrValve.invoke(RemoteAddrValve.java:88)
	at org.apache.catalina.core.StandardHostValve.invoke(StandardHostValve.java:140)
	at org.apache.catalina.valves.ErrorReportValve.invoke(ErrorReportValve.java:79)
	at org.apache.catalina.valves.AbstractAccessLogValve.invoke(AbstractAccessLogValve.java:620)
	at org.apache.catalina.core.StandardEngineValve.invoke(StandardEngineValve.java:87)
	at org.apache.catalina.connector.CoyoteAdapter.service(CoyoteAdapter.java:349)
	at org.apache.coyote.http11.Http11Processor.service(Http11Processor.java:784)
	at org.apache.coyote.AbstractProcessorLight.process(AbstractProcessorLight.java:66)
	at org.apache.coyote.AbstractProtocol$ConnectionHandler.process(AbstractProtocol.java:802)
	at org.apache.tomcat.util.net.NioEndpoint$SocketProcessor.doRun(NioEndpoint.java:1410)
	at org.apache.tomcat.util.net.SocketProcessorBase.run(SocketProcessorBase.java:49)
	at java.util.concurrent.ThreadPoolExecutor.runWorker(ThreadPoolExecutor.java:1149)
	at java.util.concurrent.ThreadPoolExecutor$Worker.run(ThreadPoolExecutor.java:624)
	at org.apache.tomcat.util.threads.TaskThread$WrappingRunnable.run(TaskThread.java:61)
	at java.lang.Thread.run(Thread.java:748)

10-Mar-2022 09:58:13.887 GRAVE [http-nio-8080-exec-74] org.apache.catalina.startup.ContextConfig.processAnnotationsJar No puedo procesar la entrada de Jar [module-info.class] desde el Jar [file:/C:/Users/User/Documents/Proyectos/miempresa-gateway/cuentas/target/miempresa-cuentas%23%231.4.3/WEB-INF/lib/lombok-1.18.10.jar] para las anotaciones
 org.apache.tomcat.util.bcel.classfile.ClassFormatException: Invalid byte tag in constant pool: 19
	at org.apache.tomcat.util.bcel.classfile.Constant.readConstant(Constant.java:97)
	at org.apache.tomcat.util.bcel.classfile.ConstantPool.<init>(ConstantPool.java:54)
	at org.apache.tomcat.util.bcel.classfile.ClassParser.readConstantPool(ClassParser.java:174)
	at org.apache.tomcat.util.bcel.classfile.ClassParser.parse(ClassParser.java:83)
	at org.apache.catalina.startup.ContextConfig.processAnnotationsStream(ContextConfig.java:2053)
	at org.apache.catalina.startup.ContextConfig.processAnnotationsJar(ContextConfig.java:2000)
	at org.apache.catalina.startup.ContextConfig.processAnnotationsUrl(ContextConfig.java:1970)
	at org.apache.catalina.startup.ContextConfig.processAnnotations(ContextConfig.java:1923)
	at org.apache.catalina.startup.ContextConfig.webConfig(ContextConfig.java:1163)
	at org.apache.catalina.startup.ContextConfig.configureStart(ContextConfig.java:775)
	at org.apache.catalina.startup.ContextConfig.lifecycleEvent(ContextConfig.java:299)
	at org.apache.catalina.util.LifecycleBase.fireLifecycleEvent(LifecycleBase.java:94)
	at org.apache.catalina.core.StandardContext.startInternal(StandardContext.java:5087)
	at org.apache.catalina.util.LifecycleBase.start(LifecycleBase.java:150)
	at org.apache.catalina.core.StandardContext.reload(StandardContext.java:3782)
	at org.apache.catalina.manager.ManagerServlet.reload(ManagerServlet.java:1006)
	at org.apache.catalina.manager.ManagerServlet.doGet(ManagerServlet.java:346)
	at javax.servlet.http.HttpServlet.service(HttpServlet.java:622)
	at javax.servlet.http.HttpServlet.service(HttpServlet.java:729)
	at org.apache.catalina.core.ApplicationFilterChain.internalDoFilter(ApplicationFilterChain.java:230)
	at org.apache.catalina.core.ApplicationFilterChain.doFilter(ApplicationFilterChain.java:165)
	at org.apache.tomcat.websocket.server.WsFilter.doFilter(WsFilter.java:52)
	at org.apache.catalina.core.ApplicationFilterChain.internalDoFilter(ApplicationFilterChain.java:192)
	at org.apache.catalina.core.ApplicationFilterChain.doFilter(ApplicationFilterChain.java:165)
	at org.apache.catalina.filters.SetCharacterEncodingFilter.doFilter(SetCharacterEncodingFilter.java:108)
	at org.apache.catalina.core.ApplicationFilterChain.internalDoFilter(ApplicationFilterChain.java:192)
	at org.apache.catalina.core.ApplicationFilterChain.doFilter(ApplicationFilterChain.java:165)
	at org.apache.catalina.core.StandardWrapperValve.invoke(StandardWrapperValve.java:198)
	at org.apache.catalina.core.StandardContextValve.invoke(StandardContextValve.java:108)
	at org.apache.catalina.authenticator.AuthenticatorBase.invoke(AuthenticatorBase.java:589)
	at org.apache.catalina.valves.RequestFilterValve.process(RequestFilterValve.java:319)
	at org.apache.catalina.valves.RemoteAddrValve.invoke(RemoteAddrValve.java:88)
	at org.apache.catalina.core.StandardHostValve.invoke(StandardHostValve.java:140)
	at org.apache.catalina.valves.ErrorReportValve.invoke(ErrorReportValve.java:79)
	at org.apache.catalina.valves.AbstractAccessLogValve.invoke(AbstractAccessLogValve.java:620)
	at org.apache.catalina.core.StandardEngineValve.invoke(StandardEngineValve.java:87)
	at org.apache.catalina.connector.CoyoteAdapter.service(CoyoteAdapter.java:349)
	at org.apache.coyote.http11.Http11Processor.service(Http11Processor.java:784)
	at org.apache.coyote.AbstractProcessorLight.process(AbstractProcessorLight.java:66)
	at org.apache.coyote.AbstractProtocol$ConnectionHandler.process(AbstractProtocol.java:802)
	at org.apache.tomcat.util.net.NioEndpoint$SocketProcessor.doRun(NioEndpoint.java:1410)
	at org.apache.tomcat.util.net.SocketProcessorBase.run(SocketProcessorBase.java:49)
	at java.util.concurrent.ThreadPoolExecutor.runWorker(ThreadPoolExecutor.java:1149)
	at java.util.concurrent.ThreadPoolExecutor$Worker.run(ThreadPoolExecutor.java:624)
	at org.apache.tomcat.util.threads.TaskThread$WrappingRunnable.run(TaskThread.java:61)
	at java.lang.Thread.run(Thread.java:748)

10-Mar-2022 09:58:13.971 GRAVE [http-nio-8080-exec-74] org.apache.catalina.startup.ContextConfig.processAnnotationsJar No puedo procesar la entrada de Jar [module-info.class] desde el Jar [file:/C:/Users/User/Documents/Proyectos/miempresa-gateway/cuentas/target/miempresa-cuentas%23%231.4.3/WEB-INF/lib/jackson-annotations-2.13.1.jar] para las anotaciones
 org.apache.tomcat.util.bcel.classfile.ClassFormatException: Invalid byte tag in constant pool: 19
	at org.apache.tomcat.util.bcel.classfile.Constant.readConstant(Constant.java:97)
	at org.apache.tomcat.util.bcel.classfile.ConstantPool.<init>(ConstantPool.java:54)
	at org.apache.tomcat.util.bcel.classfile.ClassParser.readConstantPool(ClassParser.java:174)
	at org.apache.tomcat.util.bcel.classfile.ClassParser.parse(ClassParser.java:83)
	at org.apache.catalina.startup.ContextConfig.processAnnotationsStream(ContextConfig.java:2053)
	at org.apache.catalina.startup.ContextConfig.processAnnotationsJar(ContextConfig.java:2000)
	at org.apache.catalina.startup.ContextConfig.processAnnotationsUrl(ContextConfig.java:1970)
	at org.apache.catalina.startup.ContextConfig.processAnnotations(ContextConfig.java:1923)
	at org.apache.catalina.startup.ContextConfig.webConfig(ContextConfig.java:1163)
	at org.apache.catalina.startup.ContextConfig.configureStart(ContextConfig.java:775)
	at org.apache.catalina.startup.ContextConfig.lifecycleEvent(ContextConfig.java:299)
	at org.apache.catalina.util.LifecycleBase.fireLifecycleEvent(LifecycleBase.java:94)
	at org.apache.catalina.core.StandardContext.startInternal(StandardContext.java:5087)
	at org.apache.catalina.util.LifecycleBase.start(LifecycleBase.java:150)
	at org.apache.catalina.core.StandardContext.reload(StandardContext.java:3782)
	at org.apache.catalina.manager.ManagerServlet.reload(ManagerServlet.java:1006)
	at org.apache.catalina.manager.ManagerServlet.doGet(ManagerServlet.java:346)
	at javax.servlet.http.HttpServlet.service(HttpServlet.java:622)
	at javax.servlet.http.HttpServlet.service(HttpServlet.java:729)
	at org.apache.catalina.core.ApplicationFilterChain.internalDoFilter(ApplicationFilterChain.java:230)
	at org.apache.catalina.core.ApplicationFilterChain.doFilter(ApplicationFilterChain.java:165)
	at org.apache.tomcat.websocket.server.WsFilter.doFilter(WsFilter.java:52)
	at org.apache.catalina.core.ApplicationFilterChain.internalDoFilter(ApplicationFilterChain.java:192)
	at org.apache.catalina.core.ApplicationFilterChain.doFilter(ApplicationFilterChain.java:165)
	at org.apache.catalina.filters.SetCharacterEncodingFilter.doFilter(SetCharacterEncodingFilter.java:108)
	at org.apache.catalina.core.ApplicationFilterChain.internalDoFilter(ApplicationFilterChain.java:192)
	at org.apache.catalina.core.ApplicationFilterChain.doFilter(ApplicationFilterChain.java:165)
	at org.apache.catalina.core.StandardWrapperValve.invoke(StandardWrapperValve.java:198)
	at org.apache.catalina.core.StandardContextValve.invoke(StandardContextValve.java:108)
	at org.apache.catalina.authenticator.AuthenticatorBase.invoke(AuthenticatorBase.java:589)
	at org.apache.catalina.valves.RequestFilterValve.process(RequestFilterValve.java:319)
	at org.apache.catalina.valves.RemoteAddrValve.invoke(RemoteAddrValve.java:88)
	at org.apache.catalina.core.StandardHostValve.invoke(StandardHostValve.java:140)
	at org.apache.catalina.valves.ErrorReportValve.invoke(ErrorReportValve.java:79)
	at org.apache.catalina.valves.AbstractAccessLogValve.invoke(AbstractAccessLogValve.java:620)
	at org.apache.catalina.core.StandardEngineValve.invoke(StandardEngineValve.java:87)
	at org.apache.catalina.connector.CoyoteAdapter.service(CoyoteAdapter.java:349)
	at org.apache.coyote.http11.Http11Processor.service(Http11Processor.java:784)
	at org.apache.coyote.AbstractProcessorLight.process(AbstractProcessorLight.java:66)
	at org.apache.coyote.AbstractProtocol$ConnectionHandler.process(AbstractProtocol.java:802)
	at org.apache.tomcat.util.net.NioEndpoint$SocketProcessor.doRun(NioEndpoint.java:1410)
	at org.apache.tomcat.util.net.SocketProcessorBase.run(SocketProcessorBase.java:49)
	at java.util.concurrent.ThreadPoolExecutor.runWorker(ThreadPoolExecutor.java:1149)
	at java.util.concurrent.ThreadPoolExecutor$Worker.run(ThreadPoolExecutor.java:624)
	at org.apache.tomcat.util.threads.TaskThread$WrappingRunnable.run(TaskThread.java:61)
	at java.lang.Thread.run(Thread.java:748)

10-Mar-2022 09:58:15.393 ADVERTENCIA [http-nio-8080-exec-74] org.apache.tomcat.dbcp.dbcp2.BasicDataSourceFactory.getObjectInstance Name = CNB-Sybase Property maxActive is not used in DBCP2, use maxTotal instead. maxTotal default value is 8. You have set value of "1" for "maxActive" property, which is being ignored.
10-Mar-2022 09:58:15.394 INFORMACIÓN [http-nio-8080-exec-74] org.apache.tomcat.dbcp.dbcp2.BasicDataSourceFactory.getObjectInstance Name = Solicitud Ignoring unknown property: value of "1" for "minimumIdle" property
10-Mar-2022 09:58:15.394 INFORMACIÓN [http-nio-8080-exec-74] org.apache.tomcat.dbcp.dbcp2.BasicDataSourceFactory.getObjectInstance Name = Solicitud Ignoring unknown property: value of "1" for "maximumPoolSize" property
10-Mar-2022 09:58:15.394 ADVERTENCIA [http-nio-8080-exec-74] org.apache.tomcat.dbcp.dbcp2.BasicDataSourceFactory.getObjectInstance Name = pentaho-sybase Property maxActive is not used in DBCP2, use maxTotal instead. maxTotal default value is 8. You have set value of "5" for "maxActive" property, which is being ignored.
10-Mar-2022 09:58:15.479 INFORMACIÓN [http-nio-8080-exec-74] org.apache.jasper.servlet.TldScanner.scanJars Al menos un JAR, que se ha explorado buscando TLDs, aún no contenía TLDs. Activar historial de depuración para este historiador para una completa lista de los JARs que fueron explorados y de los que nos se halló TLDs. Saltarse JARs no necesarios durante la exploración puede dar lugar a una mejora de tiempo significativa en el arranque y compilación de JSP .
10-Mar-2022 09:58:40.633 INFORMACIÓN [http-nio-8080-exec-74] org.apache.catalina.core.StandardContext.reload Se ha completado la recarga de este Contexto
10-Mar-2022 10:11:49.556 INFORMACIÓN [main] org.apache.catalina.core.StandardServer.await Se ha recibido un comando de apagado a través del puerto de apagado. Parando la instancia del Servidor.
10-Mar-2022 10:11:49.585 INFORMACIÓN [main] org.apache.coyote.AbstractProtocol.pause Pausing ProtocolHandler ["http-nio-8080"]
10-Mar-2022 10:11:49.637 INFORMACIÓN [main] org.apache.coyote.AbstractProtocol.pause Pausing ProtocolHandler ["ajp-nio-8009"]
10-Mar-2022 10:11:49.699 INFORMACIÓN [main] org.apache.catalina.core.StandardService.stopInternal Parando servicio Catalina
10-Mar-2022 10:11:50.154 ADVERTENCIA [localhost-startStop-3] org.apache.catalina.loader.WebappClassLoaderBase.clearReferencesThreads The web application [miempresa-cuentas] appears to have started a thread named [Log4j2-TF-3-Scheduled-1] but has failed to stop it. This is very likely to create a memory leak. Stack trace of thread:
 sun.misc.Unsafe.park(Native Method)
 java.util.concurrent.locks.LockSupport.parkNanos(LockSupport.java:215)
 java.util.concurrent.locks.AbstractQueuedSynchronizer$ConditionObject.awaitNanos(AbstractQueuedSynchronizer.java:2078)
 java.util.concurrent.ScheduledThreadPoolExecutor$DelayedWorkQueue.take(ScheduledThreadPoolExecutor.java:1093)
 java.util.concurrent.ScheduledThreadPoolExecutor$DelayedWorkQueue.take(ScheduledThreadPoolExecutor.java:809)
 java.util.concurrent.ThreadPoolExecutor.getTask(ThreadPoolExecutor.java:1074)
 java.util.concurrent.ThreadPoolExecutor.runWorker(ThreadPoolExecutor.java:1134)
 java.util.concurrent.ThreadPoolExecutor$Worker.run(ThreadPoolExecutor.java:624)
 java.lang.Thread.run(Thread.java:748)
10-Mar-2022 10:11:50.154 ADVERTENCIA [localhost-startStop-3] org.apache.catalina.loader.WebappClassLoaderBase.clearReferencesThreads The web application [miempresa-cuentas] appears to have started a thread named [AS400 Read Daemon [system:192.168.30.112;job:922486/QUSER/QZDASOINIT]] but has failed to stop it. This is very likely to create a memory leak. Stack trace of thread:
 java.net.SocketInputStream.socketRead0(Native Method)
 java.net.SocketInputStream.socketRead(SocketInputStream.java:116)
 java.net.SocketInputStream.read(SocketInputStream.java:171)
 java.net.SocketInputStream.read(SocketInputStream.java:141)
 com.ibm.as400.access.DataStream.readFromStream(DataStream.java:52)
 com.ibm.as400.access.ClientAccessDataStream.construct(ClientAccessDataStream.java:52)
 com.ibm.as400.access.AS400ThreadedServer.run(AS400ThreadedServer.java:357)
 java.lang.Thread.run(Thread.java:748)
10-Mar-2022 10:11:50.424 ADVERTENCIA [localhost-startStop-3] org.apache.catalina.loader.WebappClassLoaderBase.clearReferencesThreads The web application [miempresa-empresas] appears to have started a thread named [Log4j2-TF-3-Scheduled-1] but has failed to stop it. This is very likely to create a memory leak. Stack trace of thread:
 sun.misc.Unsafe.park(Native Method)
 java.util.concurrent.locks.LockSupport.parkNanos(LockSupport.java:215)
 java.util.concurrent.locks.AbstractQueuedSynchronizer$ConditionObject.awaitNanos(AbstractQueuedSynchronizer.java:2078)
 java.util.concurrent.ScheduledThreadPoolExecutor$DelayedWorkQueue.take(ScheduledThreadPoolExecutor.java:1093)
 java.util.concurrent.ScheduledThreadPoolExecutor$DelayedWorkQueue.take(ScheduledThreadPoolExecutor.java:809)
 java.util.concurrent.ThreadPoolExecutor.getTask(ThreadPoolExecutor.java:1074)
 java.util.concurrent.ThreadPoolExecutor.runWorker(ThreadPoolExecutor.java:1134)
 java.util.concurrent.ThreadPoolExecutor$Worker.run(ThreadPoolExecutor.java:624)
 java.lang.Thread.run(Thread.java:748)
10-Mar-2022 10:11:50.424 GRAVE [localhost-startStop-3] org.apache.catalina.loader.WebappClassLoaderBase.checkThreadLocalMapForLeaks La aplicación web [miempresa-empresas] creó un ThreadLocal con clave del tipo [biz.paluch.logging.gelf.intern.OutputAccessor$OutputAccessorPoolHolder$1] (valor [biz.paluch.logging.gelf.intern.OutputAccessor$OutputAccessorPoolHolder$1@3e8f0846]) y un valor del tipo [biz.paluch.logging.gelf.intern.OutputAccessor.ByteBufferOutputAccessor] (valor [biz.paluch.logging.gelf.intern.OutputAccessor$ByteBufferOutputAccessor@7b380ebd]) pero no pudo quitarlo cuando la aplicación web se paró. Los hilos se van a renovar con el tiempo para intentar evitar in posible fallo de memoria.
10-Mar-2022 10:11:50.425 GRAVE [localhost-startStop-3] org.apache.catalina.loader.WebappClassLoaderBase.checkThreadLocalMapForLeaks La aplicación web [miempresa-empresas] creó un ThreadLocal con clave del tipo [biz.paluch.logging.gelf.GelfMessageAssembler$1] (valor [biz.paluch.logging.gelf.GelfMessageAssembler$1@34699ed1]) y un valor del tipo [biz.paluch.logging.gelf.intern.PoolingGelfMessageBuilder] (valor [biz.paluch.logging.gelf.intern.PoolingGelfMessageBuilder@f9f3307]) pero no pudo quitarlo cuando la aplicación web se paró. Los hilos se van a renovar con el tiempo para intentar evitar in posible fallo de memoria.
10-Mar-2022 10:11:51.068 ADVERTENCIA [localhost-startStop-3] org.apache.catalina.loader.WebappClassLoaderBase.clearReferencesThreads The web application [datos-generales-fielco] appears to have started a thread named [Log4j2-TF-4-Scheduled-1] but has failed to stop it. This is very likely to create a memory leak. Stack trace of thread:
 sun.misc.Unsafe.park(Native Method)
 java.util.concurrent.locks.LockSupport.parkNanos(LockSupport.java:215)
 java.util.concurrent.locks.AbstractQueuedSynchronizer$ConditionObject.awaitNanos(AbstractQueuedSynchronizer.java:2078)
 java.util.concurrent.ScheduledThreadPoolExecutor$DelayedWorkQueue.take(ScheduledThreadPoolExecutor.java:1093)
 java.util.concurrent.ScheduledThreadPoolExecutor$DelayedWorkQueue.take(ScheduledThreadPoolExecutor.java:809)
 java.util.concurrent.ThreadPoolExecutor.getTask(ThreadPoolExecutor.java:1074)
 java.util.concurrent.ThreadPoolExecutor.runWorker(ThreadPoolExecutor.java:1134)
 java.util.concurrent.ThreadPoolExecutor$Worker.run(ThreadPoolExecutor.java:624)
 java.lang.Thread.run(Thread.java:748)
10-Mar-2022 10:11:51.069 ADVERTENCIA [localhost-startStop-3] org.apache.catalina.loader.WebappClassLoaderBase.clearReferencesThreads The web application [datos-generales-fielco] appears to have started a thread named [Log4j2-AsyncAppenderEventDispatcher-1-RollingFileAsync] but has failed to stop it. This is very likely to create a memory leak. Stack trace of thread:
 sun.misc.Unsafe.park(Native Method)
 java.util.concurrent.locks.LockSupport.park(LockSupport.java:175)
 java.util.concurrent.locks.AbstractQueuedSynchronizer$ConditionObject.await(AbstractQueuedSynchronizer.java:2039)
 java.util.concurrent.ArrayBlockingQueue.take(ArrayBlockingQueue.java:403)
 org.apache.logging.log4j.core.appender.AsyncAppenderEventDispatcher.dispatchAll(AsyncAppenderEventDispatcher.java:71)
 org.apache.logging.log4j.core.appender.AsyncAppenderEventDispatcher.run(AsyncAppenderEventDispatcher.java:63)
10-Mar-2022 10:11:51.069 GRAVE [localhost-startStop-3] org.apache.catalina.loader.WebappClassLoaderBase.checkThreadLocalMapForLeaks La aplicación web [datos-generales-fielco] creó un ThreadLocal con clave del tipo [biz.paluch.logging.gelf.GelfMessageAssembler$1] (valor [biz.paluch.logging.gelf.GelfMessageAssembler$1@1e9afc1]) y un valor del tipo [biz.paluch.logging.gelf.intern.PoolingGelfMessageBuilder] (valor [biz.paluch.logging.gelf.intern.PoolingGelfMessageBuilder@7669ef68]) pero no pudo quitarlo cuando la aplicación web se paró. Los hilos se van a renovar con el tiempo para intentar evitar in posible fallo de memoria.
10-Mar-2022 10:11:51.069 GRAVE [localhost-startStop-3] org.apache.catalina.loader.WebappClassLoaderBase.checkThreadLocalMapForLeaks La aplicación web [datos-generales-fielco] creó un ThreadLocal con clave del tipo [biz.paluch.logging.gelf.intern.OutputAccessor$OutputAccessorPoolHolder$1] (valor [biz.paluch.logging.gelf.intern.OutputAccessor$OutputAccessorPoolHolder$1@1124bbe8]) y un valor del tipo [biz.paluch.logging.gelf.intern.OutputAccessor.ByteBufferOutputAccessor] (valor [biz.paluch.logging.gelf.intern.OutputAccessor$ByteBufferOutputAccessor@677c1bf6]) pero no pudo quitarlo cuando la aplicación web se paró. Los hilos se van a renovar con el tiempo para intentar evitar in posible fallo de memoria.
10-Mar-2022 10:11:52.091 ADVERTENCIA [localhost-startStop-3] org.apache.catalina.loader.WebappClassLoaderBase.clearReferencesThreads The web application [auth-fielco] appears to have started a thread named [Log4j2-TF-4-Scheduled-1] but has failed to stop it. This is very likely to create a memory leak. Stack trace of thread:
 sun.misc.Unsafe.park(Native Method)
 java.util.concurrent.locks.LockSupport.parkNanos(LockSupport.java:215)
 java.util.concurrent.locks.AbstractQueuedSynchronizer$ConditionObject.awaitNanos(AbstractQueuedSynchronizer.java:2078)
 java.util.concurrent.ScheduledThreadPoolExecutor$DelayedWorkQueue.take(ScheduledThreadPoolExecutor.java:1093)
 java.util.concurrent.ScheduledThreadPoolExecutor$DelayedWorkQueue.take(ScheduledThreadPoolExecutor.java:809)
 java.util.concurrent.ThreadPoolExecutor.getTask(ThreadPoolExecutor.java:1074)
 java.util.concurrent.ThreadPoolExecutor.runWorker(ThreadPoolExecutor.java:1134)
 java.util.concurrent.ThreadPoolExecutor$Worker.run(ThreadPoolExecutor.java:624)
 java.lang.Thread.run(Thread.java:748)
10-Mar-2022 10:11:52.091 ADVERTENCIA [localhost-startStop-3] org.apache.catalina.loader.WebappClassLoaderBase.clearReferencesThreads The web application [auth-fielco] appears to have started a thread named [Log4j2-AsyncAppenderEventDispatcher-1-RollingFileAsync] but has failed to stop it. This is very likely to create a memory leak. Stack trace of thread:
 sun.misc.Unsafe.park(Native Method)
 java.util.concurrent.locks.LockSupport.park(LockSupport.java:175)
 java.util.concurrent.locks.AbstractQueuedSynchronizer$ConditionObject.await(AbstractQueuedSynchronizer.java:2039)
 java.util.concurrent.ArrayBlockingQueue.take(ArrayBlockingQueue.java:403)
 org.apache.logging.log4j.core.appender.AsyncAppenderEventDispatcher.dispatchAll(AsyncAppenderEventDispatcher.java:71)
 org.apache.logging.log4j.core.appender.AsyncAppenderEventDispatcher.run(AsyncAppenderEventDispatcher.java:63)
10-Mar-2022 10:11:52.091 GRAVE [localhost-startStop-3] org.apache.catalina.loader.WebappClassLoaderBase.checkThreadLocalMapForLeaks La aplicación web [auth-fielco] creó un ThreadLocal con clave del tipo [biz.paluch.logging.gelf.GelfMessageAssembler$1] (valor [biz.paluch.logging.gelf.GelfMessageAssembler$1@71dcd269]) y un valor del tipo [biz.paluch.logging.gelf.intern.PoolingGelfMessageBuilder] (valor [biz.paluch.logging.gelf.intern.PoolingGelfMessageBuilder@2333285d]) pero no pudo quitarlo cuando la aplicación web se paró. Los hilos se van a renovar con el tiempo para intentar evitar in posible fallo de memoria.
10-Mar-2022 10:11:52.091 GRAVE [localhost-startStop-3] org.apache.catalina.loader.WebappClassLoaderBase.checkThreadLocalMapForLeaks La aplicación web [auth-fielco] creó un ThreadLocal con clave del tipo [biz.paluch.logging.gelf.intern.OutputAccessor$OutputAccessorPoolHolder$1] (valor [biz.paluch.logging.gelf.intern.OutputAccessor$OutputAccessorPoolHolder$1@7aef03e6]) y un valor del tipo [biz.paluch.logging.gelf.intern.OutputAccessor.ByteBufferOutputAccessor] (valor [biz.paluch.logging.gelf.intern.OutputAccessor$ByteBufferOutputAccessor@557c8865]) pero no pudo quitarlo cuando la aplicación web se paró. Los hilos se van a renovar con el tiempo para intentar evitar in posible fallo de memoria.
10-Mar-2022 10:11:52.099 INFORMACIÓN [main] org.apache.coyote.AbstractProtocol.stop Stopping ProtocolHandler ["http-nio-8080"]
10-Mar-2022 10:11:52.100 INFORMACIÓN [main] org.apache.coyote.AbstractProtocol.stop Stopping ProtocolHandler ["ajp-nio-8009"]
10-Mar-2022 10:11:52.101 INFORMACIÓN [main] org.apache.coyote.AbstractProtocol.destroy Destroying ProtocolHandler ["http-nio-8080"]
10-Mar-2022 10:11:52.102 INFORMACIÓN [main] org.apache.coyote.AbstractProtocol.destroy Destroying ProtocolHandler ["ajp-nio-8009"]
10-Mar-2022 10:11:52.104 ADVERTENCIA [main] org.apache.catalina.deploy.NamingResourcesImpl.cleanUp Failed to retrieve JNDI naming context for container [StandardEngine[Catalina].StandardHost[localhost].StandardContext[/miempresa-auth]] so no cleanup was performed for that container
 javax.naming.NamingException: No hay contexto de nombres asociado a este cargador de clase
	at org.apache.naming.ContextBindings.getClassLoader(ContextBindings.java:268)
	at org.apache.catalina.deploy.NamingResourcesImpl.cleanUp(NamingResourcesImpl.java:993)
	at org.apache.catalina.deploy.NamingResourcesImpl.stopInternal(NamingResourcesImpl.java:976)
	at org.apache.catalina.util.LifecycleBase.stop(LifecycleBase.java:226)
	at org.apache.catalina.core.StandardContext.stopInternal(StandardContext.java:5425)
	at org.apache.catalina.util.LifecycleBase.stop(LifecycleBase.java:226)
	at org.apache.catalina.util.LifecycleBase.destroy(LifecycleBase.java:264)
	at org.apache.catalina.core.ContainerBase.removeChild(ContainerBase.java:826)
	at org.apache.catalina.core.ContainerBase.destroyInternal(ContainerBase.java:1008)
	at org.apache.catalina.util.LifecycleBase.destroy(LifecycleBase.java:297)
	at org.apache.catalina.core.ContainerBase.removeChild(ContainerBase.java:826)
	at org.apache.catalina.core.ContainerBase.destroyInternal(ContainerBase.java:1008)
	at org.apache.catalina.util.LifecycleBase.destroy(LifecycleBase.java:297)
	at org.apache.catalina.core.StandardService.destroyInternal(StandardService.java:585)
	at org.apache.catalina.util.LifecycleBase.destroy(LifecycleBase.java:297)
	at org.apache.catalina.core.StandardServer.destroyInternal(StandardServer.java:881)
	at org.apache.catalina.util.LifecycleBase.destroy(LifecycleBase.java:297)
	at org.apache.catalina.startup.Catalina.stop(Catalina.java:729)
	at org.apache.catalina.startup.Catalina.start(Catalina.java:690)
	at sun.reflect.NativeMethodAccessorImpl.invoke0(Native Method)
	at sun.reflect.NativeMethodAccessorImpl.invoke(NativeMethodAccessorImpl.java:62)
	at sun.reflect.DelegatingMethodAccessorImpl.invoke(DelegatingMethodAccessorImpl.java:43)
	at java.lang.reflect.Method.invoke(Method.java:498)
	at org.apache.catalina.startup.Bootstrap.start(Bootstrap.java:355)
	at org.apache.catalina.startup.Bootstrap.main(Bootstrap.java:495)

