21-Feb-2022 09:38:10.717 INFORMACIÓN [http-nio-8080-exec-18] org.apache.catalina.startup.HostConfig.deployDescriptor Desplieque del descriptor de configuración C:\Users\User\Documents\Tomcat\apache-tomcat-WU\conf\Catalina\localhost\administrativo-fielcorresponsal.xml
21-Feb-2022 09:38:24.889 ADVERTENCIA [http-nio-8080-exec-18] org.apache.tomcat.dbcp.dbcp2.BasicDataSourceFactory.getObjectInstance Name = CNB-Sybase Property maxActive is not used in DBCP2, use maxTotal instead. maxTotal default value is 8. You have set value of "1" for "maxActive" property, which is being ignored.
21-Feb-2022 09:38:24.889 INFORMACIÓN [http-nio-8080-exec-18] org.apache.tomcat.dbcp.dbcp2.BasicDataSourceFactory.getObjectInstance Name = Solicitud Ignoring unknown property: value of "1" for "minimumIdle" property
21-Feb-2022 09:38:24.889 INFORMACIÓN [http-nio-8080-exec-18] org.apache.tomcat.dbcp.dbcp2.BasicDataSourceFactory.getObjectInstance Name = Solicitud Ignoring unknown property: value of "1" for "maximumPoolSize" property
21-Feb-2022 09:38:24.890 ADVERTENCIA [http-nio-8080-exec-18] org.apache.tomcat.dbcp.dbcp2.BasicDataSourceFactory.getObjectInstance Name = pentaho-sybase Property maxActive is not used in DBCP2, use maxTotal instead. maxTotal default value is 8. You have set value of "5" for "maxActive" property, which is being ignored.
21-Feb-2022 09:38:25.102 INFORMACIÓN [http-nio-8080-exec-18] org.apache.jasper.servlet.TldScanner.scanJars Al menos un JAR, que se ha explorado buscando TLDs, aún no contenía TLDs. Activar historial de depuración para este historiador para una completa lista de los JARs que fueron explorados y de los que nos se halló TLDs. Saltarse JARs no necesarios durante la exploración puede dar lugar a una mejora de tiempo significativa en el arranque y compilación de JSP .
21-Feb-2022 09:39:08.959 INFORMACIÓN [http-nio-8080-exec-18] org.apache.catalina.startup.HostConfig.deployDescriptor Deployment of configuration descriptor C:\Users\User\Documents\Tomcat\apache-tomcat-WU\conf\Catalina\localhost\administrativo-fielcorresponsal.xml has finished in 58.242 ms
21-Feb-2022 09:39:08.964 INFORMACIÓN [http-nio-8080-exec-15] org.apache.catalina.util.LifecycleBase.start The start() method was called on component [StandardEngine[Catalina].StandardHost[localhost].StandardContext[/administrativo-fielcorresponsal]] after start() had already been called. The second call will be ignored.
21-Feb-2022 09:43:15.114 INFORMACIÓN [main] org.apache.catalina.core.StandardServer.await Se ha recibido un comando de apagado a través del puerto de apagado. Parando la instancia del Servidor.
21-Feb-2022 09:43:15.122 INFORMACIÓN [main] org.apache.coyote.AbstractProtocol.pause Pausing ProtocolHandler ["http-nio-8080"]
21-Feb-2022 09:43:15.188 INFORMACIÓN [main] org.apache.coyote.AbstractProtocol.pause Pausing ProtocolHandler ["ajp-nio-8009"]
21-Feb-2022 09:43:15.251 INFORMACIÓN [main] org.apache.catalina.core.StandardService.stopInternal Parando servicio Catalina
21-Feb-2022 09:43:15.422 GRAVE [localhost-startStop-2] org.apache.catalina.loader.WebappClassLoaderBase.checkThreadLocalMapForLeaks La aplicación web [fielcorresponsal] creó un ThreadLocal con clave del tipo [biz.paluch.logging.gelf.intern.OutputAccessor$OutputAccessorPoolHolder$1] (valor [biz.paluch.logging.gelf.intern.OutputAccessor$OutputAccessorPoolHolder$1@2a1418a6]) y un valor del tipo [biz.paluch.logging.gelf.intern.OutputAccessor.ByteBufferOutputAccessor] (valor [biz.paluch.logging.gelf.intern.OutputAccessor$ByteBufferOutputAccessor@499672fa]) pero no pudo quitarlo cuando la aplicación web se paró. Los hilos se van a renovar con el tiempo para intentar evitar in posible fallo de memoria.
21-Feb-2022 09:43:15.423 GRAVE [localhost-startStop-2] org.apache.catalina.loader.WebappClassLoaderBase.checkThreadLocalMapForLeaks La aplicación web [fielcorresponsal] creó un ThreadLocal con clave del tipo [biz.paluch.logging.gelf.GelfMessageAssembler$1] (valor [biz.paluch.logging.gelf.GelfMessageAssembler$1@7fd6f26d]) y un valor del tipo [biz.paluch.logging.gelf.intern.PoolingGelfMessageBuilder] (valor [biz.paluch.logging.gelf.intern.PoolingGelfMessageBuilder@5683f0ad]) pero no pudo quitarlo cuando la aplicación web se paró. Los hilos se van a renovar con el tiempo para intentar evitar in posible fallo de memoria.
21-Feb-2022 09:43:15.423 GRAVE [localhost-startStop-2] org.apache.catalina.loader.WebappClassLoaderBase.checkThreadLocalMapForLeaks La aplicación web [fielcorresponsal] creó un ThreadLocal con clave del tipo [biz.paluch.logging.gelf.GelfMessageAssembler$1] (valor [biz.paluch.logging.gelf.GelfMessageAssembler$1@7fd6f26d]) y un valor del tipo [biz.paluch.logging.gelf.intern.PoolingGelfMessageBuilder] (valor [biz.paluch.logging.gelf.intern.PoolingGelfMessageBuilder@6eae6013]) pero no pudo quitarlo cuando la aplicación web se paró. Los hilos se van a renovar con el tiempo para intentar evitar in posible fallo de memoria.
21-Feb-2022 09:43:15.423 GRAVE [localhost-startStop-2] org.apache.catalina.loader.WebappClassLoaderBase.checkThreadLocalMapForLeaks La aplicación web [fielcorresponsal] creó un ThreadLocal con clave del tipo [biz.paluch.logging.gelf.intern.OutputAccessor$OutputAccessorPoolHolder$1] (valor [biz.paluch.logging.gelf.intern.OutputAccessor$OutputAccessorPoolHolder$1@2a1418a6]) y un valor del tipo [biz.paluch.logging.gelf.intern.OutputAccessor.ByteBufferOutputAccessor] (valor [biz.paluch.logging.gelf.intern.OutputAccessor$ByteBufferOutputAccessor@2761f3f3]) pero no pudo quitarlo cuando la aplicación web se paró. Los hilos se van a renovar con el tiempo para intentar evitar in posible fallo de memoria.
21-Feb-2022 09:43:15.424 GRAVE [localhost-startStop-2] org.apache.catalina.loader.WebappClassLoaderBase.checkThreadLocalMapForLeaks La aplicación web [fielcorresponsal] creó un ThreadLocal con clave del tipo [biz.paluch.logging.gelf.GelfMessageAssembler$1] (valor [biz.paluch.logging.gelf.GelfMessageAssembler$1@7fd6f26d]) y un valor del tipo [biz.paluch.logging.gelf.intern.PoolingGelfMessageBuilder] (valor [biz.paluch.logging.gelf.intern.PoolingGelfMessageBuilder@3bbaab67]) pero no pudo quitarlo cuando la aplicación web se paró. Los hilos se van a renovar con el tiempo para intentar evitar in posible fallo de memoria.
21-Feb-2022 09:43:15.424 GRAVE [localhost-startStop-2] org.apache.catalina.loader.WebappClassLoaderBase.checkThreadLocalMapForLeaks La aplicación web [fielcorresponsal] creó un ThreadLocal con clave del tipo [biz.paluch.logging.gelf.intern.OutputAccessor$OutputAccessorPoolHolder$1] (valor [biz.paluch.logging.gelf.intern.OutputAccessor$OutputAccessorPoolHolder$1@2a1418a6]) y un valor del tipo [biz.paluch.logging.gelf.intern.OutputAccessor.ByteBufferOutputAccessor] (valor [biz.paluch.logging.gelf.intern.OutputAccessor$ByteBufferOutputAccessor@7b6d9b]) pero no pudo quitarlo cuando la aplicación web se paró. Los hilos se van a renovar con el tiempo para intentar evitar in posible fallo de memoria.
21-Feb-2022 09:43:15.995 ADVERTENCIA [localhost-startStop-2] org.apache.catalina.loader.WebappClassLoaderBase.clearReferencesThreads The web application [administrativo-fielcorresponsal] appears to have started a thread named [Log4j2-AsyncAppenderEventDispatcher-1-RollingFileAsync] but has failed to stop it. This is very likely to create a memory leak. Stack trace of thread:
 sun.misc.Unsafe.park(Native Method)
 java.util.concurrent.locks.LockSupport.park(LockSupport.java:175)
 java.util.concurrent.locks.AbstractQueuedSynchronizer$ConditionObject.await(AbstractQueuedSynchronizer.java:2039)
 java.util.concurrent.ArrayBlockingQueue.take(ArrayBlockingQueue.java:403)
 org.apache.logging.log4j.core.appender.AsyncAppenderEventDispatcher.dispatchAll(AsyncAppenderEventDispatcher.java:71)
 org.apache.logging.log4j.core.appender.AsyncAppenderEventDispatcher.run(AsyncAppenderEventDispatcher.java:63)
21-Feb-2022 09:43:15.995 ADVERTENCIA [localhost-startStop-2] org.apache.catalina.loader.WebappClassLoaderBase.clearReferencesThreads The web application [administrativo-fielcorresponsal] appears to have started a thread named [Log4j2-AsyncAppenderEventDispatcher-2-RollingFileAsyncLiq] but has failed to stop it. This is very likely to create a memory leak. Stack trace of thread:
 sun.misc.Unsafe.park(Native Method)
 java.util.concurrent.locks.LockSupport.park(LockSupport.java:175)
 java.util.concurrent.locks.AbstractQueuedSynchronizer$ConditionObject.await(AbstractQueuedSynchronizer.java:2039)
 java.util.concurrent.ArrayBlockingQueue.take(ArrayBlockingQueue.java:403)
 org.apache.logging.log4j.core.appender.AsyncAppenderEventDispatcher.dispatchAll(AsyncAppenderEventDispatcher.java:71)
 org.apache.logging.log4j.core.appender.AsyncAppenderEventDispatcher.run(AsyncAppenderEventDispatcher.java:63)
21-Feb-2022 09:43:15.995 ADVERTENCIA [localhost-startStop-2] org.apache.catalina.loader.WebappClassLoaderBase.clearReferencesThreads The web application [administrativo-fielcorresponsal] appears to have started a thread named [AS400 Read Daemon [system:192.168.30.112;job:911422/QUSER/QZDASOINIT]] but has failed to stop it. This is very likely to create a memory leak. Stack trace of thread:
 java.net.SocketInputStream.socketRead0(Native Method)
 java.net.SocketInputStream.socketRead(SocketInputStream.java:116)
 java.net.SocketInputStream.read(SocketInputStream.java:171)
 java.net.SocketInputStream.read(SocketInputStream.java:141)
 com.ibm.as400.access.DataStream.readFromStream(DataStream.java:52)
 com.ibm.as400.access.ClientAccessDataStream.construct(ClientAccessDataStream.java:52)
 com.ibm.as400.access.AS400ThreadedServer.run(AS400ThreadedServer.java:357)
 java.lang.Thread.run(Thread.java:748)
21-Feb-2022 09:43:15.996 GRAVE [localhost-startStop-2] org.apache.catalina.loader.WebappClassLoaderBase.checkThreadLocalMapForLeaks La aplicación web [administrativo-fielcorresponsal] creó un ThreadLocal con clave del tipo [biz.paluch.logging.gelf.intern.OutputAccessor$OutputAccessorPoolHolder$1] (valor [biz.paluch.logging.gelf.intern.OutputAccessor$OutputAccessorPoolHolder$1@7f459b42]) y un valor del tipo [biz.paluch.logging.gelf.intern.OutputAccessor.ByteBufferOutputAccessor] (valor [biz.paluch.logging.gelf.intern.OutputAccessor$ByteBufferOutputAccessor@5d20e985]) pero no pudo quitarlo cuando la aplicación web se paró. Los hilos se van a renovar con el tiempo para intentar evitar in posible fallo de memoria.
21-Feb-2022 09:43:15.996 GRAVE [localhost-startStop-2] org.apache.catalina.loader.WebappClassLoaderBase.checkThreadLocalMapForLeaks La aplicación web [administrativo-fielcorresponsal] creó un ThreadLocal con clave del tipo [biz.paluch.logging.gelf.GelfMessageAssembler$1] (valor [biz.paluch.logging.gelf.GelfMessageAssembler$1@6bff573a]) y un valor del tipo [biz.paluch.logging.gelf.intern.PoolingGelfMessageBuilder] (valor [biz.paluch.logging.gelf.intern.PoolingGelfMessageBuilder@3d223294]) pero no pudo quitarlo cuando la aplicación web se paró. Los hilos se van a renovar con el tiempo para intentar evitar in posible fallo de memoria.
21-Feb-2022 09:43:15.996 GRAVE [localhost-startStop-2] org.apache.catalina.loader.WebappClassLoaderBase.checkThreadLocalMapForLeaks La aplicación web [administrativo-fielcorresponsal] creó un ThreadLocal con clave del tipo [biz.paluch.logging.gelf.GelfMessageAssembler$1] (valor [biz.paluch.logging.gelf.GelfMessageAssembler$1@6bff573a]) y un valor del tipo [biz.paluch.logging.gelf.intern.PoolingGelfMessageBuilder] (valor [biz.paluch.logging.gelf.intern.PoolingGelfMessageBuilder@6e6e31f9]) pero no pudo quitarlo cuando la aplicación web se paró. Los hilos se van a renovar con el tiempo para intentar evitar in posible fallo de memoria.
21-Feb-2022 09:43:16.033 GRAVE [localhost-startStop-2] org.apache.catalina.loader.WebappClassLoaderBase.checkThreadLocalMapForLeaks La aplicación web [administrativo-fielcorresponsal] creó un ThreadLocal con clave del tipo [biz.paluch.logging.gelf.intern.OutputAccessor$OutputAccessorPoolHolder$1] (valor [biz.paluch.logging.gelf.intern.OutputAccessor$OutputAccessorPoolHolder$1@7f459b42]) y un valor del tipo [biz.paluch.logging.gelf.intern.OutputAccessor.ByteBufferOutputAccessor] (valor [biz.paluch.logging.gelf.intern.OutputAccessor$ByteBufferOutputAccessor@34589170]) pero no pudo quitarlo cuando la aplicación web se paró. Los hilos se van a renovar con el tiempo para intentar evitar in posible fallo de memoria.
21-Feb-2022 09:43:16.667 ADVERTENCIA [localhost-startStop-2] org.apache.catalina.loader.WebappClassLoaderBase.clearReferencesThreads The web application [auth-fielcorresponsal] appears to have started a thread named [Log4j2-TF-3-Scheduled-1] but has failed to stop it. This is very likely to create a memory leak. Stack trace of thread:
 sun.misc.Unsafe.park(Native Method)
 java.util.concurrent.locks.LockSupport.parkNanos(LockSupport.java:215)
 java.util.concurrent.locks.AbstractQueuedSynchronizer$ConditionObject.awaitNanos(AbstractQueuedSynchronizer.java:2078)
 java.util.concurrent.ScheduledThreadPoolExecutor$DelayedWorkQueue.take(ScheduledThreadPoolExecutor.java:1093)
 java.util.concurrent.ScheduledThreadPoolExecutor$DelayedWorkQueue.take(ScheduledThreadPoolExecutor.java:809)
 java.util.concurrent.ThreadPoolExecutor.getTask(ThreadPoolExecutor.java:1074)
 java.util.concurrent.ThreadPoolExecutor.runWorker(ThreadPoolExecutor.java:1134)
 java.util.concurrent.ThreadPoolExecutor$Worker.run(ThreadPoolExecutor.java:624)
 java.lang.Thread.run(Thread.java:748)
21-Feb-2022 09:43:17.537 ADVERTENCIA [localhost-startStop-2] org.apache.catalina.loader.WebappClassLoaderBase.clearReferencesThreads The web application [datos-generales-fielcorresponsal] appears to have started a thread named [Log4j2-AsyncAppenderEventDispatcher-1-RollingFileAsync] but has failed to stop it. This is very likely to create a memory leak. Stack trace of thread:
 sun.misc.Unsafe.park(Native Method)
 java.util.concurrent.locks.LockSupport.park(LockSupport.java:175)
 java.util.concurrent.locks.AbstractQueuedSynchronizer$ConditionObject.await(AbstractQueuedSynchronizer.java:2039)
 java.util.concurrent.ArrayBlockingQueue.take(ArrayBlockingQueue.java:403)
 org.apache.logging.log4j.core.appender.AsyncAppenderEventDispatcher.dispatchAll(AsyncAppenderEventDispatcher.java:71)
 org.apache.logging.log4j.core.appender.AsyncAppenderEventDispatcher.run(AsyncAppenderEventDispatcher.java:63)
21-Feb-2022 09:43:17.537 GRAVE [localhost-startStop-2] org.apache.catalina.loader.WebappClassLoaderBase.checkThreadLocalMapForLeaks La aplicación web [datos-generales-fielcorresponsal] creó un ThreadLocal con clave del tipo [biz.paluch.logging.gelf.GelfMessageAssembler$1] (valor [biz.paluch.logging.gelf.GelfMessageAssembler$1@7a573de7]) y un valor del tipo [biz.paluch.logging.gelf.intern.PoolingGelfMessageBuilder] (valor [biz.paluch.logging.gelf.intern.PoolingGelfMessageBuilder@10ec3756]) pero no pudo quitarlo cuando la aplicación web se paró. Los hilos se van a renovar con el tiempo para intentar evitar in posible fallo de memoria.
21-Feb-2022 09:43:17.537 GRAVE [localhost-startStop-2] org.apache.catalina.loader.WebappClassLoaderBase.checkThreadLocalMapForLeaks La aplicación web [datos-generales-fielcorresponsal] creó un ThreadLocal con clave del tipo [biz.paluch.logging.gelf.intern.OutputAccessor$OutputAccessorPoolHolder$1] (valor [biz.paluch.logging.gelf.intern.OutputAccessor$OutputAccessorPoolHolder$1@75f9469c]) y un valor del tipo [biz.paluch.logging.gelf.intern.OutputAccessor.ByteBufferOutputAccessor] (valor [biz.paluch.logging.gelf.intern.OutputAccessor$ByteBufferOutputAccessor@e944f6d]) pero no pudo quitarlo cuando la aplicación web se paró. Los hilos se van a renovar con el tiempo para intentar evitar in posible fallo de memoria.
21-Feb-2022 09:43:17.559 INFORMACIÓN [main] org.apache.coyote.AbstractProtocol.stop Stopping ProtocolHandler ["http-nio-8080"]
21-Feb-2022 09:43:17.560 INFORMACIÓN [main] org.apache.coyote.AbstractProtocol.stop Stopping ProtocolHandler ["ajp-nio-8009"]
21-Feb-2022 09:43:17.562 INFORMACIÓN [main] org.apache.coyote.AbstractProtocol.destroy Destroying ProtocolHandler ["http-nio-8080"]
21-Feb-2022 09:43:17.562 INFORMACIÓN [main] org.apache.coyote.AbstractProtocol.destroy Destroying ProtocolHandler ["ajp-nio-8009"]
