22-Dec-2021 11:08:45.177 INFORMACIÓN [http-nio-8080-exec-37] org.apache.catalina.core.StandardContext.reload Ha comenzado la recarga de Contexto [/administrativo-fielcorresponsal]
22-Dec-2021 11:08:46.699 ADVERTENCIA [http-nio-8080-exec-37] org.apache.catalina.loader.WebappClassLoaderBase.clearReferencesThreads The web application [administrativo-fielcorresponsal] appears to have started a thread named [AsyncAppender-RollingFileAsync] but has failed to stop it. This is very likely to create a memory leak. Stack trace of thread:
 sun.misc.Unsafe.park(Native Method)
 java.util.concurrent.locks.LockSupport.park(LockSupport.java:175)
 java.util.concurrent.locks.AbstractQueuedSynchronizer$ConditionObject.await(AbstractQueuedSynchronizer.java:2039)
 java.util.concurrent.ArrayBlockingQueue.take(ArrayBlockingQueue.java:403)
 org.apache.logging.log4j.core.appender.AsyncAppender$AsyncThread.run(AsyncAppender.java:403)
22-Dec-2021 11:08:46.700 ADVERTENCIA [http-nio-8080-exec-37] org.apache.catalina.loader.WebappClassLoaderBase.clearReferencesThreads The web application [administrativo-fielcorresponsal] appears to have started a thread named [AsyncAppender-RollingFileAsyncLiq] but has failed to stop it. This is very likely to create a memory leak. Stack trace of thread:
 sun.misc.Unsafe.park(Native Method)
 java.util.concurrent.locks.LockSupport.park(LockSupport.java:175)
 java.util.concurrent.locks.AbstractQueuedSynchronizer$ConditionObject.await(AbstractQueuedSynchronizer.java:2039)
 java.util.concurrent.ArrayBlockingQueue.take(ArrayBlockingQueue.java:403)
 org.apache.logging.log4j.core.appender.AsyncAppender$AsyncThread.run(AsyncAppender.java:403)
22-Dec-2021 11:08:46.700 ADVERTENCIA [http-nio-8080-exec-37] org.apache.catalina.loader.WebappClassLoaderBase.clearReferencesThreads The web application [administrativo-fielcorresponsal] appears to have started a thread named [AS400 Read Daemon [system:192.168.30.112;job:887408/QUSER/QZDASOINIT]] but has failed to stop it. This is very likely to create a memory leak. Stack trace of thread:
 java.net.SocketInputStream.socketRead0(Native Method)
 java.net.SocketInputStream.socketRead(SocketInputStream.java:116)
 java.net.SocketInputStream.read(SocketInputStream.java:171)
 java.net.SocketInputStream.read(SocketInputStream.java:141)
 com.ibm.as400.access.DataStream.readFromStream(DataStream.java:52)
 com.ibm.as400.access.ClientAccessDataStream.construct(ClientAccessDataStream.java:52)
 com.ibm.as400.access.AS400ThreadedServer.run(AS400ThreadedServer.java:357)
 java.lang.Thread.run(Thread.java:748)
22-Dec-2021 11:09:02.264 ADVERTENCIA [http-nio-8080-exec-37] org.apache.tomcat.dbcp.dbcp2.BasicDataSourceFactory.getObjectInstance Name = CNB-Sybase Property maxActive is not used in DBCP2, use maxTotal instead. maxTotal default value is 8. You have set value of "1" for "maxActive" property, which is being ignored.
22-Dec-2021 11:09:02.265 INFORMACIÓN [http-nio-8080-exec-37] org.apache.tomcat.dbcp.dbcp2.BasicDataSourceFactory.getObjectInstance Name = Solicitud Ignoring unknown property: value of "1" for "minimumIdle" property
22-Dec-2021 11:09:02.265 INFORMACIÓN [http-nio-8080-exec-37] org.apache.tomcat.dbcp.dbcp2.BasicDataSourceFactory.getObjectInstance Name = Solicitud Ignoring unknown property: value of "1" for "maximumPoolSize" property
22-Dec-2021 11:09:02.265 ADVERTENCIA [http-nio-8080-exec-37] org.apache.tomcat.dbcp.dbcp2.BasicDataSourceFactory.getObjectInstance Name = pentaho-sybase Property maxActive is not used in DBCP2, use maxTotal instead. maxTotal default value is 8. You have set value of "5" for "maxActive" property, which is being ignored.
22-Dec-2021 11:09:20.614 INFORMACIÓN [http-nio-8080-exec-37] org.apache.catalina.core.StandardContext.reload Se ha completado la recarga de este Contexto
22-Dec-2021 11:09:46.205 INFORMACIÓN [http-nio-8080-exec-36] org.apache.catalina.core.StandardContext.reload Ha comenzado la recarga de Contexto [/administrativo-fielcorresponsal]
22-Dec-2021 11:09:46.416 ADVERTENCIA [http-nio-8080-exec-36] org.apache.catalina.loader.WebappClassLoaderBase.clearReferencesThreads The web application [administrativo-fielcorresponsal] appears to have started a thread named [AsyncAppender-RollingFileAsync] but has failed to stop it. This is very likely to create a memory leak. Stack trace of thread:
 sun.misc.Unsafe.park(Native Method)
 java.util.concurrent.locks.LockSupport.park(LockSupport.java:175)
 java.util.concurrent.locks.AbstractQueuedSynchronizer$ConditionObject.await(AbstractQueuedSynchronizer.java:2039)
 java.util.concurrent.ArrayBlockingQueue.take(ArrayBlockingQueue.java:403)
 org.apache.logging.log4j.core.appender.AsyncAppender$AsyncThread.run(AsyncAppender.java:403)
22-Dec-2021 11:09:46.417 ADVERTENCIA [http-nio-8080-exec-36] org.apache.catalina.loader.WebappClassLoaderBase.clearReferencesThreads The web application [administrativo-fielcorresponsal] appears to have started a thread named [AsyncAppender-RollingFileAsyncLiq] but has failed to stop it. This is very likely to create a memory leak. Stack trace of thread:
 sun.misc.Unsafe.park(Native Method)
 java.util.concurrent.locks.LockSupport.park(LockSupport.java:175)
 java.util.concurrent.locks.AbstractQueuedSynchronizer$ConditionObject.await(AbstractQueuedSynchronizer.java:2039)
 java.util.concurrent.ArrayBlockingQueue.take(ArrayBlockingQueue.java:403)
 org.apache.logging.log4j.core.appender.AsyncAppender$AsyncThread.run(AsyncAppender.java:403)
22-Dec-2021 11:09:59.900 ADVERTENCIA [http-nio-8080-exec-36] org.apache.tomcat.dbcp.dbcp2.BasicDataSourceFactory.getObjectInstance Name = CNB-Sybase Property maxActive is not used in DBCP2, use maxTotal instead. maxTotal default value is 8. You have set value of "1" for "maxActive" property, which is being ignored.
22-Dec-2021 11:09:59.900 INFORMACIÓN [http-nio-8080-exec-36] org.apache.tomcat.dbcp.dbcp2.BasicDataSourceFactory.getObjectInstance Name = Solicitud Ignoring unknown property: value of "1" for "minimumIdle" property
22-Dec-2021 11:09:59.900 INFORMACIÓN [http-nio-8080-exec-36] org.apache.tomcat.dbcp.dbcp2.BasicDataSourceFactory.getObjectInstance Name = Solicitud Ignoring unknown property: value of "1" for "maximumPoolSize" property
22-Dec-2021 11:09:59.901 ADVERTENCIA [http-nio-8080-exec-36] org.apache.tomcat.dbcp.dbcp2.BasicDataSourceFactory.getObjectInstance Name = pentaho-sybase Property maxActive is not used in DBCP2, use maxTotal instead. maxTotal default value is 8. You have set value of "5" for "maxActive" property, which is being ignored.
22-Dec-2021 11:10:14.590 INFORMACIÓN [http-nio-8080-exec-36] org.apache.catalina.core.StandardContext.reload Se ha completado la recarga de este Contexto
22-Dec-2021 11:23:17.931 INFORMACIÓN [http-nio-8080-exec-54] org.apache.catalina.core.StandardContext.reload Ha comenzado la recarga de Contexto [/administrativo-fielcorresponsal]
22-Dec-2021 11:23:18.095 ADVERTENCIA [http-nio-8080-exec-54] org.apache.catalina.loader.WebappClassLoaderBase.clearReferencesThreads The web application [administrativo-fielcorresponsal] appears to have started a thread named [AsyncAppender-RollingFileAsync] but has failed to stop it. This is very likely to create a memory leak. Stack trace of thread:
 sun.misc.Unsafe.park(Native Method)
 java.util.concurrent.locks.LockSupport.park(LockSupport.java:175)
 java.util.concurrent.locks.AbstractQueuedSynchronizer$ConditionObject.await(AbstractQueuedSynchronizer.java:2039)
 java.util.concurrent.ArrayBlockingQueue.take(ArrayBlockingQueue.java:403)
 org.apache.logging.log4j.core.appender.AsyncAppender$AsyncThread.run(AsyncAppender.java:403)
22-Dec-2021 11:23:18.096 ADVERTENCIA [http-nio-8080-exec-54] org.apache.catalina.loader.WebappClassLoaderBase.clearReferencesThreads The web application [administrativo-fielcorresponsal] appears to have started a thread named [AsyncAppender-RollingFileAsyncLiq] but has failed to stop it. This is very likely to create a memory leak. Stack trace of thread:
 sun.misc.Unsafe.park(Native Method)
 java.util.concurrent.locks.LockSupport.park(LockSupport.java:175)
 java.util.concurrent.locks.AbstractQueuedSynchronizer$ConditionObject.await(AbstractQueuedSynchronizer.java:2039)
 java.util.concurrent.ArrayBlockingQueue.take(ArrayBlockingQueue.java:403)
 org.apache.logging.log4j.core.appender.AsyncAppender$AsyncThread.run(AsyncAppender.java:403)
22-Dec-2021 11:23:29.163 ADVERTENCIA [http-nio-8080-exec-54] org.apache.tomcat.dbcp.dbcp2.BasicDataSourceFactory.getObjectInstance Name = CNB-Sybase Property maxActive is not used in DBCP2, use maxTotal instead. maxTotal default value is 8. You have set value of "1" for "maxActive" property, which is being ignored.
22-Dec-2021 11:23:29.163 INFORMACIÓN [http-nio-8080-exec-54] org.apache.tomcat.dbcp.dbcp2.BasicDataSourceFactory.getObjectInstance Name = Solicitud Ignoring unknown property: value of "1" for "minimumIdle" property
22-Dec-2021 11:23:29.163 INFORMACIÓN [http-nio-8080-exec-54] org.apache.tomcat.dbcp.dbcp2.BasicDataSourceFactory.getObjectInstance Name = Solicitud Ignoring unknown property: value of "1" for "maximumPoolSize" property
22-Dec-2021 11:23:29.163 ADVERTENCIA [http-nio-8080-exec-54] org.apache.tomcat.dbcp.dbcp2.BasicDataSourceFactory.getObjectInstance Name = pentaho-sybase Property maxActive is not used in DBCP2, use maxTotal instead. maxTotal default value is 8. You have set value of "5" for "maxActive" property, which is being ignored.
22-Dec-2021 11:23:43.156 INFORMACIÓN [http-nio-8080-exec-54] org.apache.catalina.core.StandardContext.reload Se ha completado la recarga de este Contexto
22-Dec-2021 11:25:05.803 INFORMACIÓN [http-nio-8080-exec-58] org.apache.catalina.core.StandardContext.reload Ha comenzado la recarga de Contexto [/administrativo-fielcorresponsal]
22-Dec-2021 11:25:05.958 ADVERTENCIA [http-nio-8080-exec-58] org.apache.catalina.loader.WebappClassLoaderBase.clearReferencesThreads The web application [administrativo-fielcorresponsal] appears to have started a thread named [AsyncAppender-RollingFileAsync] but has failed to stop it. This is very likely to create a memory leak. Stack trace of thread:
 sun.misc.Unsafe.park(Native Method)
 java.util.concurrent.locks.LockSupport.park(LockSupport.java:175)
 java.util.concurrent.locks.AbstractQueuedSynchronizer$ConditionObject.await(AbstractQueuedSynchronizer.java:2039)
 java.util.concurrent.ArrayBlockingQueue.take(ArrayBlockingQueue.java:403)
 org.apache.logging.log4j.core.appender.AsyncAppender$AsyncThread.run(AsyncAppender.java:403)
22-Dec-2021 11:25:05.958 ADVERTENCIA [http-nio-8080-exec-58] org.apache.catalina.loader.WebappClassLoaderBase.clearReferencesThreads The web application [administrativo-fielcorresponsal] appears to have started a thread named [AsyncAppender-RollingFileAsyncLiq] but has failed to stop it. This is very likely to create a memory leak. Stack trace of thread:
 sun.misc.Unsafe.park(Native Method)
 java.util.concurrent.locks.LockSupport.park(LockSupport.java:175)
 java.util.concurrent.locks.AbstractQueuedSynchronizer$ConditionObject.await(AbstractQueuedSynchronizer.java:2039)
 java.util.concurrent.ArrayBlockingQueue.take(ArrayBlockingQueue.java:403)
 org.apache.logging.log4j.core.appender.AsyncAppender$AsyncThread.run(AsyncAppender.java:403)
22-Dec-2021 11:25:18.108 ADVERTENCIA [http-nio-8080-exec-58] org.apache.tomcat.dbcp.dbcp2.BasicDataSourceFactory.getObjectInstance Name = CNB-Sybase Property maxActive is not used in DBCP2, use maxTotal instead. maxTotal default value is 8. You have set value of "1" for "maxActive" property, which is being ignored.
22-Dec-2021 11:25:18.108 INFORMACIÓN [http-nio-8080-exec-58] org.apache.tomcat.dbcp.dbcp2.BasicDataSourceFactory.getObjectInstance Name = Solicitud Ignoring unknown property: value of "1" for "minimumIdle" property
22-Dec-2021 11:25:18.109 INFORMACIÓN [http-nio-8080-exec-58] org.apache.tomcat.dbcp.dbcp2.BasicDataSourceFactory.getObjectInstance Name = Solicitud Ignoring unknown property: value of "1" for "maximumPoolSize" property
22-Dec-2021 11:25:18.109 ADVERTENCIA [http-nio-8080-exec-58] org.apache.tomcat.dbcp.dbcp2.BasicDataSourceFactory.getObjectInstance Name = pentaho-sybase Property maxActive is not used in DBCP2, use maxTotal instead. maxTotal default value is 8. You have set value of "5" for "maxActive" property, which is being ignored.
22-Dec-2021 11:25:31.418 INFORMACIÓN [http-nio-8080-exec-58] org.apache.catalina.core.StandardContext.reload Se ha completado la recarga de este Contexto
22-Dec-2021 11:26:41.212 INFORMACIÓN [http-nio-8080-exec-50] org.apache.catalina.core.StandardContext.reload Ha comenzado la recarga de Contexto [/administrativo-fielcorresponsal]
22-Dec-2021 11:26:41.369 ADVERTENCIA [http-nio-8080-exec-50] org.apache.catalina.loader.WebappClassLoaderBase.clearReferencesThreads The web application [administrativo-fielcorresponsal] appears to have started a thread named [AsyncAppender-RollingFileAsync] but has failed to stop it. This is very likely to create a memory leak. Stack trace of thread:
 sun.misc.Unsafe.park(Native Method)
 java.util.concurrent.locks.LockSupport.park(LockSupport.java:175)
 java.util.concurrent.locks.AbstractQueuedSynchronizer$ConditionObject.await(AbstractQueuedSynchronizer.java:2039)
 java.util.concurrent.ArrayBlockingQueue.take(ArrayBlockingQueue.java:403)
 org.apache.logging.log4j.core.appender.AsyncAppender$AsyncThread.run(AsyncAppender.java:403)
22-Dec-2021 11:26:41.370 ADVERTENCIA [http-nio-8080-exec-50] org.apache.catalina.loader.WebappClassLoaderBase.clearReferencesThreads The web application [administrativo-fielcorresponsal] appears to have started a thread named [AsyncAppender-RollingFileAsyncLiq] but has failed to stop it. This is very likely to create a memory leak. Stack trace of thread:
 sun.misc.Unsafe.park(Native Method)
 java.util.concurrent.locks.LockSupport.park(LockSupport.java:175)
 java.util.concurrent.locks.AbstractQueuedSynchronizer$ConditionObject.await(AbstractQueuedSynchronizer.java:2039)
 java.util.concurrent.ArrayBlockingQueue.take(ArrayBlockingQueue.java:403)
 org.apache.logging.log4j.core.appender.AsyncAppender$AsyncThread.run(AsyncAppender.java:403)
22-Dec-2021 11:26:53.372 ADVERTENCIA [http-nio-8080-exec-50] org.apache.tomcat.dbcp.dbcp2.BasicDataSourceFactory.getObjectInstance Name = CNB-Sybase Property maxActive is not used in DBCP2, use maxTotal instead. maxTotal default value is 8. You have set value of "1" for "maxActive" property, which is being ignored.
22-Dec-2021 11:26:53.373 INFORMACIÓN [http-nio-8080-exec-50] org.apache.tomcat.dbcp.dbcp2.BasicDataSourceFactory.getObjectInstance Name = Solicitud Ignoring unknown property: value of "1" for "minimumIdle" property
22-Dec-2021 11:26:53.373 INFORMACIÓN [http-nio-8080-exec-50] org.apache.tomcat.dbcp.dbcp2.BasicDataSourceFactory.getObjectInstance Name = Solicitud Ignoring unknown property: value of "1" for "maximumPoolSize" property
22-Dec-2021 11:26:53.373 ADVERTENCIA [http-nio-8080-exec-50] org.apache.tomcat.dbcp.dbcp2.BasicDataSourceFactory.getObjectInstance Name = pentaho-sybase Property maxActive is not used in DBCP2, use maxTotal instead. maxTotal default value is 8. You have set value of "5" for "maxActive" property, which is being ignored.
22-Dec-2021 11:27:07.743 INFORMACIÓN [http-nio-8080-exec-50] org.apache.catalina.core.StandardContext.reload Se ha completado la recarga de este Contexto
22-Dec-2021 11:27:08.190 INFORMACIÓN [http-nio-8080-exec-59] org.apache.catalina.core.StandardContext.reload Ha comenzado la recarga de Contexto [/administrativo-fielcorresponsal]
22-Dec-2021 11:27:08.329 ADVERTENCIA [http-nio-8080-exec-59] org.apache.catalina.loader.WebappClassLoaderBase.clearReferencesThreads The web application [administrativo-fielcorresponsal] appears to have started a thread named [AsyncAppender-RollingFileAsync] but has failed to stop it. This is very likely to create a memory leak. Stack trace of thread:
 sun.misc.Unsafe.park(Native Method)
 java.util.concurrent.locks.LockSupport.park(LockSupport.java:175)
 java.util.concurrent.locks.AbstractQueuedSynchronizer$ConditionObject.await(AbstractQueuedSynchronizer.java:2039)
 java.util.concurrent.ArrayBlockingQueue.take(ArrayBlockingQueue.java:403)
 org.apache.logging.log4j.core.appender.AsyncAppender$AsyncThread.run(AsyncAppender.java:403)
22-Dec-2021 11:27:08.329 ADVERTENCIA [http-nio-8080-exec-59] org.apache.catalina.loader.WebappClassLoaderBase.clearReferencesThreads The web application [administrativo-fielcorresponsal] appears to have started a thread named [AsyncAppender-RollingFileAsyncLiq] but has failed to stop it. This is very likely to create a memory leak. Stack trace of thread:
 sun.misc.Unsafe.park(Native Method)
 java.util.concurrent.locks.LockSupport.park(LockSupport.java:175)
 java.util.concurrent.locks.AbstractQueuedSynchronizer$ConditionObject.await(AbstractQueuedSynchronizer.java:2039)
 java.util.concurrent.ArrayBlockingQueue.take(ArrayBlockingQueue.java:403)
 org.apache.logging.log4j.core.appender.AsyncAppender$AsyncThread.run(AsyncAppender.java:403)
22-Dec-2021 11:27:18.284 ADVERTENCIA [http-nio-8080-exec-59] org.apache.tomcat.dbcp.dbcp2.BasicDataSourceFactory.getObjectInstance Name = CNB-Sybase Property maxActive is not used in DBCP2, use maxTotal instead. maxTotal default value is 8. You have set value of "1" for "maxActive" property, which is being ignored.
22-Dec-2021 11:27:18.284 INFORMACIÓN [http-nio-8080-exec-59] org.apache.tomcat.dbcp.dbcp2.BasicDataSourceFactory.getObjectInstance Name = Solicitud Ignoring unknown property: value of "1" for "minimumIdle" property
22-Dec-2021 11:27:18.284 INFORMACIÓN [http-nio-8080-exec-59] org.apache.tomcat.dbcp.dbcp2.BasicDataSourceFactory.getObjectInstance Name = Solicitud Ignoring unknown property: value of "1" for "maximumPoolSize" property
22-Dec-2021 11:27:18.285 ADVERTENCIA [http-nio-8080-exec-59] org.apache.tomcat.dbcp.dbcp2.BasicDataSourceFactory.getObjectInstance Name = pentaho-sybase Property maxActive is not used in DBCP2, use maxTotal instead. maxTotal default value is 8. You have set value of "5" for "maxActive" property, which is being ignored.
22-Dec-2021 11:27:32.467 INFORMACIÓN [http-nio-8080-exec-59] org.apache.catalina.core.StandardContext.reload Se ha completado la recarga de este Contexto
22-Dec-2021 12:11:29.197 INFORMACIÓN [http-nio-8080-exec-66] org.apache.catalina.core.StandardContext.reload Ha comenzado la recarga de Contexto [/administrativo-fielcorresponsal]
22-Dec-2021 12:11:29.916 ADVERTENCIA [http-nio-8080-exec-66] org.apache.catalina.loader.WebappClassLoaderBase.clearReferencesThreads The web application [administrativo-fielcorresponsal] appears to have started a thread named [AsyncAppender-RollingFileAsync] but has failed to stop it. This is very likely to create a memory leak. Stack trace of thread:
 sun.misc.Unsafe.park(Native Method)
 java.util.concurrent.locks.LockSupport.park(LockSupport.java:175)
 java.util.concurrent.locks.AbstractQueuedSynchronizer$ConditionObject.await(AbstractQueuedSynchronizer.java:2039)
 java.util.concurrent.ArrayBlockingQueue.take(ArrayBlockingQueue.java:403)
 org.apache.logging.log4j.core.appender.AsyncAppender$AsyncThread.run(AsyncAppender.java:403)
22-Dec-2021 12:11:29.916 ADVERTENCIA [http-nio-8080-exec-66] org.apache.catalina.loader.WebappClassLoaderBase.clearReferencesThreads The web application [administrativo-fielcorresponsal] appears to have started a thread named [AsyncAppender-RollingFileAsyncLiq] but has failed to stop it. This is very likely to create a memory leak. Stack trace of thread:
 sun.misc.Unsafe.park(Native Method)
 java.util.concurrent.locks.LockSupport.park(LockSupport.java:175)
 java.util.concurrent.locks.AbstractQueuedSynchronizer$ConditionObject.await(AbstractQueuedSynchronizer.java:2039)
 java.util.concurrent.ArrayBlockingQueue.take(ArrayBlockingQueue.java:403)
 org.apache.logging.log4j.core.appender.AsyncAppender$AsyncThread.run(AsyncAppender.java:403)
22-Dec-2021 12:11:29.917 ADVERTENCIA [http-nio-8080-exec-66] org.apache.catalina.loader.WebappClassLoaderBase.clearReferencesThreads The web application [administrativo-fielcorresponsal] appears to have started a thread named [ThreadPoolTaskScheduler31] but has failed to stop it. This is very likely to create a memory leak. Stack trace of thread:
 java.net.SocketInputStream.socketRead0(Native Method)
 java.net.SocketInputStream.socketRead(SocketInputStream.java:116)
 java.net.SocketInputStream.read(SocketInputStream.java:171)
 java.net.SocketInputStream.read(SocketInputStream.java:141)
 com.ibm.as400.access.DataStream.readFromStream(DataStream.java:52)
 com.ibm.as400.access.DataStream.readFromStream(DataStream.java:134)
 com.ibm.as400.access.AS400StrSvrReplyDS.read(AS400StrSvrReplyDS.java:75)
 com.ibm.as400.access.AS400ImplRemote.getConnection(AS400ImplRemote.java:1072)
 com.ibm.as400.access.AS400ImplRemote.connect(AS400ImplRemote.java:402)
 com.ibm.as400.access.AS400.connectService(AS400.java:1157)
 com.ibm.as400.access.AS400JDBCConnection.setProperties(AS400JDBCConnection.java:3185)
 com.ibm.as400.access.AS400JDBCDriver.prepareConnection(AS400JDBCDriver.java:1419)
 com.ibm.as400.access.AS400JDBCDriver.initializeConnection(AS400JDBCDriver.java:1256)
 com.ibm.as400.access.AS400JDBCDriver.connect(AS400JDBCDriver.java:397)
 org.apache.tomcat.jdbc.pool.PooledConnection.connectUsingDriver(PooledConnection.java:310)
 org.apache.tomcat.jdbc.pool.PooledConnection.connect(PooledConnection.java:203)
 org.apache.tomcat.jdbc.pool.PooledConnection.reconnect(PooledConnection.java:361)
 org.apache.tomcat.jdbc.pool.ConnectionPool.borrowConnection(ConnectionPool.java:803)
 org.apache.tomcat.jdbc.pool.ConnectionPool.borrowConnection(ConnectionPool.java:635)
 org.apache.tomcat.jdbc.pool.ConnectionPool.getConnection(ConnectionPool.java:187)
 org.apache.tomcat.jdbc.pool.DataSourceProxy.getConnection(DataSourceProxy.java:132)
 org.apache.ibatis.transaction.managed.ManagedTransaction.openConnection(ManagedTransaction.java:89)
 org.apache.ibatis.transaction.managed.ManagedTransaction.getConnection(ManagedTransaction.java:60)
 org.apache.ibatis.executor.BaseExecutor.getConnection(BaseExecutor.java:336)
 org.apache.ibatis.executor.SimpleExecutor.prepareStatement(SimpleExecutor.java:84)
 org.apache.ibatis.executor.SimpleExecutor.doQuery(SimpleExecutor.java:62)
 org.apache.ibatis.executor.BaseExecutor.queryFromDatabase(BaseExecutor.java:324)
 org.apache.ibatis.executor.BaseExecutor.query(BaseExecutor.java:156)
 org.apache.ibatis.executor.CachingExecutor.query(CachingExecutor.java:109)
 org.apache.ibatis.executor.CachingExecutor.query(CachingExecutor.java:83)
 org.apache.ibatis.session.defaults.DefaultSqlSession.selectList(DefaultSqlSession.java:148)
 org.apache.ibatis.session.defaults.DefaultSqlSession.selectList(DefaultSqlSession.java:141)
 org.apache.ibatis.session.defaults.DefaultSqlSession.selectOne(DefaultSqlSession.java:77)
 sun.reflect.GeneratedMethodAccessor481.invoke(Unknown Source)
 sun.reflect.DelegatingMethodAccessorImpl.invoke(DelegatingMethodAccessorImpl.java:43)
 java.lang.reflect.Method.invoke(Method.java:498)
 org.mybatis.spring.SqlSessionTemplate$SqlSessionInterceptor.invoke(SqlSessionTemplate.java:433)
 com.sun.proxy.$Proxy984.selectOne(Unknown Source)
 org.mybatis.spring.SqlSessionTemplate.selectOne(SqlSessionTemplate.java:166)
 org.apache.ibatis.binding.MapperMethod.execute(MapperMethod.java:82)
 org.apache.ibatis.binding.MapperProxy.invoke(MapperProxy.java:59)
 com.sun.proxy.$Proxy988.obtenerParametroByNombre(Unknown Source)
 py.com.fielco.corresponsal.administrativo.dao.ParametroAdministrativoDAOImpl.obtenerParametroAdministrativo(ParametroAdministrativoDAOImpl.java:33)
 py.com.fielco.corresponsal.administrativo.service.ParametrosAdministrativoServiceImpl.obtenerParametroByNombre(ParametrosAdministrativoServiceImpl.java:24)
 py.com.fielco.corresponsal.administrativo.service.TaskSchedulerService.run(TaskSchedulerService.java:98)
 org.springframework.scheduling.support.DelegatingErrorHandlingRunnable.run(DelegatingErrorHandlingRunnable.java:54)
 java.util.concurrent.Executors$RunnableAdapter.call(Executors.java:511)
 java.util.concurrent.FutureTask.runAndReset(FutureTask.java:308)
 java.util.concurrent.ScheduledThreadPoolExecutor$ScheduledFutureTask.access$301(ScheduledThreadPoolExecutor.java:180)
 java.util.concurrent.ScheduledThreadPoolExecutor$ScheduledFutureTask.run(ScheduledThreadPoolExecutor.java:294)
 java.util.concurrent.ThreadPoolExecutor.runWorker(ThreadPoolExecutor.java:1149)
 java.util.concurrent.ThreadPoolExecutor$Worker.run(ThreadPoolExecutor.java:624)
 java.lang.Thread.run(Thread.java:748)
22-Dec-2021 12:11:29.961 GRAVE [http-nio-8080-exec-66] org.apache.catalina.loader.WebappClassLoaderBase.checkThreadLocalMapForLeaks La aplicación web [administrativo-fielcorresponsal] creó un ThreadLocal con clave del tipo [java.lang.ThreadLocal] (valor [java.lang.ThreadLocal@766f8847]) y un valor del tipo [org.apache.ibatis.executor.ErrorContext] (valor [
### The error may exist in py/com/fielco/corresponsal/common/dao/mapper/ParametroAdministrativoMapper.java (best guess)
### The error may involve py.com.fielco.corresponsal.common.dao.mapper.ParametroAdministrativoMapper.obtenerParametroByNombre
### The error occurred while executing a query]) pero no pudo quitarlo cuando la aplicación web se paró. Los hilos se van a renovar con el tiempo para intentar evitar in posible fallo de memoria.
22-Dec-2021 12:11:43.417 ADVERTENCIA [http-nio-8080-exec-66] org.apache.tomcat.dbcp.dbcp2.BasicDataSourceFactory.getObjectInstance Name = CNB-Sybase Property maxActive is not used in DBCP2, use maxTotal instead. maxTotal default value is 8. You have set value of "1" for "maxActive" property, which is being ignored.
22-Dec-2021 12:11:43.418 INFORMACIÓN [http-nio-8080-exec-66] org.apache.tomcat.dbcp.dbcp2.BasicDataSourceFactory.getObjectInstance Name = Solicitud Ignoring unknown property: value of "1" for "minimumIdle" property
22-Dec-2021 12:11:43.418 INFORMACIÓN [http-nio-8080-exec-66] org.apache.tomcat.dbcp.dbcp2.BasicDataSourceFactory.getObjectInstance Name = Solicitud Ignoring unknown property: value of "1" for "maximumPoolSize" property
22-Dec-2021 12:11:43.418 ADVERTENCIA [http-nio-8080-exec-66] org.apache.tomcat.dbcp.dbcp2.BasicDataSourceFactory.getObjectInstance Name = pentaho-sybase Property maxActive is not used in DBCP2, use maxTotal instead. maxTotal default value is 8. You have set value of "5" for "maxActive" property, which is being ignored.
22-Dec-2021 12:11:58.113 INFORMACIÓN [http-nio-8080-exec-66] org.apache.catalina.core.StandardContext.reload Se ha completado la recarga de este Contexto
22-Dec-2021 12:11:58.514 INFORMACIÓN [http-nio-8080-exec-70] org.apache.catalina.core.StandardContext.reload Ha comenzado la recarga de Contexto [/administrativo-fielcorresponsal]
22-Dec-2021 12:11:58.652 ADVERTENCIA [http-nio-8080-exec-70] org.apache.catalina.loader.WebappClassLoaderBase.clearReferencesThreads The web application [administrativo-fielcorresponsal] appears to have started a thread named [AsyncAppender-RollingFileAsync] but has failed to stop it. This is very likely to create a memory leak. Stack trace of thread:
 sun.misc.Unsafe.park(Native Method)
 java.util.concurrent.locks.LockSupport.park(LockSupport.java:175)
 java.util.concurrent.locks.AbstractQueuedSynchronizer$ConditionObject.await(AbstractQueuedSynchronizer.java:2039)
 java.util.concurrent.ArrayBlockingQueue.take(ArrayBlockingQueue.java:403)
 org.apache.logging.log4j.core.appender.AsyncAppender$AsyncThread.run(AsyncAppender.java:403)
22-Dec-2021 12:11:58.652 ADVERTENCIA [http-nio-8080-exec-70] org.apache.catalina.loader.WebappClassLoaderBase.clearReferencesThreads The web application [administrativo-fielcorresponsal] appears to have started a thread named [AsyncAppender-RollingFileAsyncLiq] but has failed to stop it. This is very likely to create a memory leak. Stack trace of thread:
 sun.misc.Unsafe.park(Native Method)
 java.util.concurrent.locks.LockSupport.park(LockSupport.java:175)
 java.util.concurrent.locks.AbstractQueuedSynchronizer$ConditionObject.await(AbstractQueuedSynchronizer.java:2039)
 java.util.concurrent.ArrayBlockingQueue.take(ArrayBlockingQueue.java:403)
 org.apache.logging.log4j.core.appender.AsyncAppender$AsyncThread.run(AsyncAppender.java:403)
22-Dec-2021 12:12:08.617 ADVERTENCIA [http-nio-8080-exec-70] org.apache.tomcat.dbcp.dbcp2.BasicDataSourceFactory.getObjectInstance Name = CNB-Sybase Property maxActive is not used in DBCP2, use maxTotal instead. maxTotal default value is 8. You have set value of "1" for "maxActive" property, which is being ignored.
22-Dec-2021 12:12:08.617 INFORMACIÓN [http-nio-8080-exec-70] org.apache.tomcat.dbcp.dbcp2.BasicDataSourceFactory.getObjectInstance Name = Solicitud Ignoring unknown property: value of "1" for "minimumIdle" property
22-Dec-2021 12:12:08.617 INFORMACIÓN [http-nio-8080-exec-70] org.apache.tomcat.dbcp.dbcp2.BasicDataSourceFactory.getObjectInstance Name = Solicitud Ignoring unknown property: value of "1" for "maximumPoolSize" property
22-Dec-2021 12:12:08.617 ADVERTENCIA [http-nio-8080-exec-70] org.apache.tomcat.dbcp.dbcp2.BasicDataSourceFactory.getObjectInstance Name = pentaho-sybase Property maxActive is not used in DBCP2, use maxTotal instead. maxTotal default value is 8. You have set value of "5" for "maxActive" property, which is being ignored.
22-Dec-2021 12:12:22.288 INFORMACIÓN [http-nio-8080-exec-70] org.apache.catalina.core.StandardContext.reload Se ha completado la recarga de este Contexto
22-Dec-2021 15:19:01.747 INFORMACIÓN [http-nio-8080-exec-80] org.apache.catalina.core.StandardContext.reload Ha comenzado la recarga de Contexto [/administrativo-fielcorresponsal]
22-Dec-2021 15:19:02.609 ADVERTENCIA [http-nio-8080-exec-80] org.apache.catalina.loader.WebappClassLoaderBase.clearReferencesThreads The web application [administrativo-fielcorresponsal] appears to have started a thread named [AsyncAppender-RollingFileAsync] but has failed to stop it. This is very likely to create a memory leak. Stack trace of thread:
 sun.misc.Unsafe.park(Native Method)
 java.util.concurrent.locks.LockSupport.park(LockSupport.java:175)
 java.util.concurrent.locks.AbstractQueuedSynchronizer$ConditionObject.await(AbstractQueuedSynchronizer.java:2039)
 java.util.concurrent.ArrayBlockingQueue.take(ArrayBlockingQueue.java:403)
 org.apache.logging.log4j.core.appender.AsyncAppender$AsyncThread.run(AsyncAppender.java:403)
22-Dec-2021 15:19:02.611 ADVERTENCIA [http-nio-8080-exec-80] org.apache.catalina.loader.WebappClassLoaderBase.clearReferencesThreads The web application [administrativo-fielcorresponsal] appears to have started a thread named [AsyncAppender-RollingFileAsyncLiq] but has failed to stop it. This is very likely to create a memory leak. Stack trace of thread:
 sun.misc.Unsafe.park(Native Method)
 java.util.concurrent.locks.LockSupport.park(LockSupport.java:175)
 java.util.concurrent.locks.AbstractQueuedSynchronizer$ConditionObject.await(AbstractQueuedSynchronizer.java:2039)
 java.util.concurrent.ArrayBlockingQueue.take(ArrayBlockingQueue.java:403)
 org.apache.logging.log4j.core.appender.AsyncAppender$AsyncThread.run(AsyncAppender.java:403)
22-Dec-2021 15:19:18.649 ADVERTENCIA [http-nio-8080-exec-80] org.apache.tomcat.dbcp.dbcp2.BasicDataSourceFactory.getObjectInstance Name = CNB-Sybase Property maxActive is not used in DBCP2, use maxTotal instead. maxTotal default value is 8. You have set value of "1" for "maxActive" property, which is being ignored.
22-Dec-2021 15:19:18.651 INFORMACIÓN [http-nio-8080-exec-80] org.apache.tomcat.dbcp.dbcp2.BasicDataSourceFactory.getObjectInstance Name = Solicitud Ignoring unknown property: value of "1" for "minimumIdle" property
22-Dec-2021 15:19:18.651 INFORMACIÓN [http-nio-8080-exec-80] org.apache.tomcat.dbcp.dbcp2.BasicDataSourceFactory.getObjectInstance Name = Solicitud Ignoring unknown property: value of "1" for "maximumPoolSize" property
22-Dec-2021 15:19:18.651 ADVERTENCIA [http-nio-8080-exec-80] org.apache.tomcat.dbcp.dbcp2.BasicDataSourceFactory.getObjectInstance Name = pentaho-sybase Property maxActive is not used in DBCP2, use maxTotal instead. maxTotal default value is 8. You have set value of "5" for "maxActive" property, which is being ignored.
22-Dec-2021 15:19:37.005 INFORMACIÓN [http-nio-8080-exec-80] org.apache.catalina.core.StandardContext.reload Se ha completado la recarga de este Contexto
22-Dec-2021 15:19:37.438 INFORMACIÓN [http-nio-8080-exec-81] org.apache.catalina.core.StandardContext.reload Ha comenzado la recarga de Contexto [/administrativo-fielcorresponsal]
22-Dec-2021 15:19:37.634 ADVERTENCIA [http-nio-8080-exec-81] org.apache.catalina.loader.WebappClassLoaderBase.clearReferencesThreads The web application [administrativo-fielcorresponsal] appears to have started a thread named [AsyncAppender-RollingFileAsync] but has failed to stop it. This is very likely to create a memory leak. Stack trace of thread:
 sun.misc.Unsafe.park(Native Method)
 java.util.concurrent.locks.LockSupport.park(LockSupport.java:175)
 java.util.concurrent.locks.AbstractQueuedSynchronizer$ConditionObject.await(AbstractQueuedSynchronizer.java:2039)
 java.util.concurrent.ArrayBlockingQueue.take(ArrayBlockingQueue.java:403)
 org.apache.logging.log4j.core.appender.AsyncAppender$AsyncThread.run(AsyncAppender.java:403)
22-Dec-2021 15:19:37.634 ADVERTENCIA [http-nio-8080-exec-81] org.apache.catalina.loader.WebappClassLoaderBase.clearReferencesThreads The web application [administrativo-fielcorresponsal] appears to have started a thread named [AsyncAppender-RollingFileAsyncLiq] but has failed to stop it. This is very likely to create a memory leak. Stack trace of thread:
 sun.misc.Unsafe.park(Native Method)
 java.util.concurrent.locks.LockSupport.park(LockSupport.java:175)
 java.util.concurrent.locks.AbstractQueuedSynchronizer$ConditionObject.await(AbstractQueuedSynchronizer.java:2039)
 java.util.concurrent.ArrayBlockingQueue.take(ArrayBlockingQueue.java:403)
 org.apache.logging.log4j.core.appender.AsyncAppender$AsyncThread.run(AsyncAppender.java:403)
22-Dec-2021 15:19:48.496 ADVERTENCIA [http-nio-8080-exec-81] org.apache.tomcat.dbcp.dbcp2.BasicDataSourceFactory.getObjectInstance Name = CNB-Sybase Property maxActive is not used in DBCP2, use maxTotal instead. maxTotal default value is 8. You have set value of "1" for "maxActive" property, which is being ignored.
22-Dec-2021 15:19:48.496 INFORMACIÓN [http-nio-8080-exec-81] org.apache.tomcat.dbcp.dbcp2.BasicDataSourceFactory.getObjectInstance Name = Solicitud Ignoring unknown property: value of "1" for "minimumIdle" property
22-Dec-2021 15:19:48.496 INFORMACIÓN [http-nio-8080-exec-81] org.apache.tomcat.dbcp.dbcp2.BasicDataSourceFactory.getObjectInstance Name = Solicitud Ignoring unknown property: value of "1" for "maximumPoolSize" property
22-Dec-2021 15:19:48.497 ADVERTENCIA [http-nio-8080-exec-81] org.apache.tomcat.dbcp.dbcp2.BasicDataSourceFactory.getObjectInstance Name = pentaho-sybase Property maxActive is not used in DBCP2, use maxTotal instead. maxTotal default value is 8. You have set value of "5" for "maxActive" property, which is being ignored.
22-Dec-2021 15:20:02.843 INFORMACIÓN [http-nio-8080-exec-81] org.apache.catalina.core.StandardContext.reload Se ha completado la recarga de este Contexto
