04-Dec-2021 06:00:00.393 INFORMACIÓN [AsyncAppender-RollingFileAsync] org.apache.catalina.loader.WebappClassLoaderBase.checkStateForResourceLoading Acceso ilegal: esta instancia de aplicación web ya ha sido parada.  Could not load org.apache.logging.log4j.core.pattern.NotANumber.  La eventual traza de pila que sigue ha sido motivada por un error lanzado con motivos de depuración así como para intentar terminar el hilo que motivó el acceso ilegal y no tiene impacto funcional.
 java.lang.IllegalStateException: Acceso ilegal: esta instancia de aplicación web ya ha sido parada.  Could not load org.apache.logging.log4j.core.pattern.NotANumber.  La eventual traza de pila que sigue ha sido motivada por un error lanzado con motivos de depuración así como para intentar terminar el hilo que motivó el acceso ilegal y no tiene impacto funcional.
	at org.apache.catalina.loader.WebappClassLoaderBase.checkStateForResourceLoading(WebappClassLoaderBase.java:1305)
	at org.apache.catalina.loader.WebappClassLoaderBase.checkStateForClassLoading(WebappClassLoaderBase.java:1293)
	at org.apache.catalina.loader.WebappClassLoaderBase.loadClass(WebappClassLoaderBase.java:1158)
	at org.apache.catalina.loader.WebappClassLoaderBase.loadClass(WebappClassLoaderBase.java:1119)
	at org.apache.logging.log4j.core.appender.rolling.AbstractRolloverStrategy.getEligibleFiles(AbstractRolloverStrategy.java:91)
	at org.apache.logging.log4j.core.appender.rolling.AbstractRolloverStrategy.getEligibleFiles(AbstractRolloverStrategy.java:84)
	at org.apache.logging.log4j.core.appender.rolling.DefaultRolloverStrategy.purgeAscending(DefaultRolloverStrategy.java:412)
	at org.apache.logging.log4j.core.appender.rolling.DefaultRolloverStrategy.purge(DefaultRolloverStrategy.java:399)
	at org.apache.logging.log4j.core.appender.rolling.DefaultRolloverStrategy.rollover(DefaultRolloverStrategy.java:526)
	at org.apache.logging.log4j.core.appender.rolling.RollingFileManager.rollover(RollingFileManager.java:400)
	at org.apache.logging.log4j.core.appender.rolling.RollingFileManager.rollover(RollingFileManager.java:312)
	at org.apache.logging.log4j.core.appender.rolling.RollingFileManager.checkRollover(RollingFileManager.java:252)
	at org.apache.logging.log4j.core.appender.RollingFileAppender.append(RollingFileAppender.java:307)
	at org.apache.logging.log4j.core.config.AppenderControl.tryCallAppender(AppenderControl.java:156)
	at org.apache.logging.log4j.core.config.AppenderControl.callAppender0(AppenderControl.java:129)
	at org.apache.logging.log4j.core.config.AppenderControl.callAppenderPreventRecursion(AppenderControl.java:120)
	at org.apache.logging.log4j.core.config.AppenderControl.callAppender(AppenderControl.java:84)
	at org.apache.logging.log4j.core.appender.AsyncAppender$AsyncThread.callAppenders(AsyncAppender.java:459)
	at org.apache.logging.log4j.core.appender.AsyncAppender$AsyncThread.run(AsyncAppender.java:412)

04-Dec-2021 06:00:00.502 INFORMACIÓN [ThreadPoolTaskScheduler1] org.apache.catalina.loader.WebappClassLoaderBase.checkStateForResourceLoading Acceso ilegal: esta instancia de aplicación web ya ha sido parada.  Could not load org.springframework.jdbc.core.namedparam.MapSqlParameterSource.  La eventual traza de pila que sigue ha sido motivada por un error lanzado con motivos de depuración así como para intentar terminar el hilo que motivó el acceso ilegal y no tiene impacto funcional.
 java.lang.IllegalStateException: Acceso ilegal: esta instancia de aplicación web ya ha sido parada.  Could not load org.springframework.jdbc.core.namedparam.MapSqlParameterSource.  La eventual traza de pila que sigue ha sido motivada por un error lanzado con motivos de depuración así como para intentar terminar el hilo que motivó el acceso ilegal y no tiene impacto funcional.
	at org.apache.catalina.loader.WebappClassLoaderBase.checkStateForResourceLoading(WebappClassLoaderBase.java:1305)
	at org.apache.catalina.loader.WebappClassLoaderBase.checkStateForClassLoading(WebappClassLoaderBase.java:1293)
	at org.apache.catalina.loader.WebappClassLoaderBase.loadClass(WebappClassLoaderBase.java:1158)
	at org.apache.catalina.loader.WebappClassLoaderBase.loadClass(WebappClassLoaderBase.java:1119)
	at org.springframework.jdbc.core.namedparam.NamedParameterJdbcTemplate.queryForObject(NamedParameterJdbcTemplate.java:219)
	at org.springframework.jdbc.core.namedparam.NamedParameterJdbcTemplate.queryForObject(NamedParameterJdbcTemplate.java:233)
	at py.com.fielco.corresponsal.common.dao.GeneralDaoImpl.checkFechaHabil(GeneralDaoImpl.java:85)
	at py.com.fielco.corresponsal.administrativo.schedule.LiquidacionTask.esDiaHabil(LiquidacionTask.java:70)
	at py.com.fielco.corresponsal.administrativo.schedule.LiquidacionTask.run(LiquidacionTask.java:49)
	at org.springframework.scheduling.support.DelegatingErrorHandlingRunnable.run(DelegatingErrorHandlingRunnable.java:54)
	at org.springframework.scheduling.concurrent.ReschedulingRunnable.run(ReschedulingRunnable.java:81)
	at java.util.concurrent.Executors$RunnableAdapter.call(Executors.java:511)
	at java.util.concurrent.FutureTask.run(FutureTask.java:266)
	at java.util.concurrent.ScheduledThreadPoolExecutor$ScheduledFutureTask.access$201(ScheduledThreadPoolExecutor.java:180)
	at java.util.concurrent.ScheduledThreadPoolExecutor$ScheduledFutureTask.run(ScheduledThreadPoolExecutor.java:293)
	at java.util.concurrent.ThreadPoolExecutor.runWorker(ThreadPoolExecutor.java:1149)
	at java.util.concurrent.ThreadPoolExecutor$Worker.run(ThreadPoolExecutor.java:624)
	at java.lang.Thread.run(Thread.java:748)

04-Dec-2021 06:00:00.612 INFORMACIÓN [ThreadPoolTaskScheduler1] org.apache.catalina.loader.WebappClassLoaderBase.checkStateForResourceLoading Acceso ilegal: esta instancia de aplicación web ya ha sido parada.  Could not load org.apache.logging.log4j.core.impl.ThrowableProxy.  La eventual traza de pila que sigue ha sido motivada por un error lanzado con motivos de depuración así como para intentar terminar el hilo que motivó el acceso ilegal y no tiene impacto funcional.
 java.lang.IllegalStateException: Acceso ilegal: esta instancia de aplicación web ya ha sido parada.  Could not load org.apache.logging.log4j.core.impl.ThrowableProxy.  La eventual traza de pila que sigue ha sido motivada por un error lanzado con motivos de depuración así como para intentar terminar el hilo que motivó el acceso ilegal y no tiene impacto funcional.
	at org.apache.catalina.loader.WebappClassLoaderBase.checkStateForResourceLoading(WebappClassLoaderBase.java:1305)
	at org.apache.catalina.loader.WebappClassLoaderBase.checkStateForClassLoading(WebappClassLoaderBase.java:1293)
	at org.apache.catalina.loader.WebappClassLoaderBase.loadClass(WebappClassLoaderBase.java:1158)
	at org.apache.catalina.loader.WebappClassLoaderBase.loadClass(WebappClassLoaderBase.java:1119)
	at org.apache.logging.log4j.core.impl.Log4jLogEvent.getThrownProxy(Log4jLogEvent.java:566)
	at org.apache.logging.log4j.core.impl.Log4jLogEvent.serialize(Log4jLogEvent.java:679)
	at org.apache.logging.log4j.core.impl.Log4jLogEvent.createMemento(Log4jLogEvent.java:732)
	at org.apache.logging.log4j.core.appender.AsyncAppender.append(AsyncAppender.java:162)
	at org.apache.logging.log4j.core.config.AppenderControl.tryCallAppender(AppenderControl.java:156)
	at org.apache.logging.log4j.core.config.AppenderControl.callAppender0(AppenderControl.java:129)
	at org.apache.logging.log4j.core.config.AppenderControl.callAppenderPreventRecursion(AppenderControl.java:120)
	at org.apache.logging.log4j.core.config.AppenderControl.callAppender(AppenderControl.java:84)
	at org.apache.logging.log4j.core.config.LoggerConfig.callAppenders(LoggerConfig.java:448)
	at org.apache.logging.log4j.core.config.LoggerConfig.processLogEvent(LoggerConfig.java:433)
	at org.apache.logging.log4j.core.config.LoggerConfig.log(LoggerConfig.java:417)
	at org.apache.logging.log4j.core.config.LoggerConfig.log(LoggerConfig.java:403)
	at org.apache.logging.log4j.core.config.AwaitCompletionReliabilityStrategy.log(AwaitCompletionReliabilityStrategy.java:63)
	at org.apache.logging.log4j.core.Logger.logMessage(Logger.java:146)
	at org.apache.logging.slf4j.Log4jLogger.log(Log4jLogger.java:376)
	at org.apache.commons.logging.impl.SLF4JLocationAwareLog.error(SLF4JLocationAwareLog.java:216)
	at org.springframework.scheduling.support.TaskUtils$LoggingErrorHandler.handleError(TaskUtils.java:95)
	at org.springframework.scheduling.support.DelegatingErrorHandlingRunnable.run(DelegatingErrorHandlingRunnable.java:60)
	at org.springframework.scheduling.concurrent.ReschedulingRunnable.run(ReschedulingRunnable.java:81)
	at java.util.concurrent.Executors$RunnableAdapter.call(Executors.java:511)
	at java.util.concurrent.FutureTask.run(FutureTask.java:266)
	at java.util.concurrent.ScheduledThreadPoolExecutor$ScheduledFutureTask.access$201(ScheduledThreadPoolExecutor.java:180)
	at java.util.concurrent.ScheduledThreadPoolExecutor$ScheduledFutureTask.run(ScheduledThreadPoolExecutor.java:293)
	at java.util.concurrent.ThreadPoolExecutor.runWorker(ThreadPoolExecutor.java:1149)
	at java.util.concurrent.ThreadPoolExecutor$Worker.run(ThreadPoolExecutor.java:624)
	at java.lang.Thread.run(Thread.java:748)

