 INFO 2021-12-27T11:33:18,291
          [http-nio-8080-exec-26][[]][][][][][][][][]
          org.springframework.web.context.ContextLoader - Root WebApplicationContext: initialization started
 INFO 2021-12-27T11:33:18,571
          [http-nio-8080-exec-26][[]][][][][][][][][]
          org.springframework.web.context.support.XmlWebApplicationContext - Refreshing Root WebApplicationContext: startup date [Mon Dec 27 11:33:18 PYST 2021]; root of context hierarchy
 INFO 2021-12-27T11:33:18,672
          [http-nio-8080-exec-26][[]][][][][][][][][]
          org.springframework.beans.factory.xml.XmlBeanDefinitionReader - Loading XML bean definitions from ServletContext resource [/WEB-INF/spring/root-context.xml]
 INFO 2021-12-27T11:33:18,768
          [http-nio-8080-exec-26][[]][][][][][][][][]
          org.springframework.web.context.ContextLoader - Root WebApplicationContext: initialization completed in 455 ms
 INFO 2021-12-27T11:33:18,869
          [http-nio-8080-exec-26][[]][][][][][][][][]
          org.springframework.web.servlet.DispatcherServlet - FrameworkServlet 'appServlet': initialization started
 INFO 2021-12-27T11:33:18,876
          [http-nio-8080-exec-26][[]][][][][][][][][]
          org.springframework.web.context.support.XmlWebApplicationContext - Refreshing WebApplicationContext for namespace 'appServlet-servlet': startup date [Mon Dec 27 11:33:18 PYST 2021]; parent: Root WebApplicationContext
 INFO 2021-12-27T11:33:18,876
          [http-nio-8080-exec-26][[]][][][][][][][][]
          org.springframework.beans.factory.xml.XmlBeanDefinitionReader - Loading XML bean definitions from ServletContext resource [/WEB-INF/spring/appServlet/servlet-context.xml]
 INFO 2021-12-27T11:33:20,946
          [http-nio-8080-exec-26][[]][][][][][][][][]
          org.springframework.beans.factory.annotation.AutowiredAnnotationBeanPostProcessor - JSR-330 'javax.inject.Inject' annotation found and supported for autowiring
 INFO 2021-12-27T11:33:21,075
          [http-nio-8080-exec-26][[]][][][][][][][][]
          org.springframework.scheduling.annotation.AsyncAnnotationBeanPostProcessor - No TaskExecutor bean found for async annotation processing.
 INFO 2021-12-27T11:33:21,148
          [http-nio-8080-exec-26][[]][][][][][][][][]
          org.springframework.context.support.PostProcessorRegistrationDelegate$BeanPostProcessorChecker - Bean 'org.springframework.retry.annotation.RetryConfiguration' of type [class org.springframework.retry.annotation.RetryConfiguration$$EnhancerBySpringCGLIB$$aa880bb4] is not eligible for getting processed by all BeanPostProcessors (for example: not eligible for auto-proxying)
 INFO 2021-12-27T11:33:21,266
          [http-nio-8080-exec-26][[]][][][][][][][][]
          org.springframework.context.support.PostProcessorRegistrationDelegate$BeanPostProcessorChecker - Bean 'cacheManagerConfiguration' of type [class com.roshka.michi.cache.CacheManagerConfiguration$$EnhancerBySpringCGLIB$$f9a76ff4] is not eligible for getting processed by all BeanPostProcessors (for example: not eligible for auto-proxying)
 INFO 2021-12-27T11:33:21,609
          [http-nio-8080-exec-26][[]][][][][][][][][]
          org.springframework.context.support.PostProcessorRegistrationDelegate$BeanPostProcessorChecker - Bean 'cacheManager' of type [class org.springframework.cache.support.SimpleCacheManager] is not eligible for getting processed by all BeanPostProcessors (for example: not eligible for auto-proxying)
 INFO 2021-12-27T11:33:21,615
          [http-nio-8080-exec-26][[]][][][][][][][][]
          org.springframework.context.support.PostProcessorRegistrationDelegate$BeanPostProcessorChecker - Bean 'keyGenerator' of type [class org.springframework.cache.interceptor.SimpleKeyGenerator] is not eligible for getting processed by all BeanPostProcessors (for example: not eligible for auto-proxying)
 INFO 2021-12-27T11:33:21,617
          [http-nio-8080-exec-26][[]][][][][][][][][]
          org.springframework.context.support.PostProcessorRegistrationDelegate$BeanPostProcessorChecker - Bean 'org.springframework.cache.annotation.ProxyCachingConfiguration' of type [class org.springframework.cache.annotation.ProxyCachingConfiguration$$EnhancerBySpringCGLIB$$5ace5e8d] is not eligible for getting processed by all BeanPostProcessors (for example: not eligible for auto-proxying)
 INFO 2021-12-27T11:33:21,788
          [http-nio-8080-exec-26][[]][][][][][][][][]
          org.springframework.context.support.PostProcessorRegistrationDelegate$BeanPostProcessorChecker - Bean 'serverConfig' of type [class com.roshka.michi.configuration.server.ServerConfig$$EnhancerBySpringCGLIB$$19a1b9ad] is not eligible for getting processed by all BeanPostProcessors (for example: not eligible for auto-proxying)
 INFO 2021-12-27T11:33:21,801
          [http-nio-8080-exec-26][[]][][][][][][][][]
          org.springframework.context.support.PostProcessorRegistrationDelegate$BeanPostProcessorChecker - Bean 'serverStaticConfig' of type [class com.roshka.michi.configuration.server.ServerStaticConfig$$EnhancerBySpringCGLIB$$94d4be7b] is not eligible for getting processed by all BeanPostProcessors (for example: not eligible for auto-proxying)
 INFO 2021-12-27T11:33:21,811
          [http-nio-8080-exec-26][[]][][][][][][][][]
          com.roshka.michi.configuration.server.ServerStaticConfig - Configuraciones estaticas code: fielco-cuentas version: 2.21.10 descripcion: Fielco CUENTAS
 INFO 2021-12-27T11:33:21,815
          [http-nio-8080-exec-26][[]][][][][][][][][]
          org.springframework.context.support.PostProcessorRegistrationDelegate$BeanPostProcessorChecker - Bean 'serverStaticInfo' of type [class com.roshka.michi.bean.ServerStaticInfo] is not eligible for getting processed by all BeanPostProcessors (for example: not eligible for auto-proxying)
 INFO 2021-12-27T11:33:21,827
          [http-nio-8080-exec-26][[]][][][][][][][][]
          com.roshka.michi.configuration.server.ServerConfig - Obteniendo información del Enviroment
 INFO 2021-12-27T11:33:21,828
          [http-nio-8080-exec-26][[]][][][][][][][][]
          com.roshka.michi.configuration.server.ServerConfig - Env fielco-cuentas_apikey : b994e7b08711ba91208c@c3fd7639-2ed3-4267-8fab-31a1a5919296@4f5f421ee9932cb7b24f
 INFO 2021-12-27T11:33:21,828
          [http-nio-8080-exec-26][[]][][][][][][][][]
          com.roshka.michi.configuration.server.ServerConfig - Env fielco-cuentas_deploypath : cuentas-fielco
 INFO 2021-12-27T11:33:21,832
          [http-nio-8080-exec-26][[]][][][][][][][][]
          org.springframework.context.support.PostProcessorRegistrationDelegate$BeanPostProcessorChecker - Bean 'serverInfo' of type [class com.roshka.michi.bean.ServerInfo] is not eligible for getting processed by all BeanPostProcessors (for example: not eligible for auto-proxying)
 INFO 2021-12-27T11:33:21,834
          [http-nio-8080-exec-26][[]][][][][][][][][]
          org.springframework.context.support.PostProcessorRegistrationDelegate$BeanPostProcessorChecker - Bean 'springMetricsConfigurerAdapter' of type [class com.roshka.michi.configuration.SpringMetricsConfigurerAdapter$$EnhancerBySpringCGLIB$$b4a2b918] is not eligible for getting processed by all BeanPostProcessors (for example: not eligible for auto-proxying)
 INFO 2021-12-27T11:33:21,841
          [http-nio-8080-exec-26][[]][][][][][][][][]
          org.springframework.context.support.PostProcessorRegistrationDelegate$BeanPostProcessorChecker - Bean 'com.ryantenney.metrics.spring.config.annotation.DelegatingMetricsConfiguration' of type [class com.ryantenney.metrics.spring.config.annotation.DelegatingMetricsConfiguration$$EnhancerBySpringCGLIB$$553b896a] is not eligible for getting processed by all BeanPostProcessors (for example: not eligible for auto-proxying)
 INFO 2021-12-27T11:33:21,871
          [http-nio-8080-exec-26][[]][][][][][][][][]
          org.springframework.context.support.PostProcessorRegistrationDelegate$BeanPostProcessorChecker - Bean 'getMetricRegistry' of type [class com.codahale.metrics.MetricRegistry] is not eligible for getting processed by all BeanPostProcessors (for example: not eligible for auto-proxying)
 INFO 2021-12-27T11:33:22,009
          [http-nio-8080-exec-26][[]][][][][][][][][]
          org.springframework.context.support.PostProcessorRegistrationDelegate$BeanPostProcessorChecker - Bean 'getHealthCheckRegistry' of type [class com.codahale.metrics.health.HealthCheckRegistry] is not eligible for getting processed by all BeanPostProcessors (for example: not eligible for auto-proxying)
 INFO 2021-12-27T11:33:22,354
          [http-nio-8080-exec-26][[]][][][][][][][][]
          org.springframework.web.servlet.mvc.method.annotation.RequestMappingHandlerMapping - Mapped "{[/cuenta/{producto_id}/extractopdf],methods=[GET]}" onto public org.springframework.http.ResponseEntity<byte[]> py.com.fielco.cuentas.controller.CuentasAPI.cuenta(java.lang.String,java.util.Date,java.util.Date)
 INFO 2021-12-27T11:33:22,355
          [http-nio-8080-exec-26][[]][][][][][][][][]
          org.springframework.web.servlet.mvc.method.annotation.RequestMappingHandlerMapping - Mapped "{[/cuentas],methods=[GET]}" onto public java.util.List<py.com.fielco.cuentas.bean.Cuenta> py.com.fielco.cuentas.controller.CuentasAPI.obtenerCuentas(java.lang.String,java.lang.String) throws com.roshka.michi.exception.APIException
 INFO 2021-12-27T11:33:22,355
          [http-nio-8080-exec-26][[]][][][][][][][][]
          org.springframework.web.servlet.mvc.method.annotation.RequestMappingHandlerMapping - Mapped "{[/cuentas/terceros],methods=[GET]}" onto public java.util.List<py.com.fielco.cuentas.bean.Cuenta> py.com.fielco.cuentas.controller.CuentasAPI.obtenerCuentas(java.lang.String,java.lang.String,java.lang.Integer,java.lang.Integer,java.lang.String) throws com.roshka.michi.exception.APIException
 INFO 2021-12-27T11:33:22,356
          [http-nio-8080-exec-26][[]][][][][][][][][]
          org.springframework.web.servlet.mvc.method.annotation.RequestMappingHandlerMapping - Mapped "{[/cuenta/{cuenta_id}/cancelar_operacion],methods=[POST]}" onto public py.com.fielco.solicitudes.beans.Solicitud py.com.fielco.cuentas.controller.CuentasAPI.guardarOperacionSinTDCancelarServicio(java.lang.String) throws com.roshka.michi.exception.APIException
 INFO 2021-12-27T11:33:22,356
          [http-nio-8080-exec-26][[]][][][][][][][][]
          org.springframework.web.servlet.mvc.method.annotation.RequestMappingHandlerMapping - Mapped "{[/cuenta/{cuenta_id}/consultar_estado],methods=[POST]}" onto public py.com.fielco.solicitudes.beans.Solicitud py.com.fielco.cuentas.controller.CuentasAPI.guardarOperacionSinTDConsultarEstado(java.lang.String) throws com.roshka.michi.exception.APIException
 INFO 2021-12-27T11:33:22,356
          [http-nio-8080-exec-26][[]][][][][][][][][]
          org.springframework.web.servlet.mvc.method.annotation.RequestMappingHandlerMapping - Mapped "{[/cuenta/{cuenta_id}/movimientos/categorias],methods=[GET]}" onto public py.com.fielco.cuentas.bean.DistribucionCategoria py.com.fielco.cuentas.controller.CuentasAPI.obtenerMovimientosAgrupadosPorCategoria(java.lang.String,java.lang.String,java.lang.String,java.lang.String,java.lang.String) throws com.roshka.michi.exception.APIException
 INFO 2021-12-27T11:33:22,357
          [http-nio-8080-exec-26][[]][][][][][][][][]
          org.springframework.web.servlet.mvc.method.annotation.RequestMappingHandlerMapping - Mapped "{[/cuenta/{cuenta_id}/modificar_celular],methods=[POST]}" onto public py.com.fielco.solicitudes.beans.Solicitud py.com.fielco.cuentas.controller.CuentasAPI.guardarOperacionSinTDModificarCel(java.lang.String,java.lang.String) throws com.roshka.michi.exception.APIException
 INFO 2021-12-27T11:33:22,357
          [http-nio-8080-exec-26][[]][][][][][][][][]
          org.springframework.web.servlet.mvc.method.annotation.RequestMappingHandlerMapping - Mapped "{[/cuentas/debitables],methods=[GET]}" onto public java.util.List<py.com.fielco.cuentas.bean.Cuenta> py.com.fielco.cuentas.controller.CuentasAPI.obtenerCuentasDebitables(java.lang.String,java.lang.String,java.lang.String) throws com.roshka.michi.exception.APIException
 INFO 2021-12-27T11:33:22,359
          [http-nio-8080-exec-26][[]][][][][][][][][]
          org.springframework.web.servlet.mvc.method.annotation.RequestMappingHandlerMapping - Mapped "{[/cuenta/{cuenta_id}/resultados/tiempo],methods=[GET]}" onto public java.util.List<com.roshka.cbapi.bean.cuenta.Resultados> py.com.fielco.cuentas.controller.CuentasAPI.obtenerResultadosCuentaPorTiempo(java.lang.String,java.lang.String,java.lang.String,java.lang.String,java.lang.String) throws com.roshka.michi.exception.APIException
 INFO 2021-12-27T11:33:22,359
          [http-nio-8080-exec-26][[]][][][][][][][][]
          org.springframework.web.servlet.mvc.method.annotation.RequestMappingHandlerMapping - Mapped "{[/cuenta/{cuenta_id}/asociar],methods=[POST]}" onto public py.com.fielco.solicitudes.beans.Solicitud py.com.fielco.cuentas.controller.CuentasAPI.guardarOperacionSinTDAsociar(java.lang.String) throws com.roshka.michi.exception.APIException
 INFO 2021-12-27T11:33:22,360
          [http-nio-8080-exec-26][[]][][][][][][][][]
          org.springframework.web.servlet.mvc.method.annotation.RequestMappingHandlerMapping - Mapped "{[/cuenta/{cuenta_id}/bloquear],methods=[POST]}" onto public py.com.fielco.solicitudes.beans.Solicitud py.com.fielco.cuentas.controller.CuentasAPI.guardarOperacionSinTDBloquear(java.lang.String) throws com.roshka.michi.exception.APIException
 INFO 2021-12-27T11:33:22,360
          [http-nio-8080-exec-26][[]][][][][][][][][]
          org.springframework.web.servlet.mvc.method.annotation.RequestMappingHandlerMapping - Mapped "{[/cuenta/{cuenta_id}/desbloquear],methods=[POST]}" onto public py.com.fielco.solicitudes.beans.Solicitud py.com.fielco.cuentas.controller.CuentasAPI.guardarOperacionSinTDDesbloquear(java.lang.String) throws com.roshka.michi.exception.APIException
 INFO 2021-12-27T11:33:22,360
          [http-nio-8080-exec-26][[]][][][][][][][][]
          org.springframework.web.servlet.mvc.method.annotation.RequestMappingHandlerMapping - Mapped "{[/cuenta/{token}/confirmar],methods=[POST]}" onto public py.com.fielco.solicitudes.beans.RespuestaSolicitud py.com.fielco.cuentas.controller.CuentasAPI.confirmarOperacionSinTD(java.lang.String,java.lang.String) throws com.roshka.michi.exception.APIException
 INFO 2021-12-27T11:33:22,375
          [http-nio-8080-exec-26][[]][][][][][][][][]
          org.springframework.web.servlet.mvc.method.annotation.RequestMappingHandlerMapping - Mapped "{[/cuenta/{cuenta_id}/generar_pin],methods=[POST]}" onto public py.com.fielco.solicitudes.beans.Solicitud py.com.fielco.cuentas.controller.CuentasAPI.guardarOperacionSinTDGenerarPin(java.lang.String) throws com.roshka.michi.exception.APIException
 INFO 2021-12-27T11:33:22,376
          [http-nio-8080-exec-26][[]][][][][][][][][]
          org.springframework.web.servlet.mvc.method.annotation.RequestMappingHandlerMapping - Mapped "{[/cuenta/{id_cuenta}],methods=[GET]}" onto public py.com.fielco.cuentas.bean.Cuenta py.com.fielco.cuentas.controller.CuentasAPI.obtenerCuenta(java.lang.String,java.lang.String,java.lang.String,java.lang.String) throws com.roshka.michi.exception.APIException
 INFO 2021-12-27T11:33:22,376
          [http-nio-8080-exec-26][[]][][][][][][][][]
          org.springframework.web.servlet.mvc.method.annotation.RequestMappingHandlerMapping - Mapped "{[/cuenta/{cuenta_id}/extracto],methods=[GET]}" onto public py.com.fielco.cuentas.bean.Extracto py.com.fielco.cuentas.controller.CuentasAPI.obtenerExtractos(java.lang.String,java.lang.String,java.lang.String,java.lang.String,java.lang.String) throws com.roshka.michi.exception.APIException
 INFO 2021-12-27T11:33:22,378
          [http-nio-8080-exec-26][[]][][][][][][][][]
          org.springframework.web.servlet.mvc.method.annotation.RequestMappingHandlerMapping - Mapped "{[/status]}" onto public com.roshka.michi.bean.ServerStatus com.roshka.michi.controller.StatusController.status()
 INFO 2021-12-27T11:33:22,379
          [http-nio-8080-exec-26][[]][][][][][][][][]
          org.springframework.web.servlet.mvc.method.annotation.RequestMappingHandlerMapping - Mapped "{[/serverinfo]}" onto public com.roshka.michi.bean.ServerInfo com.roshka.michi.controller.ServerInfoController.serverInfo()
 INFO 2021-12-27T11:33:22,383
          [http-nio-8080-exec-26][[]][][][][][][][][]
          org.springframework.web.servlet.mvc.method.annotation.RequestMappingHandlerMapping - Mapped "{[/v2/api-docs],methods=[GET]}" onto public org.springframework.http.ResponseEntity<springfox.documentation.spring.web.json.Json> springfox.documentation.swagger2.web.Swagger2Controller.getDocumentation(java.lang.String)
 INFO 2021-12-27T11:33:22,387
          [http-nio-8080-exec-26][[]][][][][][][][][]
          org.springframework.web.servlet.mvc.method.annotation.RequestMappingHandlerMapping - Mapped "{[/configuration/security]}" onto org.springframework.http.ResponseEntity<springfox.documentation.swagger.web.SecurityConfiguration> springfox.documentation.swagger.web.ApiResourceController.securityConfiguration()
 INFO 2021-12-27T11:33:22,389
          [http-nio-8080-exec-26][[]][][][][][][][][]
          org.springframework.web.servlet.mvc.method.annotation.RequestMappingHandlerMapping - Mapped "{[/configuration/ui]}" onto org.springframework.http.ResponseEntity<springfox.documentation.swagger.web.UiConfiguration> springfox.documentation.swagger.web.ApiResourceController.uiConfiguration()
 INFO 2021-12-27T11:33:22,389
          [http-nio-8080-exec-26][[]][][][][][][][][]
          org.springframework.web.servlet.mvc.method.annotation.RequestMappingHandlerMapping - Mapped "{[/swagger-resources]}" onto org.springframework.http.ResponseEntity<java.util.List<springfox.documentation.swagger.web.SwaggerResource>> springfox.documentation.swagger.web.ApiResourceController.swaggerResources()
 INFO 2021-12-27T11:33:22,851
          [http-nio-8080-exec-26][[]][][][][][][][][]
          org.springframework.web.servlet.mvc.method.annotation.RequestMappingHandlerAdapter - Looking for @ControllerAdvice: WebApplicationContext for namespace 'appServlet-servlet': startup date [Mon Dec 27 11:33:18 PYST 2021]; parent: Root WebApplicationContext
 INFO 2021-12-27T11:33:22,994
          [http-nio-8080-exec-26][[]][][][][][][][][]
          org.springframework.web.servlet.mvc.method.annotation.RequestMappingHandlerAdapter - Looking for @ControllerAdvice: WebApplicationContext for namespace 'appServlet-servlet': startup date [Mon Dec 27 11:33:18 PYST 2021]; parent: Root WebApplicationContext
 INFO 2021-12-27T11:33:23,047
          [http-nio-8080-exec-26][[]][][][][][][][][]
          org.springframework.web.servlet.mvc.method.annotation.ExceptionHandlerExceptionResolver - Detected @ExceptionHandler methods in globalDefaultExceptionHandler
 INFO 2021-12-27T11:33:23,116
          [http-nio-8080-exec-26][[]][][][][][][][][]
          org.springframework.web.servlet.handler.SimpleUrlHandlerMapping - Mapped URL path [/resources/**] onto handler 'org.springframework.web.servlet.resource.ResourceHttpRequestHandler#0'
 WARN 2021-12-27T11:33:23,280
          [http-nio-8080-exec-26][[]][][][][][][][][]
          org.springframework.web.context.support.XmlWebApplicationContext - Exception encountered during context initialization - cancelling refresh attempt: org.springframework.beans.factory.BeanCreationException: Error creating bean with name 'cuentasAPI': Injection of autowired dependencies failed; nested exception is org.springframework.beans.factory.BeanCreationException: Could not autowire field: private py.com.fielco.cuentas.service.CuentasService py.com.fielco.cuentas.controller.CuentasAPI.cuentasService; nested exception is org.springframework.beans.factory.BeanCreationException: Error creating bean with name 'cuentasServiceImpl': Injection of autowired dependencies failed; nested exception is org.springframework.beans.factory.BeanCreationException: Could not autowire field: java.lang.String py.com.fielco.cuentas.service.CuentasServiceImpl.baseUrlFielcoWeb; nested exception is java.lang.IllegalArgumentException: Could not resolve placeholder 'fielcoweb-url' in string value "${fielcoweb-url}"
ERROR 2021-12-27T11:33:23,288
          [http-nio-8080-exec-26][[]][][][][][][][][]
          org.springframework.web.servlet.DispatcherServlet - Context initialization failed
org.springframework.beans.factory.BeanCreationException: Error creating bean with name 'cuentasAPI': Injection of autowired dependencies failed; nested exception is org.springframework.beans.factory.BeanCreationException: Could not autowire field: private py.com.fielco.cuentas.service.CuentasService py.com.fielco.cuentas.controller.CuentasAPI.cuentasService; nested exception is org.springframework.beans.factory.BeanCreationException: Error creating bean with name 'cuentasServiceImpl': Injection of autowired dependencies failed; nested exception is org.springframework.beans.factory.BeanCreationException: Could not autowire field: java.lang.String py.com.fielco.cuentas.service.CuentasServiceImpl.baseUrlFielcoWeb; nested exception is java.lang.IllegalArgumentException: Could not resolve placeholder 'fielcoweb-url' in string value "${fielcoweb-url}"
	at org.springframework.beans.factory.annotation.AutowiredAnnotationBeanPostProcessor.postProcessPropertyValues(AutowiredAnnotationBeanPostProcessor.java:334) ~[spring-beans-4.2.5.RELEASE.jar:4.2.5.RELEASE]
	at org.springframework.beans.factory.support.AbstractAutowireCapableBeanFactory.populateBean(AbstractAutowireCapableBeanFactory.java:1214) ~[spring-beans-4.2.5.RELEASE.jar:4.2.5.RELEASE]
	at org.springframework.beans.factory.support.AbstractAutowireCapableBeanFactory.doCreateBean(AbstractAutowireCapableBeanFactory.java:543) ~[spring-beans-4.2.5.RELEASE.jar:4.2.5.RELEASE]
	at org.springframework.beans.factory.support.AbstractAutowireCapableBeanFactory.createBean(AbstractAutowireCapableBeanFactory.java:482) ~[spring-beans-4.2.5.RELEASE.jar:4.2.5.RELEASE]
	at org.springframework.beans.factory.support.AbstractBeanFactory$1.getObject(AbstractBeanFactory.java:306) ~[spring-beans-4.2.5.RELEASE.jar:4.2.5.RELEASE]
	at org.springframework.beans.factory.support.DefaultSingletonBeanRegistry.getSingleton(DefaultSingletonBeanRegistry.java:230) ~[spring-beans-4.2.5.RELEASE.jar:4.2.5.RELEASE]
	at org.springframework.beans.factory.support.AbstractBeanFactory.doGetBean(AbstractBeanFactory.java:302) ~[spring-beans-4.2.5.RELEASE.jar:4.2.5.RELEASE]
	at org.springframework.beans.factory.support.AbstractBeanFactory.getBean(AbstractBeanFactory.java:197) ~[spring-beans-4.2.5.RELEASE.jar:4.2.5.RELEASE]
	at org.springframework.beans.factory.support.DefaultListableBeanFactory.preInstantiateSingletons(DefaultListableBeanFactory.java:772) ~[spring-beans-4.2.5.RELEASE.jar:4.2.5.RELEASE]
	at org.springframework.context.support.AbstractApplicationContext.finishBeanFactoryInitialization(AbstractApplicationContext.java:839) ~[spring-context-4.2.5.RELEASE.jar:4.2.5.RELEASE]
	at org.springframework.context.support.AbstractApplicationContext.refresh(AbstractApplicationContext.java:538) ~[spring-context-4.2.5.RELEASE.jar:4.2.5.RELEASE]
	at org.springframework.web.servlet.FrameworkServlet.configureAndRefreshWebApplicationContext(FrameworkServlet.java:667) ~[spring-webmvc-4.2.5.RELEASE.jar:4.2.5.RELEASE]
	at org.springframework.web.servlet.FrameworkServlet.createWebApplicationContext(FrameworkServlet.java:633) ~[spring-webmvc-4.2.5.RELEASE.jar:4.2.5.RELEASE]
	at org.springframework.web.servlet.FrameworkServlet.createWebApplicationContext(FrameworkServlet.java:681) ~[spring-webmvc-4.2.5.RELEASE.jar:4.2.5.RELEASE]
	at org.springframework.web.servlet.FrameworkServlet.initWebApplicationContext(FrameworkServlet.java:552) ~[spring-webmvc-4.2.5.RELEASE.jar:4.2.5.RELEASE]
	at org.springframework.web.servlet.FrameworkServlet.initServletBean(FrameworkServlet.java:493) [spring-webmvc-4.2.5.RELEASE.jar:4.2.5.RELEASE]
	at org.springframework.web.servlet.HttpServletBean.init(HttpServletBean.java:136) [spring-webmvc-4.2.5.RELEASE.jar:4.2.5.RELEASE]
	at javax.servlet.GenericServlet.init(GenericServlet.java:158) [servlet-api.jar:3.1.FR]
	at org.apache.catalina.core.StandardWrapper.initServlet(StandardWrapper.java:1183) [catalina.jar:8.5.6]
	at org.apache.catalina.core.StandardWrapper.loadServlet(StandardWrapper.java:1099) [catalina.jar:8.5.6]
	at org.apache.catalina.core.StandardWrapper.load(StandardWrapper.java:989) [catalina.jar:8.5.6]
	at org.apache.catalina.core.StandardContext.loadOnStartup(StandardContext.java:4913) [catalina.jar:8.5.6]
	at org.apache.catalina.core.StandardContext.startInternal(StandardContext.java:5223) [catalina.jar:8.5.6]
	at org.apache.catalina.util.LifecycleBase.start(LifecycleBase.java:150) [catalina.jar:8.5.6]
	at org.apache.catalina.core.ContainerBase.addChildInternal(ContainerBase.java:724) [catalina.jar:8.5.6]
	at org.apache.catalina.core.ContainerBase.addChild(ContainerBase.java:700) [catalina.jar:8.5.6]
	at org.apache.catalina.core.StandardHost.addChild(StandardHost.java:734) [catalina.jar:8.5.6]
	at org.apache.catalina.startup.HostConfig.deployDescriptor(HostConfig.java:596) [catalina.jar:8.5.6]
	at org.apache.catalina.startup.HostConfig.deployApps(HostConfig.java:467) [catalina.jar:8.5.6]
	at org.apache.catalina.startup.HostConfig.check(HostConfig.java:1617) [catalina.jar:8.5.6]
	at sun.reflect.NativeMethodAccessorImpl.invoke0(Native Method) ~[?:1.8.0_221]
	at sun.reflect.NativeMethodAccessorImpl.invoke(NativeMethodAccessorImpl.java:62) ~[?:1.8.0_221]
	at sun.reflect.DelegatingMethodAccessorImpl.invoke(DelegatingMethodAccessorImpl.java:43) ~[?:1.8.0_221]
	at java.lang.reflect.Method.invoke(Method.java:498) ~[?:1.8.0_221]
	at org.apache.tomcat.util.modeler.BaseModelMBean.invoke(BaseModelMBean.java:300) [tomcat-coyote.jar:8.5.6]
	at com.sun.jmx.interceptor.DefaultMBeanServerInterceptor.invoke(DefaultMBeanServerInterceptor.java:819) [?:1.8.0_221]
	at com.sun.jmx.mbeanserver.JmxMBeanServer.invoke(JmxMBeanServer.java:801) [?:1.8.0_221]
	at org.apache.catalina.manager.ManagerServlet.check(ManagerServlet.java:1483) [catalina.jar:8.5.6]
	at org.apache.catalina.manager.ManagerServlet.deploy(ManagerServlet.java:904) [catalina.jar:8.5.6]
	at org.apache.catalina.manager.ManagerServlet.doGet(ManagerServlet.java:336) [catalina.jar:8.5.6]
	at javax.servlet.http.HttpServlet.service(HttpServlet.java:622) [servlet-api.jar:?]
	at javax.servlet.http.HttpServlet.service(HttpServlet.java:729) [servlet-api.jar:?]
	at org.apache.catalina.core.ApplicationFilterChain.internalDoFilter(ApplicationFilterChain.java:230) [catalina.jar:8.5.6]
	at org.apache.catalina.core.ApplicationFilterChain.doFilter(ApplicationFilterChain.java:165) [catalina.jar:8.5.6]
	at org.apache.tomcat.websocket.server.WsFilter.doFilter(WsFilter.java:52) [tomcat-websocket.jar:8.5.6]
	at org.apache.catalina.core.ApplicationFilterChain.internalDoFilter(ApplicationFilterChain.java:192) [catalina.jar:8.5.6]
	at org.apache.catalina.core.ApplicationFilterChain.doFilter(ApplicationFilterChain.java:165) [catalina.jar:8.5.6]
	at org.apache.catalina.filters.SetCharacterEncodingFilter.doFilter(SetCharacterEncodingFilter.java:108) [catalina.jar:8.5.6]
	at org.apache.catalina.core.ApplicationFilterChain.internalDoFilter(ApplicationFilterChain.java:192) [catalina.jar:8.5.6]
	at org.apache.catalina.core.ApplicationFilterChain.doFilter(ApplicationFilterChain.java:165) [catalina.jar:8.5.6]
	at org.apache.catalina.core.StandardWrapperValve.invoke(StandardWrapperValve.java:198) [catalina.jar:8.5.6]
	at org.apache.catalina.core.StandardContextValve.invoke(StandardContextValve.java:108) [catalina.jar:8.5.6]
	at org.apache.catalina.authenticator.AuthenticatorBase.invoke(AuthenticatorBase.java:589) [catalina.jar:8.5.6]
	at org.apache.catalina.valves.RequestFilterValve.process(RequestFilterValve.java:319) [catalina.jar:8.5.6]
	at org.apache.catalina.valves.RemoteAddrValve.invoke(RemoteAddrValve.java:88) [catalina.jar:8.5.6]
	at org.apache.catalina.core.StandardHostValve.invoke(StandardHostValve.java:140) [catalina.jar:8.5.6]
	at org.apache.catalina.valves.ErrorReportValve.invoke(ErrorReportValve.java:79) [catalina.jar:8.5.6]
	at org.apache.catalina.valves.AbstractAccessLogValve.invoke(AbstractAccessLogValve.java:620) [catalina.jar:8.5.6]
	at org.apache.catalina.core.StandardEngineValve.invoke(StandardEngineValve.java:87) [catalina.jar:8.5.6]
	at org.apache.catalina.connector.CoyoteAdapter.service(CoyoteAdapter.java:349) [catalina.jar:8.5.6]
	at org.apache.coyote.http11.Http11Processor.service(Http11Processor.java:784) [tomcat-coyote.jar:8.5.6]
	at org.apache.coyote.AbstractProcessorLight.process(AbstractProcessorLight.java:66) [tomcat-coyote.jar:8.5.6]
	at org.apache.coyote.AbstractProtocol$ConnectionHandler.process(AbstractProtocol.java:802) [tomcat-coyote.jar:8.5.6]
	at org.apache.tomcat.util.net.NioEndpoint$SocketProcessor.doRun(NioEndpoint.java:1410) [tomcat-coyote.jar:8.5.6]
	at org.apache.tomcat.util.net.SocketProcessorBase.run(SocketProcessorBase.java:49) [tomcat-coyote.jar:8.5.6]
	at java.util.concurrent.ThreadPoolExecutor.runWorker(ThreadPoolExecutor.java:1149) [?:1.8.0_221]
	at java.util.concurrent.ThreadPoolExecutor$Worker.run(ThreadPoolExecutor.java:624) [?:1.8.0_221]
	at org.apache.tomcat.util.threads.TaskThread$WrappingRunnable.run(TaskThread.java:61) [tomcat-util.jar:8.5.6]
	at java.lang.Thread.run(Thread.java:748) [?:1.8.0_221]
Caused by: org.springframework.beans.factory.BeanCreationException: Could not autowire field: private py.com.fielco.cuentas.service.CuentasService py.com.fielco.cuentas.controller.CuentasAPI.cuentasService; nested exception is org.springframework.beans.factory.BeanCreationException: Error creating bean with name 'cuentasServiceImpl': Injection of autowired dependencies failed; nested exception is org.springframework.beans.factory.BeanCreationException: Could not autowire field: java.lang.String py.com.fielco.cuentas.service.CuentasServiceImpl.baseUrlFielcoWeb; nested exception is java.lang.IllegalArgumentException: Could not resolve placeholder 'fielcoweb-url' in string value "${fielcoweb-url}"
	at org.springframework.beans.factory.annotation.AutowiredAnnotationBeanPostProcessor$AutowiredFieldElement.inject(AutowiredAnnotationBeanPostProcessor.java:573) ~[spring-beans-4.2.5.RELEASE.jar:4.2.5.RELEASE]
	at org.springframework.beans.factory.annotation.InjectionMetadata.inject(InjectionMetadata.java:88) ~[spring-beans-4.2.5.RELEASE.jar:4.2.5.RELEASE]
	at org.springframework.beans.factory.annotation.AutowiredAnnotationBeanPostProcessor.postProcessPropertyValues(AutowiredAnnotationBeanPostProcessor.java:331) ~[spring-beans-4.2.5.RELEASE.jar:4.2.5.RELEASE]
	... 68 more
Caused by: org.springframework.beans.factory.BeanCreationException: Error creating bean with name 'cuentasServiceImpl': Injection of autowired dependencies failed; nested exception is org.springframework.beans.factory.BeanCreationException: Could not autowire field: java.lang.String py.com.fielco.cuentas.service.CuentasServiceImpl.baseUrlFielcoWeb; nested exception is java.lang.IllegalArgumentException: Could not resolve placeholder 'fielcoweb-url' in string value "${fielcoweb-url}"
	at org.springframework.beans.factory.annotation.AutowiredAnnotationBeanPostProcessor.postProcessPropertyValues(AutowiredAnnotationBeanPostProcessor.java:334) ~[spring-beans-4.2.5.RELEASE.jar:4.2.5.RELEASE]
	at org.springframework.beans.factory.support.AbstractAutowireCapableBeanFactory.populateBean(AbstractAutowireCapableBeanFactory.java:1214) ~[spring-beans-4.2.5.RELEASE.jar:4.2.5.RELEASE]
	at org.springframework.beans.factory.support.AbstractAutowireCapableBeanFactory.doCreateBean(AbstractAutowireCapableBeanFactory.java:543) ~[spring-beans-4.2.5.RELEASE.jar:4.2.5.RELEASE]
	at org.springframework.beans.factory.support.AbstractAutowireCapableBeanFactory.createBean(AbstractAutowireCapableBeanFactory.java:482) ~[spring-beans-4.2.5.RELEASE.jar:4.2.5.RELEASE]
	at org.springframework.beans.factory.support.AbstractBeanFactory$1.getObject(AbstractBeanFactory.java:306) ~[spring-beans-4.2.5.RELEASE.jar:4.2.5.RELEASE]
	at org.springframework.beans.factory.support.DefaultSingletonBeanRegistry.getSingleton(DefaultSingletonBeanRegistry.java:230) ~[spring-beans-4.2.5.RELEASE.jar:4.2.5.RELEASE]
	at org.springframework.beans.factory.support.AbstractBeanFactory.doGetBean(AbstractBeanFactory.java:302) ~[spring-beans-4.2.5.RELEASE.jar:4.2.5.RELEASE]
	at org.springframework.beans.factory.support.AbstractBeanFactory.getBean(AbstractBeanFactory.java:197) ~[spring-beans-4.2.5.RELEASE.jar:4.2.5.RELEASE]
	at org.springframework.beans.factory.support.DefaultListableBeanFactory.findAutowireCandidates(DefaultListableBeanFactory.java:1192) ~[spring-beans-4.2.5.RELEASE.jar:4.2.5.RELEASE]
	at org.springframework.beans.factory.support.DefaultListableBeanFactory.doResolveDependency(DefaultListableBeanFactory.java:1116) ~[spring-beans-4.2.5.RELEASE.jar:4.2.5.RELEASE]
	at org.springframework.beans.factory.support.DefaultListableBeanFactory.resolveDependency(DefaultListableBeanFactory.java:1014) ~[spring-beans-4.2.5.RELEASE.jar:4.2.5.RELEASE]
	at org.springframework.beans.factory.annotation.AutowiredAnnotationBeanPostProcessor$AutowiredFieldElement.inject(AutowiredAnnotationBeanPostProcessor.java:545) ~[spring-beans-4.2.5.RELEASE.jar:4.2.5.RELEASE]
	at org.springframework.beans.factory.annotation.InjectionMetadata.inject(InjectionMetadata.java:88) ~[spring-beans-4.2.5.RELEASE.jar:4.2.5.RELEASE]
	at org.springframework.beans.factory.annotation.AutowiredAnnotationBeanPostProcessor.postProcessPropertyValues(AutowiredAnnotationBeanPostProcessor.java:331) ~[spring-beans-4.2.5.RELEASE.jar:4.2.5.RELEASE]
	... 68 more
Caused by: org.springframework.beans.factory.BeanCreationException: Could not autowire field: java.lang.String py.com.fielco.cuentas.service.CuentasServiceImpl.baseUrlFielcoWeb; nested exception is java.lang.IllegalArgumentException: Could not resolve placeholder 'fielcoweb-url' in string value "${fielcoweb-url}"
	at org.springframework.beans.factory.annotation.AutowiredAnnotationBeanPostProcessor$AutowiredFieldElement.inject(AutowiredAnnotationBeanPostProcessor.java:573) ~[spring-beans-4.2.5.RELEASE.jar:4.2.5.RELEASE]
	at org.springframework.beans.factory.annotation.InjectionMetadata.inject(InjectionMetadata.java:88) ~[spring-beans-4.2.5.RELEASE.jar:4.2.5.RELEASE]
	at org.springframework.beans.factory.annotation.AutowiredAnnotationBeanPostProcessor.postProcessPropertyValues(AutowiredAnnotationBeanPostProcessor.java:331) ~[spring-beans-4.2.5.RELEASE.jar:4.2.5.RELEASE]
	at org.springframework.beans.factory.support.AbstractAutowireCapableBeanFactory.populateBean(AbstractAutowireCapableBeanFactory.java:1214) ~[spring-beans-4.2.5.RELEASE.jar:4.2.5.RELEASE]
	at org.springframework.beans.factory.support.AbstractAutowireCapableBeanFactory.doCreateBean(AbstractAutowireCapableBeanFactory.java:543) ~[spring-beans-4.2.5.RELEASE.jar:4.2.5.RELEASE]
	at org.springframework.beans.factory.support.AbstractAutowireCapableBeanFactory.createBean(AbstractAutowireCapableBeanFactory.java:482) ~[spring-beans-4.2.5.RELEASE.jar:4.2.5.RELEASE]
	at org.springframework.beans.factory.support.AbstractBeanFactory$1.getObject(AbstractBeanFactory.java:306) ~[spring-beans-4.2.5.RELEASE.jar:4.2.5.RELEASE]
	at org.springframework.beans.factory.support.DefaultSingletonBeanRegistry.getSingleton(DefaultSingletonBeanRegistry.java:230) ~[spring-beans-4.2.5.RELEASE.jar:4.2.5.RELEASE]
	at org.springframework.beans.factory.support.AbstractBeanFactory.doGetBean(AbstractBeanFactory.java:302) ~[spring-beans-4.2.5.RELEASE.jar:4.2.5.RELEASE]
	at org.springframework.beans.factory.support.AbstractBeanFactory.getBean(AbstractBeanFactory.java:197) ~[spring-beans-4.2.5.RELEASE.jar:4.2.5.RELEASE]
	at org.springframework.beans.factory.support.DefaultListableBeanFactory.findAutowireCandidates(DefaultListableBeanFactory.java:1192) ~[spring-beans-4.2.5.RELEASE.jar:4.2.5.RELEASE]
	at org.springframework.beans.factory.support.DefaultListableBeanFactory.doResolveDependency(DefaultListableBeanFactory.java:1116) ~[spring-beans-4.2.5.RELEASE.jar:4.2.5.RELEASE]
	at org.springframework.beans.factory.support.DefaultListableBeanFactory.resolveDependency(DefaultListableBeanFactory.java:1014) ~[spring-beans-4.2.5.RELEASE.jar:4.2.5.RELEASE]
	at org.springframework.beans.factory.annotation.AutowiredAnnotationBeanPostProcessor$AutowiredFieldElement.inject(AutowiredAnnotationBeanPostProcessor.java:545) ~[spring-beans-4.2.5.RELEASE.jar:4.2.5.RELEASE]
	at org.springframework.beans.factory.annotation.InjectionMetadata.inject(InjectionMetadata.java:88) ~[spring-beans-4.2.5.RELEASE.jar:4.2.5.RELEASE]
	at org.springframework.beans.factory.annotation.AutowiredAnnotationBeanPostProcessor.postProcessPropertyValues(AutowiredAnnotationBeanPostProcessor.java:331) ~[spring-beans-4.2.5.RELEASE.jar:4.2.5.RELEASE]
	... 68 more
Caused by: java.lang.IllegalArgumentException: Could not resolve placeholder 'fielcoweb-url' in string value "${fielcoweb-url}"
	at org.springframework.util.PropertyPlaceholderHelper.parseStringValue(PropertyPlaceholderHelper.java:174) ~[spring-core-4.2.4.RELEASE.jar:4.2.4.RELEASE]
	at org.springframework.util.PropertyPlaceholderHelper.replacePlaceholders(PropertyPlaceholderHelper.java:126) ~[spring-core-4.2.4.RELEASE.jar:4.2.4.RELEASE]
	at org.springframework.core.env.AbstractPropertyResolver.doResolvePlaceholders(AbstractPropertyResolver.java:204) ~[spring-core-4.2.4.RELEASE.jar:4.2.4.RELEASE]
	at org.springframework.core.env.AbstractPropertyResolver.resolveRequiredPlaceholders(AbstractPropertyResolver.java:178) ~[spring-core-4.2.4.RELEASE.jar:4.2.4.RELEASE]
	at org.springframework.context.support.PropertySourcesPlaceholderConfigurer$2.resolveStringValue(PropertySourcesPlaceholderConfigurer.java:172) ~[spring-context-4.2.5.RELEASE.jar:4.2.5.RELEASE]
	at org.springframework.beans.factory.support.AbstractBeanFactory.resolveEmbeddedValue(AbstractBeanFactory.java:808) ~[spring-beans-4.2.5.RELEASE.jar:4.2.5.RELEASE]
	at org.springframework.beans.factory.support.DefaultListableBeanFactory.doResolveDependency(DefaultListableBeanFactory.java:1027) ~[spring-beans-4.2.5.RELEASE.jar:4.2.5.RELEASE]
	at org.springframework.beans.factory.support.DefaultListableBeanFactory.resolveDependency(DefaultListableBeanFactory.java:1014) ~[spring-beans-4.2.5.RELEASE.jar:4.2.5.RELEASE]
	at org.springframework.beans.factory.annotation.AutowiredAnnotationBeanPostProcessor$AutowiredFieldElement.inject(AutowiredAnnotationBeanPostProcessor.java:545) ~[spring-beans-4.2.5.RELEASE.jar:4.2.5.RELEASE]
	at org.springframework.beans.factory.annotation.InjectionMetadata.inject(InjectionMetadata.java:88) ~[spring-beans-4.2.5.RELEASE.jar:4.2.5.RELEASE]
	at org.springframework.beans.factory.annotation.AutowiredAnnotationBeanPostProcessor.postProcessPropertyValues(AutowiredAnnotationBeanPostProcessor.java:331) ~[spring-beans-4.2.5.RELEASE.jar:4.2.5.RELEASE]
	at org.springframework.beans.factory.support.AbstractAutowireCapableBeanFactory.populateBean(AbstractAutowireCapableBeanFactory.java:1214) ~[spring-beans-4.2.5.RELEASE.jar:4.2.5.RELEASE]
	at org.springframework.beans.factory.support.AbstractAutowireCapableBeanFactory.doCreateBean(AbstractAutowireCapableBeanFactory.java:543) ~[spring-beans-4.2.5.RELEASE.jar:4.2.5.RELEASE]
	at org.springframework.beans.factory.support.AbstractAutowireCapableBeanFactory.createBean(AbstractAutowireCapableBeanFactory.java:482) ~[spring-beans-4.2.5.RELEASE.jar:4.2.5.RELEASE]
	at org.springframework.beans.factory.support.AbstractBeanFactory$1.getObject(AbstractBeanFactory.java:306) ~[spring-beans-4.2.5.RELEASE.jar:4.2.5.RELEASE]
	at org.springframework.beans.factory.support.DefaultSingletonBeanRegistry.getSingleton(DefaultSingletonBeanRegistry.java:230) ~[spring-beans-4.2.5.RELEASE.jar:4.2.5.RELEASE]
	at org.springframework.beans.factory.support.AbstractBeanFactory.doGetBean(AbstractBeanFactory.java:302) ~[spring-beans-4.2.5.RELEASE.jar:4.2.5.RELEASE]
	at org.springframework.beans.factory.support.AbstractBeanFactory.getBean(AbstractBeanFactory.java:197) ~[spring-beans-4.2.5.RELEASE.jar:4.2.5.RELEASE]
	at org.springframework.beans.factory.support.DefaultListableBeanFactory.findAutowireCandidates(DefaultListableBeanFactory.java:1192) ~[spring-beans-4.2.5.RELEASE.jar:4.2.5.RELEASE]
	at org.springframework.beans.factory.support.DefaultListableBeanFactory.doResolveDependency(DefaultListableBeanFactory.java:1116) ~[spring-beans-4.2.5.RELEASE.jar:4.2.5.RELEASE]
	at org.springframework.beans.factory.support.DefaultListableBeanFactory.resolveDependency(DefaultListableBeanFactory.java:1014) ~[spring-beans-4.2.5.RELEASE.jar:4.2.5.RELEASE]
	at org.springframework.beans.factory.annotation.AutowiredAnnotationBeanPostProcessor$AutowiredFieldElement.inject(AutowiredAnnotationBeanPostProcessor.java:545) ~[spring-beans-4.2.5.RELEASE.jar:4.2.5.RELEASE]
	at org.springframework.beans.factory.annotation.InjectionMetadata.inject(InjectionMetadata.java:88) ~[spring-beans-4.2.5.RELEASE.jar:4.2.5.RELEASE]
	at org.springframework.beans.factory.annotation.AutowiredAnnotationBeanPostProcessor.postProcessPropertyValues(AutowiredAnnotationBeanPostProcessor.java:331) ~[spring-beans-4.2.5.RELEASE.jar:4.2.5.RELEASE]
	... 68 more
 INFO 2021-12-27T11:33:24,209
          [http-nio-8080-exec-28][[]][][][][][][][][]
          org.springframework.web.servlet.DispatcherServlet - FrameworkServlet 'appServlet': initialization started
 INFO 2021-12-27T11:33:24,213
          [http-nio-8080-exec-28][[]][][][][][][][][]
          org.springframework.web.context.support.XmlWebApplicationContext - Refreshing WebApplicationContext for namespace 'appServlet-servlet': startup date [Mon Dec 27 11:33:24 PYST 2021]; parent: Root WebApplicationContext
 INFO 2021-12-27T11:33:24,214
          [http-nio-8080-exec-28][[]][][][][][][][][]
          org.springframework.beans.factory.xml.XmlBeanDefinitionReader - Loading XML bean definitions from ServletContext resource [/WEB-INF/spring/appServlet/servlet-context.xml]
 INFO 2021-12-27T11:33:25,030
          [http-nio-8080-exec-28][[]][][][][][][][][]
          org.springframework.beans.factory.annotation.AutowiredAnnotationBeanPostProcessor - JSR-330 'javax.inject.Inject' annotation found and supported for autowiring
 INFO 2021-12-27T11:33:25,038
          [http-nio-8080-exec-28][[]][][][][][][][][]
          org.springframework.scheduling.annotation.AsyncAnnotationBeanPostProcessor - No TaskExecutor bean found for async annotation processing.
 INFO 2021-12-27T11:33:25,048
          [http-nio-8080-exec-28][[]][][][][][][][][]
          org.springframework.context.support.PostProcessorRegistrationDelegate$BeanPostProcessorChecker - Bean 'org.springframework.retry.annotation.RetryConfiguration' of type [class org.springframework.retry.annotation.RetryConfiguration$$EnhancerBySpringCGLIB$$aa880bb4] is not eligible for getting processed by all BeanPostProcessors (for example: not eligible for auto-proxying)
 INFO 2021-12-27T11:33:25,059
          [http-nio-8080-exec-28][[]][][][][][][][][]
          org.springframework.context.support.PostProcessorRegistrationDelegate$BeanPostProcessorChecker - Bean 'cacheManagerConfiguration' of type [class com.roshka.michi.cache.CacheManagerConfiguration$$EnhancerBySpringCGLIB$$f9a76ff4] is not eligible for getting processed by all BeanPostProcessors (for example: not eligible for auto-proxying)
 INFO 2021-12-27T11:33:25,090
          [http-nio-8080-exec-28][[]][][][][][][][][]
          org.springframework.context.support.PostProcessorRegistrationDelegate$BeanPostProcessorChecker - Bean 'cacheManager' of type [class org.springframework.cache.support.SimpleCacheManager] is not eligible for getting processed by all BeanPostProcessors (for example: not eligible for auto-proxying)
 INFO 2021-12-27T11:33:25,092
          [http-nio-8080-exec-28][[]][][][][][][][][]
          org.springframework.context.support.PostProcessorRegistrationDelegate$BeanPostProcessorChecker - Bean 'keyGenerator' of type [class org.springframework.cache.interceptor.SimpleKeyGenerator] is not eligible for getting processed by all BeanPostProcessors (for example: not eligible for auto-proxying)
 INFO 2021-12-27T11:33:25,094
          [http-nio-8080-exec-28][[]][][][][][][][][]
          org.springframework.context.support.PostProcessorRegistrationDelegate$BeanPostProcessorChecker - Bean 'org.springframework.cache.annotation.ProxyCachingConfiguration' of type [class org.springframework.cache.annotation.ProxyCachingConfiguration$$EnhancerBySpringCGLIB$$5ace5e8d] is not eligible for getting processed by all BeanPostProcessors (for example: not eligible for auto-proxying)
 INFO 2021-12-27T11:33:25,104
          [http-nio-8080-exec-28][[]][][][][][][][][]
          org.springframework.context.support.PostProcessorRegistrationDelegate$BeanPostProcessorChecker - Bean 'serverConfig' of type [class com.roshka.michi.configuration.server.ServerConfig$$EnhancerBySpringCGLIB$$19a1b9ad] is not eligible for getting processed by all BeanPostProcessors (for example: not eligible for auto-proxying)
 INFO 2021-12-27T11:33:25,110
          [http-nio-8080-exec-28][[]][][][][][][][][]
          org.springframework.context.support.PostProcessorRegistrationDelegate$BeanPostProcessorChecker - Bean 'serverStaticConfig' of type [class com.roshka.michi.configuration.server.ServerStaticConfig$$EnhancerBySpringCGLIB$$94d4be7b] is not eligible for getting processed by all BeanPostProcessors (for example: not eligible for auto-proxying)
 INFO 2021-12-27T11:33:25,113
          [http-nio-8080-exec-28][[]][][][][][][][][]
          com.roshka.michi.configuration.server.ServerStaticConfig - Configuraciones estaticas code: fielco-cuentas version: 2.21.10 descripcion: Fielco CUENTAS
 INFO 2021-12-27T11:33:25,113
          [http-nio-8080-exec-28][[]][][][][][][][][]
          org.springframework.context.support.PostProcessorRegistrationDelegate$BeanPostProcessorChecker - Bean 'serverStaticInfo' of type [class com.roshka.michi.bean.ServerStaticInfo] is not eligible for getting processed by all BeanPostProcessors (for example: not eligible for auto-proxying)
 INFO 2021-12-27T11:33:25,115
          [http-nio-8080-exec-28][[]][][][][][][][][]
          com.roshka.michi.configuration.server.ServerConfig - Obteniendo información del Enviroment
 INFO 2021-12-27T11:33:25,115
          [http-nio-8080-exec-28][[]][][][][][][][][]
          com.roshka.michi.configuration.server.ServerConfig - Env fielco-cuentas_apikey : b994e7b08711ba91208c@c3fd7639-2ed3-4267-8fab-31a1a5919296@4f5f421ee9932cb7b24f
 INFO 2021-12-27T11:33:25,115
          [http-nio-8080-exec-28][[]][][][][][][][][]
          com.roshka.michi.configuration.server.ServerConfig - Env fielco-cuentas_deploypath : cuentas-fielco
 INFO 2021-12-27T11:33:25,116
          [http-nio-8080-exec-28][[]][][][][][][][][]
          org.springframework.context.support.PostProcessorRegistrationDelegate$BeanPostProcessorChecker - Bean 'serverInfo' of type [class com.roshka.michi.bean.ServerInfo] is not eligible for getting processed by all BeanPostProcessors (for example: not eligible for auto-proxying)
 INFO 2021-12-27T11:33:25,117
          [http-nio-8080-exec-28][[]][][][][][][][][]
          org.springframework.context.support.PostProcessorRegistrationDelegate$BeanPostProcessorChecker - Bean 'springMetricsConfigurerAdapter' of type [class com.roshka.michi.configuration.SpringMetricsConfigurerAdapter$$EnhancerBySpringCGLIB$$b4a2b918] is not eligible for getting processed by all BeanPostProcessors (for example: not eligible for auto-proxying)
 INFO 2021-12-27T11:33:25,118
          [http-nio-8080-exec-28][[]][][][][][][][][]
          org.springframework.context.support.PostProcessorRegistrationDelegate$BeanPostProcessorChecker - Bean 'com.ryantenney.metrics.spring.config.annotation.DelegatingMetricsConfiguration' of type [class com.ryantenney.metrics.spring.config.annotation.DelegatingMetricsConfiguration$$EnhancerBySpringCGLIB$$553b896a] is not eligible for getting processed by all BeanPostProcessors (for example: not eligible for auto-proxying)
 INFO 2021-12-27T11:33:25,121
          [http-nio-8080-exec-28][[]][][][][][][][][]
          org.springframework.context.support.PostProcessorRegistrationDelegate$BeanPostProcessorChecker - Bean 'getMetricRegistry' of type [class com.codahale.metrics.MetricRegistry] is not eligible for getting processed by all BeanPostProcessors (for example: not eligible for auto-proxying)
 INFO 2021-12-27T11:33:25,130
          [http-nio-8080-exec-28][[]][][][][][][][][]
          org.springframework.context.support.PostProcessorRegistrationDelegate$BeanPostProcessorChecker - Bean 'getHealthCheckRegistry' of type [class com.codahale.metrics.health.HealthCheckRegistry] is not eligible for getting processed by all BeanPostProcessors (for example: not eligible for auto-proxying)
 INFO 2021-12-27T11:33:25,189
          [http-nio-8080-exec-28][[]][][][][][][][][]
          org.springframework.web.servlet.mvc.method.annotation.RequestMappingHandlerMapping - Mapped "{[/cuenta/{producto_id}/extractopdf],methods=[GET]}" onto public org.springframework.http.ResponseEntity<byte[]> py.com.fielco.cuentas.controller.CuentasAPI.cuenta(java.lang.String,java.util.Date,java.util.Date)
 INFO 2021-12-27T11:33:25,189
          [http-nio-8080-exec-28][[]][][][][][][][][]
          org.springframework.web.servlet.mvc.method.annotation.RequestMappingHandlerMapping - Mapped "{[/cuentas],methods=[GET]}" onto public java.util.List<py.com.fielco.cuentas.bean.Cuenta> py.com.fielco.cuentas.controller.CuentasAPI.obtenerCuentas(java.lang.String,java.lang.String) throws com.roshka.michi.exception.APIException
 INFO 2021-12-27T11:33:25,190
          [http-nio-8080-exec-28][[]][][][][][][][][]
          org.springframework.web.servlet.mvc.method.annotation.RequestMappingHandlerMapping - Mapped "{[/cuentas/terceros],methods=[GET]}" onto public java.util.List<py.com.fielco.cuentas.bean.Cuenta> py.com.fielco.cuentas.controller.CuentasAPI.obtenerCuentas(java.lang.String,java.lang.String,java.lang.Integer,java.lang.Integer,java.lang.String) throws com.roshka.michi.exception.APIException
 INFO 2021-12-27T11:33:25,191
          [http-nio-8080-exec-28][[]][][][][][][][][]
          org.springframework.web.servlet.mvc.method.annotation.RequestMappingHandlerMapping - Mapped "{[/cuenta/{cuenta_id}/cancelar_operacion],methods=[POST]}" onto public py.com.fielco.solicitudes.beans.Solicitud py.com.fielco.cuentas.controller.CuentasAPI.guardarOperacionSinTDCancelarServicio(java.lang.String) throws com.roshka.michi.exception.APIException
 INFO 2021-12-27T11:33:25,191
          [http-nio-8080-exec-28][[]][][][][][][][][]
          org.springframework.web.servlet.mvc.method.annotation.RequestMappingHandlerMapping - Mapped "{[/cuenta/{cuenta_id}/consultar_estado],methods=[POST]}" onto public py.com.fielco.solicitudes.beans.Solicitud py.com.fielco.cuentas.controller.CuentasAPI.guardarOperacionSinTDConsultarEstado(java.lang.String) throws com.roshka.michi.exception.APIException
 INFO 2021-12-27T11:33:25,191
          [http-nio-8080-exec-28][[]][][][][][][][][]
          org.springframework.web.servlet.mvc.method.annotation.RequestMappingHandlerMapping - Mapped "{[/cuenta/{cuenta_id}/movimientos/categorias],methods=[GET]}" onto public py.com.fielco.cuentas.bean.DistribucionCategoria py.com.fielco.cuentas.controller.CuentasAPI.obtenerMovimientosAgrupadosPorCategoria(java.lang.String,java.lang.String,java.lang.String,java.lang.String,java.lang.String) throws com.roshka.michi.exception.APIException
 INFO 2021-12-27T11:33:25,192
          [http-nio-8080-exec-28][[]][][][][][][][][]
          org.springframework.web.servlet.mvc.method.annotation.RequestMappingHandlerMapping - Mapped "{[/cuenta/{cuenta_id}/modificar_celular],methods=[POST]}" onto public py.com.fielco.solicitudes.beans.Solicitud py.com.fielco.cuentas.controller.CuentasAPI.guardarOperacionSinTDModificarCel(java.lang.String,java.lang.String) throws com.roshka.michi.exception.APIException
 INFO 2021-12-27T11:33:25,192
          [http-nio-8080-exec-28][[]][][][][][][][][]
          org.springframework.web.servlet.mvc.method.annotation.RequestMappingHandlerMapping - Mapped "{[/cuentas/debitables],methods=[GET]}" onto public java.util.List<py.com.fielco.cuentas.bean.Cuenta> py.com.fielco.cuentas.controller.CuentasAPI.obtenerCuentasDebitables(java.lang.String,java.lang.String,java.lang.String) throws com.roshka.michi.exception.APIException
 INFO 2021-12-27T11:33:25,193
          [http-nio-8080-exec-28][[]][][][][][][][][]
          org.springframework.web.servlet.mvc.method.annotation.RequestMappingHandlerMapping - Mapped "{[/cuenta/{cuenta_id}/resultados/tiempo],methods=[GET]}" onto public java.util.List<com.roshka.cbapi.bean.cuenta.Resultados> py.com.fielco.cuentas.controller.CuentasAPI.obtenerResultadosCuentaPorTiempo(java.lang.String,java.lang.String,java.lang.String,java.lang.String,java.lang.String) throws com.roshka.michi.exception.APIException
 INFO 2021-12-27T11:33:25,193
          [http-nio-8080-exec-28][[]][][][][][][][][]
          org.springframework.web.servlet.mvc.method.annotation.RequestMappingHandlerMapping - Mapped "{[/cuenta/{cuenta_id}/asociar],methods=[POST]}" onto public py.com.fielco.solicitudes.beans.Solicitud py.com.fielco.cuentas.controller.CuentasAPI.guardarOperacionSinTDAsociar(java.lang.String) throws com.roshka.michi.exception.APIException
 INFO 2021-12-27T11:33:25,193
          [http-nio-8080-exec-28][[]][][][][][][][][]
          org.springframework.web.servlet.mvc.method.annotation.RequestMappingHandlerMapping - Mapped "{[/cuenta/{cuenta_id}/bloquear],methods=[POST]}" onto public py.com.fielco.solicitudes.beans.Solicitud py.com.fielco.cuentas.controller.CuentasAPI.guardarOperacionSinTDBloquear(java.lang.String) throws com.roshka.michi.exception.APIException
 INFO 2021-12-27T11:33:25,193
          [http-nio-8080-exec-28][[]][][][][][][][][]
          org.springframework.web.servlet.mvc.method.annotation.RequestMappingHandlerMapping - Mapped "{[/cuenta/{cuenta_id}/desbloquear],methods=[POST]}" onto public py.com.fielco.solicitudes.beans.Solicitud py.com.fielco.cuentas.controller.CuentasAPI.guardarOperacionSinTDDesbloquear(java.lang.String) throws com.roshka.michi.exception.APIException
 INFO 2021-12-27T11:33:25,194
          [http-nio-8080-exec-28][[]][][][][][][][][]
          org.springframework.web.servlet.mvc.method.annotation.RequestMappingHandlerMapping - Mapped "{[/cuenta/{token}/confirmar],methods=[POST]}" onto public py.com.fielco.solicitudes.beans.RespuestaSolicitud py.com.fielco.cuentas.controller.CuentasAPI.confirmarOperacionSinTD(java.lang.String,java.lang.String) throws com.roshka.michi.exception.APIException
 INFO 2021-12-27T11:33:25,247
          [http-nio-8080-exec-28][[]][][][][][][][][]
          org.springframework.web.servlet.mvc.method.annotation.RequestMappingHandlerMapping - Mapped "{[/cuenta/{cuenta_id}/generar_pin],methods=[POST]}" onto public py.com.fielco.solicitudes.beans.Solicitud py.com.fielco.cuentas.controller.CuentasAPI.guardarOperacionSinTDGenerarPin(java.lang.String) throws com.roshka.michi.exception.APIException
 INFO 2021-12-27T11:33:25,248
          [http-nio-8080-exec-28][[]][][][][][][][][]
          org.springframework.web.servlet.mvc.method.annotation.RequestMappingHandlerMapping - Mapped "{[/cuenta/{id_cuenta}],methods=[GET]}" onto public py.com.fielco.cuentas.bean.Cuenta py.com.fielco.cuentas.controller.CuentasAPI.obtenerCuenta(java.lang.String,java.lang.String,java.lang.String,java.lang.String) throws com.roshka.michi.exception.APIException
 INFO 2021-12-27T11:33:25,248
          [http-nio-8080-exec-28][[]][][][][][][][][]
          org.springframework.web.servlet.mvc.method.annotation.RequestMappingHandlerMapping - Mapped "{[/cuenta/{cuenta_id}/extracto],methods=[GET]}" onto public py.com.fielco.cuentas.bean.Extracto py.com.fielco.cuentas.controller.CuentasAPI.obtenerExtractos(java.lang.String,java.lang.String,java.lang.String,java.lang.String,java.lang.String) throws com.roshka.michi.exception.APIException
 INFO 2021-12-27T11:33:25,249
          [http-nio-8080-exec-28][[]][][][][][][][][]
          org.springframework.web.servlet.mvc.method.annotation.RequestMappingHandlerMapping - Mapped "{[/status]}" onto public com.roshka.michi.bean.ServerStatus com.roshka.michi.controller.StatusController.status()
 INFO 2021-12-27T11:33:25,250
          [http-nio-8080-exec-28][[]][][][][][][][][]
          org.springframework.web.servlet.mvc.method.annotation.RequestMappingHandlerMapping - Mapped "{[/serverinfo]}" onto public com.roshka.michi.bean.ServerInfo com.roshka.michi.controller.ServerInfoController.serverInfo()
 INFO 2021-12-27T11:33:25,251
          [http-nio-8080-exec-28][[]][][][][][][][][]
          org.springframework.web.servlet.mvc.method.annotation.RequestMappingHandlerMapping - Mapped "{[/v2/api-docs],methods=[GET]}" onto public org.springframework.http.ResponseEntity<springfox.documentation.spring.web.json.Json> springfox.documentation.swagger2.web.Swagger2Controller.getDocumentation(java.lang.String)
 INFO 2021-12-27T11:33:25,252
          [http-nio-8080-exec-28][[]][][][][][][][][]
          org.springframework.web.servlet.mvc.method.annotation.RequestMappingHandlerMapping - Mapped "{[/configuration/security]}" onto org.springframework.http.ResponseEntity<springfox.documentation.swagger.web.SecurityConfiguration> springfox.documentation.swagger.web.ApiResourceController.securityConfiguration()
 INFO 2021-12-27T11:33:25,253
          [http-nio-8080-exec-28][[]][][][][][][][][]
          org.springframework.web.servlet.mvc.method.annotation.RequestMappingHandlerMapping - Mapped "{[/configuration/ui]}" onto org.springframework.http.ResponseEntity<springfox.documentation.swagger.web.UiConfiguration> springfox.documentation.swagger.web.ApiResourceController.uiConfiguration()
 INFO 2021-12-27T11:33:25,253
          [http-nio-8080-exec-28][[]][][][][][][][][]
          org.springframework.web.servlet.mvc.method.annotation.RequestMappingHandlerMapping - Mapped "{[/swagger-resources]}" onto org.springframework.http.ResponseEntity<java.util.List<springfox.documentation.swagger.web.SwaggerResource>> springfox.documentation.swagger.web.ApiResourceController.swaggerResources()
 INFO 2021-12-27T11:33:25,382
          [http-nio-8080-exec-28][[]][][][][][][][][]
          org.springframework.web.servlet.mvc.method.annotation.RequestMappingHandlerAdapter - Looking for @ControllerAdvice: WebApplicationContext for namespace 'appServlet-servlet': startup date [Mon Dec 27 11:33:24 PYST 2021]; parent: Root WebApplicationContext
 INFO 2021-12-27T11:33:25,422
          [http-nio-8080-exec-28][[]][][][][][][][][]
          org.springframework.web.servlet.mvc.method.annotation.RequestMappingHandlerAdapter - Looking for @ControllerAdvice: WebApplicationContext for namespace 'appServlet-servlet': startup date [Mon Dec 27 11:33:24 PYST 2021]; parent: Root WebApplicationContext
 INFO 2021-12-27T11:33:25,456
          [http-nio-8080-exec-28][[]][][][][][][][][]
          org.springframework.web.servlet.mvc.method.annotation.ExceptionHandlerExceptionResolver - Detected @ExceptionHandler methods in globalDefaultExceptionHandler
 INFO 2021-12-27T11:33:25,472
          [http-nio-8080-exec-28][[]][][][][][][][][]
          org.springframework.web.servlet.handler.SimpleUrlHandlerMapping - Mapped URL path [/resources/**] onto handler 'org.springframework.web.servlet.resource.ResourceHttpRequestHandler#0'
 WARN 2021-12-27T11:33:25,482
          [http-nio-8080-exec-28][[]][][][][][][][][]
          org.springframework.web.context.support.XmlWebApplicationContext - Exception encountered during context initialization - cancelling refresh attempt: org.springframework.beans.factory.BeanCreationException: Error creating bean with name 'cuentasAPI': Injection of autowired dependencies failed; nested exception is org.springframework.beans.factory.BeanCreationException: Could not autowire field: private py.com.fielco.cuentas.service.CuentasService py.com.fielco.cuentas.controller.CuentasAPI.cuentasService; nested exception is org.springframework.beans.factory.BeanCreationException: Error creating bean with name 'cuentasServiceImpl': Injection of autowired dependencies failed; nested exception is org.springframework.beans.factory.BeanCreationException: Could not autowire field: java.lang.String py.com.fielco.cuentas.service.CuentasServiceImpl.baseUrlFielcoWeb; nested exception is java.lang.IllegalArgumentException: Could not resolve placeholder 'fielcoweb-url' in string value "${fielcoweb-url}"
ERROR 2021-12-27T11:33:25,484
          [http-nio-8080-exec-28][[]][][][][][][][][]
          org.springframework.web.servlet.DispatcherServlet - Context initialization failed
org.springframework.beans.factory.BeanCreationException: Error creating bean with name 'cuentasAPI': Injection of autowired dependencies failed; nested exception is org.springframework.beans.factory.BeanCreationException: Could not autowire field: private py.com.fielco.cuentas.service.CuentasService py.com.fielco.cuentas.controller.CuentasAPI.cuentasService; nested exception is org.springframework.beans.factory.BeanCreationException: Error creating bean with name 'cuentasServiceImpl': Injection of autowired dependencies failed; nested exception is org.springframework.beans.factory.BeanCreationException: Could not autowire field: java.lang.String py.com.fielco.cuentas.service.CuentasServiceImpl.baseUrlFielcoWeb; nested exception is java.lang.IllegalArgumentException: Could not resolve placeholder 'fielcoweb-url' in string value "${fielcoweb-url}"
	at org.springframework.beans.factory.annotation.AutowiredAnnotationBeanPostProcessor.postProcessPropertyValues(AutowiredAnnotationBeanPostProcessor.java:334) ~[spring-beans-4.2.5.RELEASE.jar:4.2.5.RELEASE]
	at org.springframework.beans.factory.support.AbstractAutowireCapableBeanFactory.populateBean(AbstractAutowireCapableBeanFactory.java:1214) ~[spring-beans-4.2.5.RELEASE.jar:4.2.5.RELEASE]
	at org.springframework.beans.factory.support.AbstractAutowireCapableBeanFactory.doCreateBean(AbstractAutowireCapableBeanFactory.java:543) ~[spring-beans-4.2.5.RELEASE.jar:4.2.5.RELEASE]
	at org.springframework.beans.factory.support.AbstractAutowireCapableBeanFactory.createBean(AbstractAutowireCapableBeanFactory.java:482) ~[spring-beans-4.2.5.RELEASE.jar:4.2.5.RELEASE]
	at org.springframework.beans.factory.support.AbstractBeanFactory$1.getObject(AbstractBeanFactory.java:306) ~[spring-beans-4.2.5.RELEASE.jar:4.2.5.RELEASE]
	at org.springframework.beans.factory.support.DefaultSingletonBeanRegistry.getSingleton(DefaultSingletonBeanRegistry.java:230) ~[spring-beans-4.2.5.RELEASE.jar:4.2.5.RELEASE]
	at org.springframework.beans.factory.support.AbstractBeanFactory.doGetBean(AbstractBeanFactory.java:302) ~[spring-beans-4.2.5.RELEASE.jar:4.2.5.RELEASE]
	at org.springframework.beans.factory.support.AbstractBeanFactory.getBean(AbstractBeanFactory.java:197) ~[spring-beans-4.2.5.RELEASE.jar:4.2.5.RELEASE]
	at org.springframework.beans.factory.support.DefaultListableBeanFactory.preInstantiateSingletons(DefaultListableBeanFactory.java:772) ~[spring-beans-4.2.5.RELEASE.jar:4.2.5.RELEASE]
	at org.springframework.context.support.AbstractApplicationContext.finishBeanFactoryInitialization(AbstractApplicationContext.java:839) ~[spring-context-4.2.5.RELEASE.jar:4.2.5.RELEASE]
	at org.springframework.context.support.AbstractApplicationContext.refresh(AbstractApplicationContext.java:538) ~[spring-context-4.2.5.RELEASE.jar:4.2.5.RELEASE]
	at org.springframework.web.servlet.FrameworkServlet.configureAndRefreshWebApplicationContext(FrameworkServlet.java:667) ~[spring-webmvc-4.2.5.RELEASE.jar:4.2.5.RELEASE]
	at org.springframework.web.servlet.FrameworkServlet.createWebApplicationContext(FrameworkServlet.java:633) ~[spring-webmvc-4.2.5.RELEASE.jar:4.2.5.RELEASE]
	at org.springframework.web.servlet.FrameworkServlet.createWebApplicationContext(FrameworkServlet.java:681) ~[spring-webmvc-4.2.5.RELEASE.jar:4.2.5.RELEASE]
	at org.springframework.web.servlet.FrameworkServlet.initWebApplicationContext(FrameworkServlet.java:552) ~[spring-webmvc-4.2.5.RELEASE.jar:4.2.5.RELEASE]
	at org.springframework.web.servlet.FrameworkServlet.initServletBean(FrameworkServlet.java:493) [spring-webmvc-4.2.5.RELEASE.jar:4.2.5.RELEASE]
	at org.springframework.web.servlet.HttpServletBean.init(HttpServletBean.java:136) [spring-webmvc-4.2.5.RELEASE.jar:4.2.5.RELEASE]
	at javax.servlet.GenericServlet.init(GenericServlet.java:158) [servlet-api.jar:3.1.FR]
	at org.apache.catalina.core.StandardWrapper.initServlet(StandardWrapper.java:1183) [catalina.jar:8.5.6]
	at org.apache.catalina.core.StandardWrapper.loadServlet(StandardWrapper.java:1099) [catalina.jar:8.5.6]
	at org.apache.catalina.core.StandardWrapper.allocate(StandardWrapper.java:779) [catalina.jar:8.5.6]
	at org.apache.catalina.core.StandardWrapperValve.invoke(StandardWrapperValve.java:133) [catalina.jar:8.5.6]
	at org.apache.catalina.core.StandardContextValve.invoke(StandardContextValve.java:108) [catalina.jar:8.5.6]
	at org.apache.catalina.authenticator.AuthenticatorBase.invoke(AuthenticatorBase.java:472) [catalina.jar:8.5.6]
	at org.apache.catalina.core.StandardHostValve.invoke(StandardHostValve.java:140) [catalina.jar:8.5.6]
	at org.apache.catalina.valves.ErrorReportValve.invoke(ErrorReportValve.java:79) [catalina.jar:8.5.6]
	at org.apache.catalina.valves.AbstractAccessLogValve.invoke(AbstractAccessLogValve.java:620) [catalina.jar:8.5.6]
	at org.apache.catalina.core.StandardEngineValve.invoke(StandardEngineValve.java:87) [catalina.jar:8.5.6]
	at org.apache.catalina.connector.CoyoteAdapter.service(CoyoteAdapter.java:349) [catalina.jar:8.5.6]
	at org.apache.coyote.http11.Http11Processor.service(Http11Processor.java:784) [tomcat-coyote.jar:8.5.6]
	at org.apache.coyote.AbstractProcessorLight.process(AbstractProcessorLight.java:66) [tomcat-coyote.jar:8.5.6]
	at org.apache.coyote.AbstractProtocol$ConnectionHandler.process(AbstractProtocol.java:802) [tomcat-coyote.jar:8.5.6]
	at org.apache.tomcat.util.net.NioEndpoint$SocketProcessor.doRun(NioEndpoint.java:1410) [tomcat-coyote.jar:8.5.6]
	at org.apache.tomcat.util.net.SocketProcessorBase.run(SocketProcessorBase.java:49) [tomcat-coyote.jar:8.5.6]
	at java.util.concurrent.ThreadPoolExecutor.runWorker(ThreadPoolExecutor.java:1149) [?:1.8.0_221]
	at java.util.concurrent.ThreadPoolExecutor$Worker.run(ThreadPoolExecutor.java:624) [?:1.8.0_221]
	at org.apache.tomcat.util.threads.TaskThread$WrappingRunnable.run(TaskThread.java:61) [tomcat-util.jar:8.5.6]
	at java.lang.Thread.run(Thread.java:748) [?:1.8.0_221]
Caused by: org.springframework.beans.factory.BeanCreationException: Could not autowire field: private py.com.fielco.cuentas.service.CuentasService py.com.fielco.cuentas.controller.CuentasAPI.cuentasService; nested exception is org.springframework.beans.factory.BeanCreationException: Error creating bean with name 'cuentasServiceImpl': Injection of autowired dependencies failed; nested exception is org.springframework.beans.factory.BeanCreationException: Could not autowire field: java.lang.String py.com.fielco.cuentas.service.CuentasServiceImpl.baseUrlFielcoWeb; nested exception is java.lang.IllegalArgumentException: Could not resolve placeholder 'fielcoweb-url' in string value "${fielcoweb-url}"
	at org.springframework.beans.factory.annotation.AutowiredAnnotationBeanPostProcessor$AutowiredFieldElement.inject(AutowiredAnnotationBeanPostProcessor.java:573) ~[spring-beans-4.2.5.RELEASE.jar:4.2.5.RELEASE]
	at org.springframework.beans.factory.annotation.InjectionMetadata.inject(InjectionMetadata.java:88) ~[spring-beans-4.2.5.RELEASE.jar:4.2.5.RELEASE]
	at org.springframework.beans.factory.annotation.AutowiredAnnotationBeanPostProcessor.postProcessPropertyValues(AutowiredAnnotationBeanPostProcessor.java:331) ~[spring-beans-4.2.5.RELEASE.jar:4.2.5.RELEASE]
	... 37 more
Caused by: org.springframework.beans.factory.BeanCreationException: Error creating bean with name 'cuentasServiceImpl': Injection of autowired dependencies failed; nested exception is org.springframework.beans.factory.BeanCreationException: Could not autowire field: java.lang.String py.com.fielco.cuentas.service.CuentasServiceImpl.baseUrlFielcoWeb; nested exception is java.lang.IllegalArgumentException: Could not resolve placeholder 'fielcoweb-url' in string value "${fielcoweb-url}"
	at org.springframework.beans.factory.annotation.AutowiredAnnotationBeanPostProcessor.postProcessPropertyValues(AutowiredAnnotationBeanPostProcessor.java:334) ~[spring-beans-4.2.5.RELEASE.jar:4.2.5.RELEASE]
	at org.springframework.beans.factory.support.AbstractAutowireCapableBeanFactory.populateBean(AbstractAutowireCapableBeanFactory.java:1214) ~[spring-beans-4.2.5.RELEASE.jar:4.2.5.RELEASE]
	at org.springframework.beans.factory.support.AbstractAutowireCapableBeanFactory.doCreateBean(AbstractAutowireCapableBeanFactory.java:543) ~[spring-beans-4.2.5.RELEASE.jar:4.2.5.RELEASE]
	at org.springframework.beans.factory.support.AbstractAutowireCapableBeanFactory.createBean(AbstractAutowireCapableBeanFactory.java:482) ~[spring-beans-4.2.5.RELEASE.jar:4.2.5.RELEASE]
	at org.springframework.beans.factory.support.AbstractBeanFactory$1.getObject(AbstractBeanFactory.java:306) ~[spring-beans-4.2.5.RELEASE.jar:4.2.5.RELEASE]
	at org.springframework.beans.factory.support.DefaultSingletonBeanRegistry.getSingleton(DefaultSingletonBeanRegistry.java:230) ~[spring-beans-4.2.5.RELEASE.jar:4.2.5.RELEASE]
	at org.springframework.beans.factory.support.AbstractBeanFactory.doGetBean(AbstractBeanFactory.java:302) ~[spring-beans-4.2.5.RELEASE.jar:4.2.5.RELEASE]
	at org.springframework.beans.factory.support.AbstractBeanFactory.getBean(AbstractBeanFactory.java:197) ~[spring-beans-4.2.5.RELEASE.jar:4.2.5.RELEASE]
	at org.springframework.beans.factory.support.DefaultListableBeanFactory.findAutowireCandidates(DefaultListableBeanFactory.java:1192) ~[spring-beans-4.2.5.RELEASE.jar:4.2.5.RELEASE]
	at org.springframework.beans.factory.support.DefaultListableBeanFactory.doResolveDependency(DefaultListableBeanFactory.java:1116) ~[spring-beans-4.2.5.RELEASE.jar:4.2.5.RELEASE]
	at org.springframework.beans.factory.support.DefaultListableBeanFactory.resolveDependency(DefaultListableBeanFactory.java:1014) ~[spring-beans-4.2.5.RELEASE.jar:4.2.5.RELEASE]
	at org.springframework.beans.factory.annotation.AutowiredAnnotationBeanPostProcessor$AutowiredFieldElement.inject(AutowiredAnnotationBeanPostProcessor.java:545) ~[spring-beans-4.2.5.RELEASE.jar:4.2.5.RELEASE]
	at org.springframework.beans.factory.annotation.InjectionMetadata.inject(InjectionMetadata.java:88) ~[spring-beans-4.2.5.RELEASE.jar:4.2.5.RELEASE]
	at org.springframework.beans.factory.annotation.AutowiredAnnotationBeanPostProcessor.postProcessPropertyValues(AutowiredAnnotationBeanPostProcessor.java:331) ~[spring-beans-4.2.5.RELEASE.jar:4.2.5.RELEASE]
	... 37 more
Caused by: org.springframework.beans.factory.BeanCreationException: Could not autowire field: java.lang.String py.com.fielco.cuentas.service.CuentasServiceImpl.baseUrlFielcoWeb; nested exception is java.lang.IllegalArgumentException: Could not resolve placeholder 'fielcoweb-url' in string value "${fielcoweb-url}"
	at org.springframework.beans.factory.annotation.AutowiredAnnotationBeanPostProcessor$AutowiredFieldElement.inject(AutowiredAnnotationBeanPostProcessor.java:573) ~[spring-beans-4.2.5.RELEASE.jar:4.2.5.RELEASE]
	at org.springframework.beans.factory.annotation.InjectionMetadata.inject(InjectionMetadata.java:88) ~[spring-beans-4.2.5.RELEASE.jar:4.2.5.RELEASE]
	at org.springframework.beans.factory.annotation.AutowiredAnnotationBeanPostProcessor.postProcessPropertyValues(AutowiredAnnotationBeanPostProcessor.java:331) ~[spring-beans-4.2.5.RELEASE.jar:4.2.5.RELEASE]
	at org.springframework.beans.factory.support.AbstractAutowireCapableBeanFactory.populateBean(AbstractAutowireCapableBeanFactory.java:1214) ~[spring-beans-4.2.5.RELEASE.jar:4.2.5.RELEASE]
	at org.springframework.beans.factory.support.AbstractAutowireCapableBeanFactory.doCreateBean(AbstractAutowireCapableBeanFactory.java:543) ~[spring-beans-4.2.5.RELEASE.jar:4.2.5.RELEASE]
	at org.springframework.beans.factory.support.AbstractAutowireCapableBeanFactory.createBean(AbstractAutowireCapableBeanFactory.java:482) ~[spring-beans-4.2.5.RELEASE.jar:4.2.5.RELEASE]
	at org.springframework.beans.factory.support.AbstractBeanFactory$1.getObject(AbstractBeanFactory.java:306) ~[spring-beans-4.2.5.RELEASE.jar:4.2.5.RELEASE]
	at org.springframework.beans.factory.support.DefaultSingletonBeanRegistry.getSingleton(DefaultSingletonBeanRegistry.java:230) ~[spring-beans-4.2.5.RELEASE.jar:4.2.5.RELEASE]
	at org.springframework.beans.factory.support.AbstractBeanFactory.doGetBean(AbstractBeanFactory.java:302) ~[spring-beans-4.2.5.RELEASE.jar:4.2.5.RELEASE]
	at org.springframework.beans.factory.support.AbstractBeanFactory.getBean(AbstractBeanFactory.java:197) ~[spring-beans-4.2.5.RELEASE.jar:4.2.5.RELEASE]
	at org.springframework.beans.factory.support.DefaultListableBeanFactory.findAutowireCandidates(DefaultListableBeanFactory.java:1192) ~[spring-beans-4.2.5.RELEASE.jar:4.2.5.RELEASE]
	at org.springframework.beans.factory.support.DefaultListableBeanFactory.doResolveDependency(DefaultListableBeanFactory.java:1116) ~[spring-beans-4.2.5.RELEASE.jar:4.2.5.RELEASE]
	at org.springframework.beans.factory.support.DefaultListableBeanFactory.resolveDependency(DefaultListableBeanFactory.java:1014) ~[spring-beans-4.2.5.RELEASE.jar:4.2.5.RELEASE]
	at org.springframework.beans.factory.annotation.AutowiredAnnotationBeanPostProcessor$AutowiredFieldElement.inject(AutowiredAnnotationBeanPostProcessor.java:545) ~[spring-beans-4.2.5.RELEASE.jar:4.2.5.RELEASE]
	at org.springframework.beans.factory.annotation.InjectionMetadata.inject(InjectionMetadata.java:88) ~[spring-beans-4.2.5.RELEASE.jar:4.2.5.RELEASE]
	at org.springframework.beans.factory.annotation.AutowiredAnnotationBeanPostProcessor.postProcessPropertyValues(AutowiredAnnotationBeanPostProcessor.java:331) ~[spring-beans-4.2.5.RELEASE.jar:4.2.5.RELEASE]
	... 37 more
Caused by: java.lang.IllegalArgumentException: Could not resolve placeholder 'fielcoweb-url' in string value "${fielcoweb-url}"
	at org.springframework.util.PropertyPlaceholderHelper.parseStringValue(PropertyPlaceholderHelper.java:174) ~[spring-core-4.2.4.RELEASE.jar:4.2.4.RELEASE]
	at org.springframework.util.PropertyPlaceholderHelper.replacePlaceholders(PropertyPlaceholderHelper.java:126) ~[spring-core-4.2.4.RELEASE.jar:4.2.4.RELEASE]
	at org.springframework.core.env.AbstractPropertyResolver.doResolvePlaceholders(AbstractPropertyResolver.java:204) ~[spring-core-4.2.4.RELEASE.jar:4.2.4.RELEASE]
	at org.springframework.core.env.AbstractPropertyResolver.resolveRequiredPlaceholders(AbstractPropertyResolver.java:178) ~[spring-core-4.2.4.RELEASE.jar:4.2.4.RELEASE]
	at org.springframework.context.support.PropertySourcesPlaceholderConfigurer$2.resolveStringValue(PropertySourcesPlaceholderConfigurer.java:172) ~[spring-context-4.2.5.RELEASE.jar:4.2.5.RELEASE]
	at org.springframework.beans.factory.support.AbstractBeanFactory.resolveEmbeddedValue(AbstractBeanFactory.java:808) ~[spring-beans-4.2.5.RELEASE.jar:4.2.5.RELEASE]
	at org.springframework.beans.factory.support.DefaultListableBeanFactory.doResolveDependency(DefaultListableBeanFactory.java:1027) ~[spring-beans-4.2.5.RELEASE.jar:4.2.5.RELEASE]
	at org.springframework.beans.factory.support.DefaultListableBeanFactory.resolveDependency(DefaultListableBeanFactory.java:1014) ~[spring-beans-4.2.5.RELEASE.jar:4.2.5.RELEASE]
	at org.springframework.beans.factory.annotation.AutowiredAnnotationBeanPostProcessor$AutowiredFieldElement.inject(AutowiredAnnotationBeanPostProcessor.java:545) ~[spring-beans-4.2.5.RELEASE.jar:4.2.5.RELEASE]
	at org.springframework.beans.factory.annotation.InjectionMetadata.inject(InjectionMetadata.java:88) ~[spring-beans-4.2.5.RELEASE.jar:4.2.5.RELEASE]
	at org.springframework.beans.factory.annotation.AutowiredAnnotationBeanPostProcessor.postProcessPropertyValues(AutowiredAnnotationBeanPostProcessor.java:331) ~[spring-beans-4.2.5.RELEASE.jar:4.2.5.RELEASE]
	at org.springframework.beans.factory.support.AbstractAutowireCapableBeanFactory.populateBean(AbstractAutowireCapableBeanFactory.java:1214) ~[spring-beans-4.2.5.RELEASE.jar:4.2.5.RELEASE]
	at org.springframework.beans.factory.support.AbstractAutowireCapableBeanFactory.doCreateBean(AbstractAutowireCapableBeanFactory.java:543) ~[spring-beans-4.2.5.RELEASE.jar:4.2.5.RELEASE]
	at org.springframework.beans.factory.support.AbstractAutowireCapableBeanFactory.createBean(AbstractAutowireCapableBeanFactory.java:482) ~[spring-beans-4.2.5.RELEASE.jar:4.2.5.RELEASE]
	at org.springframework.beans.factory.support.AbstractBeanFactory$1.getObject(AbstractBeanFactory.java:306) ~[spring-beans-4.2.5.RELEASE.jar:4.2.5.RELEASE]
	at org.springframework.beans.factory.support.DefaultSingletonBeanRegistry.getSingleton(DefaultSingletonBeanRegistry.java:230) ~[spring-beans-4.2.5.RELEASE.jar:4.2.5.RELEASE]
	at org.springframework.beans.factory.support.AbstractBeanFactory.doGetBean(AbstractBeanFactory.java:302) ~[spring-beans-4.2.5.RELEASE.jar:4.2.5.RELEASE]
	at org.springframework.beans.factory.support.AbstractBeanFactory.getBean(AbstractBeanFactory.java:197) ~[spring-beans-4.2.5.RELEASE.jar:4.2.5.RELEASE]
	at org.springframework.beans.factory.support.DefaultListableBeanFactory.findAutowireCandidates(DefaultListableBeanFactory.java:1192) ~[spring-beans-4.2.5.RELEASE.jar:4.2.5.RELEASE]
	at org.springframework.beans.factory.support.DefaultListableBeanFactory.doResolveDependency(DefaultListableBeanFactory.java:1116) ~[spring-beans-4.2.5.RELEASE.jar:4.2.5.RELEASE]
	at org.springframework.beans.factory.support.DefaultListableBeanFactory.resolveDependency(DefaultListableBeanFactory.java:1014) ~[spring-beans-4.2.5.RELEASE.jar:4.2.5.RELEASE]
	at org.springframework.beans.factory.annotation.AutowiredAnnotationBeanPostProcessor$AutowiredFieldElement.inject(AutowiredAnnotationBeanPostProcessor.java:545) ~[spring-beans-4.2.5.RELEASE.jar:4.2.5.RELEASE]
	at org.springframework.beans.factory.annotation.InjectionMetadata.inject(InjectionMetadata.java:88) ~[spring-beans-4.2.5.RELEASE.jar:4.2.5.RELEASE]
	at org.springframework.beans.factory.annotation.AutowiredAnnotationBeanPostProcessor.postProcessPropertyValues(AutowiredAnnotationBeanPostProcessor.java:331) ~[spring-beans-4.2.5.RELEASE.jar:4.2.5.RELEASE]
	... 37 more
 INFO 2021-12-27T11:42:17,042
          [ContainerBackgroundProcessor[StandardEngine[Catalina]]][[]][][][][][][][][]
          org.springframework.web.context.support.XmlWebApplicationContext - Closing Root WebApplicationContext: startup date [Mon Dec 27 11:33:18 PYST 2021]; root of context hierarchy
