 INFO 2021-12-14T10:02:54,913 [ThreadPoolTaskScheduler3][[]][][][][][][][][] py.com.fielco.corresponsal.administrativo.service.LiquidacionServiceImpl - [TAREA_PROGRAMADA]:Obtener lista de monedas
 INFO 2021-12-14T10:02:54,913 [ThreadPoolTaskScheduler3][[]][][][][][][][][] py.com.fielco.corresponsal.administrativo.service.LiquidacionServiceImpl - [TAREA_PROGRAMADA]:Obtener lista de agencias
 INFO 2021-12-14T10:02:55,929 [ThreadPoolTaskScheduler3][[]][][][][][][][][] py.com.fielco.corresponsal.administrativo.service.LiquidacionServiceImpl - [TAREA_PROGRAMADA]:Obtener lista de servicios
 INFO 2021-12-14T10:02:55,976 [ThreadPoolTaskScheduler3][[]][][][][][][][][] py.com.fielco.corresponsal.administrativo.service.LiquidacionServiceImpl - [TAREA_PROGRAMADA]:Obtener fecha de proceso
 INFO 2021-12-14T10:02:55,976 [ThreadPoolTaskScheduler3][[]][][][][][][][][] py.com.fielco.corresponsal.administrativo.service.LiquidacionServiceImpl - Obtener fecha de cierre de Bantotal
 INFO 2021-12-14T10:02:56,820 [ThreadPoolTaskScheduler3][[]][][][][][][][][] py.com.fielco.corresponsal.administrativo.service.LiquidacionServiceImpl - [TAREA_PROGRAMADA]:Llamado al proceso de liquidacion
 INFO 2021-12-14T10:02:56,851 [ThreadPoolTaskScheduler3][[]][][][][][][][][] py.com.fielco.corresponsal.administrativo.service.LiquidacionServiceImpl - Obtener cotizacion de Bantotal
 INFO 2021-12-14T10:02:56,898 [ThreadPoolTaskScheduler3][[]][][][][][][][][] py.com.fielco.corresponsal.administrativo.service.LiquidacionServiceImpl - Obtener cotizacion de Bantotal
DEBUG 2021-12-14T10:02:57,117 [ThreadPoolTaskScheduler3][[]][][][][][][][][] py.com.fielco.corresponsal.administrativo.service.LiquidacionServiceImpl - Agencia  Id =5, Moneda Id = 6900, Sobregiro Anterior = 0.00 
 INFO 2021-12-14T10:02:58,336 [ThreadPoolTaskScheduler3][[]][][][][][][][][] py.com.fielco.corresponsal.administrativo.service.LiquidacionServiceImpl - Sin sobregiros Agencia: 5FARMACIA SAN RAMON, Moneda: PYG
DEBUG 2021-12-14T10:03:00,008 [ThreadPoolTaskScheduler3][[]][][][][][][][][] py.com.fielco.corresponsal.administrativo.service.LiquidacionServiceImpl - Agencia  Id =5, Moneda Id = 1, Sobregiro Anterior = 0.00 
 INFO 2021-12-14T10:03:01,257 [ThreadPoolTaskScheduler3][[]][][][][][][][][] py.com.fielco.corresponsal.administrativo.service.LiquidacionServiceImpl - Sin sobregiros Agencia: 5FARMACIA SAN RAMON, Moneda: USD
DEBUG 2021-12-14T10:03:03,398 [ThreadPoolTaskScheduler3][[]][][][][][][][][] py.com.fielco.corresponsal.administrativo.service.LiquidacionServiceImpl - Agencia  Id =11, Moneda Id = 6900, Sobregiro Anterior = 0.00 
 INFO 2021-12-14T10:03:04,397 [ThreadPoolTaskScheduler3][[]][][][][][][][][] py.com.fielco.corresponsal.administrativo.service.LiquidacionServiceImpl - Sin sobregiros Agencia: 11COOPERATIVA PERU MARANGATU, Moneda: PYG
DEBUG 2021-12-14T10:03:05,944 [ThreadPoolTaskScheduler3][[]][][][][][][][][] py.com.fielco.corresponsal.administrativo.service.LiquidacionServiceImpl - Agencia  Id =11, Moneda Id = 1, Sobregiro Anterior = 0.00 
 INFO 2021-12-14T10:03:08,678 [ThreadPoolTaskScheduler3][[]][][][][][][][][] py.com.fielco.corresponsal.administrativo.service.LiquidacionServiceImpl - Sin sobregiros Agencia: 11COOPERATIVA PERU MARANGATU, Moneda: USD
DEBUG 2021-12-14T10:03:10,521 [ThreadPoolTaskScheduler3][[]][][][][][][][][] py.com.fielco.corresponsal.administrativo.service.LiquidacionServiceImpl - Agencia  Id =18, Moneda Id = 6900, Sobregiro Anterior = 0.00 
 INFO 2021-12-14T10:03:11,987 [ThreadPoolTaskScheduler3][[]][][][][][][][][] py.com.fielco.corresponsal.administrativo.service.LiquidacionServiceImpl - Sin sobregiros Agencia: 18FARMACIA ANY, Moneda: PYG
DEBUG 2021-12-14T10:03:13,549 [ThreadPoolTaskScheduler3][[]][][][][][][][][] py.com.fielco.corresponsal.administrativo.service.LiquidacionServiceImpl - Agencia  Id =18, Moneda Id = 1, Sobregiro Anterior = 0.00 
 INFO 2021-12-14T10:03:15,111 [ThreadPoolTaskScheduler3][[]][][][][][][][][] py.com.fielco.corresponsal.administrativo.service.LiquidacionServiceImpl - Sin sobregiros Agencia: 18FARMACIA ANY, Moneda: USD
DEBUG 2021-12-14T10:03:16,986 [ThreadPoolTaskScheduler3][[]][][][][][][][][] py.com.fielco.corresponsal.administrativo.service.LiquidacionServiceImpl - Agencia  Id =19, Moneda Id = 6900, Sobregiro Anterior = 0.00 
 INFO 2021-12-14T10:03:18,173 [ThreadPoolTaskScheduler3][[]][][][][][][][][] py.com.fielco.corresponsal.administrativo.service.LiquidacionServiceImpl - Sin sobregiros Agencia: 19FARMACIA SAN BENIGNO, Moneda: PYG
DEBUG 2021-12-14T10:03:19,329 [ThreadPoolTaskScheduler3][[]][][][][][][][][] py.com.fielco.corresponsal.administrativo.service.LiquidacionServiceImpl - Agencia  Id =19, Moneda Id = 1, Sobregiro Anterior = 0.00 
 INFO 2021-12-14T10:03:20,829 [ThreadPoolTaskScheduler3][[]][][][][][][][][] py.com.fielco.corresponsal.administrativo.service.LiquidacionServiceImpl - Sin sobregiros Agencia: 19FARMACIA SAN BENIGNO, Moneda: USD
DEBUG 2021-12-14T10:03:23,297 [ThreadPoolTaskScheduler3][[]][][][][][][][][] py.com.fielco.corresponsal.administrativo.service.LiquidacionServiceImpl - Agencia  Id =36, Moneda Id = 6900, Sobregiro Anterior = 0.00 
 INFO 2021-12-14T10:03:25,078 [ThreadPoolTaskScheduler3][[]][][][][][][][][] py.com.fielco.corresponsal.administrativo.service.LiquidacionServiceImpl - Sin sobregiros Agencia: 36AUTOSERVICE ARCHI, Moneda: PYG
DEBUG 2021-12-14T10:03:26,983 [ThreadPoolTaskScheduler3][[]][][][][][][][][] py.com.fielco.corresponsal.administrativo.service.LiquidacionServiceImpl - Agencia  Id =36, Moneda Id = 1, Sobregiro Anterior = 0.00 
 INFO 2021-12-14T10:03:27,968 [ThreadPoolTaskScheduler3][[]][][][][][][][][] py.com.fielco.corresponsal.administrativo.service.LiquidacionServiceImpl - Sin sobregiros Agencia: 36AUTOSERVICE ARCHI, Moneda: USD
DEBUG 2021-12-14T10:03:29,420 [ThreadPoolTaskScheduler3][[]][][][][][][][][] py.com.fielco.corresponsal.administrativo.service.LiquidacionServiceImpl - Agencia  Id =37, Moneda Id = 6900, Sobregiro Anterior = 0.00 
 INFO 2021-12-14T10:03:30,373 [ThreadPoolTaskScheduler3][[]][][][][][][][][] py.com.fielco.corresponsal.administrativo.service.LiquidacionServiceImpl - Sin sobregiros Agencia: 37AUTOSERVICE LUIS PIGISCH, Moneda: PYG
DEBUG 2021-12-14T10:03:31,389 [ThreadPoolTaskScheduler3][[]][][][][][][][][] py.com.fielco.corresponsal.administrativo.service.LiquidacionServiceImpl - Agencia  Id =37, Moneda Id = 1, Sobregiro Anterior = 0.00 
 INFO 2021-12-14T10:03:32,294 [ThreadPoolTaskScheduler3][[]][][][][][][][][] py.com.fielco.corresponsal.administrativo.service.LiquidacionServiceImpl - Sin sobregiros Agencia: 37AUTOSERVICE LUIS PIGISCH, Moneda: USD
DEBUG 2021-12-14T10:03:34,403 [ThreadPoolTaskScheduler3][[]][][][][][][][][] py.com.fielco.corresponsal.administrativo.service.LiquidacionServiceImpl - Agencia  Id =40, Moneda Id = 6900, Sobregiro Anterior = 0.00 
 INFO 2021-12-14T10:03:35,965 [ThreadPoolTaskScheduler3][[]][][][][][][][][] py.com.fielco.corresponsal.administrativo.service.LiquidacionServiceImpl - Sin sobregiros Agencia: 40BY CELULARES, Moneda: PYG
DEBUG 2021-12-14T10:03:37,934 [ThreadPoolTaskScheduler3][[]][][][][][][][][] py.com.fielco.corresponsal.administrativo.service.LiquidacionServiceImpl - Agencia  Id =40, Moneda Id = 1, Sobregiro Anterior = 0.00 
 INFO 2021-12-14T10:03:39,058 [ThreadPoolTaskScheduler3][[]][][][][][][][][] py.com.fielco.corresponsal.administrativo.service.LiquidacionServiceImpl - Sin sobregiros Agencia: 40BY CELULARES, Moneda: USD
DEBUG 2021-12-14T10:03:40,776 [ThreadPoolTaskScheduler3][[]][][][][][][][][] py.com.fielco.corresponsal.administrativo.service.LiquidacionServiceImpl - Agencia  Id =42, Moneda Id = 6900, Sobregiro Anterior = 0.00 
 INFO 2021-12-14T10:03:42,167 [ThreadPoolTaskScheduler3][[]][][][][][][][][] py.com.fielco.corresponsal.administrativo.service.LiquidacionServiceImpl - Sin sobregiros Agencia: 42CENTURY COM, Moneda: PYG
DEBUG 2021-12-14T10:03:43,776 [ThreadPoolTaskScheduler3][[]][][][][][][][][] py.com.fielco.corresponsal.administrativo.service.LiquidacionServiceImpl - Agencia  Id =42, Moneda Id = 1, Sobregiro Anterior = 0.00 
 INFO 2021-12-14T10:03:45,791 [ThreadPoolTaskScheduler3][[]][][][][][][][][] py.com.fielco.corresponsal.administrativo.service.LiquidacionServiceImpl - Sin sobregiros Agencia: 42CENTURY COM, Moneda: USD
DEBUG 2021-12-14T10:03:48,634 [ThreadPoolTaskScheduler3][[]][][][][][][][][] py.com.fielco.corresponsal.administrativo.service.LiquidacionServiceImpl - Agencia  Id =48, Moneda Id = 6900, Sobregiro Anterior = 0.00 
 INFO 2021-12-14T10:03:51,675 [ThreadPoolTaskScheduler3][[]][][][][][][][][] py.com.fielco.corresponsal.administrativo.service.LiquidacionServiceImpl - Sin sobregiros Agencia: 48CAMBIOS ALBERDI, Moneda: PYG
DEBUG 2021-12-14T10:03:53,409 [ThreadPoolTaskScheduler3][[]][][][][][][][][] py.com.fielco.corresponsal.administrativo.service.LiquidacionServiceImpl - Agencia  Id =48, Moneda Id = 1, Sobregiro Anterior = 0.00 
 INFO 2021-12-14T10:03:54,897 [ThreadPoolTaskScheduler3][[]][][][][][][][][] py.com.fielco.corresponsal.administrativo.service.LiquidacionServiceImpl - Sin sobregiros Agencia: 48CAMBIOS ALBERDI, Moneda: USD
DEBUG 2021-12-14T10:03:56,335 [ThreadPoolTaskScheduler3][[]][][][][][][][][] py.com.fielco.corresponsal.administrativo.service.LiquidacionServiceImpl - Agencia  Id =56, Moneda Id = 6900, Sobregiro Anterior = 0.00 
 INFO 2021-12-14T10:03:57,381 [ThreadPoolTaskScheduler3][[]][][][][][][][][] py.com.fielco.corresponsal.administrativo.service.LiquidacionServiceImpl - Sin sobregiros Agencia: 56CYBERLAND, Moneda: PYG
DEBUG 2021-12-14T10:03:58,397 [ThreadPoolTaskScheduler3][[]][][][][][][][][] py.com.fielco.corresponsal.administrativo.service.LiquidacionServiceImpl - Agencia  Id =56, Moneda Id = 1, Sobregiro Anterior = 0.00 
 INFO 2021-12-14T10:03:59,787 [ThreadPoolTaskScheduler3][[]][][][][][][][][] py.com.fielco.corresponsal.administrativo.service.LiquidacionServiceImpl - Sin sobregiros Agencia: 56CYBERLAND, Moneda: USD
DEBUG 2021-12-14T10:04:01,630 [ThreadPoolTaskScheduler3][[]][][][][][][][][] py.com.fielco.corresponsal.administrativo.service.LiquidacionServiceImpl - Agencia  Id =57, Moneda Id = 6900, Sobregiro Anterior = 0.00 
 INFO 2021-12-14T10:04:02,996 [ThreadPoolTaskScheduler3][[]][][][][][][][][] py.com.fielco.corresponsal.administrativo.service.LiquidacionServiceImpl - Sin sobregiros Agencia: 57COMERCIAL ARMIN, Moneda: PYG
DEBUG 2021-12-14T10:04:04,323 [ThreadPoolTaskScheduler3][[]][][][][][][][][] py.com.fielco.corresponsal.administrativo.service.LiquidacionServiceImpl - Agencia  Id =57, Moneda Id = 1, Sobregiro Anterior = 0.00 
 INFO 2021-12-14T10:04:05,542 [ThreadPoolTaskScheduler3][[]][][][][][][][][] py.com.fielco.corresponsal.administrativo.service.LiquidacionServiceImpl - Sin sobregiros Agencia: 57COMERCIAL ARMIN, Moneda: USD
DEBUG 2021-12-14T10:04:06,960 [ThreadPoolTaskScheduler3][[]][][][][][][][][] py.com.fielco.corresponsal.administrativo.service.LiquidacionServiceImpl - Agencia  Id =69, Moneda Id = 6900, Sobregiro Anterior = 0.00 
 INFO 2021-12-14T10:04:08,557 [ThreadPoolTaskScheduler3][[]][][][][][][][][] py.com.fielco.corresponsal.administrativo.service.LiquidacionServiceImpl - Sin sobregiros Agencia: 69COOP MBURICAO LTDA, Moneda: PYG
DEBUG 2021-12-14T10:04:09,620 [ThreadPoolTaskScheduler3][[]][][][][][][][][] py.com.fielco.corresponsal.administrativo.service.LiquidacionServiceImpl - Agencia  Id =69, Moneda Id = 1, Sobregiro Anterior = 0.00 
 INFO 2021-12-14T10:04:10,665 [ThreadPoolTaskScheduler3][[]][][][][][][][][] py.com.fielco.corresponsal.administrativo.service.LiquidacionServiceImpl - Sin sobregiros Agencia: 69COOP MBURICAO LTDA, Moneda: USD
DEBUG 2021-12-14T10:04:11,837 [ThreadPoolTaskScheduler3][[]][][][][][][][][] py.com.fielco.corresponsal.administrativo.service.LiquidacionServiceImpl - Agencia  Id =97, Moneda Id = 6900, Sobregiro Anterior = 32687474.00 
DEBUG 2021-12-14T10:04:27,442 [ThreadPoolTaskScheduler3][[]][][][][][][][][] py.com.fielco.corresponsal.administrativo.service.LiquidacionServiceImpl - Agencia  Id =97, Moneda Id = 1, Sobregiro Anterior = 0.00 
 INFO 2021-12-14T10:04:28,958 [ThreadPoolTaskScheduler3][[]][][][][][][][][] py.com.fielco.corresponsal.administrativo.service.LiquidacionServiceImpl - Sin sobregiros Agencia: 97D LUCAS CELL, Moneda: USD
DEBUG 2021-12-14T10:04:31,629 [ThreadPoolTaskScheduler3][[]][][][][][][][][] py.com.fielco.corresponsal.administrativo.service.LiquidacionServiceImpl - Agencia  Id =104, Moneda Id = 6900, Sobregiro Anterior = 0.00 
 INFO 2021-12-14T10:04:33,052 [ThreadPoolTaskScheduler3][[]][][][][][][][][] py.com.fielco.corresponsal.administrativo.service.LiquidacionServiceImpl - Sin sobregiros Agencia: 104PANAMBI COMUNICACIONES, Moneda: PYG
DEBUG 2021-12-14T10:04:34,658 [ThreadPoolTaskScheduler3][[]][][][][][][][][] py.com.fielco.corresponsal.administrativo.service.LiquidacionServiceImpl - Agencia  Id =104, Moneda Id = 1, Sobregiro Anterior = 0.00 
 INFO 2021-12-14T10:04:35,791 [ThreadPoolTaskScheduler3][[]][][][][][][][][] py.com.fielco.corresponsal.administrativo.service.LiquidacionServiceImpl - Sin sobregiros Agencia: 104PANAMBI COMUNICACIONES, Moneda: USD
DEBUG 2021-12-14T10:04:37,304 [ThreadPoolTaskScheduler3][[]][][][][][][][][] py.com.fielco.corresponsal.administrativo.service.LiquidacionServiceImpl - Agencia  Id =112, Moneda Id = 6900, Sobregiro Anterior = 0.00 
 INFO 2021-12-14T10:04:39,450 [ThreadPoolTaskScheduler3][[]][][][][][][][][] py.com.fielco.corresponsal.administrativo.service.LiquidacionServiceImpl - Sin sobregiros Agencia: 112CASA OLGA, Moneda: PYG
DEBUG 2021-12-14T10:04:41,073 [ThreadPoolTaskScheduler3][[]][][][][][][][][] py.com.fielco.corresponsal.administrativo.service.LiquidacionServiceImpl - Agencia  Id =112, Moneda Id = 1, Sobregiro Anterior = 0.00 
 INFO 2021-12-14T10:04:42,000 [ThreadPoolTaskScheduler3][[]][][][][][][][][] py.com.fielco.corresponsal.administrativo.service.LiquidacionServiceImpl - Sin sobregiros Agencia: 112CASA OLGA, Moneda: USD
DEBUG 2021-12-14T10:04:43,570 [ThreadPoolTaskScheduler3][[]][][][][][][][][] py.com.fielco.corresponsal.administrativo.service.LiquidacionServiceImpl - Agencia  Id =119, Moneda Id = 6900, Sobregiro Anterior = 0.00 
 INFO 2021-12-14T10:04:45,309 [ThreadPoolTaskScheduler3][[]][][][][][][][][] py.com.fielco.corresponsal.administrativo.service.LiquidacionServiceImpl - Sin sobregiros Agencia: 119COPACONS, Moneda: PYG
DEBUG 2021-12-14T10:04:46,435 [ThreadPoolTaskScheduler3][[]][][][][][][][][] py.com.fielco.corresponsal.administrativo.service.LiquidacionServiceImpl - Agencia  Id =119, Moneda Id = 1, Sobregiro Anterior = 0.00 
 INFO 2021-12-14T10:04:47,420 [ThreadPoolTaskScheduler3][[]][][][][][][][][] py.com.fielco.corresponsal.administrativo.service.LiquidacionServiceImpl - Sin sobregiros Agencia: 119COPACONS, Moneda: USD
DEBUG 2021-12-14T10:04:48,904 [ThreadPoolTaskScheduler3][[]][][][][][][][][] py.com.fielco.corresponsal.administrativo.service.LiquidacionServiceImpl - Agencia  Id =122, Moneda Id = 6900, Sobregiro Anterior = 0.00 
 INFO 2021-12-14T10:04:49,893 [ThreadPoolTaskScheduler3][[]][][][][][][][][] py.com.fielco.corresponsal.administrativo.service.LiquidacionServiceImpl - Sin sobregiros Agencia: 122COOPERATIVA LAGUNA SATI LTDA, Moneda: PYG
DEBUG 2021-12-14T10:04:51,543 [ThreadPoolTaskScheduler3][[]][][][][][][][][] py.com.fielco.corresponsal.administrativo.service.LiquidacionServiceImpl - Agencia  Id =122, Moneda Id = 1, Sobregiro Anterior = 0.00 
 INFO 2021-12-14T10:04:52,692 [ThreadPoolTaskScheduler3][[]][][][][][][][][] py.com.fielco.corresponsal.administrativo.service.LiquidacionServiceImpl - Sin sobregiros Agencia: 122COOPERATIVA LAGUNA SATI LTDA, Moneda: USD
DEBUG 2021-12-14T10:04:54,210 [ThreadPoolTaskScheduler3][[]][][][][][][][][] py.com.fielco.corresponsal.administrativo.service.LiquidacionServiceImpl - Agencia  Id =126, Moneda Id = 6900, Sobregiro Anterior = 0.00 
 INFO 2021-12-14T10:04:55,801 [ThreadPoolTaskScheduler3][[]][][][][][][][][] py.com.fielco.corresponsal.administrativo.service.LiquidacionServiceImpl - Sin sobregiros Agencia: 126COOPERATIVA OGA REKA LTDA, Moneda: PYG
DEBUG 2021-12-14T10:04:58,291 [ThreadPoolTaskScheduler3][[]][][][][][][][][] py.com.fielco.corresponsal.administrativo.service.LiquidacionServiceImpl - Agencia  Id =126, Moneda Id = 1, Sobregiro Anterior = 0.00 
 INFO 2021-12-14T10:04:59,988 [ThreadPoolTaskScheduler3][[]][][][][][][][][] py.com.fielco.corresponsal.administrativo.service.LiquidacionServiceImpl - Sin sobregiros Agencia: 126COOPERATIVA OGA REKA LTDA, Moneda: USD
DEBUG 2021-12-14T10:05:01,762 [ThreadPoolTaskScheduler3][[]][][][][][][][][] py.com.fielco.corresponsal.administrativo.service.LiquidacionServiceImpl - Agencia  Id =191, Moneda Id = 6900, Sobregiro Anterior = 0.00 
 INFO 2021-12-14T10:05:03,577 [ThreadPoolTaskScheduler3][[]][][][][][][][][] py.com.fielco.corresponsal.administrativo.service.LiquidacionServiceImpl - Sin sobregiros Agencia: 191M & D CAMBIOS, Moneda: PYG
DEBUG 2021-12-14T10:05:05,252 [ThreadPoolTaskScheduler3][[]][][][][][][][][] py.com.fielco.corresponsal.administrativo.service.LiquidacionServiceImpl - Agencia  Id =191, Moneda Id = 1, Sobregiro Anterior = 0.00 
 INFO 2021-12-14T10:05:06,538 [ThreadPoolTaskScheduler3][[]][][][][][][][][] py.com.fielco.corresponsal.administrativo.service.LiquidacionServiceImpl - Sin sobregiros Agencia: 191M & D CAMBIOS, Moneda: USD
DEBUG 2021-12-14T10:05:08,295 [ThreadPoolTaskScheduler3][[]][][][][][][][][] py.com.fielco.corresponsal.administrativo.service.LiquidacionServiceImpl - Agencia  Id =195, Moneda Id = 6900, Sobregiro Anterior = 0.00 
 INFO 2021-12-14T10:05:09,564 [ThreadPoolTaskScheduler3][[]][][][][][][][][] py.com.fielco.corresponsal.administrativo.service.LiquidacionServiceImpl - Sin sobregiros Agencia: 195MINI SHOP, DEPOSITO DE BEBIDAS, Moneda: PYG
DEBUG 2021-12-14T10:05:10,740 [ThreadPoolTaskScheduler3][[]][][][][][][][][] py.com.fielco.corresponsal.administrativo.service.LiquidacionServiceImpl - Agencia  Id =195, Moneda Id = 1, Sobregiro Anterior = 0.00 
 INFO 2021-12-14T10:05:11,839 [ThreadPoolTaskScheduler3][[]][][][][][][][][] py.com.fielco.corresponsal.administrativo.service.LiquidacionServiceImpl - Sin sobregiros Agencia: 195MINI SHOP, DEPOSITO DE BEBIDAS, Moneda: USD
DEBUG 2021-12-14T10:05:13,242 [ThreadPoolTaskScheduler3][[]][][][][][][][][] py.com.fielco.corresponsal.administrativo.service.LiquidacionServiceImpl - Agencia  Id =209, Moneda Id = 6900, Sobregiro Anterior = 0.00 
 INFO 2021-12-14T10:05:14,187 [ThreadPoolTaskScheduler3][[]][][][][][][][][] py.com.fielco.corresponsal.administrativo.service.LiquidacionServiceImpl - Sin sobregiros Agencia: 209PAGO EXPRESS RED DE AGENTES, Moneda: PYG
DEBUG 2021-12-14T10:05:15,307 [ThreadPoolTaskScheduler3][[]][][][][][][][][] py.com.fielco.corresponsal.administrativo.service.LiquidacionServiceImpl - Agencia  Id =209, Moneda Id = 1, Sobregiro Anterior = 0.00 
 INFO 2021-12-14T10:05:16,106 [ThreadPoolTaskScheduler3][[]][][][][][][][][] py.com.fielco.corresponsal.administrativo.service.LiquidacionServiceImpl - Sin sobregiros Agencia: 209PAGO EXPRESS RED DE AGENTES, Moneda: USD
DEBUG 2021-12-14T10:05:17,449 [ThreadPoolTaskScheduler3][[]][][][][][][][][] py.com.fielco.corresponsal.administrativo.service.LiquidacionServiceImpl - Agencia  Id =214, Moneda Id = 6900, Sobregiro Anterior = 0.00 
 INFO 2021-12-14T10:05:18,461 [ThreadPoolTaskScheduler3][[]][][][][][][][][] py.com.fielco.corresponsal.administrativo.service.LiquidacionServiceImpl - Sin sobregiros Agencia: 214SERVICIOS PAUMEL, Moneda: PYG
DEBUG 2021-12-14T10:05:19,556 [ThreadPoolTaskScheduler3][[]][][][][][][][][] py.com.fielco.corresponsal.administrativo.service.LiquidacionServiceImpl - Agencia  Id =214, Moneda Id = 1, Sobregiro Anterior = 0.00 
 INFO 2021-12-14T10:05:20,623 [ThreadPoolTaskScheduler3][[]][][][][][][][][] py.com.fielco.corresponsal.administrativo.service.LiquidacionServiceImpl - Sin sobregiros Agencia: 214SERVICIOS PAUMEL, Moneda: USD
DEBUG 2021-12-14T10:05:22,073 [ThreadPoolTaskScheduler3][[]][][][][][][][][] py.com.fielco.corresponsal.administrativo.service.LiquidacionServiceImpl - Agencia  Id =220, Moneda Id = 6900, Sobregiro Anterior = 0.00 
 INFO 2021-12-14T10:05:23,172 [ThreadPoolTaskScheduler3][[]][][][][][][][][] py.com.fielco.corresponsal.administrativo.service.LiquidacionServiceImpl - Sin sobregiros Agencia: 220SUPERMERCADO DAMARIS, Moneda: PYG
DEBUG 2021-12-14T10:05:24,334 [ThreadPoolTaskScheduler3][[]][][][][][][][][] py.com.fielco.corresponsal.administrativo.service.LiquidacionServiceImpl - Agencia  Id =220, Moneda Id = 1, Sobregiro Anterior = 0.00 
 INFO 2021-12-14T10:05:25,217 [ThreadPoolTaskScheduler3][[]][][][][][][][][] py.com.fielco.corresponsal.administrativo.service.LiquidacionServiceImpl - Sin sobregiros Agencia: 220SUPERMERCADO DAMARIS, Moneda: USD
DEBUG 2021-12-14T10:05:26,767 [ThreadPoolTaskScheduler3][[]][][][][][][][][] py.com.fielco.corresponsal.administrativo.service.LiquidacionServiceImpl - Agencia  Id =232, Moneda Id = 6900, Sobregiro Anterior = 0.00 
 INFO 2021-12-14T10:05:27,884 [ThreadPoolTaskScheduler3][[]][][][][][][][][] py.com.fielco.corresponsal.administrativo.service.LiquidacionServiceImpl - Sin sobregiros Agencia: 232LOCAL DEDICADO ITAUGUA (AMIMAR), Moneda: PYG
DEBUG 2021-12-14T10:05:29,036 [ThreadPoolTaskScheduler3][[]][][][][][][][][] py.com.fielco.corresponsal.administrativo.service.LiquidacionServiceImpl - Agencia  Id =232, Moneda Id = 1, Sobregiro Anterior = 0.00 
 INFO 2021-12-14T10:05:30,211 [ThreadPoolTaskScheduler3][[]][][][][][][][][] py.com.fielco.corresponsal.administrativo.service.LiquidacionServiceImpl - Sin sobregiros Agencia: 232LOCAL DEDICADO ITAUGUA (AMIMAR), Moneda: USD
DEBUG 2021-12-14T10:05:31,640 [ThreadPoolTaskScheduler3][[]][][][][][][][][] py.com.fielco.corresponsal.administrativo.service.LiquidacionServiceImpl - Agencia  Id =253, Moneda Id = 6900, Sobregiro Anterior = 0.00 
 INFO 2021-12-14T10:05:32,706 [ThreadPoolTaskScheduler3][[]][][][][][][][][] py.com.fielco.corresponsal.administrativo.service.LiquidacionServiceImpl - Sin sobregiros Agencia: 253COMERCIAL LA DIVINA, Moneda: PYG
DEBUG 2021-12-14T10:05:33,779 [ThreadPoolTaskScheduler3][[]][][][][][][][][] py.com.fielco.corresponsal.administrativo.service.LiquidacionServiceImpl - Agencia  Id =253, Moneda Id = 1, Sobregiro Anterior = 0.00 
 INFO 2021-12-14T10:05:34,775 [ThreadPoolTaskScheduler3][[]][][][][][][][][] py.com.fielco.corresponsal.administrativo.service.LiquidacionServiceImpl - Sin sobregiros Agencia: 253COMERCIAL LA DIVINA, Moneda: USD
DEBUG 2021-12-14T10:05:36,374 [ThreadPoolTaskScheduler3][[]][][][][][][][][] py.com.fielco.corresponsal.administrativo.service.LiquidacionServiceImpl - Agencia  Id =274, Moneda Id = 6900, Sobregiro Anterior = 0.00 
 INFO 2021-12-14T10:05:37,376 [ThreadPoolTaskScheduler3][[]][][][][][][][][] py.com.fielco.corresponsal.administrativo.service.LiquidacionServiceImpl - Sin sobregiros Agencia: 274CREDICENTRO, Moneda: PYG
DEBUG 2021-12-14T10:05:38,390 [ThreadPoolTaskScheduler3][[]][][][][][][][][] py.com.fielco.corresponsal.administrativo.service.LiquidacionServiceImpl - Agencia  Id =274, Moneda Id = 1, Sobregiro Anterior = 0.00 
 INFO 2021-12-14T10:05:39,333 [ThreadPoolTaskScheduler3][[]][][][][][][][][] py.com.fielco.corresponsal.administrativo.service.LiquidacionServiceImpl - Sin sobregiros Agencia: 274CREDICENTRO, Moneda: USD
DEBUG 2021-12-14T10:05:40,788 [ThreadPoolTaskScheduler3][[]][][][][][][][][] py.com.fielco.corresponsal.administrativo.service.LiquidacionServiceImpl - Agencia  Id =290, Moneda Id = 6900, Sobregiro Anterior = 0.00 
 INFO 2021-12-14T10:05:41,935 [ThreadPoolTaskScheduler3][[]][][][][][][][][] py.com.fielco.corresponsal.administrativo.service.LiquidacionServiceImpl - Sin sobregiros Agencia: 290COOPERATIVA AVAI POTY, Moneda: PYG
DEBUG 2021-12-14T10:05:43,250 [ThreadPoolTaskScheduler3][[]][][][][][][][][] py.com.fielco.corresponsal.administrativo.service.LiquidacionServiceImpl - Agencia  Id =290, Moneda Id = 1, Sobregiro Anterior = 0.00 
 INFO 2021-12-14T10:05:44,225 [ThreadPoolTaskScheduler3][[]][][][][][][][][] py.com.fielco.corresponsal.administrativo.service.LiquidacionServiceImpl - Sin sobregiros Agencia: 290COOPERATIVA AVAI POTY, Moneda: USD
DEBUG 2021-12-14T10:05:45,533 [ThreadPoolTaskScheduler3][[]][][][][][][][][] py.com.fielco.corresponsal.administrativo.service.LiquidacionServiceImpl - Agencia  Id =303, Moneda Id = 6900, Sobregiro Anterior = 1146248.00 
DEBUG 2021-12-14T10:05:49,875 [ThreadPoolTaskScheduler3][[]][][][][][][][][] py.com.fielco.corresponsal.administrativo.service.LiquidacionServiceImpl - Agencia  Id =303, Moneda Id = 1, Sobregiro Anterior = 0.00 
 INFO 2021-12-14T10:05:50,926 [ThreadPoolTaskScheduler3][[]][][][][][][][][] py.com.fielco.corresponsal.administrativo.service.LiquidacionServiceImpl - Sin sobregiros Agencia: 303Ambiente Test Prueba, Moneda: USD
DEBUG 2021-12-14T10:05:52,226 [ThreadPoolTaskScheduler3][[]][][][][][][][][] py.com.fielco.corresponsal.administrativo.service.LiquidacionServiceImpl - Agencia  Id =315, Moneda Id = 6900, Sobregiro Anterior = 0.00 
 INFO 2021-12-14T10:05:53,250 [ThreadPoolTaskScheduler3][[]][][][][][][][][] py.com.fielco.corresponsal.administrativo.service.LiquidacionServiceImpl - Sin sobregiros Agencia: 315SUPERMERCADO SAN JOSE, Moneda: PYG
DEBUG 2021-12-14T10:05:54,509 [ThreadPoolTaskScheduler3][[]][][][][][][][][] py.com.fielco.corresponsal.administrativo.service.LiquidacionServiceImpl - Agencia  Id =315, Moneda Id = 1, Sobregiro Anterior = 0.00 
 INFO 2021-12-14T10:05:55,778 [ThreadPoolTaskScheduler3][[]][][][][][][][][] py.com.fielco.corresponsal.administrativo.service.LiquidacionServiceImpl - Sin sobregiros Agencia: 315SUPERMERCADO SAN JOSE, Moneda: USD
DEBUG 2021-12-14T10:05:57,016 [ThreadPoolTaskScheduler3][[]][][][][][][][][] py.com.fielco.corresponsal.administrativo.service.LiquidacionServiceImpl - Agencia  Id =337, Moneda Id = 6900, Sobregiro Anterior = 0.00 
 INFO 2021-12-14T10:05:58,021 [ThreadPoolTaskScheduler3][[]][][][][][][][][] py.com.fielco.corresponsal.administrativo.service.LiquidacionServiceImpl - Sin sobregiros Agencia: 337DEIVID CELL, Moneda: PYG
DEBUG 2021-12-14T10:05:59,055 [ThreadPoolTaskScheduler3][[]][][][][][][][][] py.com.fielco.corresponsal.administrativo.service.LiquidacionServiceImpl - Agencia  Id =337, Moneda Id = 1, Sobregiro Anterior = 0.00 
 INFO 2021-12-14T10:05:59,918 [ThreadPoolTaskScheduler3][[]][][][][][][][][] py.com.fielco.corresponsal.administrativo.service.LiquidacionServiceImpl - Sin sobregiros Agencia: 337DEIVID CELL, Moneda: USD
DEBUG 2021-12-14T10:06:01,407 [ThreadPoolTaskScheduler3][[]][][][][][][][][] py.com.fielco.corresponsal.administrativo.service.LiquidacionServiceImpl - Agencia  Id =338, Moneda Id = 6900, Sobregiro Anterior = 0.00 
 INFO 2021-12-14T10:06:02,491 [ThreadPoolTaskScheduler3][[]][][][][][][][][] py.com.fielco.corresponsal.administrativo.service.LiquidacionServiceImpl - Sin sobregiros Agencia: 338DEDICADA JUAN LEON MALLORQUIN (AVALL), Moneda: PYG
DEBUG 2021-12-14T10:06:03,579 [ThreadPoolTaskScheduler3][[]][][][][][][][][] py.com.fielco.corresponsal.administrativo.service.LiquidacionServiceImpl - Agencia  Id =338, Moneda Id = 1, Sobregiro Anterior = 0.00 
 INFO 2021-12-14T10:06:04,634 [ThreadPoolTaskScheduler3][[]][][][][][][][][] py.com.fielco.corresponsal.administrativo.service.LiquidacionServiceImpl - Sin sobregiros Agencia: 338DEDICADA JUAN LEON MALLORQUIN (AVALL), Moneda: USD
DEBUG 2021-12-14T10:06:06,079 [ThreadPoolTaskScheduler3][[]][][][][][][][][] py.com.fielco.corresponsal.administrativo.service.LiquidacionServiceImpl - Agencia  Id =340, Moneda Id = 6900, Sobregiro Anterior = 0.00 
 INFO 2021-12-14T10:06:07,063 [ThreadPoolTaskScheduler3][[]][][][][][][][][] py.com.fielco.corresponsal.administrativo.service.LiquidacionServiceImpl - Sin sobregiros Agencia: 340COMERCIAL CABURE I, Moneda: PYG
DEBUG 2021-12-14T10:06:08,398 [ThreadPoolTaskScheduler3][[]][][][][][][][][] py.com.fielco.corresponsal.administrativo.service.LiquidacionServiceImpl - Agencia  Id =340, Moneda Id = 1, Sobregiro Anterior = 0.00 
 INFO 2021-12-14T10:06:09,733 [ThreadPoolTaskScheduler3][[]][][][][][][][][] py.com.fielco.corresponsal.administrativo.service.LiquidacionServiceImpl - Sin sobregiros Agencia: 340COMERCIAL CABURE I, Moneda: USD
DEBUG 2021-12-14T10:06:11,107 [ThreadPoolTaskScheduler3][[]][][][][][][][][] py.com.fielco.corresponsal.administrativo.service.LiquidacionServiceImpl - Agencia  Id =352, Moneda Id = 6900, Sobregiro Anterior = 47177.00 
DEBUG 2021-12-14T10:06:13,450 [ThreadPoolTaskScheduler3][[]][][][][][][][][] py.com.fielco.corresponsal.administrativo.service.LiquidacionServiceImpl - Agencia  Id =352, Moneda Id = 1, Sobregiro Anterior = 0.00 
 INFO 2021-12-14T10:06:14,355 [ThreadPoolTaskScheduler3][[]][][][][][][][][] py.com.fielco.corresponsal.administrativo.service.LiquidacionServiceImpl - Sin sobregiros Agencia: 352FUELPAR, Moneda: USD
DEBUG 2021-12-14T10:06:15,650 [ThreadPoolTaskScheduler3][[]][][][][][][][][] py.com.fielco.corresponsal.administrativo.service.LiquidacionServiceImpl - Agencia  Id =361, Moneda Id = 6900, Sobregiro Anterior = 2747885.00 
DEBUG 2021-12-14T10:06:20,283 [ThreadPoolTaskScheduler3][[]][][][][][][][][] py.com.fielco.corresponsal.administrativo.service.LiquidacionServiceImpl - Agencia  Id =361, Moneda Id = 1, Sobregiro Anterior = 0.00 
 INFO 2021-12-14T10:06:21,110 [ThreadPoolTaskScheduler3][[]][][][][][][][][] py.com.fielco.corresponsal.administrativo.service.LiquidacionServiceImpl - Sin sobregiros Agencia: 361FARMACIA EL AHORRO, Moneda: USD
DEBUG 2021-12-14T10:06:22,261 [ThreadPoolTaskScheduler3][[]][][][][][][][][] py.com.fielco.corresponsal.administrativo.service.LiquidacionServiceImpl - Agencia  Id =366, Moneda Id = 6900, Sobregiro Anterior = 0.00 
 INFO 2021-12-14T10:06:23,250 [ThreadPoolTaskScheduler3][[]][][][][][][][][] py.com.fielco.corresponsal.administrativo.service.LiquidacionServiceImpl - Sin sobregiros Agencia: 366SALVADOR SRL, Moneda: PYG
DEBUG 2021-12-14T10:06:24,594 [ThreadPoolTaskScheduler3][[]][][][][][][][][] py.com.fielco.corresponsal.administrativo.service.LiquidacionServiceImpl - Agencia  Id =366, Moneda Id = 1, Sobregiro Anterior = 0.00 
 INFO 2021-12-14T10:06:25,641 [ThreadPoolTaskScheduler3][[]][][][][][][][][] py.com.fielco.corresponsal.administrativo.service.LiquidacionServiceImpl - Sin sobregiros Agencia: 366SALVADOR SRL, Moneda: USD
DEBUG 2021-12-14T10:06:27,511 [ThreadPoolTaskScheduler3][[]][][][][][][][][] py.com.fielco.corresponsal.administrativo.service.LiquidacionServiceImpl - Agencia  Id =370, Moneda Id = 6900, Sobregiro Anterior = 0.00 
 INFO 2021-12-14T10:06:28,638 [ThreadPoolTaskScheduler3][[]][][][][][][][][] py.com.fielco.corresponsal.administrativo.service.LiquidacionServiceImpl - Sin sobregiros Agencia: 370VALE COMERCIAL, Moneda: PYG
DEBUG 2021-12-14T10:06:30,032 [ThreadPoolTaskScheduler3][[]][][][][][][][][] py.com.fielco.corresponsal.administrativo.service.LiquidacionServiceImpl - Agencia  Id =370, Moneda Id = 1, Sobregiro Anterior = 0.00 
 INFO 2021-12-14T10:06:31,302 [ThreadPoolTaskScheduler3][[]][][][][][][][][] py.com.fielco.corresponsal.administrativo.service.LiquidacionServiceImpl - Sin sobregiros Agencia: 370VALE COMERCIAL, Moneda: USD
DEBUG 2021-12-14T10:06:35,346 [ThreadPoolTaskScheduler3][[]][][][][][][][][] py.com.fielco.corresponsal.administrativo.service.LiquidacionServiceImpl - Agencia  Id =378, Moneda Id = 6900, Sobregiro Anterior = 13808962.00 
DEBUG 2021-12-14T10:06:42,877 [ThreadPoolTaskScheduler3][[]][][][][][][][][] py.com.fielco.corresponsal.administrativo.service.LiquidacionServiceImpl - Agencia  Id =378, Moneda Id = 1, Sobregiro Anterior = 0.00 
 INFO 2021-12-14T10:06:44,022 [ThreadPoolTaskScheduler3][[]][][][][][][][][] py.com.fielco.corresponsal.administrativo.service.LiquidacionServiceImpl - Sin sobregiros Agencia: 378DESPENSA FRANCIS, Moneda: USD
DEBUG 2021-12-14T10:06:45,871 [ThreadPoolTaskScheduler3][[]][][][][][][][][] py.com.fielco.corresponsal.administrativo.service.LiquidacionServiceImpl - Agencia  Id =383, Moneda Id = 6900, Sobregiro Anterior = 0.00 
 INFO 2021-12-14T10:06:47,152 [ThreadPoolTaskScheduler3][[]][][][][][][][][] py.com.fielco.corresponsal.administrativo.service.LiquidacionServiceImpl - Sin sobregiros Agencia: 383ZULIA SA, Moneda: PYG
DEBUG 2021-12-14T10:06:48,323 [ThreadPoolTaskScheduler3][[]][][][][][][][][] py.com.fielco.corresponsal.administrativo.service.LiquidacionServiceImpl - Agencia  Id =383, Moneda Id = 1, Sobregiro Anterior = 0.00 
 INFO 2021-12-14T10:06:49,245 [ThreadPoolTaskScheduler3][[]][][][][][][][][] py.com.fielco.corresponsal.administrativo.service.LiquidacionServiceImpl - Sin sobregiros Agencia: 383ZULIA SA, Moneda: USD
DEBUG 2021-12-14T10:06:50,619 [ThreadPoolTaskScheduler3][[]][][][][][][][][] py.com.fielco.corresponsal.administrativo.service.LiquidacionServiceImpl - Agencia  Id =389, Moneda Id = 6900, Sobregiro Anterior = 22236282.00 
DEBUG 2021-12-14T10:06:59,680 [ThreadPoolTaskScheduler3][[]][][][][][][][][] py.com.fielco.corresponsal.administrativo.service.LiquidacionServiceImpl - Agencia  Id =389, Moneda Id = 1, Sobregiro Anterior = 0.00 
 INFO 2021-12-14T10:07:00,742 [ThreadPoolTaskScheduler3][[]][][][][][][][][] py.com.fielco.corresponsal.administrativo.service.LiquidacionServiceImpl - Sin sobregiros Agencia: 389MOTOPIEZAS RODRIGUEZ, Moneda: USD
DEBUG 2021-12-14T10:07:02,211 [ThreadPoolTaskScheduler3][[]][][][][][][][][] py.com.fielco.corresponsal.administrativo.service.LiquidacionServiceImpl - Agencia  Id =394, Moneda Id = 6900, Sobregiro Anterior = 0.00 
 INFO 2021-12-14T10:07:03,226 [ThreadPoolTaskScheduler3][[]][][][][][][][][] py.com.fielco.corresponsal.administrativo.service.LiquidacionServiceImpl - Sin sobregiros Agencia: 394D Y G, Moneda: PYG
DEBUG 2021-12-14T10:07:04,304 [ThreadPoolTaskScheduler3][[]][][][][][][][][] py.com.fielco.corresponsal.administrativo.service.LiquidacionServiceImpl - Agencia  Id =394, Moneda Id = 1, Sobregiro Anterior = 0.00 
 INFO 2021-12-14T10:07:05,335 [ThreadPoolTaskScheduler3][[]][][][][][][][][] py.com.fielco.corresponsal.administrativo.service.LiquidacionServiceImpl - Sin sobregiros Agencia: 394D Y G, Moneda: USD
DEBUG 2021-12-14T10:07:06,638 [ThreadPoolTaskScheduler3][[]][][][][][][][][] py.com.fielco.corresponsal.administrativo.service.LiquidacionServiceImpl - Agencia  Id =400, Moneda Id = 6900, Sobregiro Anterior = 0.00 
 INFO 2021-12-14T10:07:07,637 [ThreadPoolTaskScheduler3][[]][][][][][][][][] py.com.fielco.corresponsal.administrativo.service.LiquidacionServiceImpl - Sin sobregiros Agencia: 400COMERCIAL BENITEZ, Moneda: PYG
DEBUG 2021-12-14T10:07:09,001 [ThreadPoolTaskScheduler3][[]][][][][][][][][] py.com.fielco.corresponsal.administrativo.service.LiquidacionServiceImpl - Agencia  Id =400, Moneda Id = 1, Sobregiro Anterior = 0.00 
 INFO 2021-12-14T10:07:09,861 [ThreadPoolTaskScheduler3][[]][][][][][][][][] py.com.fielco.corresponsal.administrativo.service.LiquidacionServiceImpl - Sin sobregiros Agencia: 400COMERCIAL BENITEZ, Moneda: USD
DEBUG 2021-12-14T10:07:11,220 [ThreadPoolTaskScheduler3][[]][][][][][][][][] py.com.fielco.corresponsal.administrativo.service.LiquidacionServiceImpl - Agencia  Id =404, Moneda Id = 6900, Sobregiro Anterior = 0.00 
 INFO 2021-12-14T10:07:12,610 [ThreadPoolTaskScheduler3][[]][][][][][][][][] py.com.fielco.corresponsal.administrativo.service.LiquidacionServiceImpl - Sin sobregiros Agencia: 404SUPERMERCADO EXPRESS (MARIANO HERRERO SA), Moneda: PYG
DEBUG 2021-12-14T10:07:13,731 [ThreadPoolTaskScheduler3][[]][][][][][][][][] py.com.fielco.corresponsal.administrativo.service.LiquidacionServiceImpl - Agencia  Id =404, Moneda Id = 1, Sobregiro Anterior = 0.00 
 INFO 2021-12-14T10:07:14,679 [ThreadPoolTaskScheduler3][[]][][][][][][][][] py.com.fielco.corresponsal.administrativo.service.LiquidacionServiceImpl - Sin sobregiros Agencia: 404SUPERMERCADO EXPRESS (MARIANO HERRERO SA), Moneda: USD
DEBUG 2021-12-14T10:07:15,987 [ThreadPoolTaskScheduler3][[]][][][][][][][][] py.com.fielco.corresponsal.administrativo.service.LiquidacionServiceImpl - Agencia  Id =410, Moneda Id = 6900, Sobregiro Anterior = 6673615.00 
DEBUG 2021-12-14T10:07:18,794 [ThreadPoolTaskScheduler3][[]][][][][][][][][] py.com.fielco.corresponsal.administrativo.service.LiquidacionServiceImpl - Agencia  Id =410, Moneda Id = 1, Sobregiro Anterior = 0.00 
 INFO 2021-12-14T10:07:19,733 [ThreadPoolTaskScheduler3][[]][][][][][][][][] py.com.fielco.corresponsal.administrativo.service.LiquidacionServiceImpl - Sin sobregiros Agencia: 410COMERCIAL LA BRASILERA, Moneda: USD
DEBUG 2021-12-14T10:07:21,348 [ThreadPoolTaskScheduler3][[]][][][][][][][][] py.com.fielco.corresponsal.administrativo.service.LiquidacionServiceImpl - Agencia  Id =411, Moneda Id = 6900, Sobregiro Anterior = 0.00 
 INFO 2021-12-14T10:07:22,530 [ThreadPoolTaskScheduler3][[]][][][][][][][][] py.com.fielco.corresponsal.administrativo.service.LiquidacionServiceImpl - Sin sobregiros Agencia: 411COMERCIAL KAREN, Moneda: PYG
DEBUG 2021-12-14T10:07:24,593 [ThreadPoolTaskScheduler3][[]][][][][][][][][] py.com.fielco.corresponsal.administrativo.service.LiquidacionServiceImpl - Agencia  Id =411, Moneda Id = 1, Sobregiro Anterior = 0.00 
 INFO 2021-12-14T10:07:25,717 [ThreadPoolTaskScheduler3][[]][][][][][][][][] py.com.fielco.corresponsal.administrativo.service.LiquidacionServiceImpl - Sin sobregiros Agencia: 411COMERCIAL KAREN, Moneda: USD
DEBUG 2021-12-14T10:07:27,592 [ThreadPoolTaskScheduler3][[]][][][][][][][][] py.com.fielco.corresponsal.administrativo.service.LiquidacionServiceImpl - Agencia  Id =412, Moneda Id = 6900, Sobregiro Anterior = 0.00 
 INFO 2021-12-14T10:07:28,685 [ThreadPoolTaskScheduler3][[]][][][][][][][][] py.com.fielco.corresponsal.administrativo.service.LiquidacionServiceImpl - Sin sobregiros Agencia: 412MERCERIA BIVI, Moneda: PYG
DEBUG 2021-12-14T10:07:29,906 [ThreadPoolTaskScheduler3][[]][][][][][][][][] py.com.fielco.corresponsal.administrativo.service.LiquidacionServiceImpl - Agencia  Id =412, Moneda Id = 1, Sobregiro Anterior = 0.00 
 INFO 2021-12-14T10:07:30,924 [ThreadPoolTaskScheduler3][[]][][][][][][][][] py.com.fielco.corresponsal.administrativo.service.LiquidacionServiceImpl - Sin sobregiros Agencia: 412MERCERIA BIVI, Moneda: USD
DEBUG 2021-12-14T10:07:32,392 [ThreadPoolTaskScheduler3][[]][][][][][][][][] py.com.fielco.corresponsal.administrativo.service.LiquidacionServiceImpl - Agencia  Id =413, Moneda Id = 6900, Sobregiro Anterior = 0.00 
 INFO 2021-12-14T10:07:33,408 [ThreadPoolTaskScheduler3][[]][][][][][][][][] py.com.fielco.corresponsal.administrativo.service.LiquidacionServiceImpl - Sin sobregiros Agencia: 413LIBRERIA THIAGITO, Moneda: PYG
DEBUG 2021-12-14T10:07:34,704 [ThreadPoolTaskScheduler3][[]][][][][][][][][] py.com.fielco.corresponsal.administrativo.service.LiquidacionServiceImpl - Agencia  Id =413, Moneda Id = 1, Sobregiro Anterior = 0.00 
 INFO 2021-12-14T10:07:35,688 [ThreadPoolTaskScheduler3][[]][][][][][][][][] py.com.fielco.corresponsal.administrativo.service.LiquidacionServiceImpl - Sin sobregiros Agencia: 413LIBRERIA THIAGITO, Moneda: USD
DEBUG 2021-12-14T10:07:37,063 [ThreadPoolTaskScheduler3][[]][][][][][][][][] py.com.fielco.corresponsal.administrativo.service.LiquidacionServiceImpl - Agencia  Id =418, Moneda Id = 6900, Sobregiro Anterior = 0.00 
 INFO 2021-12-14T10:07:38,086 [ThreadPoolTaskScheduler3][[]][][][][][][][][] py.com.fielco.corresponsal.administrativo.service.LiquidacionServiceImpl - Sin sobregiros Agencia: 418COMERCIAL NANCY, Moneda: PYG
DEBUG 2021-12-14T10:07:39,257 [ThreadPoolTaskScheduler3][[]][][][][][][][][] py.com.fielco.corresponsal.administrativo.service.LiquidacionServiceImpl - Agencia  Id =418, Moneda Id = 1, Sobregiro Anterior = 0.00 
 INFO 2021-12-14T10:07:40,179 [ThreadPoolTaskScheduler3][[]][][][][][][][][] py.com.fielco.corresponsal.administrativo.service.LiquidacionServiceImpl - Sin sobregiros Agencia: 418COMERCIAL NANCY, Moneda: USD
DEBUG 2021-12-14T10:07:41,521 [ThreadPoolTaskScheduler3][[]][][][][][][][][] py.com.fielco.corresponsal.administrativo.service.LiquidacionServiceImpl - Agencia  Id =423, Moneda Id = 6900, Sobregiro Anterior = 0.00 
 INFO 2021-12-14T10:07:43,380 [ThreadPoolTaskScheduler3][[]][][][][][][][][] py.com.fielco.corresponsal.administrativo.service.LiquidacionServiceImpl - Sin sobregiros Agencia: 423BARATY CELL, Moneda: PYG
DEBUG 2021-12-14T10:07:45,099 [ThreadPoolTaskScheduler3][[]][][][][][][][][] py.com.fielco.corresponsal.administrativo.service.LiquidacionServiceImpl - Agencia  Id =423, Moneda Id = 1, Sobregiro Anterior = 0.00 
 INFO 2021-12-14T10:07:45,989 [ThreadPoolTaskScheduler3][[]][][][][][][][][] py.com.fielco.corresponsal.administrativo.service.LiquidacionServiceImpl - Sin sobregiros Agencia: 423BARATY CELL, Moneda: USD
DEBUG 2021-12-14T10:07:47,457 [ThreadPoolTaskScheduler3][[]][][][][][][][][] py.com.fielco.corresponsal.administrativo.service.LiquidacionServiceImpl - Agencia  Id =424, Moneda Id = 6900, Sobregiro Anterior = 0.00 
 INFO 2021-12-14T10:07:48,316 [ThreadPoolTaskScheduler3][[]][][][][][][][][] py.com.fielco.corresponsal.administrativo.service.LiquidacionServiceImpl - Sin sobregiros Agencia: 424DESPENSA FERNANDITO, Moneda: PYG
DEBUG 2021-12-14T10:07:49,816 [ThreadPoolTaskScheduler3][[]][][][][][][][][] py.com.fielco.corresponsal.administrativo.service.LiquidacionServiceImpl - Agencia  Id =424, Moneda Id = 1, Sobregiro Anterior = 0.00 
 INFO 2021-12-14T10:07:50,799 [ThreadPoolTaskScheduler3][[]][][][][][][][][] py.com.fielco.corresponsal.administrativo.service.LiquidacionServiceImpl - Sin sobregiros Agencia: 424DESPENSA FERNANDITO, Moneda: USD
DEBUG 2021-12-14T10:07:52,220 [ThreadPoolTaskScheduler3][[]][][][][][][][][] py.com.fielco.corresponsal.administrativo.service.LiquidacionServiceImpl - Agencia  Id =425, Moneda Id = 6900, Sobregiro Anterior = 0.00 
 INFO 2021-12-14T10:07:53,125 [ThreadPoolTaskScheduler3][[]][][][][][][][][] py.com.fielco.corresponsal.administrativo.service.LiquidacionServiceImpl - Sin sobregiros Agencia: 425LIBRERIA RFD, Moneda: PYG
DEBUG 2021-12-14T10:07:54,391 [ThreadPoolTaskScheduler3][[]][][][][][][][][] py.com.fielco.corresponsal.administrativo.service.LiquidacionServiceImpl - Agencia  Id =425, Moneda Id = 1, Sobregiro Anterior = 0.00 
 INFO 2021-12-14T10:07:56,062 [ThreadPoolTaskScheduler3][[]][][][][][][][][] py.com.fielco.corresponsal.administrativo.service.LiquidacionServiceImpl - Sin sobregiros Agencia: 425LIBRERIA RFD, Moneda: USD
DEBUG 2021-12-14T10:07:58,593 [ThreadPoolTaskScheduler3][[]][][][][][][][][] py.com.fielco.corresponsal.administrativo.service.LiquidacionServiceImpl - Agencia  Id =429, Moneda Id = 6900, Sobregiro Anterior = 2398458.00 
DEBUG 2021-12-14T10:08:02,154 [ThreadPoolTaskScheduler3][[]][][][][][][][][] py.com.fielco.corresponsal.administrativo.service.LiquidacionServiceImpl - Agencia  Id =429, Moneda Id = 1, Sobregiro Anterior = 0.00 
 INFO 2021-12-14T10:08:03,357 [ThreadPoolTaskScheduler3][[]][][][][][][][][] py.com.fielco.corresponsal.administrativo.service.LiquidacionServiceImpl - Sin sobregiros Agencia: 429MILAN ACTIVACIONES, Moneda: USD
DEBUG 2021-12-14T10:08:04,560 [ThreadPoolTaskScheduler3][[]][][][][][][][][] py.com.fielco.corresponsal.administrativo.service.LiquidacionServiceImpl - Agencia  Id =430, Moneda Id = 6900, Sobregiro Anterior = 0.00 
 INFO 2021-12-14T10:08:05,688 [ThreadPoolTaskScheduler3][[]][][][][][][][][] py.com.fielco.corresponsal.administrativo.service.LiquidacionServiceImpl - Sin sobregiros Agencia: 430COMERCIAL MAS, Moneda: PYG
DEBUG 2021-12-14T10:08:07,031 [ThreadPoolTaskScheduler3][[]][][][][][][][][] py.com.fielco.corresponsal.administrativo.service.LiquidacionServiceImpl - Agencia  Id =430, Moneda Id = 1, Sobregiro Anterior = 0.00 
 INFO 2021-12-14T10:08:08,125 [ThreadPoolTaskScheduler3][[]][][][][][][][][] py.com.fielco.corresponsal.administrativo.service.LiquidacionServiceImpl - Sin sobregiros Agencia: 430COMERCIAL MAS, Moneda: USD
DEBUG 2021-12-14T10:08:09,422 [ThreadPoolTaskScheduler3][[]][][][][][][][][] py.com.fielco.corresponsal.administrativo.service.LiquidacionServiceImpl - Agencia  Id =431, Moneda Id = 6900, Sobregiro Anterior = 0.00 
 INFO 2021-12-14T10:08:10,375 [ThreadPoolTaskScheduler3][[]][][][][][][][][] py.com.fielco.corresponsal.administrativo.service.LiquidacionServiceImpl - Sin sobregiros Agencia: 431VALENS CENTER, Moneda: PYG
DEBUG 2021-12-14T10:08:11,343 [ThreadPoolTaskScheduler3][[]][][][][][][][][] py.com.fielco.corresponsal.administrativo.service.LiquidacionServiceImpl - Agencia  Id =431, Moneda Id = 1, Sobregiro Anterior = 0.00 
 INFO 2021-12-14T10:08:12,359 [ThreadPoolTaskScheduler3][[]][][][][][][][][] py.com.fielco.corresponsal.administrativo.service.LiquidacionServiceImpl - Sin sobregiros Agencia: 431VALENS CENTER, Moneda: USD
DEBUG 2021-12-14T10:08:13,671 [ThreadPoolTaskScheduler3][[]][][][][][][][][] py.com.fielco.corresponsal.administrativo.service.LiquidacionServiceImpl - Agencia  Id =432, Moneda Id = 6900, Sobregiro Anterior = 0.00 
 INFO 2021-12-14T10:08:14,624 [ThreadPoolTaskScheduler3][[]][][][][][][][][] py.com.fielco.corresponsal.administrativo.service.LiquidacionServiceImpl - Sin sobregiros Agencia: 432COMPU CENTER, Moneda: PYG
DEBUG 2021-12-14T10:08:15,655 [ThreadPoolTaskScheduler3][[]][][][][][][][][] py.com.fielco.corresponsal.administrativo.service.LiquidacionServiceImpl - Agencia  Id =432, Moneda Id = 1, Sobregiro Anterior = 0.00 
 INFO 2021-12-14T10:08:16,545 [ThreadPoolTaskScheduler3][[]][][][][][][][][] py.com.fielco.corresponsal.administrativo.service.LiquidacionServiceImpl - Sin sobregiros Agencia: 432COMPU CENTER, Moneda: USD
DEBUG 2021-12-14T10:08:17,842 [ThreadPoolTaskScheduler3][[]][][][][][][][][] py.com.fielco.corresponsal.administrativo.service.LiquidacionServiceImpl - Agencia  Id =434, Moneda Id = 6900, Sobregiro Anterior = 0.00 
 INFO 2021-12-14T10:08:18,810 [ThreadPoolTaskScheduler3][[]][][][][][][][][] py.com.fielco.corresponsal.administrativo.service.LiquidacionServiceImpl - Sin sobregiros Agencia: 434DESPENSA LA FAMILIA - KARAPA´I, Moneda: PYG
DEBUG 2021-12-14T10:08:19,919 [ThreadPoolTaskScheduler3][[]][][][][][][][][] py.com.fielco.corresponsal.administrativo.service.LiquidacionServiceImpl - Agencia  Id =434, Moneda Id = 1, Sobregiro Anterior = 0.00 
 INFO 2021-12-14T10:08:20,786 [ThreadPoolTaskScheduler3][[]][][][][][][][][] py.com.fielco.corresponsal.administrativo.service.LiquidacionServiceImpl - Sin sobregiros Agencia: 434DESPENSA LA FAMILIA - KARAPA´I, Moneda: USD
DEBUG 2021-12-14T10:08:22,239 [ThreadPoolTaskScheduler3][[]][][][][][][][][] py.com.fielco.corresponsal.administrativo.service.LiquidacionServiceImpl - Agencia  Id =436, Moneda Id = 6900, Sobregiro Anterior = 147628.00 
DEBUG 2021-12-14T10:08:24,973 [ThreadPoolTaskScheduler3][[]][][][][][][][][] py.com.fielco.corresponsal.administrativo.service.LiquidacionServiceImpl - Agencia  Id =436, Moneda Id = 1, Sobregiro Anterior = 0.00 
 INFO 2021-12-14T10:08:25,957 [ThreadPoolTaskScheduler3][[]][][][][][][][][] py.com.fielco.corresponsal.administrativo.service.LiquidacionServiceImpl - Sin sobregiros Agencia: 436FERRETERIA TRINIDAD, Moneda: USD
DEBUG 2021-12-14T10:08:27,316 [ThreadPoolTaskScheduler3][[]][][][][][][][][] py.com.fielco.corresponsal.administrativo.service.LiquidacionServiceImpl - Agencia  Id =441, Moneda Id = 6900, Sobregiro Anterior = 1419911.00 
DEBUG 2021-12-14T10:08:30,253 [ThreadPoolTaskScheduler3][[]][][][][][][][][] py.com.fielco.corresponsal.administrativo.service.LiquidacionServiceImpl - Agencia  Id =441, Moneda Id = 1, Sobregiro Anterior = 0.00 
 INFO 2021-12-14T10:08:31,189 [ThreadPoolTaskScheduler3][[]][][][][][][][][] py.com.fielco.corresponsal.administrativo.service.LiquidacionServiceImpl - Sin sobregiros Agencia: 441CASA CAROLINA, Moneda: USD
DEBUG 2021-12-14T10:08:32,327 [ThreadPoolTaskScheduler3][[]][][][][][][][][] py.com.fielco.corresponsal.administrativo.service.LiquidacionServiceImpl - Agencia  Id =443, Moneda Id = 6900, Sobregiro Anterior = 0.00 
 INFO 2021-12-14T10:08:33,203 [ThreadPoolTaskScheduler3][[]][][][][][][][][] py.com.fielco.corresponsal.administrativo.service.LiquidacionServiceImpl - Sin sobregiros Agencia: 443PARADOR LA CHOZA, Moneda: PYG
DEBUG 2021-12-14T10:08:34,122 [ThreadPoolTaskScheduler3][[]][][][][][][][][] py.com.fielco.corresponsal.administrativo.service.LiquidacionServiceImpl - Agencia  Id =443, Moneda Id = 1, Sobregiro Anterior = 0.00 
 INFO 2021-12-14T10:08:35,027 [ThreadPoolTaskScheduler3][[]][][][][][][][][] py.com.fielco.corresponsal.administrativo.service.LiquidacionServiceImpl - Sin sobregiros Agencia: 443PARADOR LA CHOZA, Moneda: USD
DEBUG 2021-12-14T10:08:36,187 [ThreadPoolTaskScheduler3][[]][][][][][][][][] py.com.fielco.corresponsal.administrativo.service.LiquidacionServiceImpl - Agencia  Id =444, Moneda Id = 6900, Sobregiro Anterior = 0.00 
 INFO 2021-12-14T10:08:37,109 [ThreadPoolTaskScheduler3][[]][][][][][][][][] py.com.fielco.corresponsal.administrativo.service.LiquidacionServiceImpl - Sin sobregiros Agencia: 444CASA AURORA, Moneda: PYG
DEBUG 2021-12-14T10:08:38,059 [ThreadPoolTaskScheduler3][[]][][][][][][][][] py.com.fielco.corresponsal.administrativo.service.LiquidacionServiceImpl - Agencia  Id =444, Moneda Id = 1, Sobregiro Anterior = 0.00 
 INFO 2021-12-14T10:08:39,153 [ThreadPoolTaskScheduler3][[]][][][][][][][][] py.com.fielco.corresponsal.administrativo.service.LiquidacionServiceImpl - Sin sobregiros Agencia: 444CASA AURORA, Moneda: USD
DEBUG 2021-12-14T10:08:41,383 [ThreadPoolTaskScheduler3][[]][][][][][][][][] py.com.fielco.corresponsal.administrativo.service.LiquidacionServiceImpl - Agencia  Id =457, Moneda Id = 6900, Sobregiro Anterior = 0.00 
 INFO 2021-12-14T10:08:42,367 [ThreadPoolTaskScheduler3][[]][][][][][][][][] py.com.fielco.corresponsal.administrativo.service.LiquidacionServiceImpl - Sin sobregiros Agencia: 457KATHERINE HOTEL, Moneda: PYG
DEBUG 2021-12-14T10:08:43,413 [ThreadPoolTaskScheduler3][[]][][][][][][][][] py.com.fielco.corresponsal.administrativo.service.LiquidacionServiceImpl - Agencia  Id =457, Moneda Id = 1, Sobregiro Anterior = 0.00 
 INFO 2021-12-14T10:08:44,272 [ThreadPoolTaskScheduler3][[]][][][][][][][][] py.com.fielco.corresponsal.administrativo.service.LiquidacionServiceImpl - Sin sobregiros Agencia: 457KATHERINE HOTEL, Moneda: USD
DEBUG 2021-12-14T10:08:45,506 [ThreadPoolTaskScheduler3][[]][][][][][][][][] py.com.fielco.corresponsal.administrativo.service.LiquidacionServiceImpl - Agencia  Id =462, Moneda Id = 6900, Sobregiro Anterior = 0.00 
 INFO 2021-12-14T10:08:46,506 [ThreadPoolTaskScheduler3][[]][][][][][][][][] py.com.fielco.corresponsal.administrativo.service.LiquidacionServiceImpl - Sin sobregiros Agencia: 462COMERCIAL PRINCESS, Moneda: PYG
DEBUG 2021-12-14T10:08:47,464 [ThreadPoolTaskScheduler3][[]][][][][][][][][] py.com.fielco.corresponsal.administrativo.service.LiquidacionServiceImpl - Agencia  Id =462, Moneda Id = 1, Sobregiro Anterior = 0.00 
 INFO 2021-12-14T10:08:49,339 [ThreadPoolTaskScheduler3][[]][][][][][][][][] py.com.fielco.corresponsal.administrativo.service.LiquidacionServiceImpl - Sin sobregiros Agencia: 462COMERCIAL PRINCESS, Moneda: USD
