01-Feb-2022 10:29:19.116 INFORMACIÓN [ContainerBackgroundProcessor[StandardEngine[Catalina]]] org.apache.catalina.core.ApplicationContext.log Destroying Spring FrameworkServlet 'appServlet'
01-Feb-2022 10:29:19.552 INFORMACIÓN [ContainerBackgroundProcessor[StandardEngine[Catalina]]] org.apache.catalina.core.ApplicationContext.log Closing Spring root WebApplicationContext
01-Feb-2022 10:29:19.556 GRAVE [ContainerBackgroundProcessor[StandardEngine[Catalina]]] org.apache.catalina.core.StandardContext.listenerStop Excepción enviando evento de contexto destruído a instancia de escuchador de clase com.roshka.michi.listener.MichiContextLoaderListener
 java.lang.IllegalStateException: java.io.FileNotFoundException: E:\Proyectos - Desa\DA-4525-FIELCORRESPONSAL - Rebranding Fielcorresponsal\michi\seguros-fielcorresponsal\target\seguros-fielcorresponsal##2.11.16-RELEASE\WEB-INF\lib\activation-1.1.jar (El sistema no puede encontrar la ruta especificada)
	at org.apache.catalina.webresources.AbstractSingleArchiveResourceSet.getArchiveEntry(AbstractSingleArchiveResourceSet.java:97)
	at org.apache.catalina.webresources.AbstractArchiveResourceSet.getResource(AbstractArchiveResourceSet.java:260)
	at org.apache.catalina.webresources.StandardRoot.getResourceInternal(StandardRoot.java:280)
	at org.apache.catalina.webresources.Cache.getResource(Cache.java:62)
	at org.apache.catalina.webresources.StandardRoot.getResource(StandardRoot.java:215)
	at org.apache.catalina.webresources.StandardRoot.getClassLoaderResource(StandardRoot.java:224)
	at org.apache.catalina.loader.WebappClassLoaderBase.findClassInternal(WebappClassLoaderBase.java:2158)
	at org.apache.catalina.loader.WebappClassLoaderBase.findClass(WebappClassLoaderBase.java:811)
	at org.apache.catalina.loader.WebappClassLoaderBase.loadClass(WebappClassLoaderBase.java:1254)
	at org.apache.catalina.loader.WebappClassLoaderBase.loadClass(WebappClassLoaderBase.java:1119)
	at org.springframework.web.context.ContextLoaderListener.contextDestroyed(ContextLoaderListener.java:117)
	at org.apache.catalina.core.StandardContext.listenerStop(StandardContext.java:4774)
	at org.apache.catalina.core.StandardContext.stopInternal(StandardContext.java:5411)
	at org.apache.catalina.util.LifecycleBase.stop(LifecycleBase.java:226)
	at org.apache.catalina.core.ContainerBase.removeChild(ContainerBase.java:815)
	at org.apache.catalina.startup.HostConfig.undeploy(HostConfig.java:1400)
	at org.apache.catalina.startup.HostConfig.checkResources(HostConfig.java:1326)
	at org.apache.catalina.startup.HostConfig.check(HostConfig.java:1586)
	at org.apache.catalina.startup.HostConfig.lifecycleEvent(HostConfig.java:280)
	at org.apache.catalina.util.LifecycleBase.fireLifecycleEvent(LifecycleBase.java:94)
	at org.apache.catalina.core.ContainerBase.backgroundProcess(ContainerBase.java:1136)
	at org.apache.catalina.core.ContainerBase$ContainerBackgroundProcessor.processChildren(ContainerBase.java:1372)
	at org.apache.catalina.core.ContainerBase$ContainerBackgroundProcessor.processChildren(ContainerBase.java:1376)
	at org.apache.catalina.core.ContainerBase$ContainerBackgroundProcessor.run(ContainerBase.java:1344)
	at java.lang.Thread.run(Thread.java:748)
Caused by: java.io.FileNotFoundException: E:\Proyectos - Desa\DA-4525-FIELCORRESPONSAL - Rebranding Fielcorresponsal\michi\seguros-fielcorresponsal\target\seguros-fielcorresponsal##2.11.16-RELEASE\WEB-INF\lib\activation-1.1.jar (El sistema no puede encontrar la ruta especificada)
	at java.util.zip.ZipFile.open(Native Method)
	at java.util.zip.ZipFile.<init>(ZipFile.java:225)
	at java.util.zip.ZipFile.<init>(ZipFile.java:155)
	at java.util.jar.JarFile.<init>(JarFile.java:166)
	at java.util.jar.JarFile.<init>(JarFile.java:103)
	at org.apache.catalina.webresources.AbstractArchiveResourceSet.openJarFile(AbstractArchiveResourceSet.java:308)
	at org.apache.catalina.webresources.AbstractSingleArchiveResourceSet.getArchiveEntry(AbstractSingleArchiveResourceSet.java:93)
	... 24 more

01-Feb-2022 10:29:32.806 GRAVE [ContainerBackgroundProcessor[StandardEngine[Catalina]]] org.apache.catalina.core.StandardContext.listenerStart Error configurando escuchador de aplicación de clase com.roshka.michi.listener.MichiContextLoaderListener
 java.lang.ClassNotFoundException: com.roshka.michi.listener.MichiContextLoaderListener
	at org.apache.catalina.loader.WebappClassLoaderBase.loadClass(WebappClassLoaderBase.java:1285)
	at org.apache.catalina.loader.WebappClassLoaderBase.loadClass(WebappClassLoaderBase.java:1119)
	at org.apache.catalina.core.DefaultInstanceManager.loadClass(DefaultInstanceManager.java:520)
	at org.apache.catalina.core.DefaultInstanceManager.loadClassMaybePrivileged(DefaultInstanceManager.java:501)
	at org.apache.catalina.core.DefaultInstanceManager.newInstance(DefaultInstanceManager.java:118)
	at org.apache.catalina.core.StandardContext.listenerStart(StandardContext.java:4649)
	at org.apache.catalina.core.StandardContext.startInternal(StandardContext.java:5189)
	at org.apache.catalina.util.LifecycleBase.start(LifecycleBase.java:150)
	at org.apache.catalina.startup.HostConfig.reload(HostConfig.java:1386)
	at org.apache.catalina.startup.HostConfig.checkResources(HostConfig.java:1350)
	at org.apache.catalina.startup.HostConfig.check(HostConfig.java:1586)
	at org.apache.catalina.startup.HostConfig.lifecycleEvent(HostConfig.java:280)
	at org.apache.catalina.util.LifecycleBase.fireLifecycleEvent(LifecycleBase.java:94)
	at org.apache.catalina.core.ContainerBase.backgroundProcess(ContainerBase.java:1136)
	at org.apache.catalina.core.ContainerBase$ContainerBackgroundProcessor.processChildren(ContainerBase.java:1372)
	at org.apache.catalina.core.ContainerBase$ContainerBackgroundProcessor.processChildren(ContainerBase.java:1376)
	at org.apache.catalina.core.ContainerBase$ContainerBackgroundProcessor.run(ContainerBase.java:1344)
	at java.lang.Thread.run(Thread.java:748)

01-Feb-2022 10:29:32.806 GRAVE [ContainerBackgroundProcessor[StandardEngine[Catalina]]] org.apache.catalina.core.StandardContext.listenerStart Se ha saltado la instalación de escuchadores de aplicación debido a error(es) previo(s)
01-Feb-2022 10:30:03.348 INFORMACIÓN [ContainerBackgroundProcessor[StandardEngine[Catalina]]] org.apache.catalina.core.ApplicationContext.log Destroying Spring FrameworkServlet 'appServlet'
01-Feb-2022 10:30:03.872 INFORMACIÓN [ContainerBackgroundProcessor[StandardEngine[Catalina]]] org.apache.catalina.core.ApplicationContext.log Closing Spring root WebApplicationContext
01-Feb-2022 10:30:03.872 GRAVE [ContainerBackgroundProcessor[StandardEngine[Catalina]]] org.apache.catalina.core.StandardContext.listenerStop Excepción enviando evento de contexto destruído a instancia de escuchador de clase com.roshka.michi.listener.MichiContextLoaderListener
 java.lang.IllegalStateException: java.io.FileNotFoundException: E:\Proyectos - Desa\DA-4525-FIELCORRESPONSAL - Rebranding Fielcorresponsal\michi\desembolsos-fielcorresponsal\target\desembolsos-fielcorresponsal##2.11.16-RELEASE\WEB-INF\lib\activation-1.1.jar (El sistema no puede encontrar la ruta especificada)
	at org.apache.catalina.webresources.AbstractSingleArchiveResourceSet.getArchiveEntry(AbstractSingleArchiveResourceSet.java:97)
	at org.apache.catalina.webresources.AbstractArchiveResourceSet.getResource(AbstractArchiveResourceSet.java:260)
	at org.apache.catalina.webresources.StandardRoot.getResourceInternal(StandardRoot.java:280)
	at org.apache.catalina.webresources.Cache.getResource(Cache.java:62)
	at org.apache.catalina.webresources.StandardRoot.getResource(StandardRoot.java:215)
	at org.apache.catalina.webresources.StandardRoot.getClassLoaderResource(StandardRoot.java:224)
	at org.apache.catalina.loader.WebappClassLoaderBase.findClassInternal(WebappClassLoaderBase.java:2158)
	at org.apache.catalina.loader.WebappClassLoaderBase.findClass(WebappClassLoaderBase.java:811)
	at org.apache.catalina.loader.WebappClassLoaderBase.loadClass(WebappClassLoaderBase.java:1254)
	at org.apache.catalina.loader.WebappClassLoaderBase.loadClass(WebappClassLoaderBase.java:1119)
	at org.springframework.web.context.ContextLoaderListener.contextDestroyed(ContextLoaderListener.java:117)
	at org.apache.catalina.core.StandardContext.listenerStop(StandardContext.java:4774)
	at org.apache.catalina.core.StandardContext.stopInternal(StandardContext.java:5411)
	at org.apache.catalina.util.LifecycleBase.stop(LifecycleBase.java:226)
	at org.apache.catalina.core.ContainerBase.removeChild(ContainerBase.java:815)
	at org.apache.catalina.startup.HostConfig.undeploy(HostConfig.java:1400)
	at org.apache.catalina.startup.HostConfig.checkResources(HostConfig.java:1326)
	at org.apache.catalina.startup.HostConfig.check(HostConfig.java:1586)
	at org.apache.catalina.startup.HostConfig.lifecycleEvent(HostConfig.java:280)
	at org.apache.catalina.util.LifecycleBase.fireLifecycleEvent(LifecycleBase.java:94)
	at org.apache.catalina.core.ContainerBase.backgroundProcess(ContainerBase.java:1136)
	at org.apache.catalina.core.ContainerBase$ContainerBackgroundProcessor.processChildren(ContainerBase.java:1372)
	at org.apache.catalina.core.ContainerBase$ContainerBackgroundProcessor.processChildren(ContainerBase.java:1376)
	at org.apache.catalina.core.ContainerBase$ContainerBackgroundProcessor.run(ContainerBase.java:1344)
	at java.lang.Thread.run(Thread.java:748)
Caused by: java.io.FileNotFoundException: E:\Proyectos - Desa\DA-4525-FIELCORRESPONSAL - Rebranding Fielcorresponsal\michi\desembolsos-fielcorresponsal\target\desembolsos-fielcorresponsal##2.11.16-RELEASE\WEB-INF\lib\activation-1.1.jar (El sistema no puede encontrar la ruta especificada)
	at java.util.zip.ZipFile.open(Native Method)
	at java.util.zip.ZipFile.<init>(ZipFile.java:225)
	at java.util.zip.ZipFile.<init>(ZipFile.java:155)
	at java.util.jar.JarFile.<init>(JarFile.java:166)
	at java.util.jar.JarFile.<init>(JarFile.java:103)
	at org.apache.catalina.webresources.AbstractArchiveResourceSet.openJarFile(AbstractArchiveResourceSet.java:308)
	at org.apache.catalina.webresources.AbstractSingleArchiveResourceSet.getArchiveEntry(AbstractSingleArchiveResourceSet.java:93)
	... 24 more

01-Feb-2022 10:30:18.297 INFORMACIÓN [ContainerBackgroundProcessor[StandardEngine[Catalina]]] org.apache.catalina.core.ApplicationContext.log No Spring WebApplicationInitializer types detected on classpath
01-Feb-2022 10:30:18.847 INFORMACIÓN [ContainerBackgroundProcessor[StandardEngine[Catalina]]] org.apache.catalina.core.ApplicationContext.log Initializing Spring root WebApplicationContext
01-Feb-2022 10:30:19.237 INFORMACIÓN [ContainerBackgroundProcessor[StandardEngine[Catalina]]] org.apache.catalina.core.ApplicationContext.log Initializing Spring FrameworkServlet 'appServlet'
01-Feb-2022 10:30:49.744 INFORMACIÓN [ContainerBackgroundProcessor[StandardEngine[Catalina]]] org.apache.catalina.core.ApplicationContext.log Closing Spring root WebApplicationContext
01-Feb-2022 10:30:49.744 GRAVE [ContainerBackgroundProcessor[StandardEngine[Catalina]]] org.apache.catalina.core.StandardContext.listenerStop Excepción enviando evento de contexto destruído a instancia de escuchador de clase com.roshka.michi.listener.MichiContextLoaderListener
 java.lang.IllegalStateException: java.io.FileNotFoundException: E:\Proyectos - Desa\DA-4525-FIELCORRESPONSAL - Rebranding Fielcorresponsal\michi\depositos-fielcorresponsal\target\depositos-fielcorresponsal##2.11.16-RELEASE\WEB-INF\lib\activation-1.1.jar (El sistema no puede encontrar la ruta especificada)
	at org.apache.catalina.webresources.AbstractSingleArchiveResourceSet.getArchiveEntry(AbstractSingleArchiveResourceSet.java:97)
	at org.apache.catalina.webresources.AbstractArchiveResourceSet.getResource(AbstractArchiveResourceSet.java:260)
	at org.apache.catalina.webresources.StandardRoot.getResourceInternal(StandardRoot.java:280)
	at org.apache.catalina.webresources.Cache.getResource(Cache.java:62)
	at org.apache.catalina.webresources.StandardRoot.getResource(StandardRoot.java:215)
	at org.apache.catalina.webresources.StandardRoot.getClassLoaderResource(StandardRoot.java:224)
	at org.apache.catalina.loader.WebappClassLoaderBase.findClassInternal(WebappClassLoaderBase.java:2158)
	at org.apache.catalina.loader.WebappClassLoaderBase.findClass(WebappClassLoaderBase.java:811)
	at org.apache.catalina.loader.WebappClassLoaderBase.loadClass(WebappClassLoaderBase.java:1254)
	at org.apache.catalina.loader.WebappClassLoaderBase.loadClass(WebappClassLoaderBase.java:1119)
	at org.springframework.web.context.ContextLoaderListener.contextDestroyed(ContextLoaderListener.java:117)
	at org.apache.catalina.core.StandardContext.listenerStop(StandardContext.java:4774)
	at org.apache.catalina.core.StandardContext.stopInternal(StandardContext.java:5411)
	at org.apache.catalina.util.LifecycleBase.stop(LifecycleBase.java:226)
	at org.apache.catalina.core.ContainerBase.removeChild(ContainerBase.java:815)
	at org.apache.catalina.startup.HostConfig.undeploy(HostConfig.java:1400)
	at org.apache.catalina.startup.HostConfig.checkResources(HostConfig.java:1326)
	at org.apache.catalina.startup.HostConfig.check(HostConfig.java:1586)
	at org.apache.catalina.startup.HostConfig.lifecycleEvent(HostConfig.java:280)
	at org.apache.catalina.util.LifecycleBase.fireLifecycleEvent(LifecycleBase.java:94)
	at org.apache.catalina.core.ContainerBase.backgroundProcess(ContainerBase.java:1136)
	at org.apache.catalina.core.ContainerBase$ContainerBackgroundProcessor.processChildren(ContainerBase.java:1372)
	at org.apache.catalina.core.ContainerBase$ContainerBackgroundProcessor.processChildren(ContainerBase.java:1376)
	at org.apache.catalina.core.ContainerBase$ContainerBackgroundProcessor.run(ContainerBase.java:1344)
	at java.lang.Thread.run(Thread.java:748)
Caused by: java.io.FileNotFoundException: E:\Proyectos - Desa\DA-4525-FIELCORRESPONSAL - Rebranding Fielcorresponsal\michi\depositos-fielcorresponsal\target\depositos-fielcorresponsal##2.11.16-RELEASE\WEB-INF\lib\activation-1.1.jar (El sistema no puede encontrar la ruta especificada)
	at java.util.zip.ZipFile.open(Native Method)
	at java.util.zip.ZipFile.<init>(ZipFile.java:225)
	at java.util.zip.ZipFile.<init>(ZipFile.java:155)
	at java.util.jar.JarFile.<init>(JarFile.java:166)
	at java.util.jar.JarFile.<init>(JarFile.java:103)
	at org.apache.catalina.webresources.AbstractArchiveResourceSet.openJarFile(AbstractArchiveResourceSet.java:308)
	at org.apache.catalina.webresources.AbstractSingleArchiveResourceSet.getArchiveEntry(AbstractSingleArchiveResourceSet.java:93)
	... 24 more

