16-Dec-2021 10:27:03.529 INFORMACIÓN [localhost-startStop-1] org.apache.catalina.core.ApplicationContext.log No Spring WebApplicationInitializer types detected on classpath
16-Dec-2021 10:27:05.610 INFORMACIÓN [localhost-startStop-1] org.apache.catalina.core.ApplicationContext.log Initializing Spring root WebApplicationContext
16-Dec-2021 10:27:06.702 INFORMACIÓN [localhost-startStop-1] org.apache.catalina.core.ApplicationContext.log Initializing Spring FrameworkServlet 'appServlet'
16-Dec-2021 10:27:27.124 INFORMACIÓN [localhost-startStop-1] org.apache.catalina.core.ApplicationContext.log No Spring WebApplicationInitializer types detected on classpath
16-Dec-2021 10:27:27.848 INFORMACIÓN [localhost-startStop-1] org.apache.catalina.core.ApplicationContext.log Initializing Spring root WebApplicationContext
16-Dec-2021 10:27:28.625 INFORMACIÓN [localhost-startStop-1] org.apache.catalina.core.ApplicationContext.log Initializing Spring FrameworkServlet 'appServlet'
16-Dec-2021 10:27:45.568 INFORMACIÓN [localhost-startStop-1] org.apache.catalina.core.ApplicationContext.log No Spring WebApplicationInitializer types detected on classpath
16-Dec-2021 10:27:46.344 INFORMACIÓN [localhost-startStop-1] org.apache.catalina.core.ApplicationContext.log Initializing Spring root WebApplicationContext
16-Dec-2021 10:27:46.964 INFORMACIÓN [localhost-startStop-1] org.apache.catalina.core.ApplicationContext.log Initializing Spring FrameworkServlet 'appServlet'
16-Dec-2021 10:28:13.715 INFORMACIÓN [localhost-startStop-1] org.apache.catalina.core.ApplicationContext.log No Spring WebApplicationInitializer types detected on classpath
16-Dec-2021 10:28:14.431 INFORMACIÓN [localhost-startStop-1] org.apache.catalina.core.ApplicationContext.log Initializing Spring root WebApplicationContext
16-Dec-2021 10:28:15.216 INFORMACIÓN [localhost-startStop-1] org.apache.catalina.core.ApplicationContext.log Initializing Spring FrameworkServlet 'appServlet'
16-Dec-2021 10:28:25.850 INFORMACIÓN [http-nio-8080-exec-32] org.apache.catalina.core.ApplicationContext.log Destroying Spring FrameworkServlet 'appServlet'
16-Dec-2021 10:28:25.860 INFORMACIÓN [http-nio-8080-exec-32] org.apache.catalina.core.ApplicationContext.log Closing Spring root WebApplicationContext
16-Dec-2021 10:28:34.321 INFORMACIÓN [http-nio-8080-exec-28] org.apache.catalina.core.ApplicationContext.log No Spring WebApplicationInitializer types detected on classpath
16-Dec-2021 10:28:35.325 INFORMACIÓN [http-nio-8080-exec-28] org.apache.catalina.core.ApplicationContext.log Initializing Spring root WebApplicationContext
16-Dec-2021 10:28:35.901 INFORMACIÓN [http-nio-8080-exec-28] org.apache.catalina.core.ApplicationContext.log Initializing Spring FrameworkServlet 'appServlet'
16-Dec-2021 11:22:05.912 INFORMACIÓN [localhost-startStop-2] org.apache.catalina.core.ApplicationContext.log Destroying Spring FrameworkServlet 'appServlet'
16-Dec-2021 11:22:06.208 INFORMACIÓN [localhost-startStop-2] org.apache.catalina.core.ApplicationContext.log Closing Spring root WebApplicationContext
16-Dec-2021 11:22:06.851 INFORMACIÓN [localhost-startStop-2] org.apache.catalina.core.ApplicationContext.log Destroying Spring FrameworkServlet 'appServlet'
16-Dec-2021 11:22:06.897 INFORMACIÓN [localhost-startStop-2] org.apache.catalina.core.ApplicationContext.log Closing Spring root WebApplicationContext
16-Dec-2021 11:22:07.271 INFORMACIÓN [localhost-startStop-2] org.apache.catalina.core.ApplicationContext.log Destroying Spring FrameworkServlet 'appServlet'
16-Dec-2021 11:22:07.555 INFORMACIÓN [localhost-startStop-2] org.apache.catalina.core.ApplicationContext.log Closing Spring root WebApplicationContext
16-Dec-2021 11:22:07.847 INFORMACIÓN [localhost-startStop-2] org.apache.catalina.core.ApplicationContext.log Destroying Spring FrameworkServlet 'appServlet'
16-Dec-2021 11:22:08.062 INFORMACIÓN [localhost-startStop-2] org.apache.catalina.core.ApplicationContext.log Closing Spring root WebApplicationContext
