06-Dec-2021 08:51:57.763 INFORMACIÓN [http-nio-8080-exec-9] org.apache.catalina.core.ApplicationContext.log Destroying Spring FrameworkServlet 'appServlet'
06-Dec-2021 08:51:57.795 INFORMACIÓN [http-nio-8080-exec-9] org.apache.catalina.core.ApplicationContext.log Closing Spring root WebApplicationContext
06-Dec-2021 09:34:53.585 INFORMACIÓN [http-nio-8080-exec-17] org.apache.catalina.core.ApplicationContext.log No Spring WebApplicationInitializer types detected on classpath
06-Dec-2021 09:34:54.345 INFORMACIÓN [http-nio-8080-exec-17] org.apache.catalina.core.ApplicationContext.log Initializing Spring root WebApplicationContext
06-Dec-2021 09:34:54.725 INFORMACIÓN [http-nio-8080-exec-17] org.apache.catalina.core.ApplicationContext.log Initializing Spring FrameworkServlet 'appServlet'
06-Dec-2021 09:37:29.004 INFORMACIÓN [http-nio-8080-exec-15] org.apache.catalina.core.ApplicationContext.log Destroying Spring FrameworkServlet 'appServlet'
06-Dec-2021 09:37:29.104 INFORMACIÓN [http-nio-8080-exec-15] org.apache.catalina.core.ApplicationContext.log Closing Spring root WebApplicationContext
06-Dec-2021 09:38:14.133 INFORMACIÓN [http-nio-8080-exec-21] org.apache.catalina.core.ApplicationContext.log No Spring WebApplicationInitializer types detected on classpath
06-Dec-2021 09:38:14.813 INFORMACIÓN [http-nio-8080-exec-21] org.apache.catalina.core.ApplicationContext.log Initializing Spring root WebApplicationContext
06-Dec-2021 09:38:15.288 INFORMACIÓN [http-nio-8080-exec-21] org.apache.catalina.core.ApplicationContext.log Initializing Spring FrameworkServlet 'appServlet'
06-Dec-2021 09:41:09.442 INFORMACIÓN [http-nio-8080-exec-28] org.apache.catalina.core.ApplicationContext.log No Spring WebApplicationInitializer types detected on classpath
06-Dec-2021 09:41:09.992 INFORMACIÓN [http-nio-8080-exec-28] org.apache.catalina.core.ApplicationContext.log Initializing Spring root WebApplicationContext
06-Dec-2021 09:41:10.421 INFORMACIÓN [http-nio-8080-exec-28] org.apache.catalina.core.ApplicationContext.log Initializing Spring FrameworkServlet 'appServlet'
06-Dec-2021 09:41:41.721 INFORMACIÓN [http-nio-8080-exec-25] org.apache.catalina.core.ApplicationContext.log No Spring WebApplicationInitializer types detected on classpath
06-Dec-2021 09:41:42.461 INFORMACIÓN [http-nio-8080-exec-25] org.apache.catalina.core.ApplicationContext.log Initializing Spring root WebApplicationContext
06-Dec-2021 09:41:43.152 INFORMACIÓN [http-nio-8080-exec-25] org.apache.catalina.core.ApplicationContext.log Initializing Spring FrameworkServlet 'appServlet'
06-Dec-2021 09:45:48.540 INFORMACIÓN [http-nio-8080-exec-22] org.apache.catalina.core.ApplicationContext.log Destroying Spring FrameworkServlet 'appServlet'
06-Dec-2021 09:45:48.560 INFORMACIÓN [http-nio-8080-exec-22] org.apache.catalina.core.ApplicationContext.log Closing Spring root WebApplicationContext
06-Dec-2021 09:52:48.425 INFORMACIÓN [http-nio-8080-exec-33] org.apache.catalina.core.ApplicationContext.log No Spring WebApplicationInitializer types detected on classpath
06-Dec-2021 09:52:48.894 INFORMACIÓN [http-nio-8080-exec-33] org.apache.catalina.core.ApplicationContext.log Initializing Spring root WebApplicationContext
06-Dec-2021 09:52:49.237 INFORMACIÓN [http-nio-8080-exec-33] org.apache.catalina.core.ApplicationContext.log Initializing Spring FrameworkServlet 'appServlet'
06-Dec-2021 09:53:21.884 INFORMACIÓN [http-nio-8080-exec-39] org.apache.catalina.core.ApplicationContext.log Destroying Spring FrameworkServlet 'appServlet'
06-Dec-2021 09:53:21.897 INFORMACIÓN [http-nio-8080-exec-39] org.apache.catalina.core.ApplicationContext.log Closing Spring root WebApplicationContext
06-Dec-2021 09:53:27.716 INFORMACIÓN [http-nio-8080-exec-32] org.apache.catalina.core.ApplicationContext.log No Spring WebApplicationInitializer types detected on classpath
06-Dec-2021 09:53:28.247 INFORMACIÓN [http-nio-8080-exec-32] org.apache.catalina.core.ApplicationContext.log Initializing Spring root WebApplicationContext
06-Dec-2021 09:53:28.595 INFORMACIÓN [http-nio-8080-exec-32] org.apache.catalina.core.ApplicationContext.log Initializing Spring FrameworkServlet 'appServlet'
06-Dec-2021 09:57:57.525 INFORMACIÓN [http-nio-8080-exec-43] org.apache.catalina.core.ApplicationContext.log Destroying Spring FrameworkServlet 'appServlet'
06-Dec-2021 09:57:57.533 INFORMACIÓN [http-nio-8080-exec-43] org.apache.catalina.core.ApplicationContext.log Closing Spring root WebApplicationContext
06-Dec-2021 09:58:04.876 INFORMACIÓN [http-nio-8080-exec-44] org.apache.catalina.core.ApplicationContext.log No Spring WebApplicationInitializer types detected on classpath
06-Dec-2021 09:58:05.426 INFORMACIÓN [http-nio-8080-exec-44] org.apache.catalina.core.ApplicationContext.log Initializing Spring root WebApplicationContext
06-Dec-2021 09:58:05.781 INFORMACIÓN [http-nio-8080-exec-44] org.apache.catalina.core.ApplicationContext.log Initializing Spring FrameworkServlet 'appServlet'
06-Dec-2021 09:58:17.311 INFORMACIÓN [localhost-startStop-2] org.apache.catalina.core.ApplicationContext.log Destroying Spring FrameworkServlet 'appServlet'
06-Dec-2021 09:58:17.319 INFORMACIÓN [localhost-startStop-2] org.apache.catalina.core.ApplicationContext.log Closing Spring root WebApplicationContext
06-Dec-2021 09:58:17.415 INFORMACIÓN [localhost-startStop-2] org.apache.catalina.core.ApplicationContext.log Destroying Spring FrameworkServlet 'appServlet'
06-Dec-2021 09:58:17.522 INFORMACIÓN [localhost-startStop-2] org.apache.catalina.core.ApplicationContext.log Closing Spring root WebApplicationContext
06-Dec-2021 09:58:18.291 INFORMACIÓN [localhost-startStop-2] org.apache.catalina.core.ApplicationContext.log Destroying Spring FrameworkServlet 'appServlet'
06-Dec-2021 09:58:18.593 INFORMACIÓN [localhost-startStop-2] org.apache.catalina.core.ApplicationContext.log Closing Spring root WebApplicationContext
06-Dec-2021 09:58:18.709 INFORMACIÓN [localhost-startStop-2] org.apache.catalina.core.ApplicationContext.log Destroying Spring FrameworkServlet 'appServlet'
06-Dec-2021 09:58:18.918 INFORMACIÓN [localhost-startStop-2] org.apache.catalina.core.ApplicationContext.log Closing Spring root WebApplicationContext
06-Dec-2021 09:58:19.108 INFORMACIÓN [localhost-startStop-2] org.apache.catalina.core.ApplicationContext.log Destroying Spring FrameworkServlet 'appServlet'
06-Dec-2021 09:58:19.163 INFORMACIÓN [localhost-startStop-2] org.apache.catalina.core.ApplicationContext.log Closing Spring root WebApplicationContext
06-Dec-2021 09:58:19.249 INFORMACIÓN [localhost-startStop-2] org.apache.catalina.core.ApplicationContext.log Destroying Spring FrameworkServlet 'appServlet'
06-Dec-2021 09:58:19.316 INFORMACIÓN [localhost-startStop-2] org.apache.catalina.core.ApplicationContext.log Closing Spring root WebApplicationContext
06-Dec-2021 09:58:19.484 INFORMACIÓN [localhost-startStop-2] org.apache.catalina.core.ApplicationContext.log Destroying Spring FrameworkServlet 'appServlet'
06-Dec-2021 09:58:19.586 INFORMACIÓN [localhost-startStop-2] org.apache.catalina.core.ApplicationContext.log Closing Spring root WebApplicationContext
06-Dec-2021 09:58:19.761 INFORMACIÓN [localhost-startStop-2] org.apache.catalina.core.ApplicationContext.log Destroying Spring FrameworkServlet 'appServlet'
06-Dec-2021 09:58:19.841 INFORMACIÓN [localhost-startStop-2] org.apache.catalina.core.ApplicationContext.log Closing Spring root WebApplicationContext
06-Dec-2021 10:35:46.790 INFORMACIÓN [localhost-startStop-1] org.apache.catalina.core.ApplicationContext.log No Spring WebApplicationInitializer types detected on classpath
06-Dec-2021 10:35:47.464 INFORMACIÓN [localhost-startStop-1] org.apache.catalina.core.ApplicationContext.log Initializing Spring root WebApplicationContext
06-Dec-2021 10:35:47.849 INFORMACIÓN [localhost-startStop-1] org.apache.catalina.core.ApplicationContext.log Initializing Spring FrameworkServlet 'appServlet'
06-Dec-2021 10:35:53.670 INFORMACIÓN [http-nio-8080-exec-4] org.apache.catalina.core.ApplicationContext.log Destroying Spring FrameworkServlet 'appServlet'
06-Dec-2021 10:35:53.681 INFORMACIÓN [http-nio-8080-exec-4] org.apache.catalina.core.ApplicationContext.log Closing Spring root WebApplicationContext
06-Dec-2021 10:36:04.756 INFORMACIÓN [http-nio-8080-exec-10] org.apache.catalina.core.ApplicationContext.log No Spring WebApplicationInitializer types detected on classpath
06-Dec-2021 10:36:05.360 INFORMACIÓN [http-nio-8080-exec-10] org.apache.catalina.core.ApplicationContext.log Initializing Spring root WebApplicationContext
06-Dec-2021 10:36:06.083 INFORMACIÓN [http-nio-8080-exec-10] org.apache.catalina.core.ApplicationContext.log Initializing Spring FrameworkServlet 'appServlet'
06-Dec-2021 10:37:13.522 INFORMACIÓN [http-nio-8080-exec-20] org.apache.catalina.core.ApplicationContext.log Destroying Spring FrameworkServlet 'appServlet'
06-Dec-2021 10:37:13.590 INFORMACIÓN [http-nio-8080-exec-20] org.apache.catalina.core.ApplicationContext.log Closing Spring root WebApplicationContext
06-Dec-2021 10:37:38.444 INFORMACIÓN [http-nio-8080-exec-14] org.apache.catalina.core.ApplicationContext.log No Spring WebApplicationInitializer types detected on classpath
06-Dec-2021 10:37:39.127 INFORMACIÓN [http-nio-8080-exec-14] org.apache.catalina.core.ApplicationContext.log Initializing Spring root WebApplicationContext
06-Dec-2021 10:37:39.793 INFORMACIÓN [http-nio-8080-exec-14] org.apache.catalina.core.ApplicationContext.log Initializing Spring FrameworkServlet 'appServlet'
06-Dec-2021 10:38:05.482 INFORMACIÓN [http-nio-8080-exec-30] org.apache.catalina.core.ApplicationContext.log Destroying Spring FrameworkServlet 'appServlet'
06-Dec-2021 10:38:05.767 INFORMACIÓN [http-nio-8080-exec-30] org.apache.catalina.core.ApplicationContext.log Closing Spring root WebApplicationContext
06-Dec-2021 10:38:11.228 INFORMACIÓN [http-nio-8080-exec-26] org.apache.catalina.core.ApplicationContext.log No Spring WebApplicationInitializer types detected on classpath
06-Dec-2021 10:38:11.962 INFORMACIÓN [http-nio-8080-exec-26] org.apache.catalina.core.ApplicationContext.log Initializing Spring root WebApplicationContext
06-Dec-2021 10:38:12.422 INFORMACIÓN [http-nio-8080-exec-26] org.apache.catalina.core.ApplicationContext.log Initializing Spring FrameworkServlet 'appServlet'
06-Dec-2021 10:39:13.948 INFORMACIÓN [http-nio-8080-exec-39] org.apache.catalina.core.ApplicationContext.log Destroying Spring FrameworkServlet 'appServlet'
06-Dec-2021 10:39:14.149 INFORMACIÓN [http-nio-8080-exec-39] org.apache.catalina.core.ApplicationContext.log Closing Spring root WebApplicationContext
06-Dec-2021 10:39:26.435 INFORMACIÓN [http-nio-8080-exec-35] org.apache.catalina.core.ApplicationContext.log No Spring WebApplicationInitializer types detected on classpath
06-Dec-2021 10:39:27.340 INFORMACIÓN [http-nio-8080-exec-35] org.apache.catalina.core.ApplicationContext.log Initializing Spring root WebApplicationContext
06-Dec-2021 10:39:27.957 INFORMACIÓN [http-nio-8080-exec-35] org.apache.catalina.core.ApplicationContext.log Initializing Spring FrameworkServlet 'appServlet'
06-Dec-2021 10:40:46.709 INFORMACIÓN [http-nio-8080-exec-52] org.apache.catalina.core.ApplicationContext.log Destroying Spring FrameworkServlet 'appServlet'
06-Dec-2021 10:40:46.721 INFORMACIÓN [http-nio-8080-exec-52] org.apache.catalina.core.ApplicationContext.log Closing Spring root WebApplicationContext
06-Dec-2021 10:40:50.843 INFORMACIÓN [http-nio-8080-exec-44] org.apache.catalina.core.ApplicationContext.log No Spring WebApplicationInitializer types detected on classpath
06-Dec-2021 10:40:51.916 INFORMACIÓN [http-nio-8080-exec-44] org.apache.catalina.core.ApplicationContext.log Initializing Spring root WebApplicationContext
06-Dec-2021 10:40:52.356 INFORMACIÓN [http-nio-8080-exec-44] org.apache.catalina.core.ApplicationContext.log Initializing Spring FrameworkServlet 'appServlet'
06-Dec-2021 10:42:23.278 INFORMACIÓN [ContainerBackgroundProcessor[StandardEngine[Catalina]]] org.apache.catalina.core.ApplicationContext.log Destroying Spring FrameworkServlet 'appServlet'
06-Dec-2021 10:42:23.337 INFORMACIÓN [ContainerBackgroundProcessor[StandardEngine[Catalina]]] org.apache.catalina.core.ApplicationContext.log Closing Spring root WebApplicationContext
06-Dec-2021 10:42:23.343 GRAVE [ContainerBackgroundProcessor[StandardEngine[Catalina]]] org.apache.catalina.core.StandardContext.listenerStop Excepción enviando evento de contexto destruído a instancia de escuchador de clase com.roshka.michi.listener.MichiContextLoaderListener
 java.lang.IllegalStateException: java.io.FileNotFoundException: C:\Users\User\Documents\Proyectos\michi\auth-fielcorresponsal\target\auth-fielcorresponsal##2.11.14-RELEASE\WEB-INF\lib\activation-1.1.jar (El sistema no puede encontrar la ruta especificada)
	at org.apache.catalina.webresources.AbstractSingleArchiveResourceSet.getArchiveEntry(AbstractSingleArchiveResourceSet.java:97)
	at org.apache.catalina.webresources.AbstractArchiveResourceSet.getResource(AbstractArchiveResourceSet.java:260)
	at org.apache.catalina.webresources.StandardRoot.getResourceInternal(StandardRoot.java:280)
	at org.apache.catalina.webresources.Cache.getResource(Cache.java:62)
	at org.apache.catalina.webresources.StandardRoot.getResource(StandardRoot.java:215)
	at org.apache.catalina.webresources.StandardRoot.getClassLoaderResource(StandardRoot.java:224)
	at org.apache.catalina.loader.WebappClassLoaderBase.findClassInternal(WebappClassLoaderBase.java:2158)
	at org.apache.catalina.loader.WebappClassLoaderBase.findClass(WebappClassLoaderBase.java:811)
	at org.apache.catalina.loader.WebappClassLoaderBase.loadClass(WebappClassLoaderBase.java:1254)
	at org.apache.catalina.loader.WebappClassLoaderBase.loadClass(WebappClassLoaderBase.java:1119)
	at org.springframework.web.context.ContextLoaderListener.contextDestroyed(ContextLoaderListener.java:117)
	at org.apache.catalina.core.StandardContext.listenerStop(StandardContext.java:4774)
	at org.apache.catalina.core.StandardContext.stopInternal(StandardContext.java:5411)
	at org.apache.catalina.util.LifecycleBase.stop(LifecycleBase.java:226)
	at org.apache.catalina.core.ContainerBase.removeChild(ContainerBase.java:815)
	at org.apache.catalina.startup.HostConfig.undeploy(HostConfig.java:1400)
	at org.apache.catalina.startup.HostConfig.checkResources(HostConfig.java:1326)
	at org.apache.catalina.startup.HostConfig.check(HostConfig.java:1586)
	at org.apache.catalina.startup.HostConfig.lifecycleEvent(HostConfig.java:280)
	at org.apache.catalina.util.LifecycleBase.fireLifecycleEvent(LifecycleBase.java:94)
	at org.apache.catalina.core.ContainerBase.backgroundProcess(ContainerBase.java:1136)
	at org.apache.catalina.core.ContainerBase$ContainerBackgroundProcessor.processChildren(ContainerBase.java:1372)
	at org.apache.catalina.core.ContainerBase$ContainerBackgroundProcessor.processChildren(ContainerBase.java:1376)
	at org.apache.catalina.core.ContainerBase$ContainerBackgroundProcessor.run(ContainerBase.java:1344)
	at java.lang.Thread.run(Thread.java:748)
Caused by: java.io.FileNotFoundException: C:\Users\User\Documents\Proyectos\michi\auth-fielcorresponsal\target\auth-fielcorresponsal##2.11.14-RELEASE\WEB-INF\lib\activation-1.1.jar (El sistema no puede encontrar la ruta especificada)
	at java.util.zip.ZipFile.open(Native Method)
	at java.util.zip.ZipFile.<init>(ZipFile.java:225)
	at java.util.zip.ZipFile.<init>(ZipFile.java:155)
	at java.util.jar.JarFile.<init>(JarFile.java:166)
	at java.util.jar.JarFile.<init>(JarFile.java:103)
	at org.apache.catalina.webresources.AbstractArchiveResourceSet.openJarFile(AbstractArchiveResourceSet.java:308)
	at org.apache.catalina.webresources.AbstractSingleArchiveResourceSet.getArchiveEntry(AbstractSingleArchiveResourceSet.java:93)
	... 24 more

06-Dec-2021 10:42:36.408 INFORMACIÓN [ContainerBackgroundProcessor[StandardEngine[Catalina]]] org.apache.catalina.core.ApplicationContext.log No Spring WebApplicationInitializer types detected on classpath
06-Dec-2021 10:42:37.211 INFORMACIÓN [ContainerBackgroundProcessor[StandardEngine[Catalina]]] org.apache.catalina.core.ApplicationContext.log Initializing Spring root WebApplicationContext
06-Dec-2021 10:42:37.570 INFORMACIÓN [ContainerBackgroundProcessor[StandardEngine[Catalina]]] org.apache.catalina.core.ApplicationContext.log Initializing Spring FrameworkServlet 'appServlet'
06-Dec-2021 10:43:48.785 INFORMACIÓN [localhost-startStop-3] org.apache.catalina.core.ApplicationContext.log Destroying Spring FrameworkServlet 'appServlet'
06-Dec-2021 10:43:48.835 INFORMACIÓN [localhost-startStop-3] org.apache.catalina.core.ApplicationContext.log Closing Spring root WebApplicationContext
06-Dec-2021 10:50:24.890 INFORMACIÓN [localhost-startStop-1] org.apache.catalina.core.ApplicationContext.log No Spring WebApplicationInitializer types detected on classpath
06-Dec-2021 10:50:25.612 INFORMACIÓN [localhost-startStop-1] org.apache.catalina.core.ApplicationContext.log Initializing Spring root WebApplicationContext
06-Dec-2021 10:50:26.013 INFORMACIÓN [localhost-startStop-1] org.apache.catalina.core.ApplicationContext.log Initializing Spring FrameworkServlet 'appServlet'
06-Dec-2021 10:50:59.273 INFORMACIÓN [http-nio-8080-exec-9] org.apache.catalina.core.ApplicationContext.log Destroying Spring FrameworkServlet 'appServlet'
06-Dec-2021 10:50:59.509 INFORMACIÓN [http-nio-8080-exec-9] org.apache.catalina.core.ApplicationContext.log Closing Spring root WebApplicationContext
06-Dec-2021 10:51:11.804 INFORMACIÓN [http-nio-8080-exec-10] org.apache.catalina.core.ApplicationContext.log No Spring WebApplicationInitializer types detected on classpath
06-Dec-2021 10:51:12.708 INFORMACIÓN [http-nio-8080-exec-10] org.apache.catalina.core.ApplicationContext.log Initializing Spring root WebApplicationContext
06-Dec-2021 10:51:13.492 INFORMACIÓN [http-nio-8080-exec-10] org.apache.catalina.core.ApplicationContext.log Initializing Spring FrameworkServlet 'appServlet'
06-Dec-2021 10:51:53.134 INFORMACIÓN [http-nio-8080-exec-11] org.apache.catalina.core.ApplicationContext.log Destroying Spring FrameworkServlet 'appServlet'
06-Dec-2021 10:51:53.198 INFORMACIÓN [http-nio-8080-exec-11] org.apache.catalina.core.ApplicationContext.log Closing Spring root WebApplicationContext
06-Dec-2021 10:52:00.563 INFORMACIÓN [http-nio-8080-exec-13] org.apache.catalina.core.ApplicationContext.log No Spring WebApplicationInitializer types detected on classpath
06-Dec-2021 10:52:01.162 INFORMACIÓN [http-nio-8080-exec-13] org.apache.catalina.core.ApplicationContext.log Initializing Spring root WebApplicationContext
06-Dec-2021 10:52:01.494 INFORMACIÓN [http-nio-8080-exec-13] org.apache.catalina.core.ApplicationContext.log Initializing Spring FrameworkServlet 'appServlet'
06-Dec-2021 10:53:35.379 INFORMACIÓN [http-nio-8080-exec-18] org.apache.catalina.core.ApplicationContext.log Destroying Spring FrameworkServlet 'appServlet'
06-Dec-2021 10:53:35.394 INFORMACIÓN [http-nio-8080-exec-18] org.apache.catalina.core.ApplicationContext.log Closing Spring root WebApplicationContext
06-Dec-2021 10:53:39.245 INFORMACIÓN [http-nio-8080-exec-16] org.apache.catalina.core.ApplicationContext.log No Spring WebApplicationInitializer types detected on classpath
06-Dec-2021 10:53:39.777 INFORMACIÓN [http-nio-8080-exec-16] org.apache.catalina.core.ApplicationContext.log Initializing Spring root WebApplicationContext
06-Dec-2021 10:53:40.253 INFORMACIÓN [http-nio-8080-exec-16] org.apache.catalina.core.ApplicationContext.log Initializing Spring FrameworkServlet 'appServlet'
06-Dec-2021 10:54:09.476 INFORMACIÓN [http-nio-8080-exec-24] org.apache.catalina.core.ApplicationContext.log Destroying Spring FrameworkServlet 'appServlet'
06-Dec-2021 10:54:09.567 INFORMACIÓN [http-nio-8080-exec-24] org.apache.catalina.core.ApplicationContext.log Closing Spring root WebApplicationContext
06-Dec-2021 10:54:37.345 INFORMACIÓN [http-nio-8080-exec-25] org.apache.catalina.core.ApplicationContext.log No Spring WebApplicationInitializer types detected on classpath
06-Dec-2021 10:54:38.212 INFORMACIÓN [http-nio-8080-exec-25] org.apache.catalina.core.ApplicationContext.log Initializing Spring root WebApplicationContext
06-Dec-2021 10:54:38.953 INFORMACIÓN [http-nio-8080-exec-25] org.apache.catalina.core.ApplicationContext.log Initializing Spring FrameworkServlet 'appServlet'
06-Dec-2021 10:54:51.417 INFORMACIÓN [http-nio-8080-exec-33] org.apache.catalina.core.ApplicationContext.log Destroying Spring FrameworkServlet 'appServlet'
06-Dec-2021 10:54:51.466 INFORMACIÓN [http-nio-8080-exec-33] org.apache.catalina.core.ApplicationContext.log Closing Spring root WebApplicationContext
06-Dec-2021 11:09:04.283 INFORMACIÓN [http-nio-8080-exec-8] org.apache.catalina.core.ApplicationContext.log No Spring WebApplicationInitializer types detected on classpath
06-Dec-2021 11:09:04.916 INFORMACIÓN [http-nio-8080-exec-8] org.apache.catalina.core.ApplicationContext.log Initializing Spring root WebApplicationContext
06-Dec-2021 11:09:05.327 INFORMACIÓN [http-nio-8080-exec-8] org.apache.catalina.core.ApplicationContext.log Initializing Spring FrameworkServlet 'appServlet'
06-Dec-2021 11:09:42.076 INFORMACIÓN [http-nio-8080-exec-9] org.apache.catalina.core.ApplicationContext.log Destroying Spring FrameworkServlet 'appServlet'
06-Dec-2021 11:09:42.183 INFORMACIÓN [http-nio-8080-exec-9] org.apache.catalina.core.ApplicationContext.log Closing Spring root WebApplicationContext
06-Dec-2021 11:09:49.236 INFORMACIÓN [http-nio-8080-exec-4] org.apache.catalina.core.ApplicationContext.log No Spring WebApplicationInitializer types detected on classpath
06-Dec-2021 11:09:50.095 INFORMACIÓN [http-nio-8080-exec-4] org.apache.catalina.core.ApplicationContext.log Initializing Spring root WebApplicationContext
06-Dec-2021 11:09:50.444 INFORMACIÓN [http-nio-8080-exec-4] org.apache.catalina.core.ApplicationContext.log Initializing Spring FrameworkServlet 'appServlet'
06-Dec-2021 11:11:05.588 INFORMACIÓN [localhost-startStop-2] org.apache.catalina.core.ApplicationContext.log Destroying Spring FrameworkServlet 'appServlet'
06-Dec-2021 11:11:05.608 INFORMACIÓN [localhost-startStop-2] org.apache.catalina.core.ApplicationContext.log Closing Spring root WebApplicationContext
06-Dec-2021 11:11:28.877 INFORMACIÓN [localhost-startStop-1] org.apache.catalina.core.ApplicationContext.log No Spring WebApplicationInitializer types detected on classpath
06-Dec-2021 11:11:29.621 INFORMACIÓN [localhost-startStop-1] org.apache.catalina.core.ApplicationContext.log Initializing Spring root WebApplicationContext
06-Dec-2021 11:11:30.079 INFORMACIÓN [localhost-startStop-1] org.apache.catalina.core.ApplicationContext.log Initializing Spring FrameworkServlet 'appServlet'
06-Dec-2021 11:11:35.618 INFORMACIÓN [http-nio-8080-exec-10] org.apache.catalina.core.ApplicationContext.log Destroying Spring FrameworkServlet 'appServlet'
06-Dec-2021 11:11:35.631 INFORMACIÓN [http-nio-8080-exec-10] org.apache.catalina.core.ApplicationContext.log Closing Spring root WebApplicationContext
06-Dec-2021 11:11:39.571 INFORMACIÓN [http-nio-8080-exec-1] org.apache.catalina.core.ApplicationContext.log No Spring WebApplicationInitializer types detected on classpath
06-Dec-2021 11:11:40.176 INFORMACIÓN [http-nio-8080-exec-1] org.apache.catalina.core.ApplicationContext.log Initializing Spring root WebApplicationContext
06-Dec-2021 11:11:40.549 INFORMACIÓN [http-nio-8080-exec-1] org.apache.catalina.core.ApplicationContext.log Initializing Spring FrameworkServlet 'appServlet'
06-Dec-2021 11:12:37.917 INFORMACIÓN [http-nio-8080-exec-11] org.apache.catalina.core.ApplicationContext.log Destroying Spring FrameworkServlet 'appServlet'
06-Dec-2021 11:12:38.000 INFORMACIÓN [http-nio-8080-exec-11] org.apache.catalina.core.ApplicationContext.log Closing Spring root WebApplicationContext
06-Dec-2021 11:12:41.510 INFORMACIÓN [http-nio-8080-exec-13] org.apache.catalina.core.ApplicationContext.log No Spring WebApplicationInitializer types detected on classpath
06-Dec-2021 11:12:42.009 INFORMACIÓN [http-nio-8080-exec-13] org.apache.catalina.core.ApplicationContext.log Initializing Spring root WebApplicationContext
06-Dec-2021 11:12:42.328 INFORMACIÓN [http-nio-8080-exec-13] org.apache.catalina.core.ApplicationContext.log Initializing Spring FrameworkServlet 'appServlet'
06-Dec-2021 11:12:53.433 INFORMACIÓN [http-nio-8080-exec-8] org.apache.catalina.core.ApplicationContext.log Destroying Spring FrameworkServlet 'appServlet'
06-Dec-2021 11:12:53.545 INFORMACIÓN [http-nio-8080-exec-8] org.apache.catalina.core.ApplicationContext.log Closing Spring root WebApplicationContext
06-Dec-2021 11:12:57.239 INFORMACIÓN [http-nio-8080-exec-2] org.apache.catalina.core.ApplicationContext.log No Spring WebApplicationInitializer types detected on classpath
06-Dec-2021 11:12:57.779 INFORMACIÓN [http-nio-8080-exec-2] org.apache.catalina.core.ApplicationContext.log Initializing Spring root WebApplicationContext
06-Dec-2021 11:12:58.208 INFORMACIÓN [http-nio-8080-exec-2] org.apache.catalina.core.ApplicationContext.log Initializing Spring FrameworkServlet 'appServlet'
06-Dec-2021 11:15:21.045 INFORMACIÓN [http-nio-8080-exec-19] org.apache.catalina.core.ApplicationContext.log Destroying Spring FrameworkServlet 'appServlet'
06-Dec-2021 11:15:21.116 INFORMACIÓN [http-nio-8080-exec-19] org.apache.catalina.core.ApplicationContext.log Closing Spring root WebApplicationContext
06-Dec-2021 11:15:24.761 INFORMACIÓN [http-nio-8080-exec-25] org.apache.catalina.core.ApplicationContext.log No Spring WebApplicationInitializer types detected on classpath
06-Dec-2021 11:15:25.357 INFORMACIÓN [http-nio-8080-exec-25] org.apache.catalina.core.ApplicationContext.log Initializing Spring root WebApplicationContext
06-Dec-2021 11:15:25.729 INFORMACIÓN [http-nio-8080-exec-25] org.apache.catalina.core.ApplicationContext.log Initializing Spring FrameworkServlet 'appServlet'
06-Dec-2021 11:15:50.630 INFORMACIÓN [http-nio-8080-exec-23] org.apache.catalina.core.ApplicationContext.log No Spring WebApplicationInitializer types detected on classpath
06-Dec-2021 11:16:32.137 INFORMACIÓN [http-nio-8080-exec-35] org.apache.catalina.core.ApplicationContext.log No Spring WebApplicationInitializer types detected on classpath
06-Dec-2021 11:16:35.778 INFORMACIÓN [http-nio-8080-exec-37] org.apache.catalina.core.ApplicationContext.log No Spring WebApplicationInitializer types detected on classpath
06-Dec-2021 11:16:36.389 INFORMACIÓN [http-nio-8080-exec-37] org.apache.catalina.core.ApplicationContext.log Initializing Spring root WebApplicationContext
06-Dec-2021 11:16:36.855 INFORMACIÓN [http-nio-8080-exec-37] org.apache.catalina.core.ApplicationContext.log Initializing Spring FrameworkServlet 'appServlet'
06-Dec-2021 11:17:32.200 INFORMACIÓN [http-nio-8080-exec-29] org.apache.catalina.core.ApplicationContext.log No Spring WebApplicationInitializer types detected on classpath
06-Dec-2021 11:17:32.743 INFORMACIÓN [http-nio-8080-exec-29] org.apache.catalina.core.ApplicationContext.log Initializing Spring root WebApplicationContext
06-Dec-2021 11:17:33.079 INFORMACIÓN [http-nio-8080-exec-29] org.apache.catalina.core.ApplicationContext.log Initializing Spring FrameworkServlet 'appServlet'
06-Dec-2021 11:23:38.802 INFORMACIÓN [http-nio-8080-exec-39] org.apache.catalina.core.ApplicationContext.log No Spring WebApplicationInitializer types detected on classpath
06-Dec-2021 11:24:14.064 INFORMACIÓN [http-nio-8080-exec-40] org.apache.catalina.core.ApplicationContext.log No Spring WebApplicationInitializer types detected on classpath
06-Dec-2021 11:24:24.228 INFORMACIÓN [http-nio-8080-exec-46] org.apache.catalina.core.ApplicationContext.log No Spring WebApplicationInitializer types detected on classpath
06-Dec-2021 11:25:47.830 INFORMACIÓN [http-nio-8080-exec-54] org.apache.catalina.core.ApplicationContext.log Destroying Spring FrameworkServlet 'appServlet'
06-Dec-2021 11:25:47.836 INFORMACIÓN [http-nio-8080-exec-54] org.apache.catalina.core.ApplicationContext.log Closing Spring root WebApplicationContext
06-Dec-2021 11:25:54.918 INFORMACIÓN [http-nio-8080-exec-56] org.apache.catalina.core.ApplicationContext.log No Spring WebApplicationInitializer types detected on classpath
06-Dec-2021 11:25:55.543 INFORMACIÓN [http-nio-8080-exec-56] org.apache.catalina.core.ApplicationContext.log Initializing Spring root WebApplicationContext
06-Dec-2021 11:25:55.967 INFORMACIÓN [http-nio-8080-exec-56] org.apache.catalina.core.ApplicationContext.log Initializing Spring FrameworkServlet 'appServlet'
06-Dec-2021 11:34:16.867 INFORMACIÓN [ContainerBackgroundProcessor[StandardEngine[Catalina]]] org.apache.catalina.core.ApplicationContext.log Destroying Spring FrameworkServlet 'appServlet'
06-Dec-2021 11:34:16.873 INFORMACIÓN [ContainerBackgroundProcessor[StandardEngine[Catalina]]] org.apache.catalina.core.ApplicationContext.log Closing Spring root WebApplicationContext
06-Dec-2021 11:34:16.942 INFORMACIÓN [ContainerBackgroundProcessor[StandardEngine[Catalina]]] org.apache.catalina.core.ApplicationContext.log Destroying Spring FrameworkServlet 'appServlet'
06-Dec-2021 11:34:17.059 INFORMACIÓN [ContainerBackgroundProcessor[StandardEngine[Catalina]]] org.apache.catalina.core.ApplicationContext.log Closing Spring root WebApplicationContext
06-Dec-2021 11:34:17.180 INFORMACIÓN [ContainerBackgroundProcessor[StandardEngine[Catalina]]] org.apache.catalina.core.ApplicationContext.log Destroying Spring FrameworkServlet 'appServlet'
06-Dec-2021 11:34:17.235 INFORMACIÓN [ContainerBackgroundProcessor[StandardEngine[Catalina]]] org.apache.catalina.core.ApplicationContext.log Closing Spring root WebApplicationContext
06-Dec-2021 11:34:28.162 INFORMACIÓN [localhost-startStop-2] org.apache.catalina.core.ApplicationContext.log No Spring WebApplicationInitializer types detected on classpath
06-Dec-2021 11:34:30.787 INFORMACIÓN [localhost-startStop-2] org.apache.catalina.core.ApplicationContext.log No Spring WebApplicationInitializer types detected on classpath
06-Dec-2021 11:34:31.312 INFORMACIÓN [localhost-startStop-2] org.apache.catalina.core.ApplicationContext.log Initializing Spring root WebApplicationContext
06-Dec-2021 11:34:31.678 INFORMACIÓN [localhost-startStop-2] org.apache.catalina.core.ApplicationContext.log Initializing Spring FrameworkServlet 'appServlet'
06-Dec-2021 11:34:43.706 INFORMACIÓN [localhost-startStop-2] org.apache.catalina.core.ApplicationContext.log No Spring WebApplicationInitializer types detected on classpath
06-Dec-2021 11:34:44.297 INFORMACIÓN [localhost-startStop-2] org.apache.catalina.core.ApplicationContext.log Initializing Spring root WebApplicationContext
06-Dec-2021 11:34:44.693 INFORMACIÓN [localhost-startStop-2] org.apache.catalina.core.ApplicationContext.log Initializing Spring FrameworkServlet 'appServlet'
06-Dec-2021 11:35:01.691 INFORMACIÓN [localhost-startStop-2] org.apache.catalina.core.ApplicationContext.log No Spring WebApplicationInitializer types detected on classpath
06-Dec-2021 11:35:02.301 INFORMACIÓN [localhost-startStop-2] org.apache.catalina.core.ApplicationContext.log Initializing Spring root WebApplicationContext
06-Dec-2021 11:35:02.631 INFORMACIÓN [localhost-startStop-2] org.apache.catalina.core.ApplicationContext.log Initializing Spring FrameworkServlet 'appServlet'
06-Dec-2021 11:35:47.540 INFORMACIÓN [localhost-startStop-1] org.apache.catalina.core.ApplicationContext.log No Spring WebApplicationInitializer types detected on classpath
06-Dec-2021 11:35:50.494 INFORMACIÓN [localhost-startStop-1] org.apache.catalina.core.ApplicationContext.log No Spring WebApplicationInitializer types detected on classpath
06-Dec-2021 11:35:51.241 INFORMACIÓN [localhost-startStop-1] org.apache.catalina.core.ApplicationContext.log Initializing Spring root WebApplicationContext
06-Dec-2021 11:35:51.714 INFORMACIÓN [localhost-startStop-1] org.apache.catalina.core.ApplicationContext.log Initializing Spring FrameworkServlet 'appServlet'
06-Dec-2021 11:36:04.894 INFORMACIÓN [localhost-startStop-1] org.apache.catalina.core.ApplicationContext.log No Spring WebApplicationInitializer types detected on classpath
06-Dec-2021 11:36:05.524 INFORMACIÓN [localhost-startStop-1] org.apache.catalina.core.ApplicationContext.log Initializing Spring root WebApplicationContext
06-Dec-2021 11:36:05.911 INFORMACIÓN [localhost-startStop-1] org.apache.catalina.core.ApplicationContext.log Initializing Spring FrameworkServlet 'appServlet'
06-Dec-2021 11:36:21.199 INFORMACIÓN [localhost-startStop-1] org.apache.catalina.core.ApplicationContext.log No Spring WebApplicationInitializer types detected on classpath
06-Dec-2021 11:36:21.722 INFORMACIÓN [localhost-startStop-1] org.apache.catalina.core.ApplicationContext.log Initializing Spring root WebApplicationContext
06-Dec-2021 11:36:22.091 INFORMACIÓN [localhost-startStop-1] org.apache.catalina.core.ApplicationContext.log Initializing Spring FrameworkServlet 'appServlet'
06-Dec-2021 11:44:54.290 INFORMACIÓN [http-nio-8080-exec-1] org.apache.catalina.core.ApplicationContext.log No Spring WebApplicationInitializer types detected on classpath
06-Dec-2021 11:45:51.481 INFORMACIÓN [http-nio-8080-exec-21] org.apache.catalina.core.ApplicationContext.log No Spring WebApplicationInitializer types detected on classpath
06-Dec-2021 11:47:20.691 INFORMACIÓN [http-nio-8080-exec-25] org.apache.catalina.core.ApplicationContext.log No Spring WebApplicationInitializer types detected on classpath
06-Dec-2021 11:54:26.079 INFORMACIÓN [localhost-startStop-2] org.apache.catalina.core.ApplicationContext.log Destroying Spring FrameworkServlet 'appServlet'
06-Dec-2021 11:54:26.118 INFORMACIÓN [localhost-startStop-2] org.apache.catalina.core.ApplicationContext.log Closing Spring root WebApplicationContext
06-Dec-2021 11:54:26.879 INFORMACIÓN [localhost-startStop-2] org.apache.catalina.core.ApplicationContext.log Destroying Spring FrameworkServlet 'appServlet'
06-Dec-2021 11:54:26.978 INFORMACIÓN [localhost-startStop-2] org.apache.catalina.core.ApplicationContext.log Closing Spring root WebApplicationContext
06-Dec-2021 11:54:27.096 INFORMACIÓN [localhost-startStop-2] org.apache.catalina.core.ApplicationContext.log Destroying Spring FrameworkServlet 'appServlet'
06-Dec-2021 11:54:27.153 INFORMACIÓN [localhost-startStop-2] org.apache.catalina.core.ApplicationContext.log Closing Spring root WebApplicationContext
06-Dec-2021 11:54:50.672 INFORMACIÓN [localhost-startStop-1] org.apache.catalina.core.ApplicationContext.log No Spring WebApplicationInitializer types detected on classpath
06-Dec-2021 11:54:53.681 INFORMACIÓN [localhost-startStop-1] org.apache.catalina.core.ApplicationContext.log No Spring WebApplicationInitializer types detected on classpath
06-Dec-2021 11:54:54.319 INFORMACIÓN [localhost-startStop-1] org.apache.catalina.core.ApplicationContext.log Initializing Spring root WebApplicationContext
06-Dec-2021 11:54:54.811 INFORMACIÓN [localhost-startStop-1] org.apache.catalina.core.ApplicationContext.log Initializing Spring FrameworkServlet 'appServlet'
06-Dec-2021 11:55:11.449 INFORMACIÓN [localhost-startStop-1] org.apache.catalina.core.ApplicationContext.log No Spring WebApplicationInitializer types detected on classpath
06-Dec-2021 11:55:12.240 INFORMACIÓN [localhost-startStop-1] org.apache.catalina.core.ApplicationContext.log Initializing Spring root WebApplicationContext
06-Dec-2021 11:55:12.668 INFORMACIÓN [localhost-startStop-1] org.apache.catalina.core.ApplicationContext.log Initializing Spring FrameworkServlet 'appServlet'
06-Dec-2021 11:55:29.459 INFORMACIÓN [localhost-startStop-1] org.apache.catalina.core.ApplicationContext.log No Spring WebApplicationInitializer types detected on classpath
06-Dec-2021 11:55:30.150 INFORMACIÓN [localhost-startStop-1] org.apache.catalina.core.ApplicationContext.log Initializing Spring root WebApplicationContext
06-Dec-2021 11:55:30.571 INFORMACIÓN [localhost-startStop-1] org.apache.catalina.core.ApplicationContext.log Initializing Spring FrameworkServlet 'appServlet'
06-Dec-2021 11:55:35.413 INFORMACIÓN [http-nio-8080-exec-16] org.apache.catalina.core.ApplicationContext.log Destroying Spring FrameworkServlet 'appServlet'
06-Dec-2021 11:55:35.599 INFORMACIÓN [http-nio-8080-exec-16] org.apache.catalina.core.ApplicationContext.log Closing Spring root WebApplicationContext
06-Dec-2021 11:55:37.429 GRAVE [http-nio-8080-exec-13] org.apache.catalina.core.ApplicationDispatcher.invoke El Servlet.service() para servlet jsp lanzó una excepción
 java.lang.IllegalStateException: Neither BindingResult nor plain target object for bean name 'userInfo' available as request attribute
	at org.springframework.web.servlet.support.BindStatus.<init>(BindStatus.java:141)
	at org.springframework.web.servlet.tags.form.AbstractDataBoundFormElementTag.getBindStatus(AbstractDataBoundFormElementTag.java:179)
	at org.springframework.web.servlet.tags.form.AbstractDataBoundFormElementTag.getPropertyPath(AbstractDataBoundFormElementTag.java:199)
	at org.springframework.web.servlet.tags.form.AbstractDataBoundFormElementTag.getName(AbstractDataBoundFormElementTag.java:165)
	at org.springframework.web.servlet.tags.form.AbstractDataBoundFormElementTag.writeDefaultAttributes(AbstractDataBoundFormElementTag.java:128)
	at org.springframework.web.servlet.tags.form.AbstractHtmlElementTag.writeDefaultAttributes(AbstractHtmlElementTag.java:421)
	at org.springframework.web.servlet.tags.form.HiddenInputTag.writeTagContent(HiddenInputTag.java:77)
	at org.springframework.web.servlet.tags.form.AbstractFormTag.doStartTagInternal(AbstractFormTag.java:103)
	at org.springframework.web.servlet.tags.RequestContextAwareTag.doStartTag(RequestContextAwareTag.java:80)
	at org.apache.jsp.WEB_002dINF.views.commons.login_jsp._jspx_meth_sf_005fhidden_005f0(login_jsp.java:460)
	at org.apache.jsp.WEB_002dINF.views.commons.login_jsp._jspService(login_jsp.java:282)
	at org.apache.jasper.runtime.HttpJspBase.service(HttpJspBase.java:70)
	at javax.servlet.http.HttpServlet.service(HttpServlet.java:729)
	at org.apache.jasper.servlet.JspServletWrapper.service(JspServletWrapper.java:443)
	at org.apache.jasper.servlet.JspServlet.serviceJspFile(JspServlet.java:385)
	at org.apache.jasper.servlet.JspServlet.service(JspServlet.java:329)
	at javax.servlet.http.HttpServlet.service(HttpServlet.java:729)
	at org.apache.catalina.core.ApplicationFilterChain.internalDoFilter(ApplicationFilterChain.java:230)
	at org.apache.catalina.core.ApplicationFilterChain.doFilter(ApplicationFilterChain.java:165)
	at org.apache.tomcat.websocket.server.WsFilter.doFilter(WsFilter.java:52)
	at org.apache.catalina.core.ApplicationFilterChain.internalDoFilter(ApplicationFilterChain.java:192)
	at org.apache.catalina.core.ApplicationFilterChain.doFilter(ApplicationFilterChain.java:165)
	at org.apache.catalina.core.ApplicationDispatcher.invoke(ApplicationDispatcher.java:726)
	at org.apache.catalina.core.ApplicationDispatcher.processRequest(ApplicationDispatcher.java:469)
	at org.apache.catalina.core.ApplicationDispatcher.doForward(ApplicationDispatcher.java:394)
	at org.apache.catalina.core.ApplicationDispatcher.forward(ApplicationDispatcher.java:311)
	at org.springframework.web.servlet.view.InternalResourceView.renderMergedOutputModel(InternalResourceView.java:238)
	at org.springframework.web.servlet.view.AbstractView.render(AbstractView.java:264)
	at org.springframework.web.servlet.DispatcherServlet.render(DispatcherServlet.java:1208)
	at org.springframework.web.servlet.DispatcherServlet.processDispatchResult(DispatcherServlet.java:992)
	at org.springframework.web.servlet.DispatcherServlet.doDispatch(DispatcherServlet.java:939)
	at org.springframework.web.servlet.DispatcherServlet.doService(DispatcherServlet.java:856)
	at org.springframework.web.servlet.FrameworkServlet.processRequest(FrameworkServlet.java:920)
	at org.springframework.web.servlet.FrameworkServlet.doPost(FrameworkServlet.java:827)
	at javax.servlet.http.HttpServlet.service(HttpServlet.java:648)
	at org.springframework.web.servlet.FrameworkServlet.service(FrameworkServlet.java:801)
	at javax.servlet.http.HttpServlet.service(HttpServlet.java:729)
	at org.apache.catalina.core.ApplicationFilterChain.internalDoFilter(ApplicationFilterChain.java:230)
	at org.apache.catalina.core.ApplicationFilterChain.doFilter(ApplicationFilterChain.java:165)
	at org.apache.tomcat.websocket.server.WsFilter.doFilter(WsFilter.java:52)
	at org.apache.catalina.core.ApplicationFilterChain.internalDoFilter(ApplicationFilterChain.java:192)
	at org.apache.catalina.core.ApplicationFilterChain.doFilter(ApplicationFilterChain.java:165)
	at org.springframework.web.filter.CharacterEncodingFilter.doFilterInternal(CharacterEncodingFilter.java:88)
	at org.springframework.web.filter.OncePerRequestFilter.doFilter(OncePerRequestFilter.java:107)
	at org.apache.catalina.core.ApplicationFilterChain.internalDoFilter(ApplicationFilterChain.java:192)
	at org.apache.catalina.core.ApplicationFilterChain.doFilter(ApplicationFilterChain.java:165)
	at org.apache.catalina.core.StandardWrapperValve.invoke(StandardWrapperValve.java:198)
	at org.apache.catalina.core.StandardContextValve.invoke(StandardContextValve.java:108)
	at org.apache.catalina.authenticator.AuthenticatorBase.invoke(AuthenticatorBase.java:472)
	at org.apache.catalina.core.StandardHostValve.invoke(StandardHostValve.java:140)
	at org.apache.catalina.valves.ErrorReportValve.invoke(ErrorReportValve.java:79)
	at org.apache.catalina.valves.AbstractAccessLogValve.invoke(AbstractAccessLogValve.java:620)
	at org.apache.catalina.core.StandardEngineValve.invoke(StandardEngineValve.java:87)
	at org.apache.catalina.connector.CoyoteAdapter.service(CoyoteAdapter.java:349)
	at org.apache.coyote.http11.Http11Processor.service(Http11Processor.java:784)
	at org.apache.coyote.AbstractProcessorLight.process(AbstractProcessorLight.java:66)
	at org.apache.coyote.AbstractProtocol$ConnectionHandler.process(AbstractProtocol.java:802)
	at org.apache.tomcat.util.net.NioEndpoint$SocketProcessor.doRun(NioEndpoint.java:1410)
	at org.apache.tomcat.util.net.SocketProcessorBase.run(SocketProcessorBase.java:49)
	at java.util.concurrent.ThreadPoolExecutor.runWorker(ThreadPoolExecutor.java:1149)
	at java.util.concurrent.ThreadPoolExecutor$Worker.run(ThreadPoolExecutor.java:624)
	at org.apache.tomcat.util.threads.TaskThread$WrappingRunnable.run(TaskThread.java:61)
	at java.lang.Thread.run(Thread.java:748)

06-Dec-2021 11:55:37.431 GRAVE [http-nio-8080-exec-13] org.apache.catalina.core.StandardWrapperValve.invoke El Servlet.service() para el servlet [appServlet] en el contexto con ruta [/fielcorresponsal] lanzó la excepción [java.lang.IllegalStateException: Neither BindingResult nor plain target object for bean name 'userInfo' available as request attribute] con causa raíz
 java.lang.IllegalStateException: Neither BindingResult nor plain target object for bean name 'userInfo' available as request attribute
	at org.springframework.web.servlet.support.BindStatus.<init>(BindStatus.java:141)
	at org.springframework.web.servlet.tags.form.AbstractDataBoundFormElementTag.getBindStatus(AbstractDataBoundFormElementTag.java:179)
	at org.springframework.web.servlet.tags.form.AbstractDataBoundFormElementTag.getPropertyPath(AbstractDataBoundFormElementTag.java:199)
	at org.springframework.web.servlet.tags.form.AbstractDataBoundFormElementTag.getName(AbstractDataBoundFormElementTag.java:165)
	at org.springframework.web.servlet.tags.form.AbstractDataBoundFormElementTag.writeDefaultAttributes(AbstractDataBoundFormElementTag.java:128)
	at org.springframework.web.servlet.tags.form.AbstractHtmlElementTag.writeDefaultAttributes(AbstractHtmlElementTag.java:421)
	at org.springframework.web.servlet.tags.form.HiddenInputTag.writeTagContent(HiddenInputTag.java:77)
	at org.springframework.web.servlet.tags.form.AbstractFormTag.doStartTagInternal(AbstractFormTag.java:103)
	at org.springframework.web.servlet.tags.RequestContextAwareTag.doStartTag(RequestContextAwareTag.java:80)
	at org.apache.jsp.WEB_002dINF.views.commons.login_jsp._jspx_meth_sf_005fhidden_005f0(login_jsp.java:460)
	at org.apache.jsp.WEB_002dINF.views.commons.login_jsp._jspService(login_jsp.java:282)
	at org.apache.jasper.runtime.HttpJspBase.service(HttpJspBase.java:70)
	at javax.servlet.http.HttpServlet.service(HttpServlet.java:729)
	at org.apache.jasper.servlet.JspServletWrapper.service(JspServletWrapper.java:443)
	at org.apache.jasper.servlet.JspServlet.serviceJspFile(JspServlet.java:385)
	at org.apache.jasper.servlet.JspServlet.service(JspServlet.java:329)
	at javax.servlet.http.HttpServlet.service(HttpServlet.java:729)
	at org.apache.catalina.core.ApplicationFilterChain.internalDoFilter(ApplicationFilterChain.java:230)
	at org.apache.catalina.core.ApplicationFilterChain.doFilter(ApplicationFilterChain.java:165)
	at org.apache.tomcat.websocket.server.WsFilter.doFilter(WsFilter.java:52)
	at org.apache.catalina.core.ApplicationFilterChain.internalDoFilter(ApplicationFilterChain.java:192)
	at org.apache.catalina.core.ApplicationFilterChain.doFilter(ApplicationFilterChain.java:165)
	at org.apache.catalina.core.ApplicationDispatcher.invoke(ApplicationDispatcher.java:726)
	at org.apache.catalina.core.ApplicationDispatcher.processRequest(ApplicationDispatcher.java:469)
	at org.apache.catalina.core.ApplicationDispatcher.doForward(ApplicationDispatcher.java:394)
	at org.apache.catalina.core.ApplicationDispatcher.forward(ApplicationDispatcher.java:311)
	at org.springframework.web.servlet.view.InternalResourceView.renderMergedOutputModel(InternalResourceView.java:238)
	at org.springframework.web.servlet.view.AbstractView.render(AbstractView.java:264)
	at org.springframework.web.servlet.DispatcherServlet.render(DispatcherServlet.java:1208)
	at org.springframework.web.servlet.DispatcherServlet.processDispatchResult(DispatcherServlet.java:992)
	at org.springframework.web.servlet.DispatcherServlet.doDispatch(DispatcherServlet.java:939)
	at org.springframework.web.servlet.DispatcherServlet.doService(DispatcherServlet.java:856)
	at org.springframework.web.servlet.FrameworkServlet.processRequest(FrameworkServlet.java:920)
	at org.springframework.web.servlet.FrameworkServlet.doPost(FrameworkServlet.java:827)
	at javax.servlet.http.HttpServlet.service(HttpServlet.java:648)
	at org.springframework.web.servlet.FrameworkServlet.service(FrameworkServlet.java:801)
	at javax.servlet.http.HttpServlet.service(HttpServlet.java:729)
	at org.apache.catalina.core.ApplicationFilterChain.internalDoFilter(ApplicationFilterChain.java:230)
	at org.apache.catalina.core.ApplicationFilterChain.doFilter(ApplicationFilterChain.java:165)
	at org.apache.tomcat.websocket.server.WsFilter.doFilter(WsFilter.java:52)
	at org.apache.catalina.core.ApplicationFilterChain.internalDoFilter(ApplicationFilterChain.java:192)
	at org.apache.catalina.core.ApplicationFilterChain.doFilter(ApplicationFilterChain.java:165)
	at org.springframework.web.filter.CharacterEncodingFilter.doFilterInternal(CharacterEncodingFilter.java:88)
	at org.springframework.web.filter.OncePerRequestFilter.doFilter(OncePerRequestFilter.java:107)
	at org.apache.catalina.core.ApplicationFilterChain.internalDoFilter(ApplicationFilterChain.java:192)
	at org.apache.catalina.core.ApplicationFilterChain.doFilter(ApplicationFilterChain.java:165)
	at org.apache.catalina.core.StandardWrapperValve.invoke(StandardWrapperValve.java:198)
	at org.apache.catalina.core.StandardContextValve.invoke(StandardContextValve.java:108)
	at org.apache.catalina.authenticator.AuthenticatorBase.invoke(AuthenticatorBase.java:472)
	at org.apache.catalina.core.StandardHostValve.invoke(StandardHostValve.java:140)
	at org.apache.catalina.valves.ErrorReportValve.invoke(ErrorReportValve.java:79)
	at org.apache.catalina.valves.AbstractAccessLogValve.invoke(AbstractAccessLogValve.java:620)
	at org.apache.catalina.core.StandardEngineValve.invoke(StandardEngineValve.java:87)
	at org.apache.catalina.connector.CoyoteAdapter.service(CoyoteAdapter.java:349)
	at org.apache.coyote.http11.Http11Processor.service(Http11Processor.java:784)
	at org.apache.coyote.AbstractProcessorLight.process(AbstractProcessorLight.java:66)
	at org.apache.coyote.AbstractProtocol$ConnectionHandler.process(AbstractProtocol.java:802)
	at org.apache.tomcat.util.net.NioEndpoint$SocketProcessor.doRun(NioEndpoint.java:1410)
	at org.apache.tomcat.util.net.SocketProcessorBase.run(SocketProcessorBase.java:49)
	at java.util.concurrent.ThreadPoolExecutor.runWorker(ThreadPoolExecutor.java:1149)
	at java.util.concurrent.ThreadPoolExecutor$Worker.run(ThreadPoolExecutor.java:624)
	at org.apache.tomcat.util.threads.TaskThread$WrappingRunnable.run(TaskThread.java:61)
	at java.lang.Thread.run(Thread.java:748)

06-Dec-2021 11:55:40.694 INFORMACIÓN [http-nio-8080-exec-34] org.apache.catalina.core.ApplicationContext.log No Spring WebApplicationInitializer types detected on classpath
06-Dec-2021 11:55:41.252 INFORMACIÓN [http-nio-8080-exec-34] org.apache.catalina.core.ApplicationContext.log Initializing Spring root WebApplicationContext
06-Dec-2021 11:55:41.626 INFORMACIÓN [http-nio-8080-exec-34] org.apache.catalina.core.ApplicationContext.log Initializing Spring FrameworkServlet 'appServlet'
06-Dec-2021 12:13:14.625 INFORMACIÓN [http-nio-8080-exec-52] org.apache.catalina.core.ApplicationContext.log Destroying Spring FrameworkServlet 'appServlet'
06-Dec-2021 12:13:14.794 INFORMACIÓN [http-nio-8080-exec-52] org.apache.catalina.core.ApplicationContext.log Closing Spring root WebApplicationContext
06-Dec-2021 12:18:37.222 GRAVE [http-nio-8080-exec-51] org.apache.catalina.core.StandardHostValve.invoke Exception Processing /auth-fielcorresponsal/access-token/request
 java.lang.NullPointerException
	at org.apache.catalina.core.StandardWrapperValve.invoke(StandardWrapperValve.java:236)
	at org.apache.catalina.core.StandardContextValve.invoke(StandardContextValve.java:108)
	at org.apache.catalina.authenticator.AuthenticatorBase.invoke(AuthenticatorBase.java:472)
	at org.apache.catalina.core.StandardHostValve.invoke(StandardHostValve.java:140)
	at org.apache.catalina.valves.ErrorReportValve.invoke(ErrorReportValve.java:79)
	at org.apache.catalina.valves.AbstractAccessLogValve.invoke(AbstractAccessLogValve.java:620)
	at org.apache.catalina.core.StandardEngineValve.invoke(StandardEngineValve.java:87)
	at org.apache.catalina.connector.CoyoteAdapter.service(CoyoteAdapter.java:349)
	at org.apache.coyote.http11.Http11Processor.service(Http11Processor.java:784)
	at org.apache.coyote.AbstractProcessorLight.process(AbstractProcessorLight.java:66)
	at org.apache.coyote.AbstractProtocol$ConnectionHandler.process(AbstractProtocol.java:802)
	at org.apache.tomcat.util.net.NioEndpoint$SocketProcessor.doRun(NioEndpoint.java:1410)
	at org.apache.tomcat.util.net.SocketProcessorBase.run(SocketProcessorBase.java:49)
	at java.util.concurrent.ThreadPoolExecutor.runWorker(ThreadPoolExecutor.java:1149)
	at java.util.concurrent.ThreadPoolExecutor$Worker.run(ThreadPoolExecutor.java:624)
	at org.apache.tomcat.util.threads.TaskThread$WrappingRunnable.run(TaskThread.java:61)
	at java.lang.Thread.run(Thread.java:748)

06-Dec-2021 12:20:02.439 INFORMACIÓN [localhost-startStop-2] org.apache.catalina.core.ApplicationContext.log Destroying Spring FrameworkServlet 'appServlet'
06-Dec-2021 12:20:02.451 INFORMACIÓN [localhost-startStop-2] org.apache.catalina.core.ApplicationContext.log Closing Spring root WebApplicationContext
06-Dec-2021 12:20:02.526 INFORMACIÓN [localhost-startStop-2] org.apache.catalina.core.ApplicationContext.log Destroying Spring FrameworkServlet 'appServlet'
06-Dec-2021 12:20:02.605 INFORMACIÓN [localhost-startStop-2] org.apache.catalina.core.ApplicationContext.log Closing Spring root WebApplicationContext
06-Dec-2021 12:31:26.377 INFORMACIÓN [localhost-startStop-1] org.apache.catalina.core.ApplicationContext.log No Spring WebApplicationInitializer types detected on classpath
06-Dec-2021 12:31:29.646 INFORMACIÓN [localhost-startStop-1] org.apache.catalina.core.ApplicationContext.log No Spring WebApplicationInitializer types detected on classpath
06-Dec-2021 12:31:30.414 INFORMACIÓN [localhost-startStop-1] org.apache.catalina.core.ApplicationContext.log Initializing Spring root WebApplicationContext
06-Dec-2021 12:31:30.910 INFORMACIÓN [localhost-startStop-1] org.apache.catalina.core.ApplicationContext.log Initializing Spring FrameworkServlet 'appServlet'
06-Dec-2021 12:31:50.483 INFORMACIÓN [localhost-startStop-1] org.apache.catalina.core.ApplicationContext.log No Spring WebApplicationInitializer types detected on classpath
06-Dec-2021 12:31:51.708 INFORMACIÓN [localhost-startStop-1] org.apache.catalina.core.ApplicationContext.log Initializing Spring root WebApplicationContext
06-Dec-2021 12:31:52.223 INFORMACIÓN [localhost-startStop-1] org.apache.catalina.core.ApplicationContext.log Initializing Spring FrameworkServlet 'appServlet'
06-Dec-2021 12:32:04.448 INFORMACIÓN [http-nio-8080-exec-15] org.apache.catalina.core.ApplicationContext.log No Spring WebApplicationInitializer types detected on classpath
06-Dec-2021 12:32:05.048 INFORMACIÓN [http-nio-8080-exec-15] org.apache.catalina.core.ApplicationContext.log Initializing Spring root WebApplicationContext
06-Dec-2021 12:32:05.373 INFORMACIÓN [http-nio-8080-exec-15] org.apache.catalina.core.ApplicationContext.log Initializing Spring FrameworkServlet 'appServlet'
06-Dec-2021 15:48:01.316 GRAVE [http-nio-8080-exec-16] org.apache.catalina.core.ApplicationDispatcher.invoke El Servlet.service() para servlet jsp lanzó una excepción
 java.lang.IllegalStateException: Neither BindingResult nor plain target object for bean name 'userInfo' available as request attribute
	at org.springframework.web.servlet.support.BindStatus.<init>(BindStatus.java:141)
	at org.springframework.web.servlet.tags.form.AbstractDataBoundFormElementTag.getBindStatus(AbstractDataBoundFormElementTag.java:179)
	at org.springframework.web.servlet.tags.form.AbstractDataBoundFormElementTag.getPropertyPath(AbstractDataBoundFormElementTag.java:199)
	at org.springframework.web.servlet.tags.form.AbstractDataBoundFormElementTag.getName(AbstractDataBoundFormElementTag.java:165)
	at org.springframework.web.servlet.tags.form.AbstractDataBoundFormElementTag.writeDefaultAttributes(AbstractDataBoundFormElementTag.java:128)
	at org.springframework.web.servlet.tags.form.AbstractHtmlElementTag.writeDefaultAttributes(AbstractHtmlElementTag.java:421)
	at org.springframework.web.servlet.tags.form.HiddenInputTag.writeTagContent(HiddenInputTag.java:77)
	at org.springframework.web.servlet.tags.form.AbstractFormTag.doStartTagInternal(AbstractFormTag.java:103)
	at org.springframework.web.servlet.tags.RequestContextAwareTag.doStartTag(RequestContextAwareTag.java:80)
	at org.apache.jsp.WEB_002dINF.views.commons.login_jsp._jspx_meth_sf_005fhidden_005f0(login_jsp.java:460)
	at org.apache.jsp.WEB_002dINF.views.commons.login_jsp._jspService(login_jsp.java:282)
	at org.apache.jasper.runtime.HttpJspBase.service(HttpJspBase.java:70)
	at javax.servlet.http.HttpServlet.service(HttpServlet.java:729)
	at org.apache.jasper.servlet.JspServletWrapper.service(JspServletWrapper.java:443)
	at org.apache.jasper.servlet.JspServlet.serviceJspFile(JspServlet.java:385)
	at org.apache.jasper.servlet.JspServlet.service(JspServlet.java:329)
	at javax.servlet.http.HttpServlet.service(HttpServlet.java:729)
	at org.apache.catalina.core.ApplicationFilterChain.internalDoFilter(ApplicationFilterChain.java:230)
	at org.apache.catalina.core.ApplicationFilterChain.doFilter(ApplicationFilterChain.java:165)
	at org.apache.tomcat.websocket.server.WsFilter.doFilter(WsFilter.java:52)
	at org.apache.catalina.core.ApplicationFilterChain.internalDoFilter(ApplicationFilterChain.java:192)
	at org.apache.catalina.core.ApplicationFilterChain.doFilter(ApplicationFilterChain.java:165)
	at org.apache.catalina.core.ApplicationDispatcher.invoke(ApplicationDispatcher.java:726)
	at org.apache.catalina.core.ApplicationDispatcher.processRequest(ApplicationDispatcher.java:469)
	at org.apache.catalina.core.ApplicationDispatcher.doForward(ApplicationDispatcher.java:394)
	at org.apache.catalina.core.ApplicationDispatcher.forward(ApplicationDispatcher.java:311)
	at org.springframework.web.servlet.view.InternalResourceView.renderMergedOutputModel(InternalResourceView.java:238)
	at org.springframework.web.servlet.view.AbstractView.render(AbstractView.java:264)
	at org.springframework.web.servlet.DispatcherServlet.render(DispatcherServlet.java:1208)
	at org.springframework.web.servlet.DispatcherServlet.processDispatchResult(DispatcherServlet.java:992)
	at org.springframework.web.servlet.DispatcherServlet.doDispatch(DispatcherServlet.java:939)
	at org.springframework.web.servlet.DispatcherServlet.doService(DispatcherServlet.java:856)
	at org.springframework.web.servlet.FrameworkServlet.processRequest(FrameworkServlet.java:920)
	at org.springframework.web.servlet.FrameworkServlet.doPost(FrameworkServlet.java:827)
	at javax.servlet.http.HttpServlet.service(HttpServlet.java:648)
	at org.springframework.web.servlet.FrameworkServlet.service(FrameworkServlet.java:801)
	at javax.servlet.http.HttpServlet.service(HttpServlet.java:729)
	at org.apache.catalina.core.ApplicationFilterChain.internalDoFilter(ApplicationFilterChain.java:230)
	at org.apache.catalina.core.ApplicationFilterChain.doFilter(ApplicationFilterChain.java:165)
	at org.apache.tomcat.websocket.server.WsFilter.doFilter(WsFilter.java:52)
	at org.apache.catalina.core.ApplicationFilterChain.internalDoFilter(ApplicationFilterChain.java:192)
	at org.apache.catalina.core.ApplicationFilterChain.doFilter(ApplicationFilterChain.java:165)
	at org.springframework.web.filter.CharacterEncodingFilter.doFilterInternal(CharacterEncodingFilter.java:88)
	at org.springframework.web.filter.OncePerRequestFilter.doFilter(OncePerRequestFilter.java:107)
	at org.apache.catalina.core.ApplicationFilterChain.internalDoFilter(ApplicationFilterChain.java:192)
	at org.apache.catalina.core.ApplicationFilterChain.doFilter(ApplicationFilterChain.java:165)
	at org.apache.catalina.core.StandardWrapperValve.invoke(StandardWrapperValve.java:198)
	at org.apache.catalina.core.StandardContextValve.invoke(StandardContextValve.java:108)
	at org.apache.catalina.authenticator.AuthenticatorBase.invoke(AuthenticatorBase.java:472)
	at org.apache.catalina.core.StandardHostValve.invoke(StandardHostValve.java:140)
	at org.apache.catalina.valves.ErrorReportValve.invoke(ErrorReportValve.java:79)
	at org.apache.catalina.valves.AbstractAccessLogValve.invoke(AbstractAccessLogValve.java:620)
	at org.apache.catalina.core.StandardEngineValve.invoke(StandardEngineValve.java:87)
	at org.apache.catalina.connector.CoyoteAdapter.service(CoyoteAdapter.java:349)
	at org.apache.coyote.http11.Http11Processor.service(Http11Processor.java:784)
	at org.apache.coyote.AbstractProcessorLight.process(AbstractProcessorLight.java:66)
	at org.apache.coyote.AbstractProtocol$ConnectionHandler.process(AbstractProtocol.java:802)
	at org.apache.tomcat.util.net.NioEndpoint$SocketProcessor.doRun(NioEndpoint.java:1410)
	at org.apache.tomcat.util.net.SocketProcessorBase.run(SocketProcessorBase.java:49)
	at java.util.concurrent.ThreadPoolExecutor.runWorker(ThreadPoolExecutor.java:1149)
	at java.util.concurrent.ThreadPoolExecutor$Worker.run(ThreadPoolExecutor.java:624)
	at org.apache.tomcat.util.threads.TaskThread$WrappingRunnable.run(TaskThread.java:61)
	at java.lang.Thread.run(Thread.java:748)

06-Dec-2021 15:48:01.373 GRAVE [http-nio-8080-exec-16] org.apache.catalina.core.StandardWrapperValve.invoke El Servlet.service() para el servlet [appServlet] en el contexto con ruta [/fielcorresponsal] lanzó la excepción [java.lang.IllegalStateException: Neither BindingResult nor plain target object for bean name 'userInfo' available as request attribute] con causa raíz
 java.lang.IllegalStateException: Neither BindingResult nor plain target object for bean name 'userInfo' available as request attribute
	at org.springframework.web.servlet.support.BindStatus.<init>(BindStatus.java:141)
	at org.springframework.web.servlet.tags.form.AbstractDataBoundFormElementTag.getBindStatus(AbstractDataBoundFormElementTag.java:179)
	at org.springframework.web.servlet.tags.form.AbstractDataBoundFormElementTag.getPropertyPath(AbstractDataBoundFormElementTag.java:199)
	at org.springframework.web.servlet.tags.form.AbstractDataBoundFormElementTag.getName(AbstractDataBoundFormElementTag.java:165)
	at org.springframework.web.servlet.tags.form.AbstractDataBoundFormElementTag.writeDefaultAttributes(AbstractDataBoundFormElementTag.java:128)
	at org.springframework.web.servlet.tags.form.AbstractHtmlElementTag.writeDefaultAttributes(AbstractHtmlElementTag.java:421)
	at org.springframework.web.servlet.tags.form.HiddenInputTag.writeTagContent(HiddenInputTag.java:77)
	at org.springframework.web.servlet.tags.form.AbstractFormTag.doStartTagInternal(AbstractFormTag.java:103)
	at org.springframework.web.servlet.tags.RequestContextAwareTag.doStartTag(RequestContextAwareTag.java:80)
	at org.apache.jsp.WEB_002dINF.views.commons.login_jsp._jspx_meth_sf_005fhidden_005f0(login_jsp.java:460)
	at org.apache.jsp.WEB_002dINF.views.commons.login_jsp._jspService(login_jsp.java:282)
	at org.apache.jasper.runtime.HttpJspBase.service(HttpJspBase.java:70)
	at javax.servlet.http.HttpServlet.service(HttpServlet.java:729)
	at org.apache.jasper.servlet.JspServletWrapper.service(JspServletWrapper.java:443)
	at org.apache.jasper.servlet.JspServlet.serviceJspFile(JspServlet.java:385)
	at org.apache.jasper.servlet.JspServlet.service(JspServlet.java:329)
	at javax.servlet.http.HttpServlet.service(HttpServlet.java:729)
	at org.apache.catalina.core.ApplicationFilterChain.internalDoFilter(ApplicationFilterChain.java:230)
	at org.apache.catalina.core.ApplicationFilterChain.doFilter(ApplicationFilterChain.java:165)
	at org.apache.tomcat.websocket.server.WsFilter.doFilter(WsFilter.java:52)
	at org.apache.catalina.core.ApplicationFilterChain.internalDoFilter(ApplicationFilterChain.java:192)
	at org.apache.catalina.core.ApplicationFilterChain.doFilter(ApplicationFilterChain.java:165)
	at org.apache.catalina.core.ApplicationDispatcher.invoke(ApplicationDispatcher.java:726)
	at org.apache.catalina.core.ApplicationDispatcher.processRequest(ApplicationDispatcher.java:469)
	at org.apache.catalina.core.ApplicationDispatcher.doForward(ApplicationDispatcher.java:394)
	at org.apache.catalina.core.ApplicationDispatcher.forward(ApplicationDispatcher.java:311)
	at org.springframework.web.servlet.view.InternalResourceView.renderMergedOutputModel(InternalResourceView.java:238)
	at org.springframework.web.servlet.view.AbstractView.render(AbstractView.java:264)
	at org.springframework.web.servlet.DispatcherServlet.render(DispatcherServlet.java:1208)
	at org.springframework.web.servlet.DispatcherServlet.processDispatchResult(DispatcherServlet.java:992)
	at org.springframework.web.servlet.DispatcherServlet.doDispatch(DispatcherServlet.java:939)
	at org.springframework.web.servlet.DispatcherServlet.doService(DispatcherServlet.java:856)
	at org.springframework.web.servlet.FrameworkServlet.processRequest(FrameworkServlet.java:920)
	at org.springframework.web.servlet.FrameworkServlet.doPost(FrameworkServlet.java:827)
	at javax.servlet.http.HttpServlet.service(HttpServlet.java:648)
	at org.springframework.web.servlet.FrameworkServlet.service(FrameworkServlet.java:801)
	at javax.servlet.http.HttpServlet.service(HttpServlet.java:729)
	at org.apache.catalina.core.ApplicationFilterChain.internalDoFilter(ApplicationFilterChain.java:230)
	at org.apache.catalina.core.ApplicationFilterChain.doFilter(ApplicationFilterChain.java:165)
	at org.apache.tomcat.websocket.server.WsFilter.doFilter(WsFilter.java:52)
	at org.apache.catalina.core.ApplicationFilterChain.internalDoFilter(ApplicationFilterChain.java:192)
	at org.apache.catalina.core.ApplicationFilterChain.doFilter(ApplicationFilterChain.java:165)
	at org.springframework.web.filter.CharacterEncodingFilter.doFilterInternal(CharacterEncodingFilter.java:88)
	at org.springframework.web.filter.OncePerRequestFilter.doFilter(OncePerRequestFilter.java:107)
	at org.apache.catalina.core.ApplicationFilterChain.internalDoFilter(ApplicationFilterChain.java:192)
	at org.apache.catalina.core.ApplicationFilterChain.doFilter(ApplicationFilterChain.java:165)
	at org.apache.catalina.core.StandardWrapperValve.invoke(StandardWrapperValve.java:198)
	at org.apache.catalina.core.StandardContextValve.invoke(StandardContextValve.java:108)
	at org.apache.catalina.authenticator.AuthenticatorBase.invoke(AuthenticatorBase.java:472)
	at org.apache.catalina.core.StandardHostValve.invoke(StandardHostValve.java:140)
	at org.apache.catalina.valves.ErrorReportValve.invoke(ErrorReportValve.java:79)
	at org.apache.catalina.valves.AbstractAccessLogValve.invoke(AbstractAccessLogValve.java:620)
	at org.apache.catalina.core.StandardEngineValve.invoke(StandardEngineValve.java:87)
	at org.apache.catalina.connector.CoyoteAdapter.service(CoyoteAdapter.java:349)
	at org.apache.coyote.http11.Http11Processor.service(Http11Processor.java:784)
	at org.apache.coyote.AbstractProcessorLight.process(AbstractProcessorLight.java:66)
	at org.apache.coyote.AbstractProtocol$ConnectionHandler.process(AbstractProtocol.java:802)
	at org.apache.tomcat.util.net.NioEndpoint$SocketProcessor.doRun(NioEndpoint.java:1410)
	at org.apache.tomcat.util.net.SocketProcessorBase.run(SocketProcessorBase.java:49)
	at java.util.concurrent.ThreadPoolExecutor.runWorker(ThreadPoolExecutor.java:1149)
	at java.util.concurrent.ThreadPoolExecutor$Worker.run(ThreadPoolExecutor.java:624)
	at org.apache.tomcat.util.threads.TaskThread$WrappingRunnable.run(TaskThread.java:61)
	at java.lang.Thread.run(Thread.java:748)

06-Dec-2021 16:06:01.831 INFORMACIÓN [http-nio-8080-exec-9] org.apache.catalina.core.ApplicationContext.log No Spring WebApplicationInitializer types detected on classpath
06-Dec-2021 16:14:53.776 INFORMACIÓN [localhost-startStop-2] org.apache.catalina.core.ApplicationContext.log Destroying Spring FrameworkServlet 'appServlet'
06-Dec-2021 16:14:54.323 INFORMACIÓN [localhost-startStop-2] org.apache.catalina.core.ApplicationContext.log Closing Spring root WebApplicationContext
06-Dec-2021 16:14:54.924 INFORMACIÓN [localhost-startStop-2] org.apache.catalina.core.ApplicationContext.log Destroying Spring FrameworkServlet 'appServlet'
06-Dec-2021 16:14:55.598 INFORMACIÓN [localhost-startStop-2] org.apache.catalina.core.ApplicationContext.log Closing Spring root WebApplicationContext
06-Dec-2021 16:14:55.723 INFORMACIÓN [localhost-startStop-2] org.apache.catalina.core.ApplicationContext.log Destroying Spring FrameworkServlet 'appServlet'
06-Dec-2021 16:14:56.993 INFORMACIÓN [localhost-startStop-2] org.apache.catalina.core.ApplicationContext.log Closing Spring root WebApplicationContext
06-Dec-2021 16:15:42.967 INFORMACIÓN [localhost-startStop-1] org.apache.catalina.core.ApplicationContext.log No Spring WebApplicationInitializer types detected on classpath
06-Dec-2021 16:15:43.614 INFORMACIÓN [localhost-startStop-1] org.apache.catalina.core.ApplicationContext.log Initializing Spring root WebApplicationContext
06-Dec-2021 16:15:44.076 INFORMACIÓN [localhost-startStop-1] org.apache.catalina.core.ApplicationContext.log Initializing Spring FrameworkServlet 'appServlet'
06-Dec-2021 16:15:59.604 INFORMACIÓN [localhost-startStop-1] org.apache.catalina.core.ApplicationContext.log No Spring WebApplicationInitializer types detected on classpath
06-Dec-2021 16:16:00.230 INFORMACIÓN [localhost-startStop-1] org.apache.catalina.core.ApplicationContext.log Initializing Spring root WebApplicationContext
06-Dec-2021 16:16:00.615 INFORMACIÓN [localhost-startStop-1] org.apache.catalina.core.ApplicationContext.log Initializing Spring FrameworkServlet 'appServlet'
06-Dec-2021 16:16:18.612 INFORMACIÓN [localhost-startStop-1] org.apache.catalina.core.ApplicationContext.log No Spring WebApplicationInitializer types detected on classpath
06-Dec-2021 16:16:19.186 INFORMACIÓN [localhost-startStop-1] org.apache.catalina.core.ApplicationContext.log Initializing Spring root WebApplicationContext
06-Dec-2021 16:16:19.569 INFORMACIÓN [localhost-startStop-1] org.apache.catalina.core.ApplicationContext.log Initializing Spring FrameworkServlet 'appServlet'
06-Dec-2021 16:16:34.408 INFORMACIÓN [http-nio-8080-exec-13] org.apache.catalina.core.ApplicationContext.log No Spring WebApplicationInitializer types detected on classpath
06-Dec-2021 16:18:09.419 INFORMACIÓN [http-nio-8080-exec-15] org.apache.catalina.core.ApplicationContext.log No Spring WebApplicationInitializer types detected on classpath
