29-Jan-2022 23:34:34.398 INFORMACIÓN [ContainerBackgroundProcessor[StandardEngine[Catalina]]] org.apache.catalina.core.ApplicationContext.log Destroying Spring FrameworkServlet 'appServlet'
29-Jan-2022 23:34:59.959 INFORMACIÓN [ContainerBackgroundProcessor[StandardEngine[Catalina]]] org.apache.catalina.core.ApplicationContext.log Closing Spring root WebApplicationContext
29-Jan-2022 23:35:11.993 INFORMACIÓN [localhost-startStop-3] org.apache.catalina.core.ApplicationContext.log No Spring WebApplicationInitializer types detected on classpath
29-Jan-2022 23:35:12.652 INFORMACIÓN [localhost-startStop-3] org.apache.catalina.core.ApplicationContext.log Initializing Spring root WebApplicationContext
29-Jan-2022 23:35:13.001 INFORMACIÓN [localhost-startStop-3] org.apache.catalina.core.ApplicationContext.log Initializing Spring FrameworkServlet 'appServlet'
29-Jan-2022 23:36:03.262 GRAVE [localhost-startStop-3] org.apache.catalina.core.ApplicationContext.log StandardWrapper.Throwable
 org.springframework.beans.factory.UnsatisfiedDependencyException: Error creating bean with name 'depositosAPI' defined in file [E:\Proyectos - Desa\DA-4525-FIELCORRESPONSAL - Rebranding Fielcorresponsal\michi\depositos-fielcorresponsal\target\depositos-fielcorresponsal##2.11.16-RELEASE\WEB-INF\classes\py\com\fielco\corresponsal\depositos\controller\DepositosAPI.class]: Unsatisfied dependency expressed through constructor argument with index 1 of type [py.com.fielco.corresponsal.depositos.service.DepositosService]: : Error creating bean with name 'depositosServiceImpl' defined in file [E:\Proyectos - Desa\DA-4525-FIELCORRESPONSAL - Rebranding Fielcorresponsal\michi\depositos-fielcorresponsal\target\depositos-fielcorresponsal##2.11.16-RELEASE\WEB-INF\classes\py\com\fielco\corresponsal\depositos\service\DepositosServiceImpl.class]: Unsatisfied dependency expressed through constructor argument with index 1 of type [py.com.fielco.corresponsal.common.service.BantotalClienteService]: : Error creating bean with name 'bantotalClienteService' defined in URL [jar:file:/E:/Proyectos%20-%20Desa/DA-4525-FIELCORRESPONSAL%20-%20Rebranding%20Fielcorresponsal/michi/depositos-fielcorresponsal/target/depositos-fielcorresponsal%23%232.11.16-RELEASE/WEB-INF/lib/fielcorresponsal-common-2.11.16-RELEASE.jar!/py/com/fielco/corresponsal/common/service/BantotalClienteService.class]: Bean instantiation via constructor failed; nested exception is org.springframework.beans.BeanInstantiationException: Failed to instantiate [py.com.fielco.corresponsal.common.service.BantotalClienteService]: Constructor threw exception; nested exception is com.roshka.michi.exception.APIException: Error al obtener canal digital by descripcion desde DB2: 
### Error querying database.  Cause: java.sql.SQLNonTransientConnectionException: The application requester cannot establish the connection. (Connection timed out: connect)
### The error may exist in py/com/fielco/corresponsal/common/dao/mapper/CanalDigitalMapper.xml
### The error may involve py.com.fielco.corresponsal.common.dao.mapper.CanalDigitalMapper.selectByDescripcion
### The error occurred while executing a query
### Cause: java.sql.SQLNonTransientConnectionException: The application requester cannot establish the connection. (Connection timed out: connect)
; SQL []; The application requester cannot establish the connection. (Connection timed out: connect); nested exception is java.sql.SQLNonTransientConnectionException: The application requester cannot establish the connection. (Connection timed out: connect); nested exception is org.springframework.beans.factory.BeanCreationException: Error creating bean with name 'bantotalClienteService' defined in URL [jar:file:/E:/Proyectos%20-%20Desa/DA-4525-FIELCORRESPONSAL%20-%20Rebranding%20Fielcorresponsal/michi/depositos-fielcorresponsal/target/depositos-fielcorresponsal%23%232.11.16-RELEASE/WEB-INF/lib/fielcorresponsal-common-2.11.16-RELEASE.jar!/py/com/fielco/corresponsal/common/service/BantotalClienteService.class]: Bean instantiation via constructor failed; nested exception is org.springframework.beans.BeanInstantiationException: Failed to instantiate [py.com.fielco.corresponsal.common.service.BantotalClienteService]: Constructor threw exception; nested exception is com.roshka.michi.exception.APIException: Error al obtener canal digital by descripcion desde DB2: 
### Error querying database.  Cause: java.sql.SQLNonTransientConnectionException: The application requester cannot establish the connection. (Connection timed out: connect)
### The error may exist in py/com/fielco/corresponsal/common/dao/mapper/CanalDigitalMapper.xml
### The error may involve py.com.fielco.corresponsal.common.dao.mapper.CanalDigitalMapper.selectByDescripcion
### The error occurred while executing a query
### Cause: java.sql.SQLNonTransientConnectionException: The application requester cannot establish the connection. (Connection timed out: connect)
; SQL []; The application requester cannot establish the connection. (Connection timed out: connect); nested exception is java.sql.SQLNonTransientConnectionException: The application requester cannot establish the connection. (Connection timed out: connect); nested exception is org.springframework.beans.factory.UnsatisfiedDependencyException: Error creating bean with name 'depositosServiceImpl' defined in file [E:\Proyectos - Desa\DA-4525-FIELCORRESPONSAL - Rebranding Fielcorresponsal\michi\depositos-fielcorresponsal\target\depositos-fielcorresponsal##2.11.16-RELEASE\WEB-INF\classes\py\com\fielco\corresponsal\depositos\service\DepositosServiceImpl.class]: Unsatisfied dependency expressed through constructor argument with index 1 of type [py.com.fielco.corresponsal.common.service.BantotalClienteService]: : Error creating bean with name 'bantotalClienteService' defined in URL [jar:file:/E:/Proyectos%20-%20Desa/DA-4525-FIELCORRESPONSAL%20-%20Rebranding%20Fielcorresponsal/michi/depositos-fielcorresponsal/target/depositos-fielcorresponsal%23%232.11.16-RELEASE/WEB-INF/lib/fielcorresponsal-common-2.11.16-RELEASE.jar!/py/com/fielco/corresponsal/common/service/BantotalClienteService.class]: Bean instantiation via constructor failed; nested exception is org.springframework.beans.BeanInstantiationException: Failed to instantiate [py.com.fielco.corresponsal.common.service.BantotalClienteService]: Constructor threw exception; nested exception is com.roshka.michi.exception.APIException: Error al obtener canal digital by descripcion desde DB2: 
### Error querying database.  Cause: java.sql.SQLNonTransientConnectionException: The application requester cannot establish the connection. (Connection timed out: connect)
### The error may exist in py/com/fielco/corresponsal/common/dao/mapper/CanalDigitalMapper.xml
### The error may involve py.com.fielco.corresponsal.common.dao.mapper.CanalDigitalMapper.selectByDescripcion
### The error occurred while executing a query
### Cause: java.sql.SQLNonTransientConnectionException: The application requester cannot establish the connection. (Connection timed out: connect)
; SQL []; The application requester cannot establish the connection. (Connection timed out: connect); nested exception is java.sql.SQLNonTransientConnectionException: The application requester cannot establish the connection. (Connection timed out: connect); nested exception is org.springframework.beans.factory.BeanCreationException: Error creating bean with name 'bantotalClienteService' defined in URL [jar:file:/E:/Proyectos%20-%20Desa/DA-4525-FIELCORRESPONSAL%20-%20Rebranding%20Fielcorresponsal/michi/depositos-fielcorresponsal/target/depositos-fielcorresponsal%23%232.11.16-RELEASE/WEB-INF/lib/fielcorresponsal-common-2.11.16-RELEASE.jar!/py/com/fielco/corresponsal/common/service/BantotalClienteService.class]: Bean instantiation via constructor failed; nested exception is org.springframework.beans.BeanInstantiationException: Failed to instantiate [py.com.fielco.corresponsal.common.service.BantotalClienteService]: Constructor threw exception; nested exception is com.roshka.michi.exception.APIException: Error al obtener canal digital by descripcion desde DB2: 
### Error querying database.  Cause: java.sql.SQLNonTransientConnectionException: The application requester cannot establish the connection. (Connection timed out: connect)
### The error may exist in py/com/fielco/corresponsal/common/dao/mapper/CanalDigitalMapper.xml
### The error may involve py.com.fielco.corresponsal.common.dao.mapper.CanalDigitalMapper.selectByDescripcion
### The error occurred while executing a query
### Cause: java.sql.SQLNonTransientConnectionException: The application requester cannot establish the connection. (Connection timed out: connect)
; SQL []; The application requester cannot establish the connection. (Connection timed out: connect); nested exception is java.sql.SQLNonTransientConnectionException: The application requester cannot establish the connection. (Connection timed out: connect)
	at org.springframework.beans.factory.support.ConstructorResolver.createArgumentArray(ConstructorResolver.java:749)
	at org.springframework.beans.factory.support.ConstructorResolver.autowireConstructor(ConstructorResolver.java:185)
	at org.springframework.beans.factory.support.AbstractAutowireCapableBeanFactory.autowireConstructor(AbstractAutowireCapableBeanFactory.java:1143)
	at org.springframework.beans.factory.support.AbstractAutowireCapableBeanFactory.createBeanInstance(AbstractAutowireCapableBeanFactory.java:1046)
	at org.springframework.beans.factory.support.AbstractAutowireCapableBeanFactory.doCreateBean(AbstractAutowireCapableBeanFactory.java:510)
	at org.springframework.beans.factory.support.AbstractAutowireCapableBeanFactory.createBean(AbstractAutowireCapableBeanFactory.java:482)
	at org.springframework.beans.factory.support.AbstractBeanFactory$1.getObject(AbstractBeanFactory.java:306)
	at org.springframework.beans.factory.support.DefaultSingletonBeanRegistry.getSingleton(DefaultSingletonBeanRegistry.java:230)
	at org.springframework.beans.factory.support.AbstractBeanFactory.doGetBean(AbstractBeanFactory.java:302)
	at org.springframework.beans.factory.support.AbstractBeanFactory.getBean(AbstractBeanFactory.java:197)
	at org.springframework.beans.factory.support.DefaultListableBeanFactory.preInstantiateSingletons(DefaultListableBeanFactory.java:772)
	at org.springframework.context.support.AbstractApplicationContext.finishBeanFactoryInitialization(AbstractApplicationContext.java:839)
	at org.springframework.context.support.AbstractApplicationContext.refresh(AbstractApplicationContext.java:538)
	at org.springframework.web.servlet.FrameworkServlet.configureAndRefreshWebApplicationContext(FrameworkServlet.java:668)
	at org.springframework.web.servlet.FrameworkServlet.createWebApplicationContext(FrameworkServlet.java:634)
	at org.springframework.web.servlet.FrameworkServlet.createWebApplicationContext(FrameworkServlet.java:682)
	at org.springframework.web.servlet.FrameworkServlet.initWebApplicationContext(FrameworkServlet.java:553)
	at org.springframework.web.servlet.FrameworkServlet.initServletBean(FrameworkServlet.java:494)
	at org.springframework.web.servlet.HttpServletBean.init(HttpServletBean.java:136)
	at javax.servlet.GenericServlet.init(GenericServlet.java:158)
	at org.apache.catalina.core.StandardWrapper.initServlet(StandardWrapper.java:1183)
	at org.apache.catalina.core.StandardWrapper.loadServlet(StandardWrapper.java:1099)
	at org.apache.catalina.core.StandardWrapper.load(StandardWrapper.java:989)
	at org.apache.catalina.core.StandardContext.loadOnStartup(StandardContext.java:4913)
	at org.apache.catalina.core.StandardContext.startInternal(StandardContext.java:5223)
	at org.apache.catalina.util.LifecycleBase.start(LifecycleBase.java:150)
	at org.apache.catalina.core.ContainerBase.addChildInternal(ContainerBase.java:724)
	at org.apache.catalina.core.ContainerBase.addChild(ContainerBase.java:700)
	at org.apache.catalina.core.StandardHost.addChild(StandardHost.java:734)
	at org.apache.catalina.startup.HostConfig.deployDescriptor(HostConfig.java:596)
	at org.apache.catalina.startup.HostConfig$DeployDescriptor.run(HostConfig.java:1805)
	at java.util.concurrent.Executors$RunnableAdapter.call(Executors.java:511)
	at java.util.concurrent.FutureTask.run(FutureTask.java:266)
	at java.util.concurrent.ThreadPoolExecutor.runWorker(ThreadPoolExecutor.java:1149)
	at java.util.concurrent.ThreadPoolExecutor$Worker.run(ThreadPoolExecutor.java:624)
	at java.lang.Thread.run(Thread.java:748)
Caused by: org.springframework.beans.factory.UnsatisfiedDependencyException: Error creating bean with name 'depositosServiceImpl' defined in file [E:\Proyectos - Desa\DA-4525-FIELCORRESPONSAL - Rebranding Fielcorresponsal\michi\depositos-fielcorresponsal\target\depositos-fielcorresponsal##2.11.16-RELEASE\WEB-INF\classes\py\com\fielco\corresponsal\depositos\service\DepositosServiceImpl.class]: Unsatisfied dependency expressed through constructor argument with index 1 of type [py.com.fielco.corresponsal.common.service.BantotalClienteService]: : Error creating bean with name 'bantotalClienteService' defined in URL [jar:file:/E:/Proyectos%20-%20Desa/DA-4525-FIELCORRESPONSAL%20-%20Rebranding%20Fielcorresponsal/michi/depositos-fielcorresponsal/target/depositos-fielcorresponsal%23%232.11.16-RELEASE/WEB-INF/lib/fielcorresponsal-common-2.11.16-RELEASE.jar!/py/com/fielco/corresponsal/common/service/BantotalClienteService.class]: Bean instantiation via constructor failed; nested exception is org.springframework.beans.BeanInstantiationException: Failed to instantiate [py.com.fielco.corresponsal.common.service.BantotalClienteService]: Constructor threw exception; nested exception is com.roshka.michi.exception.APIException: Error al obtener canal digital by descripcion desde DB2: 
### Error querying database.  Cause: java.sql.SQLNonTransientConnectionException: The application requester cannot establish the connection. (Connection timed out: connect)
### The error may exist in py/com/fielco/corresponsal/common/dao/mapper/CanalDigitalMapper.xml
### The error may involve py.com.fielco.corresponsal.common.dao.mapper.CanalDigitalMapper.selectByDescripcion
### The error occurred while executing a query
### Cause: java.sql.SQLNonTransientConnectionException: The application requester cannot establish the connection. (Connection timed out: connect)
; SQL []; The application requester cannot establish the connection. (Connection timed out: connect); nested exception is java.sql.SQLNonTransientConnectionException: The application requester cannot establish the connection. (Connection timed out: connect); nested exception is org.springframework.beans.factory.BeanCreationException: Error creating bean with name 'bantotalClienteService' defined in URL [jar:file:/E:/Proyectos%20-%20Desa/DA-4525-FIELCORRESPONSAL%20-%20Rebranding%20Fielcorresponsal/michi/depositos-fielcorresponsal/target/depositos-fielcorresponsal%23%232.11.16-RELEASE/WEB-INF/lib/fielcorresponsal-common-2.11.16-RELEASE.jar!/py/com/fielco/corresponsal/common/service/BantotalClienteService.class]: Bean instantiation via constructor failed; nested exception is org.springframework.beans.BeanInstantiationException: Failed to instantiate [py.com.fielco.corresponsal.common.service.BantotalClienteService]: Constructor threw exception; nested exception is com.roshka.michi.exception.APIException: Error al obtener canal digital by descripcion desde DB2: 
### Error querying database.  Cause: java.sql.SQLNonTransientConnectionException: The application requester cannot establish the connection. (Connection timed out: connect)
### The error may exist in py/com/fielco/corresponsal/common/dao/mapper/CanalDigitalMapper.xml
### The error may involve py.com.fielco.corresponsal.common.dao.mapper.CanalDigitalMapper.selectByDescripcion
### The error occurred while executing a query
### Cause: java.sql.SQLNonTransientConnectionException: The application requester cannot establish the connection. (Connection timed out: connect)
; SQL []; The application requester cannot establish the connection. (Connection timed out: connect); nested exception is java.sql.SQLNonTransientConnectionException: The application requester cannot establish the connection. (Connection timed out: connect)
	at org.springframework.beans.factory.support.ConstructorResolver.createArgumentArray(ConstructorResolver.java:749)
	at org.springframework.beans.factory.support.ConstructorResolver.autowireConstructor(ConstructorResolver.java:185)
	at org.springframework.beans.factory.support.AbstractAutowireCapableBeanFactory.autowireConstructor(AbstractAutowireCapableBeanFactory.java:1143)
	at org.springframework.beans.factory.support.AbstractAutowireCapableBeanFactory.createBeanInstance(AbstractAutowireCapableBeanFactory.java:1046)
	at org.springframework.beans.factory.support.AbstractAutowireCapableBeanFactory.doCreateBean(AbstractAutowireCapableBeanFactory.java:510)
	at org.springframework.beans.factory.support.AbstractAutowireCapableBeanFactory.createBean(AbstractAutowireCapableBeanFactory.java:482)
	at org.springframework.beans.factory.support.AbstractBeanFactory$1.getObject(AbstractBeanFactory.java:306)
	at org.springframework.beans.factory.support.DefaultSingletonBeanRegistry.getSingleton(DefaultSingletonBeanRegistry.java:230)
	at org.springframework.beans.factory.support.AbstractBeanFactory.doGetBean(AbstractBeanFactory.java:302)
	at org.springframework.beans.factory.support.AbstractBeanFactory.getBean(AbstractBeanFactory.java:197)
	at org.springframework.beans.factory.support.DefaultListableBeanFactory.findAutowireCandidates(DefaultListableBeanFactory.java:1192)
	at org.springframework.beans.factory.support.DefaultListableBeanFactory.doResolveDependency(DefaultListableBeanFactory.java:1116)
	at org.springframework.beans.factory.support.DefaultListableBeanFactory.resolveDependency(DefaultListableBeanFactory.java:1014)
	at org.springframework.beans.factory.support.ConstructorResolver.resolveAutowiredArgument(ConstructorResolver.java:813)
	at org.springframework.beans.factory.support.ConstructorResolver.createArgumentArray(ConstructorResolver.java:741)
	... 35 more
Caused by: org.springframework.beans.factory.BeanCreationException: Error creating bean with name 'bantotalClienteService' defined in URL [jar:file:/E:/Proyectos%20-%20Desa/DA-4525-FIELCORRESPONSAL%20-%20Rebranding%20Fielcorresponsal/michi/depositos-fielcorresponsal/target/depositos-fielcorresponsal%23%232.11.16-RELEASE/WEB-INF/lib/fielcorresponsal-common-2.11.16-RELEASE.jar!/py/com/fielco/corresponsal/common/service/BantotalClienteService.class]: Bean instantiation via constructor failed; nested exception is org.springframework.beans.BeanInstantiationException: Failed to instantiate [py.com.fielco.corresponsal.common.service.BantotalClienteService]: Constructor threw exception; nested exception is com.roshka.michi.exception.APIException: Error al obtener canal digital by descripcion desde DB2: 
### Error querying database.  Cause: java.sql.SQLNonTransientConnectionException: The application requester cannot establish the connection. (Connection timed out: connect)
### The error may exist in py/com/fielco/corresponsal/common/dao/mapper/CanalDigitalMapper.xml
### The error may involve py.com.fielco.corresponsal.common.dao.mapper.CanalDigitalMapper.selectByDescripcion
### The error occurred while executing a query
### Cause: java.sql.SQLNonTransientConnectionException: The application requester cannot establish the connection. (Connection timed out: connect)
; SQL []; The application requester cannot establish the connection. (Connection timed out: connect); nested exception is java.sql.SQLNonTransientConnectionException: The application requester cannot establish the connection. (Connection timed out: connect)
	at org.springframework.beans.factory.support.ConstructorResolver.autowireConstructor(ConstructorResolver.java:275)
	at org.springframework.beans.factory.support.AbstractAutowireCapableBeanFactory.autowireConstructor(AbstractAutowireCapableBeanFactory.java:1143)
	at org.springframework.beans.factory.support.AbstractAutowireCapableBeanFactory.createBeanInstance(AbstractAutowireCapableBeanFactory.java:1046)
	at org.springframework.beans.factory.support.AbstractAutowireCapableBeanFactory.doCreateBean(AbstractAutowireCapableBeanFactory.java:510)
	at org.springframework.beans.factory.support.AbstractAutowireCapableBeanFactory.createBean(AbstractAutowireCapableBeanFactory.java:482)
	at org.springframework.beans.factory.support.AbstractBeanFactory$1.getObject(AbstractBeanFactory.java:306)
	at org.springframework.beans.factory.support.DefaultSingletonBeanRegistry.getSingleton(DefaultSingletonBeanRegistry.java:230)
	at org.springframework.beans.factory.support.AbstractBeanFactory.doGetBean(AbstractBeanFactory.java:302)
	at org.springframework.beans.factory.support.AbstractBeanFactory.getBean(AbstractBeanFactory.java:197)
	at org.springframework.beans.factory.support.DefaultListableBeanFactory.findAutowireCandidates(DefaultListableBeanFactory.java:1192)
	at org.springframework.beans.factory.support.DefaultListableBeanFactory.doResolveDependency(DefaultListableBeanFactory.java:1116)
	at org.springframework.beans.factory.support.DefaultListableBeanFactory.resolveDependency(DefaultListableBeanFactory.java:1014)
	at org.springframework.beans.factory.support.ConstructorResolver.resolveAutowiredArgument(ConstructorResolver.java:813)
	at org.springframework.beans.factory.support.ConstructorResolver.createArgumentArray(ConstructorResolver.java:741)
	... 49 more
Caused by: org.springframework.beans.BeanInstantiationException: Failed to instantiate [py.com.fielco.corresponsal.common.service.BantotalClienteService]: Constructor threw exception; nested exception is com.roshka.michi.exception.APIException: Error al obtener canal digital by descripcion desde DB2: 
### Error querying database.  Cause: java.sql.SQLNonTransientConnectionException: The application requester cannot establish the connection. (Connection timed out: connect)
### The error may exist in py/com/fielco/corresponsal/common/dao/mapper/CanalDigitalMapper.xml
### The error may involve py.com.fielco.corresponsal.common.dao.mapper.CanalDigitalMapper.selectByDescripcion
### The error occurred while executing a query
### Cause: java.sql.SQLNonTransientConnectionException: The application requester cannot establish the connection. (Connection timed out: connect)
; SQL []; The application requester cannot establish the connection. (Connection timed out: connect); nested exception is java.sql.SQLNonTransientConnectionException: The application requester cannot establish the connection. (Connection timed out: connect)
	at org.springframework.beans.BeanUtils.instantiateClass(BeanUtils.java:163)
	at org.springframework.beans.factory.support.SimpleInstantiationStrategy.instantiate(SimpleInstantiationStrategy.java:122)
	at org.springframework.beans.factory.support.ConstructorResolver.autowireConstructor(ConstructorResolver.java:267)
	... 62 more
Caused by: com.roshka.michi.exception.APIException: Error al obtener canal digital by descripcion desde DB2: 
### Error querying database.  Cause: java.sql.SQLNonTransientConnectionException: The application requester cannot establish the connection. (Connection timed out: connect)
### The error may exist in py/com/fielco/corresponsal/common/dao/mapper/CanalDigitalMapper.xml
### The error may involve py.com.fielco.corresponsal.common.dao.mapper.CanalDigitalMapper.selectByDescripcion
### The error occurred while executing a query
### Cause: java.sql.SQLNonTransientConnectionException: The application requester cannot establish the connection. (Connection timed out: connect)
; SQL []; The application requester cannot establish the connection. (Connection timed out: connect); nested exception is java.sql.SQLNonTransientConnectionException: The application requester cannot establish the connection. (Connection timed out: connect)
	at py.com.fielco.corresponsal.common.dao.CanalDigitalDAOImpl.obtenerCanalByDescripcion(CanalDigitalDAOImpl.java:39)
	at py.com.fielco.corresponsal.common.service.BantotalClienteService.<init>(BantotalClienteService.java:167)
	at sun.reflect.NativeConstructorAccessorImpl.newInstance0(Native Method)
	at sun.reflect.NativeConstructorAccessorImpl.newInstance(NativeConstructorAccessorImpl.java:62)
	at sun.reflect.DelegatingConstructorAccessorImpl.newInstance(DelegatingConstructorAccessorImpl.java:45)
	at java.lang.reflect.Constructor.newInstance(Constructor.java:423)
	at org.springframework.beans.BeanUtils.instantiateClass(BeanUtils.java:147)
	... 64 more

29-Jan-2022 23:36:03.262 GRAVE [localhost-startStop-3] org.apache.catalina.core.StandardContext.loadOnStartup Servlet [appServlet] in web application [/depositos-fielcorresponsal] threw load() exception
 com.roshka.michi.exception.APIException: Error al obtener canal digital by descripcion desde DB2: 
### Error querying database.  Cause: java.sql.SQLNonTransientConnectionException: The application requester cannot establish the connection. (Connection timed out: connect)
### The error may exist in py/com/fielco/corresponsal/common/dao/mapper/CanalDigitalMapper.xml
### The error may involve py.com.fielco.corresponsal.common.dao.mapper.CanalDigitalMapper.selectByDescripcion
### The error occurred while executing a query
### Cause: java.sql.SQLNonTransientConnectionException: The application requester cannot establish the connection. (Connection timed out: connect)
; SQL []; The application requester cannot establish the connection. (Connection timed out: connect); nested exception is java.sql.SQLNonTransientConnectionException: The application requester cannot establish the connection. (Connection timed out: connect)
	at py.com.fielco.corresponsal.common.dao.CanalDigitalDAOImpl.obtenerCanalByDescripcion(CanalDigitalDAOImpl.java:39)
	at py.com.fielco.corresponsal.common.service.BantotalClienteService.<init>(BantotalClienteService.java:167)
	at sun.reflect.NativeConstructorAccessorImpl.newInstance0(Native Method)
	at sun.reflect.NativeConstructorAccessorImpl.newInstance(NativeConstructorAccessorImpl.java:62)
	at sun.reflect.DelegatingConstructorAccessorImpl.newInstance(DelegatingConstructorAccessorImpl.java:45)
	at java.lang.reflect.Constructor.newInstance(Constructor.java:423)
	at org.springframework.beans.BeanUtils.instantiateClass(BeanUtils.java:147)
	at org.springframework.beans.factory.support.SimpleInstantiationStrategy.instantiate(SimpleInstantiationStrategy.java:122)
	at org.springframework.beans.factory.support.ConstructorResolver.autowireConstructor(ConstructorResolver.java:267)
	at org.springframework.beans.factory.support.AbstractAutowireCapableBeanFactory.autowireConstructor(AbstractAutowireCapableBeanFactory.java:1143)
	at org.springframework.beans.factory.support.AbstractAutowireCapableBeanFactory.createBeanInstance(AbstractAutowireCapableBeanFactory.java:1046)
	at org.springframework.beans.factory.support.AbstractAutowireCapableBeanFactory.doCreateBean(AbstractAutowireCapableBeanFactory.java:510)
	at org.springframework.beans.factory.support.AbstractAutowireCapableBeanFactory.createBean(AbstractAutowireCapableBeanFactory.java:482)
	at org.springframework.beans.factory.support.AbstractBeanFactory$1.getObject(AbstractBeanFactory.java:306)
	at org.springframework.beans.factory.support.DefaultSingletonBeanRegistry.getSingleton(DefaultSingletonBeanRegistry.java:230)
	at org.springframework.beans.factory.support.AbstractBeanFactory.doGetBean(AbstractBeanFactory.java:302)
	at org.springframework.beans.factory.support.AbstractBeanFactory.getBean(AbstractBeanFactory.java:197)
	at org.springframework.beans.factory.support.DefaultListableBeanFactory.findAutowireCandidates(DefaultListableBeanFactory.java:1192)
	at org.springframework.beans.factory.support.DefaultListableBeanFactory.doResolveDependency(DefaultListableBeanFactory.java:1116)
	at org.springframework.beans.factory.support.DefaultListableBeanFactory.resolveDependency(DefaultListableBeanFactory.java:1014)
	at org.springframework.beans.factory.support.ConstructorResolver.resolveAutowiredArgument(ConstructorResolver.java:813)
	at org.springframework.beans.factory.support.ConstructorResolver.createArgumentArray(ConstructorResolver.java:741)
	at org.springframework.beans.factory.support.ConstructorResolver.autowireConstructor(ConstructorResolver.java:185)
	at org.springframework.beans.factory.support.AbstractAutowireCapableBeanFactory.autowireConstructor(AbstractAutowireCapableBeanFactory.java:1143)
	at org.springframework.beans.factory.support.AbstractAutowireCapableBeanFactory.createBeanInstance(AbstractAutowireCapableBeanFactory.java:1046)
	at org.springframework.beans.factory.support.AbstractAutowireCapableBeanFactory.doCreateBean(AbstractAutowireCapableBeanFactory.java:510)
	at org.springframework.beans.factory.support.AbstractAutowireCapableBeanFactory.createBean(AbstractAutowireCapableBeanFactory.java:482)
	at org.springframework.beans.factory.support.AbstractBeanFactory$1.getObject(AbstractBeanFactory.java:306)
	at org.springframework.beans.factory.support.DefaultSingletonBeanRegistry.getSingleton(DefaultSingletonBeanRegistry.java:230)
	at org.springframework.beans.factory.support.AbstractBeanFactory.doGetBean(AbstractBeanFactory.java:302)
	at org.springframework.beans.factory.support.AbstractBeanFactory.getBean(AbstractBeanFactory.java:197)
	at org.springframework.beans.factory.support.DefaultListableBeanFactory.findAutowireCandidates(DefaultListableBeanFactory.java:1192)
	at org.springframework.beans.factory.support.DefaultListableBeanFactory.doResolveDependency(DefaultListableBeanFactory.java:1116)
	at org.springframework.beans.factory.support.DefaultListableBeanFactory.resolveDependency(DefaultListableBeanFactory.java:1014)
	at org.springframework.beans.factory.support.ConstructorResolver.resolveAutowiredArgument(ConstructorResolver.java:813)
	at org.springframework.beans.factory.support.ConstructorResolver.createArgumentArray(ConstructorResolver.java:741)
	at org.springframework.beans.factory.support.ConstructorResolver.autowireConstructor(ConstructorResolver.java:185)
	at org.springframework.beans.factory.support.AbstractAutowireCapableBeanFactory.autowireConstructor(AbstractAutowireCapableBeanFactory.java:1143)
	at org.springframework.beans.factory.support.AbstractAutowireCapableBeanFactory.createBeanInstance(AbstractAutowireCapableBeanFactory.java:1046)
	at org.springframework.beans.factory.support.AbstractAutowireCapableBeanFactory.doCreateBean(AbstractAutowireCapableBeanFactory.java:510)
	at org.springframework.beans.factory.support.AbstractAutowireCapableBeanFactory.createBean(AbstractAutowireCapableBeanFactory.java:482)
	at org.springframework.beans.factory.support.AbstractBeanFactory$1.getObject(AbstractBeanFactory.java:306)
	at org.springframework.beans.factory.support.DefaultSingletonBeanRegistry.getSingleton(DefaultSingletonBeanRegistry.java:230)
	at org.springframework.beans.factory.support.AbstractBeanFactory.doGetBean(AbstractBeanFactory.java:302)
	at org.springframework.beans.factory.support.AbstractBeanFactory.getBean(AbstractBeanFactory.java:197)
	at org.springframework.beans.factory.support.DefaultListableBeanFactory.preInstantiateSingletons(DefaultListableBeanFactory.java:772)
	at org.springframework.context.support.AbstractApplicationContext.finishBeanFactoryInitialization(AbstractApplicationContext.java:839)
	at org.springframework.context.support.AbstractApplicationContext.refresh(AbstractApplicationContext.java:538)
	at org.springframework.web.servlet.FrameworkServlet.configureAndRefreshWebApplicationContext(FrameworkServlet.java:668)
	at org.springframework.web.servlet.FrameworkServlet.createWebApplicationContext(FrameworkServlet.java:634)
	at org.springframework.web.servlet.FrameworkServlet.createWebApplicationContext(FrameworkServlet.java:682)
	at org.springframework.web.servlet.FrameworkServlet.initWebApplicationContext(FrameworkServlet.java:553)
	at org.springframework.web.servlet.FrameworkServlet.initServletBean(FrameworkServlet.java:494)
	at org.springframework.web.servlet.HttpServletBean.init(HttpServletBean.java:136)
	at javax.servlet.GenericServlet.init(GenericServlet.java:158)
	at org.apache.catalina.core.StandardWrapper.initServlet(StandardWrapper.java:1183)
	at org.apache.catalina.core.StandardWrapper.loadServlet(StandardWrapper.java:1099)
	at org.apache.catalina.core.StandardWrapper.load(StandardWrapper.java:989)
	at org.apache.catalina.core.StandardContext.loadOnStartup(StandardContext.java:4913)
	at org.apache.catalina.core.StandardContext.startInternal(StandardContext.java:5223)
	at org.apache.catalina.util.LifecycleBase.start(LifecycleBase.java:150)
	at org.apache.catalina.core.ContainerBase.addChildInternal(ContainerBase.java:724)
	at org.apache.catalina.core.ContainerBase.addChild(ContainerBase.java:700)
	at org.apache.catalina.core.StandardHost.addChild(StandardHost.java:734)
	at org.apache.catalina.startup.HostConfig.deployDescriptor(HostConfig.java:596)
	at org.apache.catalina.startup.HostConfig$DeployDescriptor.run(HostConfig.java:1805)
	at java.util.concurrent.Executors$RunnableAdapter.call(Executors.java:511)
	at java.util.concurrent.FutureTask.run(FutureTask.java:266)
	at java.util.concurrent.ThreadPoolExecutor.runWorker(ThreadPoolExecutor.java:1149)
	at java.util.concurrent.ThreadPoolExecutor$Worker.run(ThreadPoolExecutor.java:624)
	at java.lang.Thread.run(Thread.java:748)

