15-Feb-2022 11:57:53.954 INFORMACIÓN [localhost-startStop-1] org.apache.catalina.core.ApplicationContext.log No Spring WebApplicationInitializer types detected on classpath
15-Feb-2022 11:57:54.826 INFORMACIÓN [localhost-startStop-1] org.apache.catalina.core.ApplicationContext.log Initializing Spring root WebApplicationContext
15-Feb-2022 11:57:55.174 INFORMACIÓN [localhost-startStop-1] org.apache.catalina.core.ApplicationContext.log Initializing Spring FrameworkServlet 'appServlet'
15-Feb-2022 11:58:18.724 INFORMACIÓN [localhost-startStop-1] org.apache.catalina.core.ApplicationContext.log No Spring WebApplicationInitializer types detected on classpath
15-Feb-2022 11:58:19.693 INFORMACIÓN [localhost-startStop-1] org.apache.catalina.core.ApplicationContext.log Initializing Spring root WebApplicationContext
15-Feb-2022 11:58:20.106 INFORMACIÓN [localhost-startStop-1] org.apache.catalina.core.ApplicationContext.log Initializing Spring FrameworkServlet 'appServlet'
15-Feb-2022 11:58:40.455 INFORMACIÓN [localhost-startStop-1] org.apache.catalina.core.ApplicationContext.log No Spring WebApplicationInitializer types detected on classpath
15-Feb-2022 11:58:41.296 INFORMACIÓN [localhost-startStop-1] org.apache.catalina.core.ApplicationContext.log Initializing Spring root WebApplicationContext
15-Feb-2022 11:58:41.719 INFORMACIÓN [localhost-startStop-1] org.apache.catalina.core.ApplicationContext.log Initializing Spring FrameworkServlet 'appServlet'
15-Feb-2022 11:59:00.039 INFORMACIÓN [localhost-startStop-1] org.apache.catalina.core.ApplicationContext.log No Spring WebApplicationInitializer types detected on classpath
15-Feb-2022 11:59:00.752 INFORMACIÓN [localhost-startStop-1] org.apache.catalina.core.ApplicationContext.log Initializing Spring root WebApplicationContext
15-Feb-2022 11:59:01.041 INFORMACIÓN [localhost-startStop-1] org.apache.catalina.core.ApplicationContext.log Initializing Spring FrameworkServlet 'appServlet'
15-Feb-2022 11:59:20.237 INFORMACIÓN [localhost-startStop-1] org.apache.catalina.core.ApplicationContext.log No Spring WebApplicationInitializer types detected on classpath
15-Feb-2022 11:59:21.089 INFORMACIÓN [localhost-startStop-1] org.apache.catalina.core.ApplicationContext.log Initializing Spring root WebApplicationContext
15-Feb-2022 11:59:21.457 INFORMACIÓN [localhost-startStop-1] org.apache.catalina.core.ApplicationContext.log Initializing Spring FrameworkServlet 'appServlet'
15-Feb-2022 11:59:40.228 INFORMACIÓN [localhost-startStop-1] org.apache.catalina.core.ApplicationContext.log No Spring WebApplicationInitializer types detected on classpath
15-Feb-2022 11:59:41.097 INFORMACIÓN [localhost-startStop-1] org.apache.catalina.core.ApplicationContext.log Initializing Spring root WebApplicationContext
15-Feb-2022 11:59:41.514 INFORMACIÓN [localhost-startStop-1] org.apache.catalina.core.ApplicationContext.log Initializing Spring FrameworkServlet 'appServlet'
15-Feb-2022 11:59:59.983 INFORMACIÓN [localhost-startStop-1] org.apache.catalina.core.ApplicationContext.log No Spring WebApplicationInitializer types detected on classpath
15-Feb-2022 12:00:00.704 INFORMACIÓN [localhost-startStop-1] org.apache.catalina.core.ApplicationContext.log Initializing Spring root WebApplicationContext
15-Feb-2022 12:00:01.027 INFORMACIÓN [localhost-startStop-1] org.apache.catalina.core.ApplicationContext.log Initializing Spring FrameworkServlet 'appServlet'
15-Feb-2022 12:00:38.442 INFORMACIÓN [localhost-startStop-1] org.apache.catalina.core.ApplicationContext.log No Spring WebApplicationInitializer types detected on classpath
15-Feb-2022 12:00:39.278 INFORMACIÓN [localhost-startStop-1] org.apache.catalina.core.ApplicationContext.log Initializing Spring root WebApplicationContext
15-Feb-2022 12:00:39.858 INFORMACIÓN [localhost-startStop-1] org.apache.catalina.core.ApplicationContext.log Initializing Spring FrameworkServlet 'appServlet'
15-Feb-2022 12:01:06.897 INFORMACIÓN [localhost-startStop-1] org.apache.catalina.core.ApplicationContext.log No Spring WebApplicationInitializer types detected on classpath
15-Feb-2022 12:01:07.817 INFORMACIÓN [localhost-startStop-1] org.apache.catalina.core.ApplicationContext.log Initializing Spring root WebApplicationContext
15-Feb-2022 12:01:08.210 INFORMACIÓN [localhost-startStop-1] org.apache.catalina.core.ApplicationContext.log Initializing Spring FrameworkServlet 'appServlet'
15-Feb-2022 12:01:26.736 INFORMACIÓN [localhost-startStop-1] org.apache.catalina.core.ApplicationContext.log No Spring WebApplicationInitializer types detected on classpath
15-Feb-2022 12:01:28.299 INFORMACIÓN [localhost-startStop-1] org.apache.catalina.core.ApplicationContext.log Initializing Spring root WebApplicationContext
15-Feb-2022 12:01:28.621 INFORMACIÓN [localhost-startStop-1] org.apache.catalina.core.ApplicationContext.log Initializing Spring FrameworkServlet 'appServlet'
15-Feb-2022 12:01:45.230 INFORMACIÓN [localhost-startStop-1] org.apache.catalina.core.ApplicationContext.log No Spring WebApplicationInitializer types detected on classpath
15-Feb-2022 12:01:46.008 INFORMACIÓN [localhost-startStop-1] org.apache.catalina.core.ApplicationContext.log Initializing Spring root WebApplicationContext
15-Feb-2022 12:01:46.306 INFORMACIÓN [localhost-startStop-1] org.apache.catalina.core.ApplicationContext.log Initializing Spring FrameworkServlet 'appServlet'
15-Feb-2022 12:02:03.936 INFORMACIÓN [localhost-startStop-1] org.apache.catalina.core.ApplicationContext.log No Spring WebApplicationInitializer types detected on classpath
15-Feb-2022 12:02:05.195 INFORMACIÓN [localhost-startStop-1] org.apache.catalina.core.ApplicationContext.log Initializing Spring root WebApplicationContext
15-Feb-2022 12:02:05.927 INFORMACIÓN [localhost-startStop-1] org.apache.catalina.core.ApplicationContext.log Initializing Spring FrameworkServlet 'appServlet'
15-Feb-2022 12:03:25.944 INFORMACIÓN [http-nio-8080-exec-22] org.apache.catalina.core.ApplicationContext.log No Spring WebApplicationInitializer types detected on classpath
15-Feb-2022 12:03:46.257 INFORMACIÓN [http-nio-8080-exec-22] org.apache.catalina.core.ApplicationContext.log Initializing Spring root WebApplicationContext
15-Feb-2022 12:03:46.633 INFORMACIÓN [http-nio-8080-exec-22] org.apache.catalina.core.ApplicationContext.log Initializing Spring FrameworkServlet 'appServlet'
15-Feb-2022 12:03:50.285 INFORMACIÓN [http-nio-8080-exec-14] org.apache.catalina.core.ApplicationContext.log Destroying Spring FrameworkServlet 'appServlet'
15-Feb-2022 12:03:51.240 INFORMACIÓN [http-nio-8080-exec-14] org.apache.catalina.core.ApplicationContext.log Closing Spring root WebApplicationContext
15-Feb-2022 12:03:55.092 INFORMACIÓN [http-nio-8080-exec-22] org.apache.catalina.core.ApplicationContext.log Destroying Spring FrameworkServlet 'appServlet'
15-Feb-2022 12:03:55.792 INFORMACIÓN [http-nio-8080-exec-22] org.apache.catalina.core.ApplicationContext.log Closing Spring root WebApplicationContext
15-Feb-2022 12:03:57.713 INFORMACIÓN [http-nio-8080-exec-52] org.apache.catalina.core.ApplicationContext.log Destroying Spring FrameworkServlet 'appServlet'
15-Feb-2022 12:03:58.007 INFORMACIÓN [http-nio-8080-exec-52] org.apache.catalina.core.ApplicationContext.log Closing Spring root WebApplicationContext
15-Feb-2022 12:04:08.388 INFORMACIÓN [http-nio-8080-exec-8] org.apache.catalina.core.ApplicationContext.log Destroying Spring FrameworkServlet 'appServlet'
15-Feb-2022 12:04:08.397 INFORMACIÓN [http-nio-8080-exec-8] org.apache.catalina.core.ApplicationContext.log Closing Spring root WebApplicationContext
15-Feb-2022 12:04:14.505 INFORMACIÓN [http-nio-8080-exec-8] org.apache.catalina.core.ApplicationContext.log No Spring WebApplicationInitializer types detected on classpath
15-Feb-2022 12:04:34.634 INFORMACIÓN [http-nio-8080-exec-8] org.apache.catalina.core.ApplicationContext.log Initializing Spring root WebApplicationContext
15-Feb-2022 12:04:34.950 INFORMACIÓN [http-nio-8080-exec-8] org.apache.catalina.core.ApplicationContext.log Initializing Spring FrameworkServlet 'appServlet'
15-Feb-2022 12:09:23.018 INFORMACIÓN [http-nio-8080-exec-72] org.apache.catalina.core.ApplicationContext.log Destroying Spring FrameworkServlet 'appServlet'
15-Feb-2022 12:09:23.595 INFORMACIÓN [http-nio-8080-exec-72] org.apache.catalina.core.ApplicationContext.log Closing Spring root WebApplicationContext
15-Feb-2022 12:09:27.443 INFORMACIÓN [http-nio-8080-exec-76] org.apache.catalina.core.ApplicationContext.log Destroying Spring FrameworkServlet 'appServlet'
15-Feb-2022 12:09:27.739 INFORMACIÓN [http-nio-8080-exec-76] org.apache.catalina.core.ApplicationContext.log Closing Spring root WebApplicationContext
15-Feb-2022 12:09:32.254 INFORMACIÓN [http-nio-8080-exec-73] org.apache.catalina.core.ApplicationContext.log Destroying Spring FrameworkServlet 'appServlet'
15-Feb-2022 12:09:32.569 INFORMACIÓN [http-nio-8080-exec-73] org.apache.catalina.core.ApplicationContext.log Closing Spring root WebApplicationContext
15-Feb-2022 12:09:36.833 INFORMACIÓN [http-nio-8080-exec-68] org.apache.catalina.core.ApplicationContext.log Destroying Spring FrameworkServlet 'appServlet'
15-Feb-2022 12:09:37.446 INFORMACIÓN [http-nio-8080-exec-68] org.apache.catalina.core.ApplicationContext.log Closing Spring root WebApplicationContext
15-Feb-2022 12:09:41.882 INFORMACIÓN [http-nio-8080-exec-71] org.apache.catalina.core.ApplicationContext.log Destroying Spring FrameworkServlet 'appServlet'
15-Feb-2022 12:09:42.163 INFORMACIÓN [http-nio-8080-exec-71] org.apache.catalina.core.ApplicationContext.log Closing Spring root WebApplicationContext
15-Feb-2022 12:09:46.232 INFORMACIÓN [http-nio-8080-exec-77] org.apache.catalina.core.ApplicationContext.log Destroying Spring FrameworkServlet 'appServlet'
15-Feb-2022 12:09:46.498 INFORMACIÓN [http-nio-8080-exec-77] org.apache.catalina.core.ApplicationContext.log Closing Spring root WebApplicationContext
15-Feb-2022 12:09:50.249 INFORMACIÓN [http-nio-8080-exec-79] org.apache.catalina.core.ApplicationContext.log Destroying Spring FrameworkServlet 'appServlet'
15-Feb-2022 12:09:50.530 INFORMACIÓN [http-nio-8080-exec-79] org.apache.catalina.core.ApplicationContext.log Closing Spring root WebApplicationContext
15-Feb-2022 12:09:55.086 INFORMACIÓN [http-nio-8080-exec-82] org.apache.catalina.core.ApplicationContext.log Destroying Spring FrameworkServlet 'appServlet'
15-Feb-2022 12:09:55.507 INFORMACIÓN [http-nio-8080-exec-82] org.apache.catalina.core.ApplicationContext.log Closing Spring root WebApplicationContext
15-Feb-2022 12:09:59.527 INFORMACIÓN [http-nio-8080-exec-80] org.apache.catalina.core.ApplicationContext.log Destroying Spring FrameworkServlet 'appServlet'
15-Feb-2022 12:09:59.793 INFORMACIÓN [http-nio-8080-exec-80] org.apache.catalina.core.ApplicationContext.log Closing Spring root WebApplicationContext
15-Feb-2022 12:11:02.938 INFORMACIÓN [http-nio-8080-exec-81] org.apache.catalina.core.ApplicationContext.log No Spring WebApplicationInitializer types detected on classpath
15-Feb-2022 12:11:23.942 INFORMACIÓN [http-nio-8080-exec-81] org.apache.catalina.core.ApplicationContext.log Initializing Spring root WebApplicationContext
15-Feb-2022 12:11:24.520 INFORMACIÓN [http-nio-8080-exec-81] org.apache.catalina.core.ApplicationContext.log Initializing Spring FrameworkServlet 'appServlet'
15-Feb-2022 12:14:04.989 INFORMACIÓN [http-nio-8080-exec-94] org.apache.catalina.core.ApplicationContext.log No Spring WebApplicationInitializer types detected on classpath
15-Feb-2022 12:14:26.341 INFORMACIÓN [http-nio-8080-exec-94] org.apache.catalina.core.ApplicationContext.log Initializing Spring root WebApplicationContext
15-Feb-2022 12:14:26.654 INFORMACIÓN [http-nio-8080-exec-94] org.apache.catalina.core.ApplicationContext.log Initializing Spring FrameworkServlet 'appServlet'
15-Feb-2022 12:15:17.397 INFORMACIÓN [http-nio-8080-exec-88] org.apache.catalina.core.ApplicationContext.log No Spring WebApplicationInitializer types detected on classpath
15-Feb-2022 12:15:37.631 INFORMACIÓN [http-nio-8080-exec-88] org.apache.catalina.core.ApplicationContext.log Initializing Spring root WebApplicationContext
15-Feb-2022 12:15:37.994 INFORMACIÓN [http-nio-8080-exec-88] org.apache.catalina.core.ApplicationContext.log Initializing Spring FrameworkServlet 'appServlet'
15-Feb-2022 15:18:42.454 INFORMACIÓN [http-nio-8080-exec-88] org.apache.catalina.core.ApplicationContext.log Destroying Spring FrameworkServlet 'appServlet'
15-Feb-2022 15:18:43.568 INFORMACIÓN [http-nio-8080-exec-88] org.apache.catalina.core.ApplicationContext.log Closing Spring root WebApplicationContext
15-Feb-2022 15:19:48.992 GRAVE [http-nio-8080-exec-97] org.apache.catalina.core.ApplicationDispatcher.invoke El Servlet.service() para servlet jsp lanzó una excepción
 java.lang.IllegalStateException: Neither BindingResult nor plain target object for bean name 'userInfo' available as request attribute
	at org.springframework.web.servlet.support.BindStatus.<init>(BindStatus.java:141)
	at org.springframework.web.servlet.tags.form.AbstractDataBoundFormElementTag.getBindStatus(AbstractDataBoundFormElementTag.java:179)
	at org.springframework.web.servlet.tags.form.AbstractDataBoundFormElementTag.getPropertyPath(AbstractDataBoundFormElementTag.java:199)
	at org.springframework.web.servlet.tags.form.AbstractDataBoundFormElementTag.getName(AbstractDataBoundFormElementTag.java:165)
	at org.springframework.web.servlet.tags.form.AbstractDataBoundFormElementTag.writeDefaultAttributes(AbstractDataBoundFormElementTag.java:128)
	at org.springframework.web.servlet.tags.form.AbstractHtmlElementTag.writeDefaultAttributes(AbstractHtmlElementTag.java:421)
	at org.springframework.web.servlet.tags.form.HiddenInputTag.writeTagContent(HiddenInputTag.java:77)
	at org.springframework.web.servlet.tags.form.AbstractFormTag.doStartTagInternal(AbstractFormTag.java:103)
	at org.springframework.web.servlet.tags.RequestContextAwareTag.doStartTag(RequestContextAwareTag.java:80)
	at org.apache.jsp.WEB_002dINF.views.commons.login_jsp._jspx_meth_sf_005fhidden_005f0(login_jsp.java:460)
	at org.apache.jsp.WEB_002dINF.views.commons.login_jsp._jspService(login_jsp.java:282)
	at org.apache.jasper.runtime.HttpJspBase.service(HttpJspBase.java:70)
	at javax.servlet.http.HttpServlet.service(HttpServlet.java:729)
	at org.apache.jasper.servlet.JspServletWrapper.service(JspServletWrapper.java:443)
	at org.apache.jasper.servlet.JspServlet.serviceJspFile(JspServlet.java:385)
	at org.apache.jasper.servlet.JspServlet.service(JspServlet.java:329)
	at javax.servlet.http.HttpServlet.service(HttpServlet.java:729)
	at org.apache.catalina.core.ApplicationFilterChain.internalDoFilter(ApplicationFilterChain.java:230)
	at org.apache.catalina.core.ApplicationFilterChain.doFilter(ApplicationFilterChain.java:165)
	at org.apache.tomcat.websocket.server.WsFilter.doFilter(WsFilter.java:52)
	at org.apache.catalina.core.ApplicationFilterChain.internalDoFilter(ApplicationFilterChain.java:192)
	at org.apache.catalina.core.ApplicationFilterChain.doFilter(ApplicationFilterChain.java:165)
	at org.apache.catalina.core.ApplicationDispatcher.invoke(ApplicationDispatcher.java:726)
	at org.apache.catalina.core.ApplicationDispatcher.processRequest(ApplicationDispatcher.java:469)
	at org.apache.catalina.core.ApplicationDispatcher.doForward(ApplicationDispatcher.java:394)
	at org.apache.catalina.core.ApplicationDispatcher.forward(ApplicationDispatcher.java:311)
	at org.springframework.web.servlet.view.InternalResourceView.renderMergedOutputModel(InternalResourceView.java:238)
	at org.springframework.web.servlet.view.AbstractView.render(AbstractView.java:264)
	at org.springframework.web.servlet.DispatcherServlet.render(DispatcherServlet.java:1208)
	at org.springframework.web.servlet.DispatcherServlet.processDispatchResult(DispatcherServlet.java:992)
	at org.springframework.web.servlet.DispatcherServlet.doDispatch(DispatcherServlet.java:939)
	at org.springframework.web.servlet.DispatcherServlet.doService(DispatcherServlet.java:856)
	at org.springframework.web.servlet.FrameworkServlet.processRequest(FrameworkServlet.java:920)
	at org.springframework.web.servlet.FrameworkServlet.doGet(FrameworkServlet.java:816)
	at javax.servlet.http.HttpServlet.service(HttpServlet.java:622)
	at org.springframework.web.servlet.FrameworkServlet.service(FrameworkServlet.java:801)
	at javax.servlet.http.HttpServlet.service(HttpServlet.java:729)
	at org.apache.catalina.core.ApplicationFilterChain.internalDoFilter(ApplicationFilterChain.java:230)
	at org.apache.catalina.core.ApplicationFilterChain.doFilter(ApplicationFilterChain.java:165)
	at org.apache.tomcat.websocket.server.WsFilter.doFilter(WsFilter.java:52)
	at org.apache.catalina.core.ApplicationFilterChain.internalDoFilter(ApplicationFilterChain.java:192)
	at org.apache.catalina.core.ApplicationFilterChain.doFilter(ApplicationFilterChain.java:165)
	at org.springframework.web.filter.CharacterEncodingFilter.doFilterInternal(CharacterEncodingFilter.java:88)
	at org.springframework.web.filter.OncePerRequestFilter.doFilter(OncePerRequestFilter.java:107)
	at org.apache.catalina.core.ApplicationFilterChain.internalDoFilter(ApplicationFilterChain.java:192)
	at org.apache.catalina.core.ApplicationFilterChain.doFilter(ApplicationFilterChain.java:165)
	at org.apache.catalina.core.StandardWrapperValve.invoke(StandardWrapperValve.java:198)
	at org.apache.catalina.core.StandardContextValve.invoke(StandardContextValve.java:108)
	at org.apache.catalina.authenticator.AuthenticatorBase.invoke(AuthenticatorBase.java:472)
	at org.apache.catalina.core.StandardHostValve.invoke(StandardHostValve.java:140)
	at org.apache.catalina.valves.ErrorReportValve.invoke(ErrorReportValve.java:79)
	at org.apache.catalina.valves.AbstractAccessLogValve.invoke(AbstractAccessLogValve.java:620)
	at org.apache.catalina.core.StandardEngineValve.invoke(StandardEngineValve.java:87)
	at org.apache.catalina.connector.CoyoteAdapter.service(CoyoteAdapter.java:349)
	at org.apache.coyote.http11.Http11Processor.service(Http11Processor.java:784)
	at org.apache.coyote.AbstractProcessorLight.process(AbstractProcessorLight.java:66)
	at org.apache.coyote.AbstractProtocol$ConnectionHandler.process(AbstractProtocol.java:802)
	at org.apache.tomcat.util.net.NioEndpoint$SocketProcessor.doRun(NioEndpoint.java:1410)
	at org.apache.tomcat.util.net.SocketProcessorBase.run(SocketProcessorBase.java:49)
	at java.util.concurrent.ThreadPoolExecutor.runWorker(ThreadPoolExecutor.java:1149)
	at java.util.concurrent.ThreadPoolExecutor$Worker.run(ThreadPoolExecutor.java:624)
	at org.apache.tomcat.util.threads.TaskThread$WrappingRunnable.run(TaskThread.java:61)
	at java.lang.Thread.run(Thread.java:748)

15-Feb-2022 15:19:48.993 GRAVE [http-nio-8080-exec-97] org.apache.catalina.core.StandardWrapperValve.invoke El Servlet.service() para el servlet [appServlet] en el contexto con ruta [/fielcorresponsal] lanzó la excepción [Ha sucedido una excepción al procesar la página JSP /WEB-INF/views/commons/login.jsp en línea 64

61:                                 <sf:errors path="password" cssClass="error"/>
62:                             </div>
63:                             <div>
64:                                 <sf:hidden path="userName" class="form-control" name="userName" id="userName"/>
65:                                 <sf:hidden path="fingerPrint" class="form-control" name="fingerprint" id="fingerprint"/>
66:                                 <sf:hidden path="fingerPrintComponents" class="form-control" name="deviceInfo"
67:                                            id="deviceInfo"/>


Stacktrace:] con causa raíz
 java.lang.IllegalStateException: Neither BindingResult nor plain target object for bean name 'userInfo' available as request attribute
	at org.springframework.web.servlet.support.BindStatus.<init>(BindStatus.java:141)
	at org.springframework.web.servlet.tags.form.AbstractDataBoundFormElementTag.getBindStatus(AbstractDataBoundFormElementTag.java:179)
	at org.springframework.web.servlet.tags.form.AbstractDataBoundFormElementTag.getPropertyPath(AbstractDataBoundFormElementTag.java:199)
	at org.springframework.web.servlet.tags.form.AbstractDataBoundFormElementTag.getName(AbstractDataBoundFormElementTag.java:165)
	at org.springframework.web.servlet.tags.form.AbstractDataBoundFormElementTag.writeDefaultAttributes(AbstractDataBoundFormElementTag.java:128)
	at org.springframework.web.servlet.tags.form.AbstractHtmlElementTag.writeDefaultAttributes(AbstractHtmlElementTag.java:421)
	at org.springframework.web.servlet.tags.form.HiddenInputTag.writeTagContent(HiddenInputTag.java:77)
	at org.springframework.web.servlet.tags.form.AbstractFormTag.doStartTagInternal(AbstractFormTag.java:103)
	at org.springframework.web.servlet.tags.RequestContextAwareTag.doStartTag(RequestContextAwareTag.java:80)
	at org.apache.jsp.WEB_002dINF.views.commons.login_jsp._jspx_meth_sf_005fhidden_005f0(login_jsp.java:460)
	at org.apache.jsp.WEB_002dINF.views.commons.login_jsp._jspService(login_jsp.java:282)
	at org.apache.jasper.runtime.HttpJspBase.service(HttpJspBase.java:70)
	at javax.servlet.http.HttpServlet.service(HttpServlet.java:729)
	at org.apache.jasper.servlet.JspServletWrapper.service(JspServletWrapper.java:443)
	at org.apache.jasper.servlet.JspServlet.serviceJspFile(JspServlet.java:385)
	at org.apache.jasper.servlet.JspServlet.service(JspServlet.java:329)
	at javax.servlet.http.HttpServlet.service(HttpServlet.java:729)
	at org.apache.catalina.core.ApplicationFilterChain.internalDoFilter(ApplicationFilterChain.java:230)
	at org.apache.catalina.core.ApplicationFilterChain.doFilter(ApplicationFilterChain.java:165)
	at org.apache.tomcat.websocket.server.WsFilter.doFilter(WsFilter.java:52)
	at org.apache.catalina.core.ApplicationFilterChain.internalDoFilter(ApplicationFilterChain.java:192)
	at org.apache.catalina.core.ApplicationFilterChain.doFilter(ApplicationFilterChain.java:165)
	at org.apache.catalina.core.ApplicationDispatcher.invoke(ApplicationDispatcher.java:726)
	at org.apache.catalina.core.ApplicationDispatcher.processRequest(ApplicationDispatcher.java:469)
	at org.apache.catalina.core.ApplicationDispatcher.doForward(ApplicationDispatcher.java:394)
	at org.apache.catalina.core.ApplicationDispatcher.forward(ApplicationDispatcher.java:311)
	at org.springframework.web.servlet.view.InternalResourceView.renderMergedOutputModel(InternalResourceView.java:238)
	at org.springframework.web.servlet.view.AbstractView.render(AbstractView.java:264)
	at org.springframework.web.servlet.DispatcherServlet.render(DispatcherServlet.java:1208)
	at org.springframework.web.servlet.DispatcherServlet.processDispatchResult(DispatcherServlet.java:992)
	at org.springframework.web.servlet.DispatcherServlet.doDispatch(DispatcherServlet.java:939)
	at org.springframework.web.servlet.DispatcherServlet.doService(DispatcherServlet.java:856)
	at org.springframework.web.servlet.FrameworkServlet.processRequest(FrameworkServlet.java:920)
	at org.springframework.web.servlet.FrameworkServlet.doGet(FrameworkServlet.java:816)
	at javax.servlet.http.HttpServlet.service(HttpServlet.java:622)
	at org.springframework.web.servlet.FrameworkServlet.service(FrameworkServlet.java:801)
	at javax.servlet.http.HttpServlet.service(HttpServlet.java:729)
	at org.apache.catalina.core.ApplicationFilterChain.internalDoFilter(ApplicationFilterChain.java:230)
	at org.apache.catalina.core.ApplicationFilterChain.doFilter(ApplicationFilterChain.java:165)
	at org.apache.tomcat.websocket.server.WsFilter.doFilter(WsFilter.java:52)
	at org.apache.catalina.core.ApplicationFilterChain.internalDoFilter(ApplicationFilterChain.java:192)
	at org.apache.catalina.core.ApplicationFilterChain.doFilter(ApplicationFilterChain.java:165)
	at org.springframework.web.filter.CharacterEncodingFilter.doFilterInternal(CharacterEncodingFilter.java:88)
	at org.springframework.web.filter.OncePerRequestFilter.doFilter(OncePerRequestFilter.java:107)
	at org.apache.catalina.core.ApplicationFilterChain.internalDoFilter(ApplicationFilterChain.java:192)
	at org.apache.catalina.core.ApplicationFilterChain.doFilter(ApplicationFilterChain.java:165)
	at org.apache.catalina.core.StandardWrapperValve.invoke(StandardWrapperValve.java:198)
	at org.apache.catalina.core.StandardContextValve.invoke(StandardContextValve.java:108)
	at org.apache.catalina.authenticator.AuthenticatorBase.invoke(AuthenticatorBase.java:472)
	at org.apache.catalina.core.StandardHostValve.invoke(StandardHostValve.java:140)
	at org.apache.catalina.valves.ErrorReportValve.invoke(ErrorReportValve.java:79)
	at org.apache.catalina.valves.AbstractAccessLogValve.invoke(AbstractAccessLogValve.java:620)
	at org.apache.catalina.core.StandardEngineValve.invoke(StandardEngineValve.java:87)
	at org.apache.catalina.connector.CoyoteAdapter.service(CoyoteAdapter.java:349)
	at org.apache.coyote.http11.Http11Processor.service(Http11Processor.java:784)
	at org.apache.coyote.AbstractProcessorLight.process(AbstractProcessorLight.java:66)
	at org.apache.coyote.AbstractProtocol$ConnectionHandler.process(AbstractProtocol.java:802)
	at org.apache.tomcat.util.net.NioEndpoint$SocketProcessor.doRun(NioEndpoint.java:1410)
	at org.apache.tomcat.util.net.SocketProcessorBase.run(SocketProcessorBase.java:49)
	at java.util.concurrent.ThreadPoolExecutor.runWorker(ThreadPoolExecutor.java:1149)
	at java.util.concurrent.ThreadPoolExecutor$Worker.run(ThreadPoolExecutor.java:624)
	at org.apache.tomcat.util.threads.TaskThread$WrappingRunnable.run(TaskThread.java:61)
	at java.lang.Thread.run(Thread.java:748)

15-Feb-2022 15:20:19.053 INFORMACIÓN [http-nio-8080-exec-98] org.apache.catalina.core.ApplicationContext.log No Spring WebApplicationInitializer types detected on classpath
15-Feb-2022 15:20:39.501 INFORMACIÓN [http-nio-8080-exec-98] org.apache.catalina.core.ApplicationContext.log Initializing Spring root WebApplicationContext
15-Feb-2022 15:20:40.188 INFORMACIÓN [http-nio-8080-exec-98] org.apache.catalina.core.ApplicationContext.log Initializing Spring FrameworkServlet 'appServlet'
15-Feb-2022 15:21:46.938 INFORMACIÓN [http-nio-8080-exec-98] org.apache.catalina.core.ApplicationContext.log Destroying Spring FrameworkServlet 'appServlet'
15-Feb-2022 15:21:47.788 INFORMACIÓN [http-nio-8080-exec-98] org.apache.catalina.core.ApplicationContext.log Closing Spring root WebApplicationContext
