30-Nov-2021 10:32:44.141 INFORMACIÓN [http-nio-8080-exec-62] org.apache.catalina.core.ApplicationContext.log No Spring WebApplicationInitializer types detected on classpath
30-Nov-2021 10:32:44.288 INFORMACIÓN [http-nio-8080-exec-62] org.apache.catalina.core.ApplicationContext.log Initializing Spring root WebApplicationContext
30-Nov-2021 10:32:44.782 INFORMACIÓN [http-nio-8080-exec-62] org.apache.catalina.core.ApplicationContext.log Initializing Spring FrameworkServlet 'appServlet'
30-Nov-2021 11:07:42.346 INFORMACIÓN [http-nio-8080-exec-62] org.apache.catalina.core.ApplicationContext.log Destroying Spring FrameworkServlet 'appServlet'
30-Nov-2021 11:07:42.357 INFORMACIÓN [http-nio-8080-exec-62] org.apache.catalina.core.ApplicationContext.log Closing Spring root WebApplicationContext
30-Nov-2021 11:07:46.635 INFORMACIÓN [http-nio-8080-exec-53] org.apache.catalina.core.ApplicationContext.log No Spring WebApplicationInitializer types detected on classpath
30-Nov-2021 11:07:46.774 INFORMACIÓN [http-nio-8080-exec-53] org.apache.catalina.core.ApplicationContext.log Initializing Spring root WebApplicationContext
30-Nov-2021 11:07:47.227 INFORMACIÓN [http-nio-8080-exec-53] org.apache.catalina.core.ApplicationContext.log Initializing Spring FrameworkServlet 'appServlet'
30-Nov-2021 11:31:25.327 GRAVE [http-nio-8080-exec-79] org.apache.catalina.core.ApplicationDispatcher.invoke El Servlet.service() para servlet jsp lanzó una excepción
 java.lang.IllegalStateException: Neither BindingResult nor plain target object for bean name 'userInfo' available as request attribute
	at org.springframework.web.servlet.support.BindStatus.<init>(BindStatus.java:141)
	at org.springframework.web.servlet.tags.form.AbstractDataBoundFormElementTag.getBindStatus(AbstractDataBoundFormElementTag.java:179)
	at org.springframework.web.servlet.tags.form.AbstractDataBoundFormElementTag.getPropertyPath(AbstractDataBoundFormElementTag.java:199)
	at org.springframework.web.servlet.tags.form.AbstractDataBoundFormElementTag.getName(AbstractDataBoundFormElementTag.java:165)
	at org.springframework.web.servlet.tags.form.AbstractDataBoundFormElementTag.writeDefaultAttributes(AbstractDataBoundFormElementTag.java:128)
	at org.springframework.web.servlet.tags.form.AbstractHtmlElementTag.writeDefaultAttributes(AbstractHtmlElementTag.java:421)
	at org.springframework.web.servlet.tags.form.HiddenInputTag.writeTagContent(HiddenInputTag.java:77)
	at org.springframework.web.servlet.tags.form.AbstractFormTag.doStartTagInternal(AbstractFormTag.java:103)
	at org.springframework.web.servlet.tags.RequestContextAwareTag.doStartTag(RequestContextAwareTag.java:80)
	at org.apache.jsp.WEB_002dINF.views.commons.login_jsp._jspx_meth_sf_005fhidden_005f0(login_jsp.java:460)
	at org.apache.jsp.WEB_002dINF.views.commons.login_jsp._jspService(login_jsp.java:282)
	at org.apache.jasper.runtime.HttpJspBase.service(HttpJspBase.java:70)
	at javax.servlet.http.HttpServlet.service(HttpServlet.java:729)
	at org.apache.jasper.servlet.JspServletWrapper.service(JspServletWrapper.java:443)
	at org.apache.jasper.servlet.JspServlet.serviceJspFile(JspServlet.java:385)
	at org.apache.jasper.servlet.JspServlet.service(JspServlet.java:329)
	at javax.servlet.http.HttpServlet.service(HttpServlet.java:729)
	at org.apache.catalina.core.ApplicationFilterChain.internalDoFilter(ApplicationFilterChain.java:230)
	at org.apache.catalina.core.ApplicationFilterChain.doFilter(ApplicationFilterChain.java:165)
	at org.apache.tomcat.websocket.server.WsFilter.doFilter(WsFilter.java:52)
	at org.apache.catalina.core.ApplicationFilterChain.internalDoFilter(ApplicationFilterChain.java:192)
	at org.apache.catalina.core.ApplicationFilterChain.doFilter(ApplicationFilterChain.java:165)
	at org.netbeans.modules.web.monitor.server.MonitorFilter.doFilter(MonitorFilter.java:368)
	at org.apache.catalina.core.ApplicationFilterChain.internalDoFilter(ApplicationFilterChain.java:192)
	at org.apache.catalina.core.ApplicationFilterChain.doFilter(ApplicationFilterChain.java:165)
	at org.apache.catalina.core.ApplicationDispatcher.invoke(ApplicationDispatcher.java:726)
	at org.apache.catalina.core.ApplicationDispatcher.processRequest(ApplicationDispatcher.java:469)
	at org.apache.catalina.core.ApplicationDispatcher.doForward(ApplicationDispatcher.java:394)
	at org.apache.catalina.core.ApplicationDispatcher.forward(ApplicationDispatcher.java:311)
	at org.springframework.web.servlet.view.InternalResourceView.renderMergedOutputModel(InternalResourceView.java:238)
	at org.springframework.web.servlet.view.AbstractView.render(AbstractView.java:264)
	at org.springframework.web.servlet.DispatcherServlet.render(DispatcherServlet.java:1208)
	at org.springframework.web.servlet.DispatcherServlet.processDispatchResult(DispatcherServlet.java:992)
	at org.springframework.web.servlet.DispatcherServlet.doDispatch(DispatcherServlet.java:939)
	at org.springframework.web.servlet.DispatcherServlet.doService(DispatcherServlet.java:856)
	at org.springframework.web.servlet.FrameworkServlet.processRequest(FrameworkServlet.java:920)
	at org.springframework.web.servlet.FrameworkServlet.doGet(FrameworkServlet.java:816)
	at javax.servlet.http.HttpServlet.service(HttpServlet.java:622)
	at org.springframework.web.servlet.FrameworkServlet.service(FrameworkServlet.java:801)
	at javax.servlet.http.HttpServlet.service(HttpServlet.java:729)
	at org.apache.catalina.core.ApplicationFilterChain.internalDoFilter(ApplicationFilterChain.java:230)
	at org.apache.catalina.core.ApplicationFilterChain.doFilter(ApplicationFilterChain.java:165)
	at org.apache.tomcat.websocket.server.WsFilter.doFilter(WsFilter.java:52)
	at org.apache.catalina.core.ApplicationFilterChain.internalDoFilter(ApplicationFilterChain.java:192)
	at org.apache.catalina.core.ApplicationFilterChain.doFilter(ApplicationFilterChain.java:165)
	at org.netbeans.modules.web.monitor.server.MonitorFilter.doFilter(MonitorFilter.java:368)
	at org.apache.catalina.core.ApplicationFilterChain.internalDoFilter(ApplicationFilterChain.java:192)
	at org.apache.catalina.core.ApplicationFilterChain.doFilter(ApplicationFilterChain.java:165)
	at org.springframework.web.filter.CharacterEncodingFilter.doFilterInternal(CharacterEncodingFilter.java:88)
	at org.springframework.web.filter.OncePerRequestFilter.doFilter(OncePerRequestFilter.java:107)
	at org.apache.catalina.core.ApplicationFilterChain.internalDoFilter(ApplicationFilterChain.java:192)
	at org.apache.catalina.core.ApplicationFilterChain.doFilter(ApplicationFilterChain.java:165)
	at org.apache.catalina.core.StandardWrapperValve.invoke(StandardWrapperValve.java:198)
	at org.apache.catalina.core.StandardContextValve.invoke(StandardContextValve.java:108)
	at org.apache.catalina.authenticator.AuthenticatorBase.invoke(AuthenticatorBase.java:472)
	at org.apache.catalina.core.StandardHostValve.invoke(StandardHostValve.java:140)
	at org.apache.catalina.valves.ErrorReportValve.invoke(ErrorReportValve.java:79)
	at org.apache.catalina.valves.AbstractAccessLogValve.invoke(AbstractAccessLogValve.java:620)
	at org.apache.catalina.core.StandardEngineValve.invoke(StandardEngineValve.java:87)
	at org.apache.catalina.connector.CoyoteAdapter.service(CoyoteAdapter.java:349)
	at org.apache.coyote.http11.Http11Processor.service(Http11Processor.java:784)
	at org.apache.coyote.AbstractProcessorLight.process(AbstractProcessorLight.java:66)
	at org.apache.coyote.AbstractProtocol$ConnectionHandler.process(AbstractProtocol.java:802)
	at org.apache.tomcat.util.net.NioEndpoint$SocketProcessor.doRun(NioEndpoint.java:1410)
	at org.apache.tomcat.util.net.SocketProcessorBase.run(SocketProcessorBase.java:49)
	at java.util.concurrent.ThreadPoolExecutor.runWorker(ThreadPoolExecutor.java:1149)
	at java.util.concurrent.ThreadPoolExecutor$Worker.run(ThreadPoolExecutor.java:624)
	at org.apache.tomcat.util.threads.TaskThread$WrappingRunnable.run(TaskThread.java:61)
	at java.lang.Thread.run(Thread.java:748)

30-Nov-2021 11:31:25.356 GRAVE [http-nio-8080-exec-79] org.apache.catalina.core.StandardWrapperValve.invoke El Servlet.service() para el servlet [appServlet] en el contexto con ruta [] lanzó la excepción [java.lang.IllegalStateException: Neither BindingResult nor plain target object for bean name 'userInfo' available as request attribute] con causa raíz
 java.lang.IllegalStateException: Neither BindingResult nor plain target object for bean name 'userInfo' available as request attribute
	at org.springframework.web.servlet.support.BindStatus.<init>(BindStatus.java:141)
	at org.springframework.web.servlet.tags.form.AbstractDataBoundFormElementTag.getBindStatus(AbstractDataBoundFormElementTag.java:179)
	at org.springframework.web.servlet.tags.form.AbstractDataBoundFormElementTag.getPropertyPath(AbstractDataBoundFormElementTag.java:199)
	at org.springframework.web.servlet.tags.form.AbstractDataBoundFormElementTag.getName(AbstractDataBoundFormElementTag.java:165)
	at org.springframework.web.servlet.tags.form.AbstractDataBoundFormElementTag.writeDefaultAttributes(AbstractDataBoundFormElementTag.java:128)
	at org.springframework.web.servlet.tags.form.AbstractHtmlElementTag.writeDefaultAttributes(AbstractHtmlElementTag.java:421)
	at org.springframework.web.servlet.tags.form.HiddenInputTag.writeTagContent(HiddenInputTag.java:77)
	at org.springframework.web.servlet.tags.form.AbstractFormTag.doStartTagInternal(AbstractFormTag.java:103)
	at org.springframework.web.servlet.tags.RequestContextAwareTag.doStartTag(RequestContextAwareTag.java:80)
	at org.apache.jsp.WEB_002dINF.views.commons.login_jsp._jspx_meth_sf_005fhidden_005f0(login_jsp.java:460)
	at org.apache.jsp.WEB_002dINF.views.commons.login_jsp._jspService(login_jsp.java:282)
	at org.apache.jasper.runtime.HttpJspBase.service(HttpJspBase.java:70)
	at javax.servlet.http.HttpServlet.service(HttpServlet.java:729)
	at org.apache.jasper.servlet.JspServletWrapper.service(JspServletWrapper.java:443)
	at org.apache.jasper.servlet.JspServlet.serviceJspFile(JspServlet.java:385)
	at org.apache.jasper.servlet.JspServlet.service(JspServlet.java:329)
	at javax.servlet.http.HttpServlet.service(HttpServlet.java:729)
	at org.apache.catalina.core.ApplicationFilterChain.internalDoFilter(ApplicationFilterChain.java:230)
	at org.apache.catalina.core.ApplicationFilterChain.doFilter(ApplicationFilterChain.java:165)
	at org.apache.tomcat.websocket.server.WsFilter.doFilter(WsFilter.java:52)
	at org.apache.catalina.core.ApplicationFilterChain.internalDoFilter(ApplicationFilterChain.java:192)
	at org.apache.catalina.core.ApplicationFilterChain.doFilter(ApplicationFilterChain.java:165)
	at org.netbeans.modules.web.monitor.server.MonitorFilter.doFilter(MonitorFilter.java:368)
	at org.apache.catalina.core.ApplicationFilterChain.internalDoFilter(ApplicationFilterChain.java:192)
	at org.apache.catalina.core.ApplicationFilterChain.doFilter(ApplicationFilterChain.java:165)
	at org.apache.catalina.core.ApplicationDispatcher.invoke(ApplicationDispatcher.java:726)
	at org.apache.catalina.core.ApplicationDispatcher.processRequest(ApplicationDispatcher.java:469)
	at org.apache.catalina.core.ApplicationDispatcher.doForward(ApplicationDispatcher.java:394)
	at org.apache.catalina.core.ApplicationDispatcher.forward(ApplicationDispatcher.java:311)
	at org.springframework.web.servlet.view.InternalResourceView.renderMergedOutputModel(InternalResourceView.java:238)
	at org.springframework.web.servlet.view.AbstractView.render(AbstractView.java:264)
	at org.springframework.web.servlet.DispatcherServlet.render(DispatcherServlet.java:1208)
	at org.springframework.web.servlet.DispatcherServlet.processDispatchResult(DispatcherServlet.java:992)
	at org.springframework.web.servlet.DispatcherServlet.doDispatch(DispatcherServlet.java:939)
	at org.springframework.web.servlet.DispatcherServlet.doService(DispatcherServlet.java:856)
	at org.springframework.web.servlet.FrameworkServlet.processRequest(FrameworkServlet.java:920)
	at org.springframework.web.servlet.FrameworkServlet.doGet(FrameworkServlet.java:816)
	at javax.servlet.http.HttpServlet.service(HttpServlet.java:622)
	at org.springframework.web.servlet.FrameworkServlet.service(FrameworkServlet.java:801)
	at javax.servlet.http.HttpServlet.service(HttpServlet.java:729)
	at org.apache.catalina.core.ApplicationFilterChain.internalDoFilter(ApplicationFilterChain.java:230)
	at org.apache.catalina.core.ApplicationFilterChain.doFilter(ApplicationFilterChain.java:165)
	at org.apache.tomcat.websocket.server.WsFilter.doFilter(WsFilter.java:52)
	at org.apache.catalina.core.ApplicationFilterChain.internalDoFilter(ApplicationFilterChain.java:192)
	at org.apache.catalina.core.ApplicationFilterChain.doFilter(ApplicationFilterChain.java:165)
	at org.netbeans.modules.web.monitor.server.MonitorFilter.doFilter(MonitorFilter.java:368)
	at org.apache.catalina.core.ApplicationFilterChain.internalDoFilter(ApplicationFilterChain.java:192)
	at org.apache.catalina.core.ApplicationFilterChain.doFilter(ApplicationFilterChain.java:165)
	at org.springframework.web.filter.CharacterEncodingFilter.doFilterInternal(CharacterEncodingFilter.java:88)
	at org.springframework.web.filter.OncePerRequestFilter.doFilter(OncePerRequestFilter.java:107)
	at org.apache.catalina.core.ApplicationFilterChain.internalDoFilter(ApplicationFilterChain.java:192)
	at org.apache.catalina.core.ApplicationFilterChain.doFilter(ApplicationFilterChain.java:165)
	at org.apache.catalina.core.StandardWrapperValve.invoke(StandardWrapperValve.java:198)
	at org.apache.catalina.core.StandardContextValve.invoke(StandardContextValve.java:108)
	at org.apache.catalina.authenticator.AuthenticatorBase.invoke(AuthenticatorBase.java:472)
	at org.apache.catalina.core.StandardHostValve.invoke(StandardHostValve.java:140)
	at org.apache.catalina.valves.ErrorReportValve.invoke(ErrorReportValve.java:79)
	at org.apache.catalina.valves.AbstractAccessLogValve.invoke(AbstractAccessLogValve.java:620)
	at org.apache.catalina.core.StandardEngineValve.invoke(StandardEngineValve.java:87)
	at org.apache.catalina.connector.CoyoteAdapter.service(CoyoteAdapter.java:349)
	at org.apache.coyote.http11.Http11Processor.service(Http11Processor.java:784)
	at org.apache.coyote.AbstractProcessorLight.process(AbstractProcessorLight.java:66)
	at org.apache.coyote.AbstractProtocol$ConnectionHandler.process(AbstractProtocol.java:802)
	at org.apache.tomcat.util.net.NioEndpoint$SocketProcessor.doRun(NioEndpoint.java:1410)
	at org.apache.tomcat.util.net.SocketProcessorBase.run(SocketProcessorBase.java:49)
	at java.util.concurrent.ThreadPoolExecutor.runWorker(ThreadPoolExecutor.java:1149)
	at java.util.concurrent.ThreadPoolExecutor$Worker.run(ThreadPoolExecutor.java:624)
	at org.apache.tomcat.util.threads.TaskThread$WrappingRunnable.run(TaskThread.java:61)
	at java.lang.Thread.run(Thread.java:748)

30-Nov-2021 11:37:36.154 INFORMACIÓN [ContainerBackgroundProcessor[StandardEngine[Catalina]]] org.apache.catalina.core.ApplicationContext.log Destroying Spring FrameworkServlet 'appServlet'
30-Nov-2021 11:37:36.345 INFORMACIÓN [ContainerBackgroundProcessor[StandardEngine[Catalina]]] org.apache.catalina.core.ApplicationContext.log Closing Spring root WebApplicationContext
30-Nov-2021 11:40:14.712 INFORMACIÓN [ContainerBackgroundProcessor[StandardEngine[Catalina]]] org.apache.catalina.core.ApplicationContext.log No Spring WebApplicationInitializer types detected on classpath
30-Nov-2021 11:40:15.402 INFORMACIÓN [ContainerBackgroundProcessor[StandardEngine[Catalina]]] org.apache.catalina.core.ApplicationContext.log Initializing Spring root WebApplicationContext
30-Nov-2021 11:40:15.784 INFORMACIÓN [ContainerBackgroundProcessor[StandardEngine[Catalina]]] org.apache.catalina.core.ApplicationContext.log Initializing Spring FrameworkServlet 'appServlet'
30-Nov-2021 11:41:01.042 INFORMACIÓN [http-nio-8080-exec-94] org.apache.catalina.core.ApplicationContext.log Destroying Spring FrameworkServlet 'appServlet'
30-Nov-2021 11:41:01.187 INFORMACIÓN [http-nio-8080-exec-94] org.apache.catalina.core.ApplicationContext.log Closing Spring root WebApplicationContext
30-Nov-2021 11:41:14.303 INFORMACIÓN [http-nio-8080-exec-95] org.apache.catalina.core.ApplicationContext.log No Spring WebApplicationInitializer types detected on classpath
30-Nov-2021 11:41:15.125 INFORMACIÓN [http-nio-8080-exec-95] org.apache.catalina.core.ApplicationContext.log Initializing Spring root WebApplicationContext
30-Nov-2021 11:41:15.863 INFORMACIÓN [http-nio-8080-exec-95] org.apache.catalina.core.ApplicationContext.log Initializing Spring FrameworkServlet 'appServlet'
30-Nov-2021 11:42:20.050 INFORMACIÓN [ContainerBackgroundProcessor[StandardEngine[Catalina]]] org.apache.catalina.core.ApplicationContext.log Destroying Spring FrameworkServlet 'appServlet'
30-Nov-2021 11:42:20.058 INFORMACIÓN [ContainerBackgroundProcessor[StandardEngine[Catalina]]] org.apache.catalina.core.ApplicationContext.log Closing Spring root WebApplicationContext
30-Nov-2021 11:42:25.783 INFORMACIÓN [ContainerBackgroundProcessor[StandardEngine[Catalina]]] org.apache.catalina.core.ApplicationContext.log No Spring WebApplicationInitializer types detected on classpath
30-Nov-2021 11:42:26.369 INFORMACIÓN [ContainerBackgroundProcessor[StandardEngine[Catalina]]] org.apache.catalina.core.ApplicationContext.log Initializing Spring root WebApplicationContext
30-Nov-2021 11:42:26.724 INFORMACIÓN [ContainerBackgroundProcessor[StandardEngine[Catalina]]] org.apache.catalina.core.ApplicationContext.log Initializing Spring FrameworkServlet 'appServlet'
30-Nov-2021 11:43:42.908 INFORMACIÓN [ContainerBackgroundProcessor[StandardEngine[Catalina]]] org.apache.catalina.core.ApplicationContext.log Destroying Spring FrameworkServlet 'appServlet'
30-Nov-2021 11:43:42.922 INFORMACIÓN [ContainerBackgroundProcessor[StandardEngine[Catalina]]] org.apache.catalina.core.ApplicationContext.log Closing Spring root WebApplicationContext
30-Nov-2021 11:43:48.692 INFORMACIÓN [ContainerBackgroundProcessor[StandardEngine[Catalina]]] org.apache.catalina.core.ApplicationContext.log No Spring WebApplicationInitializer types detected on classpath
30-Nov-2021 11:43:49.372 INFORMACIÓN [ContainerBackgroundProcessor[StandardEngine[Catalina]]] org.apache.catalina.core.ApplicationContext.log Initializing Spring root WebApplicationContext
30-Nov-2021 11:43:49.736 INFORMACIÓN [ContainerBackgroundProcessor[StandardEngine[Catalina]]] org.apache.catalina.core.ApplicationContext.log Initializing Spring FrameworkServlet 'appServlet'
30-Nov-2021 14:28:20.032 GRAVE [http-nio-8080-exec-113] org.apache.catalina.core.ApplicationDispatcher.invoke El Servlet.service() para servlet jsp lanzó una excepción
 java.lang.IllegalStateException: Neither BindingResult nor plain target object for bean name 'userInfo' available as request attribute
	at org.springframework.web.servlet.support.BindStatus.<init>(BindStatus.java:141)
	at org.springframework.web.servlet.tags.form.AbstractDataBoundFormElementTag.getBindStatus(AbstractDataBoundFormElementTag.java:179)
	at org.springframework.web.servlet.tags.form.AbstractDataBoundFormElementTag.getPropertyPath(AbstractDataBoundFormElementTag.java:199)
	at org.springframework.web.servlet.tags.form.AbstractDataBoundFormElementTag.getName(AbstractDataBoundFormElementTag.java:165)
	at org.springframework.web.servlet.tags.form.AbstractDataBoundFormElementTag.writeDefaultAttributes(AbstractDataBoundFormElementTag.java:128)
	at org.springframework.web.servlet.tags.form.AbstractHtmlElementTag.writeDefaultAttributes(AbstractHtmlElementTag.java:421)
	at org.springframework.web.servlet.tags.form.HiddenInputTag.writeTagContent(HiddenInputTag.java:77)
	at org.springframework.web.servlet.tags.form.AbstractFormTag.doStartTagInternal(AbstractFormTag.java:103)
	at org.springframework.web.servlet.tags.RequestContextAwareTag.doStartTag(RequestContextAwareTag.java:80)
	at org.apache.jsp.WEB_002dINF.views.commons.login_jsp._jspx_meth_sf_005fhidden_005f0(login_jsp.java:460)
	at org.apache.jsp.WEB_002dINF.views.commons.login_jsp._jspService(login_jsp.java:282)
	at org.apache.jasper.runtime.HttpJspBase.service(HttpJspBase.java:70)
	at javax.servlet.http.HttpServlet.service(HttpServlet.java:729)
	at org.apache.jasper.servlet.JspServletWrapper.service(JspServletWrapper.java:443)
	at org.apache.jasper.servlet.JspServlet.serviceJspFile(JspServlet.java:385)
	at org.apache.jasper.servlet.JspServlet.service(JspServlet.java:329)
	at javax.servlet.http.HttpServlet.service(HttpServlet.java:729)
	at org.apache.catalina.core.ApplicationFilterChain.internalDoFilter(ApplicationFilterChain.java:230)
	at org.apache.catalina.core.ApplicationFilterChain.doFilter(ApplicationFilterChain.java:165)
	at org.apache.tomcat.websocket.server.WsFilter.doFilter(WsFilter.java:52)
	at org.apache.catalina.core.ApplicationFilterChain.internalDoFilter(ApplicationFilterChain.java:192)
	at org.apache.catalina.core.ApplicationFilterChain.doFilter(ApplicationFilterChain.java:165)
	at org.netbeans.modules.web.monitor.server.MonitorFilter.doFilter(MonitorFilter.java:368)
	at org.apache.catalina.core.ApplicationFilterChain.internalDoFilter(ApplicationFilterChain.java:192)
	at org.apache.catalina.core.ApplicationFilterChain.doFilter(ApplicationFilterChain.java:165)
	at org.apache.catalina.core.ApplicationDispatcher.invoke(ApplicationDispatcher.java:726)
	at org.apache.catalina.core.ApplicationDispatcher.processRequest(ApplicationDispatcher.java:469)
	at org.apache.catalina.core.ApplicationDispatcher.doForward(ApplicationDispatcher.java:394)
	at org.apache.catalina.core.ApplicationDispatcher.forward(ApplicationDispatcher.java:311)
	at org.springframework.web.servlet.view.InternalResourceView.renderMergedOutputModel(InternalResourceView.java:238)
	at org.springframework.web.servlet.view.AbstractView.render(AbstractView.java:264)
	at org.springframework.web.servlet.DispatcherServlet.render(DispatcherServlet.java:1208)
	at org.springframework.web.servlet.DispatcherServlet.processDispatchResult(DispatcherServlet.java:992)
	at org.springframework.web.servlet.DispatcherServlet.doDispatch(DispatcherServlet.java:939)
	at org.springframework.web.servlet.DispatcherServlet.doService(DispatcherServlet.java:856)
	at org.springframework.web.servlet.FrameworkServlet.processRequest(FrameworkServlet.java:920)
	at org.springframework.web.servlet.FrameworkServlet.doPost(FrameworkServlet.java:827)
	at javax.servlet.http.HttpServlet.service(HttpServlet.java:648)
	at org.springframework.web.servlet.FrameworkServlet.service(FrameworkServlet.java:801)
	at javax.servlet.http.HttpServlet.service(HttpServlet.java:729)
	at org.apache.catalina.core.ApplicationFilterChain.internalDoFilter(ApplicationFilterChain.java:230)
	at org.apache.catalina.core.ApplicationFilterChain.doFilter(ApplicationFilterChain.java:165)
	at org.apache.tomcat.websocket.server.WsFilter.doFilter(WsFilter.java:52)
	at org.apache.catalina.core.ApplicationFilterChain.internalDoFilter(ApplicationFilterChain.java:192)
	at org.apache.catalina.core.ApplicationFilterChain.doFilter(ApplicationFilterChain.java:165)
	at org.netbeans.modules.web.monitor.server.MonitorFilter.doFilter(MonitorFilter.java:368)
	at org.apache.catalina.core.ApplicationFilterChain.internalDoFilter(ApplicationFilterChain.java:192)
	at org.apache.catalina.core.ApplicationFilterChain.doFilter(ApplicationFilterChain.java:165)
	at org.springframework.web.filter.CharacterEncodingFilter.doFilterInternal(CharacterEncodingFilter.java:88)
	at org.springframework.web.filter.OncePerRequestFilter.doFilter(OncePerRequestFilter.java:107)
	at org.apache.catalina.core.ApplicationFilterChain.internalDoFilter(ApplicationFilterChain.java:192)
	at org.apache.catalina.core.ApplicationFilterChain.doFilter(ApplicationFilterChain.java:165)
	at org.apache.catalina.core.StandardWrapperValve.invoke(StandardWrapperValve.java:198)
	at org.apache.catalina.core.StandardContextValve.invoke(StandardContextValve.java:108)
	at org.apache.catalina.authenticator.AuthenticatorBase.invoke(AuthenticatorBase.java:472)
	at org.apache.catalina.core.StandardHostValve.invoke(StandardHostValve.java:140)
	at org.apache.catalina.valves.ErrorReportValve.invoke(ErrorReportValve.java:79)
	at org.apache.catalina.valves.AbstractAccessLogValve.invoke(AbstractAccessLogValve.java:620)
	at org.apache.catalina.core.StandardEngineValve.invoke(StandardEngineValve.java:87)
	at org.apache.catalina.connector.CoyoteAdapter.service(CoyoteAdapter.java:349)
	at org.apache.coyote.http11.Http11Processor.service(Http11Processor.java:784)
	at org.apache.coyote.AbstractProcessorLight.process(AbstractProcessorLight.java:66)
	at org.apache.coyote.AbstractProtocol$ConnectionHandler.process(AbstractProtocol.java:802)
	at org.apache.tomcat.util.net.NioEndpoint$SocketProcessor.doRun(NioEndpoint.java:1410)
	at org.apache.tomcat.util.net.SocketProcessorBase.run(SocketProcessorBase.java:49)
	at java.util.concurrent.ThreadPoolExecutor.runWorker(ThreadPoolExecutor.java:1149)
	at java.util.concurrent.ThreadPoolExecutor$Worker.run(ThreadPoolExecutor.java:624)
	at org.apache.tomcat.util.threads.TaskThread$WrappingRunnable.run(TaskThread.java:61)
	at java.lang.Thread.run(Thread.java:748)

30-Nov-2021 14:28:20.050 GRAVE [http-nio-8080-exec-113] org.apache.catalina.core.StandardWrapperValve.invoke El Servlet.service() para el servlet [appServlet] en el contexto con ruta [] lanzó la excepción [java.lang.IllegalStateException: Neither BindingResult nor plain target object for bean name 'userInfo' available as request attribute] con causa raíz
 java.lang.IllegalStateException: Neither BindingResult nor plain target object for bean name 'userInfo' available as request attribute
	at org.springframework.web.servlet.support.BindStatus.<init>(BindStatus.java:141)
	at org.springframework.web.servlet.tags.form.AbstractDataBoundFormElementTag.getBindStatus(AbstractDataBoundFormElementTag.java:179)
	at org.springframework.web.servlet.tags.form.AbstractDataBoundFormElementTag.getPropertyPath(AbstractDataBoundFormElementTag.java:199)
	at org.springframework.web.servlet.tags.form.AbstractDataBoundFormElementTag.getName(AbstractDataBoundFormElementTag.java:165)
	at org.springframework.web.servlet.tags.form.AbstractDataBoundFormElementTag.writeDefaultAttributes(AbstractDataBoundFormElementTag.java:128)
	at org.springframework.web.servlet.tags.form.AbstractHtmlElementTag.writeDefaultAttributes(AbstractHtmlElementTag.java:421)
	at org.springframework.web.servlet.tags.form.HiddenInputTag.writeTagContent(HiddenInputTag.java:77)
	at org.springframework.web.servlet.tags.form.AbstractFormTag.doStartTagInternal(AbstractFormTag.java:103)
	at org.springframework.web.servlet.tags.RequestContextAwareTag.doStartTag(RequestContextAwareTag.java:80)
	at org.apache.jsp.WEB_002dINF.views.commons.login_jsp._jspx_meth_sf_005fhidden_005f0(login_jsp.java:460)
	at org.apache.jsp.WEB_002dINF.views.commons.login_jsp._jspService(login_jsp.java:282)
	at org.apache.jasper.runtime.HttpJspBase.service(HttpJspBase.java:70)
	at javax.servlet.http.HttpServlet.service(HttpServlet.java:729)
	at org.apache.jasper.servlet.JspServletWrapper.service(JspServletWrapper.java:443)
	at org.apache.jasper.servlet.JspServlet.serviceJspFile(JspServlet.java:385)
	at org.apache.jasper.servlet.JspServlet.service(JspServlet.java:329)
	at javax.servlet.http.HttpServlet.service(HttpServlet.java:729)
	at org.apache.catalina.core.ApplicationFilterChain.internalDoFilter(ApplicationFilterChain.java:230)
	at org.apache.catalina.core.ApplicationFilterChain.doFilter(ApplicationFilterChain.java:165)
	at org.apache.tomcat.websocket.server.WsFilter.doFilter(WsFilter.java:52)
	at org.apache.catalina.core.ApplicationFilterChain.internalDoFilter(ApplicationFilterChain.java:192)
	at org.apache.catalina.core.ApplicationFilterChain.doFilter(ApplicationFilterChain.java:165)
	at org.netbeans.modules.web.monitor.server.MonitorFilter.doFilter(MonitorFilter.java:368)
	at org.apache.catalina.core.ApplicationFilterChain.internalDoFilter(ApplicationFilterChain.java:192)
	at org.apache.catalina.core.ApplicationFilterChain.doFilter(ApplicationFilterChain.java:165)
	at org.apache.catalina.core.ApplicationDispatcher.invoke(ApplicationDispatcher.java:726)
	at org.apache.catalina.core.ApplicationDispatcher.processRequest(ApplicationDispatcher.java:469)
	at org.apache.catalina.core.ApplicationDispatcher.doForward(ApplicationDispatcher.java:394)
	at org.apache.catalina.core.ApplicationDispatcher.forward(ApplicationDispatcher.java:311)
	at org.springframework.web.servlet.view.InternalResourceView.renderMergedOutputModel(InternalResourceView.java:238)
	at org.springframework.web.servlet.view.AbstractView.render(AbstractView.java:264)
	at org.springframework.web.servlet.DispatcherServlet.render(DispatcherServlet.java:1208)
	at org.springframework.web.servlet.DispatcherServlet.processDispatchResult(DispatcherServlet.java:992)
	at org.springframework.web.servlet.DispatcherServlet.doDispatch(DispatcherServlet.java:939)
	at org.springframework.web.servlet.DispatcherServlet.doService(DispatcherServlet.java:856)
	at org.springframework.web.servlet.FrameworkServlet.processRequest(FrameworkServlet.java:920)
	at org.springframework.web.servlet.FrameworkServlet.doPost(FrameworkServlet.java:827)
	at javax.servlet.http.HttpServlet.service(HttpServlet.java:648)
	at org.springframework.web.servlet.FrameworkServlet.service(FrameworkServlet.java:801)
	at javax.servlet.http.HttpServlet.service(HttpServlet.java:729)
	at org.apache.catalina.core.ApplicationFilterChain.internalDoFilter(ApplicationFilterChain.java:230)
	at org.apache.catalina.core.ApplicationFilterChain.doFilter(ApplicationFilterChain.java:165)
	at org.apache.tomcat.websocket.server.WsFilter.doFilter(WsFilter.java:52)
	at org.apache.catalina.core.ApplicationFilterChain.internalDoFilter(ApplicationFilterChain.java:192)
	at org.apache.catalina.core.ApplicationFilterChain.doFilter(ApplicationFilterChain.java:165)
	at org.netbeans.modules.web.monitor.server.MonitorFilter.doFilter(MonitorFilter.java:368)
	at org.apache.catalina.core.ApplicationFilterChain.internalDoFilter(ApplicationFilterChain.java:192)
	at org.apache.catalina.core.ApplicationFilterChain.doFilter(ApplicationFilterChain.java:165)
	at org.springframework.web.filter.CharacterEncodingFilter.doFilterInternal(CharacterEncodingFilter.java:88)
	at org.springframework.web.filter.OncePerRequestFilter.doFilter(OncePerRequestFilter.java:107)
	at org.apache.catalina.core.ApplicationFilterChain.internalDoFilter(ApplicationFilterChain.java:192)
	at org.apache.catalina.core.ApplicationFilterChain.doFilter(ApplicationFilterChain.java:165)
	at org.apache.catalina.core.StandardWrapperValve.invoke(StandardWrapperValve.java:198)
	at org.apache.catalina.core.StandardContextValve.invoke(StandardContextValve.java:108)
	at org.apache.catalina.authenticator.AuthenticatorBase.invoke(AuthenticatorBase.java:472)
	at org.apache.catalina.core.StandardHostValve.invoke(StandardHostValve.java:140)
	at org.apache.catalina.valves.ErrorReportValve.invoke(ErrorReportValve.java:79)
	at org.apache.catalina.valves.AbstractAccessLogValve.invoke(AbstractAccessLogValve.java:620)
	at org.apache.catalina.core.StandardEngineValve.invoke(StandardEngineValve.java:87)
	at org.apache.catalina.connector.CoyoteAdapter.service(CoyoteAdapter.java:349)
	at org.apache.coyote.http11.Http11Processor.service(Http11Processor.java:784)
	at org.apache.coyote.AbstractProcessorLight.process(AbstractProcessorLight.java:66)
	at org.apache.coyote.AbstractProtocol$ConnectionHandler.process(AbstractProtocol.java:802)
	at org.apache.tomcat.util.net.NioEndpoint$SocketProcessor.doRun(NioEndpoint.java:1410)
	at org.apache.tomcat.util.net.SocketProcessorBase.run(SocketProcessorBase.java:49)
	at java.util.concurrent.ThreadPoolExecutor.runWorker(ThreadPoolExecutor.java:1149)
	at java.util.concurrent.ThreadPoolExecutor$Worker.run(ThreadPoolExecutor.java:624)
	at org.apache.tomcat.util.threads.TaskThread$WrappingRunnable.run(TaskThread.java:61)
	at java.lang.Thread.run(Thread.java:748)

30-Nov-2021 16:11:14.495 GRAVE [http-nio-8080-exec-119] org.apache.catalina.core.ApplicationDispatcher.invoke El Servlet.service() para servlet jsp lanzó una excepción
 java.lang.IllegalStateException: Neither BindingResult nor plain target object for bean name 'userInfo' available as request attribute
	at org.springframework.web.servlet.support.BindStatus.<init>(BindStatus.java:141)
	at org.springframework.web.servlet.tags.form.AbstractDataBoundFormElementTag.getBindStatus(AbstractDataBoundFormElementTag.java:179)
	at org.springframework.web.servlet.tags.form.AbstractDataBoundFormElementTag.getPropertyPath(AbstractDataBoundFormElementTag.java:199)
	at org.springframework.web.servlet.tags.form.AbstractDataBoundFormElementTag.getName(AbstractDataBoundFormElementTag.java:165)
	at org.springframework.web.servlet.tags.form.AbstractDataBoundFormElementTag.writeDefaultAttributes(AbstractDataBoundFormElementTag.java:128)
	at org.springframework.web.servlet.tags.form.AbstractHtmlElementTag.writeDefaultAttributes(AbstractHtmlElementTag.java:421)
	at org.springframework.web.servlet.tags.form.HiddenInputTag.writeTagContent(HiddenInputTag.java:77)
	at org.springframework.web.servlet.tags.form.AbstractFormTag.doStartTagInternal(AbstractFormTag.java:103)
	at org.springframework.web.servlet.tags.RequestContextAwareTag.doStartTag(RequestContextAwareTag.java:80)
	at org.apache.jsp.WEB_002dINF.views.commons.login_jsp._jspx_meth_sf_005fhidden_005f0(login_jsp.java:460)
	at org.apache.jsp.WEB_002dINF.views.commons.login_jsp._jspService(login_jsp.java:282)
	at org.apache.jasper.runtime.HttpJspBase.service(HttpJspBase.java:70)
	at javax.servlet.http.HttpServlet.service(HttpServlet.java:729)
	at org.apache.jasper.servlet.JspServletWrapper.service(JspServletWrapper.java:443)
	at org.apache.jasper.servlet.JspServlet.serviceJspFile(JspServlet.java:385)
	at org.apache.jasper.servlet.JspServlet.service(JspServlet.java:329)
	at javax.servlet.http.HttpServlet.service(HttpServlet.java:729)
	at org.apache.catalina.core.ApplicationFilterChain.internalDoFilter(ApplicationFilterChain.java:230)
	at org.apache.catalina.core.ApplicationFilterChain.doFilter(ApplicationFilterChain.java:165)
	at org.apache.tomcat.websocket.server.WsFilter.doFilter(WsFilter.java:52)
	at org.apache.catalina.core.ApplicationFilterChain.internalDoFilter(ApplicationFilterChain.java:192)
	at org.apache.catalina.core.ApplicationFilterChain.doFilter(ApplicationFilterChain.java:165)
	at org.netbeans.modules.web.monitor.server.MonitorFilter.doFilter(MonitorFilter.java:368)
	at org.apache.catalina.core.ApplicationFilterChain.internalDoFilter(ApplicationFilterChain.java:192)
	at org.apache.catalina.core.ApplicationFilterChain.doFilter(ApplicationFilterChain.java:165)
	at org.apache.catalina.core.ApplicationDispatcher.invoke(ApplicationDispatcher.java:726)
	at org.apache.catalina.core.ApplicationDispatcher.processRequest(ApplicationDispatcher.java:469)
	at org.apache.catalina.core.ApplicationDispatcher.doForward(ApplicationDispatcher.java:394)
	at org.apache.catalina.core.ApplicationDispatcher.forward(ApplicationDispatcher.java:311)
	at org.springframework.web.servlet.view.InternalResourceView.renderMergedOutputModel(InternalResourceView.java:238)
	at org.springframework.web.servlet.view.AbstractView.render(AbstractView.java:264)
	at org.springframework.web.servlet.DispatcherServlet.render(DispatcherServlet.java:1208)
	at org.springframework.web.servlet.DispatcherServlet.processDispatchResult(DispatcherServlet.java:992)
	at org.springframework.web.servlet.DispatcherServlet.doDispatch(DispatcherServlet.java:939)
	at org.springframework.web.servlet.DispatcherServlet.doService(DispatcherServlet.java:856)
	at org.springframework.web.servlet.FrameworkServlet.processRequest(FrameworkServlet.java:920)
	at org.springframework.web.servlet.FrameworkServlet.doGet(FrameworkServlet.java:816)
	at javax.servlet.http.HttpServlet.service(HttpServlet.java:622)
	at org.springframework.web.servlet.FrameworkServlet.service(FrameworkServlet.java:801)
	at javax.servlet.http.HttpServlet.service(HttpServlet.java:729)
	at org.apache.catalina.core.ApplicationFilterChain.internalDoFilter(ApplicationFilterChain.java:230)
	at org.apache.catalina.core.ApplicationFilterChain.doFilter(ApplicationFilterChain.java:165)
	at org.apache.tomcat.websocket.server.WsFilter.doFilter(WsFilter.java:52)
	at org.apache.catalina.core.ApplicationFilterChain.internalDoFilter(ApplicationFilterChain.java:192)
	at org.apache.catalina.core.ApplicationFilterChain.doFilter(ApplicationFilterChain.java:165)
	at org.netbeans.modules.web.monitor.server.MonitorFilter.doFilter(MonitorFilter.java:368)
	at org.apache.catalina.core.ApplicationFilterChain.internalDoFilter(ApplicationFilterChain.java:192)
	at org.apache.catalina.core.ApplicationFilterChain.doFilter(ApplicationFilterChain.java:165)
	at org.springframework.web.filter.CharacterEncodingFilter.doFilterInternal(CharacterEncodingFilter.java:88)
	at org.springframework.web.filter.OncePerRequestFilter.doFilter(OncePerRequestFilter.java:107)
	at org.apache.catalina.core.ApplicationFilterChain.internalDoFilter(ApplicationFilterChain.java:192)
	at org.apache.catalina.core.ApplicationFilterChain.doFilter(ApplicationFilterChain.java:165)
	at org.apache.catalina.core.StandardWrapperValve.invoke(StandardWrapperValve.java:198)
	at org.apache.catalina.core.StandardContextValve.invoke(StandardContextValve.java:108)
	at org.apache.catalina.authenticator.AuthenticatorBase.invoke(AuthenticatorBase.java:472)
	at org.apache.catalina.core.StandardHostValve.invoke(StandardHostValve.java:140)
	at org.apache.catalina.valves.ErrorReportValve.invoke(ErrorReportValve.java:79)
	at org.apache.catalina.valves.AbstractAccessLogValve.invoke(AbstractAccessLogValve.java:620)
	at org.apache.catalina.core.StandardEngineValve.invoke(StandardEngineValve.java:87)
	at org.apache.catalina.connector.CoyoteAdapter.service(CoyoteAdapter.java:349)
	at org.apache.coyote.http11.Http11Processor.service(Http11Processor.java:784)
	at org.apache.coyote.AbstractProcessorLight.process(AbstractProcessorLight.java:66)
	at org.apache.coyote.AbstractProtocol$ConnectionHandler.process(AbstractProtocol.java:802)
	at org.apache.tomcat.util.net.NioEndpoint$SocketProcessor.doRun(NioEndpoint.java:1410)
	at org.apache.tomcat.util.net.SocketProcessorBase.run(SocketProcessorBase.java:49)
	at java.util.concurrent.ThreadPoolExecutor.runWorker(ThreadPoolExecutor.java:1149)
	at java.util.concurrent.ThreadPoolExecutor$Worker.run(ThreadPoolExecutor.java:624)
	at org.apache.tomcat.util.threads.TaskThread$WrappingRunnable.run(TaskThread.java:61)
	at java.lang.Thread.run(Thread.java:748)

30-Nov-2021 16:11:14.552 GRAVE [http-nio-8080-exec-119] org.apache.catalina.core.StandardWrapperValve.invoke El Servlet.service() para el servlet [appServlet] en el contexto con ruta [] lanzó la excepción [java.lang.IllegalStateException: Neither BindingResult nor plain target object for bean name 'userInfo' available as request attribute] con causa raíz
 java.lang.IllegalStateException: Neither BindingResult nor plain target object for bean name 'userInfo' available as request attribute
	at org.springframework.web.servlet.support.BindStatus.<init>(BindStatus.java:141)
	at org.springframework.web.servlet.tags.form.AbstractDataBoundFormElementTag.getBindStatus(AbstractDataBoundFormElementTag.java:179)
	at org.springframework.web.servlet.tags.form.AbstractDataBoundFormElementTag.getPropertyPath(AbstractDataBoundFormElementTag.java:199)
	at org.springframework.web.servlet.tags.form.AbstractDataBoundFormElementTag.getName(AbstractDataBoundFormElementTag.java:165)
	at org.springframework.web.servlet.tags.form.AbstractDataBoundFormElementTag.writeDefaultAttributes(AbstractDataBoundFormElementTag.java:128)
	at org.springframework.web.servlet.tags.form.AbstractHtmlElementTag.writeDefaultAttributes(AbstractHtmlElementTag.java:421)
	at org.springframework.web.servlet.tags.form.HiddenInputTag.writeTagContent(HiddenInputTag.java:77)
	at org.springframework.web.servlet.tags.form.AbstractFormTag.doStartTagInternal(AbstractFormTag.java:103)
	at org.springframework.web.servlet.tags.RequestContextAwareTag.doStartTag(RequestContextAwareTag.java:80)
	at org.apache.jsp.WEB_002dINF.views.commons.login_jsp._jspx_meth_sf_005fhidden_005f0(login_jsp.java:460)
	at org.apache.jsp.WEB_002dINF.views.commons.login_jsp._jspService(login_jsp.java:282)
	at org.apache.jasper.runtime.HttpJspBase.service(HttpJspBase.java:70)
	at javax.servlet.http.HttpServlet.service(HttpServlet.java:729)
	at org.apache.jasper.servlet.JspServletWrapper.service(JspServletWrapper.java:443)
	at org.apache.jasper.servlet.JspServlet.serviceJspFile(JspServlet.java:385)
	at org.apache.jasper.servlet.JspServlet.service(JspServlet.java:329)
	at javax.servlet.http.HttpServlet.service(HttpServlet.java:729)
	at org.apache.catalina.core.ApplicationFilterChain.internalDoFilter(ApplicationFilterChain.java:230)
	at org.apache.catalina.core.ApplicationFilterChain.doFilter(ApplicationFilterChain.java:165)
	at org.apache.tomcat.websocket.server.WsFilter.doFilter(WsFilter.java:52)
	at org.apache.catalina.core.ApplicationFilterChain.internalDoFilter(ApplicationFilterChain.java:192)
	at org.apache.catalina.core.ApplicationFilterChain.doFilter(ApplicationFilterChain.java:165)
	at org.netbeans.modules.web.monitor.server.MonitorFilter.doFilter(MonitorFilter.java:368)
	at org.apache.catalina.core.ApplicationFilterChain.internalDoFilter(ApplicationFilterChain.java:192)
	at org.apache.catalina.core.ApplicationFilterChain.doFilter(ApplicationFilterChain.java:165)
	at org.apache.catalina.core.ApplicationDispatcher.invoke(ApplicationDispatcher.java:726)
	at org.apache.catalina.core.ApplicationDispatcher.processRequest(ApplicationDispatcher.java:469)
	at org.apache.catalina.core.ApplicationDispatcher.doForward(ApplicationDispatcher.java:394)
	at org.apache.catalina.core.ApplicationDispatcher.forward(ApplicationDispatcher.java:311)
	at org.springframework.web.servlet.view.InternalResourceView.renderMergedOutputModel(InternalResourceView.java:238)
	at org.springframework.web.servlet.view.AbstractView.render(AbstractView.java:264)
	at org.springframework.web.servlet.DispatcherServlet.render(DispatcherServlet.java:1208)
	at org.springframework.web.servlet.DispatcherServlet.processDispatchResult(DispatcherServlet.java:992)
	at org.springframework.web.servlet.DispatcherServlet.doDispatch(DispatcherServlet.java:939)
	at org.springframework.web.servlet.DispatcherServlet.doService(DispatcherServlet.java:856)
	at org.springframework.web.servlet.FrameworkServlet.processRequest(FrameworkServlet.java:920)
	at org.springframework.web.servlet.FrameworkServlet.doGet(FrameworkServlet.java:816)
	at javax.servlet.http.HttpServlet.service(HttpServlet.java:622)
	at org.springframework.web.servlet.FrameworkServlet.service(FrameworkServlet.java:801)
	at javax.servlet.http.HttpServlet.service(HttpServlet.java:729)
	at org.apache.catalina.core.ApplicationFilterChain.internalDoFilter(ApplicationFilterChain.java:230)
	at org.apache.catalina.core.ApplicationFilterChain.doFilter(ApplicationFilterChain.java:165)
	at org.apache.tomcat.websocket.server.WsFilter.doFilter(WsFilter.java:52)
	at org.apache.catalina.core.ApplicationFilterChain.internalDoFilter(ApplicationFilterChain.java:192)
	at org.apache.catalina.core.ApplicationFilterChain.doFilter(ApplicationFilterChain.java:165)
	at org.netbeans.modules.web.monitor.server.MonitorFilter.doFilter(MonitorFilter.java:368)
	at org.apache.catalina.core.ApplicationFilterChain.internalDoFilter(ApplicationFilterChain.java:192)
	at org.apache.catalina.core.ApplicationFilterChain.doFilter(ApplicationFilterChain.java:165)
	at org.springframework.web.filter.CharacterEncodingFilter.doFilterInternal(CharacterEncodingFilter.java:88)
	at org.springframework.web.filter.OncePerRequestFilter.doFilter(OncePerRequestFilter.java:107)
	at org.apache.catalina.core.ApplicationFilterChain.internalDoFilter(ApplicationFilterChain.java:192)
	at org.apache.catalina.core.ApplicationFilterChain.doFilter(ApplicationFilterChain.java:165)
	at org.apache.catalina.core.StandardWrapperValve.invoke(StandardWrapperValve.java:198)
	at org.apache.catalina.core.StandardContextValve.invoke(StandardContextValve.java:108)
	at org.apache.catalina.authenticator.AuthenticatorBase.invoke(AuthenticatorBase.java:472)
	at org.apache.catalina.core.StandardHostValve.invoke(StandardHostValve.java:140)
	at org.apache.catalina.valves.ErrorReportValve.invoke(ErrorReportValve.java:79)
	at org.apache.catalina.valves.AbstractAccessLogValve.invoke(AbstractAccessLogValve.java:620)
	at org.apache.catalina.core.StandardEngineValve.invoke(StandardEngineValve.java:87)
	at org.apache.catalina.connector.CoyoteAdapter.service(CoyoteAdapter.java:349)
	at org.apache.coyote.http11.Http11Processor.service(Http11Processor.java:784)
	at org.apache.coyote.AbstractProcessorLight.process(AbstractProcessorLight.java:66)
	at org.apache.coyote.AbstractProtocol$ConnectionHandler.process(AbstractProtocol.java:802)
	at org.apache.tomcat.util.net.NioEndpoint$SocketProcessor.doRun(NioEndpoint.java:1410)
	at org.apache.tomcat.util.net.SocketProcessorBase.run(SocketProcessorBase.java:49)
	at java.util.concurrent.ThreadPoolExecutor.runWorker(ThreadPoolExecutor.java:1149)
	at java.util.concurrent.ThreadPoolExecutor$Worker.run(ThreadPoolExecutor.java:624)
	at org.apache.tomcat.util.threads.TaskThread$WrappingRunnable.run(TaskThread.java:61)
	at java.lang.Thread.run(Thread.java:748)

30-Nov-2021 16:14:18.598 INFORMACIÓN [ContainerBackgroundProcessor[StandardEngine[Catalina]]] org.apache.catalina.core.ApplicationContext.log Destroying Spring FrameworkServlet 'appServlet'
30-Nov-2021 16:14:18.606 INFORMACIÓN [ContainerBackgroundProcessor[StandardEngine[Catalina]]] org.apache.catalina.core.ApplicationContext.log Closing Spring root WebApplicationContext
30-Nov-2021 16:14:27.162 INFORMACIÓN [ContainerBackgroundProcessor[StandardEngine[Catalina]]] org.apache.catalina.core.ApplicationContext.log No Spring WebApplicationInitializer types detected on classpath
30-Nov-2021 16:14:27.776 INFORMACIÓN [ContainerBackgroundProcessor[StandardEngine[Catalina]]] org.apache.catalina.core.ApplicationContext.log Initializing Spring root WebApplicationContext
30-Nov-2021 16:14:28.271 INFORMACIÓN [ContainerBackgroundProcessor[StandardEngine[Catalina]]] org.apache.catalina.core.ApplicationContext.log Initializing Spring FrameworkServlet 'appServlet'
30-Nov-2021 16:15:02.494 INFORMACIÓN [ContainerBackgroundProcessor[StandardEngine[Catalina]]] org.apache.catalina.core.ApplicationContext.log Destroying Spring FrameworkServlet 'appServlet'
30-Nov-2021 16:15:02.496 INFORMACIÓN [ContainerBackgroundProcessor[StandardEngine[Catalina]]] org.apache.catalina.core.ApplicationContext.log Closing Spring root WebApplicationContext
30-Nov-2021 16:15:08.238 INFORMACIÓN [ContainerBackgroundProcessor[StandardEngine[Catalina]]] org.apache.catalina.core.ApplicationContext.log No Spring WebApplicationInitializer types detected on classpath
30-Nov-2021 16:15:08.936 INFORMACIÓN [ContainerBackgroundProcessor[StandardEngine[Catalina]]] org.apache.catalina.core.ApplicationContext.log Initializing Spring root WebApplicationContext
30-Nov-2021 16:15:09.274 GRAVE [ContainerBackgroundProcessor[StandardEngine[Catalina]]] org.apache.catalina.core.StandardContext.filterStart Excepción arrancando filtro SetCookieSecurity
 java.lang.ClassNotFoundException: py.com.fielco.fielcorresponsal.filter.CookieFilter
	at org.apache.catalina.loader.WebappClassLoaderBase.loadClass(WebappClassLoaderBase.java:1285)
	at org.apache.catalina.loader.WebappClassLoaderBase.loadClass(WebappClassLoaderBase.java:1119)
	at org.apache.catalina.core.DefaultInstanceManager.loadClass(DefaultInstanceManager.java:520)
	at org.apache.catalina.core.DefaultInstanceManager.loadClassMaybePrivileged(DefaultInstanceManager.java:501)
	at org.apache.catalina.core.DefaultInstanceManager.newInstance(DefaultInstanceManager.java:118)
	at org.apache.catalina.core.ApplicationFilterConfig.getFilter(ApplicationFilterConfig.java:258)
	at org.apache.catalina.core.ApplicationFilterConfig.<init>(ApplicationFilterConfig.java:105)
	at org.apache.catalina.core.StandardContext.filterStart(StandardContext.java:4572)
	at org.apache.catalina.core.StandardContext.startInternal(StandardContext.java:5215)
	at org.apache.catalina.util.LifecycleBase.start(LifecycleBase.java:150)
	at org.apache.catalina.core.StandardContext.reload(StandardContext.java:3782)
	at org.apache.catalina.startup.HostConfig.reload(HostConfig.java:1377)
	at org.apache.catalina.startup.HostConfig.checkResources(HostConfig.java:1350)
	at org.apache.catalina.startup.HostConfig.check(HostConfig.java:1586)
	at org.apache.catalina.startup.HostConfig.lifecycleEvent(HostConfig.java:280)
	at org.apache.catalina.util.LifecycleBase.fireLifecycleEvent(LifecycleBase.java:94)
	at org.apache.catalina.core.ContainerBase.backgroundProcess(ContainerBase.java:1136)
	at org.apache.catalina.core.ContainerBase$ContainerBackgroundProcessor.processChildren(ContainerBase.java:1372)
	at org.apache.catalina.core.ContainerBase$ContainerBackgroundProcessor.processChildren(ContainerBase.java:1376)
	at org.apache.catalina.core.ContainerBase$ContainerBackgroundProcessor.run(ContainerBase.java:1344)
	at java.lang.Thread.run(Thread.java:748)

30-Nov-2021 16:15:09.381 INFORMACIÓN [ContainerBackgroundProcessor[StandardEngine[Catalina]]] org.apache.catalina.core.ApplicationContext.log Closing Spring root WebApplicationContext
30-Nov-2021 16:15:45.150 INFORMACIÓN [http-nio-8080-exec-124] org.apache.catalina.core.ApplicationContext.log Destroying Spring FrameworkServlet 'appServlet'
30-Nov-2021 16:15:45.179 INFORMACIÓN [http-nio-8080-exec-124] org.apache.catalina.core.ApplicationContext.log Closing Spring root WebApplicationContext
30-Nov-2021 16:15:49.381 INFORMACIÓN [http-nio-8080-exec-124] org.apache.catalina.core.ApplicationContext.log No Spring WebApplicationInitializer types detected on classpath
30-Nov-2021 16:15:49.506 INFORMACIÓN [http-nio-8080-exec-124] org.apache.catalina.core.ApplicationContext.log Initializing Spring root WebApplicationContext
30-Nov-2021 16:15:49.938 INFORMACIÓN [http-nio-8080-exec-124] org.apache.catalina.core.ApplicationContext.log Initializing Spring FrameworkServlet 'appServlet'
30-Nov-2021 16:17:07.840 INFORMACIÓN [ContainerBackgroundProcessor[StandardEngine[Catalina]]] org.apache.catalina.core.ApplicationContext.log No Spring WebApplicationInitializer types detected on classpath
30-Nov-2021 16:17:08.611 INFORMACIÓN [ContainerBackgroundProcessor[StandardEngine[Catalina]]] org.apache.catalina.core.ApplicationContext.log Initializing Spring root WebApplicationContext
30-Nov-2021 16:17:09.075 INFORMACIÓN [ContainerBackgroundProcessor[StandardEngine[Catalina]]] org.apache.catalina.core.ApplicationContext.log Initializing Spring FrameworkServlet 'appServlet'
30-Nov-2021 16:19:43.589 INFORMACIÓN [ContainerBackgroundProcessor[StandardEngine[Catalina]]] org.apache.catalina.core.ApplicationContext.log Destroying Spring FrameworkServlet 'appServlet'
30-Nov-2021 16:19:43.592 INFORMACIÓN [ContainerBackgroundProcessor[StandardEngine[Catalina]]] org.apache.catalina.core.ApplicationContext.log Closing Spring root WebApplicationContext
30-Nov-2021 16:19:43.593 GRAVE [ContainerBackgroundProcessor[StandardEngine[Catalina]]] org.apache.catalina.core.StandardContext.listenerStop Excepción enviando evento de contexto destruído a instancia de escuchador de clase py.com.roshka.fielcorresponsal.listener.FielcorresponsalContextLoaderListener
 java.lang.IllegalStateException: java.io.FileNotFoundException: C:\Users\User\Documents\Proyectos\web\target\fielcorresponsal##2.9.4-RELEASE\WEB-INF\lib\activation-1.1.jar (El sistema no puede encontrar la ruta especificada)
	at org.apache.catalina.webresources.AbstractSingleArchiveResourceSet.getArchiveEntry(AbstractSingleArchiveResourceSet.java:97)
	at org.apache.catalina.webresources.AbstractArchiveResourceSet.getResource(AbstractArchiveResourceSet.java:260)
	at org.apache.catalina.webresources.StandardRoot.getResourceInternal(StandardRoot.java:280)
	at org.apache.catalina.webresources.Cache.getResource(Cache.java:62)
	at org.apache.catalina.webresources.StandardRoot.getResource(StandardRoot.java:215)
	at org.apache.catalina.webresources.StandardRoot.getClassLoaderResource(StandardRoot.java:224)
	at org.apache.catalina.loader.WebappClassLoaderBase.findClassInternal(WebappClassLoaderBase.java:2158)
	at org.apache.catalina.loader.WebappClassLoaderBase.findClass(WebappClassLoaderBase.java:811)
	at org.apache.catalina.loader.WebappClassLoaderBase.loadClass(WebappClassLoaderBase.java:1254)
	at org.apache.catalina.loader.WebappClassLoaderBase.loadClass(WebappClassLoaderBase.java:1119)
	at org.springframework.web.context.ContextLoaderListener.contextDestroyed(ContextLoaderListener.java:145)
	at org.apache.catalina.core.StandardContext.listenerStop(StandardContext.java:4774)
	at org.apache.catalina.core.StandardContext.stopInternal(StandardContext.java:5411)
	at org.apache.catalina.util.LifecycleBase.stop(LifecycleBase.java:226)
	at org.apache.catalina.core.ContainerBase.removeChild(ContainerBase.java:815)
	at org.apache.catalina.startup.HostConfig.undeploy(HostConfig.java:1400)
	at org.apache.catalina.startup.HostConfig.checkResources(HostConfig.java:1326)
	at org.apache.catalina.startup.HostConfig.check(HostConfig.java:1586)
	at org.apache.catalina.startup.HostConfig.lifecycleEvent(HostConfig.java:280)
	at org.apache.catalina.util.LifecycleBase.fireLifecycleEvent(LifecycleBase.java:94)
	at org.apache.catalina.core.ContainerBase.backgroundProcess(ContainerBase.java:1136)
	at org.apache.catalina.core.ContainerBase$ContainerBackgroundProcessor.processChildren(ContainerBase.java:1372)
	at org.apache.catalina.core.ContainerBase$ContainerBackgroundProcessor.processChildren(ContainerBase.java:1376)
	at org.apache.catalina.core.ContainerBase$ContainerBackgroundProcessor.run(ContainerBase.java:1344)
	at java.lang.Thread.run(Thread.java:748)
Caused by: java.io.FileNotFoundException: C:\Users\User\Documents\Proyectos\web\target\fielcorresponsal##2.9.4-RELEASE\WEB-INF\lib\activation-1.1.jar (El sistema no puede encontrar la ruta especificada)
	at java.util.zip.ZipFile.open(Native Method)
	at java.util.zip.ZipFile.<init>(ZipFile.java:225)
	at java.util.zip.ZipFile.<init>(ZipFile.java:155)
	at java.util.jar.JarFile.<init>(JarFile.java:166)
	at java.util.jar.JarFile.<init>(JarFile.java:103)
	at org.apache.catalina.webresources.AbstractArchiveResourceSet.openJarFile(AbstractArchiveResourceSet.java:308)
	at org.apache.catalina.webresources.AbstractSingleArchiveResourceSet.getArchiveEntry(AbstractSingleArchiveResourceSet.java:93)
	... 24 more

30-Nov-2021 16:20:10.217 INFORMACIÓN [ContainerBackgroundProcessor[StandardEngine[Catalina]]] org.apache.catalina.core.ApplicationContext.log No Spring WebApplicationInitializer types detected on classpath
30-Nov-2021 16:20:10.773 INFORMACIÓN [ContainerBackgroundProcessor[StandardEngine[Catalina]]] org.apache.catalina.core.ApplicationContext.log Initializing Spring root WebApplicationContext
30-Nov-2021 16:20:11.113 INFORMACIÓN [ContainerBackgroundProcessor[StandardEngine[Catalina]]] org.apache.catalina.core.ApplicationContext.log Initializing Spring FrameworkServlet 'appServlet'
30-Nov-2021 16:20:17.658 INFORMACIÓN [localhost-startStop-4] org.apache.catalina.core.ApplicationContext.log Destroying Spring FrameworkServlet 'appServlet'
30-Nov-2021 16:20:17.677 INFORMACIÓN [localhost-startStop-4] org.apache.catalina.core.ApplicationContext.log Closing Spring root WebApplicationContext
30-Nov-2021 16:20:17.806 INFORMACIÓN [localhost-startStop-4] org.apache.catalina.core.ApplicationContext.log Destroying Spring FrameworkServlet 'appServlet'
30-Nov-2021 16:20:17.914 INFORMACIÓN [localhost-startStop-4] org.apache.catalina.core.ApplicationContext.log Closing Spring root WebApplicationContext
30-Nov-2021 16:20:18.586 INFORMACIÓN [localhost-startStop-4] org.apache.catalina.core.ApplicationContext.log Destroying Spring FrameworkServlet 'appServlet'
30-Nov-2021 16:20:18.910 INFORMACIÓN [localhost-startStop-4] org.apache.catalina.core.ApplicationContext.log Closing Spring root WebApplicationContext
30-Nov-2021 16:20:19.072 INFORMACIÓN [localhost-startStop-4] org.apache.catalina.core.ApplicationContext.log Destroying Spring FrameworkServlet 'appServlet'
30-Nov-2021 16:20:19.647 INFORMACIÓN [localhost-startStop-4] org.apache.catalina.core.ApplicationContext.log Closing Spring root WebApplicationContext
30-Nov-2021 16:20:20.095 INFORMACIÓN [localhost-startStop-4] org.apache.catalina.core.ApplicationContext.log Destroying Spring FrameworkServlet 'appServlet'
30-Nov-2021 16:20:20.817 INFORMACIÓN [localhost-startStop-4] org.apache.catalina.core.ApplicationContext.log Closing Spring root WebApplicationContext
30-Nov-2021 16:20:21.091 INFORMACIÓN [localhost-startStop-4] org.apache.catalina.core.ApplicationContext.log Destroying Spring FrameworkServlet 'appServlet'
30-Nov-2021 16:20:21.101 INFORMACIÓN [localhost-startStop-4] org.apache.catalina.core.ApplicationContext.log Closing Spring root WebApplicationContext
30-Nov-2021 16:20:21.180 INFORMACIÓN [localhost-startStop-4] org.apache.catalina.core.ApplicationContext.log Destroying Spring FrameworkServlet 'appServlet'
30-Nov-2021 16:20:21.627 INFORMACIÓN [localhost-startStop-4] org.apache.catalina.core.ApplicationContext.log Closing Spring root WebApplicationContext
30-Nov-2021 16:20:21.963 INFORMACIÓN [localhost-startStop-4] org.apache.catalina.core.ApplicationContext.log Destroying Spring FrameworkServlet 'appServlet'
30-Nov-2021 16:20:22.172 INFORMACIÓN [localhost-startStop-4] org.apache.catalina.core.ApplicationContext.log Closing Spring root WebApplicationContext
30-Nov-2021 16:20:22.742 INFORMACIÓN [localhost-startStop-4] org.apache.catalina.core.ApplicationContext.log Destroying Spring FrameworkServlet 'appServlet'
30-Nov-2021 16:20:23.137 INFORMACIÓN [localhost-startStop-4] org.apache.catalina.core.ApplicationContext.log Closing Spring root WebApplicationContext
30-Nov-2021 16:23:55.078 INFORMACIÓN [localhost-startStop-1] org.apache.catalina.core.ApplicationContext.log No Spring WebApplicationInitializer types detected on classpath
30-Nov-2021 16:23:56.112 INFORMACIÓN [localhost-startStop-1] org.apache.catalina.core.ApplicationContext.log Initializing Spring root WebApplicationContext
30-Nov-2021 16:23:56.819 INFORMACIÓN [localhost-startStop-1] org.apache.catalina.core.ApplicationContext.log Initializing Spring FrameworkServlet 'appServlet'
30-Nov-2021 16:24:14.663 INFORMACIÓN [localhost-startStop-1] org.apache.catalina.core.ApplicationContext.log No Spring WebApplicationInitializer types detected on classpath
30-Nov-2021 16:24:15.296 INFORMACIÓN [localhost-startStop-1] org.apache.catalina.core.ApplicationContext.log Initializing Spring root WebApplicationContext
30-Nov-2021 16:24:15.887 INFORMACIÓN [localhost-startStop-1] org.apache.catalina.core.ApplicationContext.log Initializing Spring FrameworkServlet 'appServlet'
30-Nov-2021 16:24:27.703 INFORMACIÓN [localhost-startStop-1] org.apache.catalina.core.ApplicationContext.log No Spring WebApplicationInitializer types detected on classpath
30-Nov-2021 16:24:28.376 INFORMACIÓN [localhost-startStop-1] org.apache.catalina.core.ApplicationContext.log Initializing Spring root WebApplicationContext
30-Nov-2021 16:24:28.786 INFORMACIÓN [localhost-startStop-1] org.apache.catalina.core.ApplicationContext.log Initializing Spring FrameworkServlet 'appServlet'
30-Nov-2021 16:24:43.122 INFORMACIÓN [localhost-startStop-1] org.apache.catalina.core.ApplicationContext.log No Spring WebApplicationInitializer types detected on classpath
30-Nov-2021 16:24:43.873 INFORMACIÓN [localhost-startStop-1] org.apache.catalina.core.ApplicationContext.log Initializing Spring root WebApplicationContext
30-Nov-2021 16:24:44.421 INFORMACIÓN [localhost-startStop-1] org.apache.catalina.core.ApplicationContext.log Initializing Spring FrameworkServlet 'appServlet'
30-Nov-2021 16:24:59.631 INFORMACIÓN [localhost-startStop-1] org.apache.catalina.core.ApplicationContext.log No Spring WebApplicationInitializer types detected on classpath
30-Nov-2021 16:25:09.918 INFORMACIÓN [localhost-startStop-1] org.apache.catalina.core.ApplicationContext.log No Spring WebApplicationInitializer types detected on classpath
30-Nov-2021 16:25:10.080 INFORMACIÓN [localhost-startStop-1] org.apache.catalina.core.ApplicationContext.log Initializing Spring root WebApplicationContext
30-Nov-2021 16:25:10.579 INFORMACIÓN [localhost-startStop-1] org.apache.catalina.core.ApplicationContext.log Initializing Spring FrameworkServlet 'appServlet'
30-Nov-2021 16:25:22.876 INFORMACIÓN [localhost-startStop-1] org.apache.catalina.core.ApplicationContext.log No Spring WebApplicationInitializer types detected on classpath
30-Nov-2021 16:25:23.627 INFORMACIÓN [localhost-startStop-1] org.apache.catalina.core.ApplicationContext.log Initializing Spring root WebApplicationContext
30-Nov-2021 16:25:24.039 INFORMACIÓN [localhost-startStop-1] org.apache.catalina.core.ApplicationContext.log Initializing Spring FrameworkServlet 'appServlet'
30-Nov-2021 16:25:31.530 INFORMACIÓN [localhost-startStop-1] org.apache.catalina.core.ApplicationContext.log No Spring WebApplicationInitializer types detected on classpath
30-Nov-2021 16:25:32.129 INFORMACIÓN [localhost-startStop-1] org.apache.catalina.core.ApplicationContext.log Initializing Spring root WebApplicationContext
30-Nov-2021 16:25:32.581 INFORMACIÓN [localhost-startStop-1] org.apache.catalina.core.ApplicationContext.log Initializing Spring FrameworkServlet 'appServlet'
30-Nov-2021 16:25:45.810 INFORMACIÓN [localhost-startStop-1] org.apache.catalina.core.ApplicationContext.log No Spring WebApplicationInitializer types detected on classpath
30-Nov-2021 16:25:46.488 INFORMACIÓN [localhost-startStop-1] org.apache.catalina.core.ApplicationContext.log Initializing Spring root WebApplicationContext
30-Nov-2021 16:25:46.921 INFORMACIÓN [localhost-startStop-1] org.apache.catalina.core.ApplicationContext.log Initializing Spring FrameworkServlet 'appServlet'
30-Nov-2021 16:25:59.387 INFORMACIÓN [localhost-startStop-1] org.apache.catalina.core.ApplicationContext.log No Spring WebApplicationInitializer types detected on classpath
30-Nov-2021 16:25:59.945 INFORMACIÓN [localhost-startStop-1] org.apache.catalina.core.ApplicationContext.log Initializing Spring root WebApplicationContext
30-Nov-2021 16:26:00.334 INFORMACIÓN [localhost-startStop-1] org.apache.catalina.core.ApplicationContext.log Initializing Spring FrameworkServlet 'appServlet'
30-Nov-2021 16:26:10.211 INFORMACIÓN [http-nio-8080-exec-3] org.apache.catalina.core.ApplicationContext.log Destroying Spring FrameworkServlet 'appServlet'
30-Nov-2021 16:26:10.330 INFORMACIÓN [http-nio-8080-exec-3] org.apache.catalina.core.ApplicationContext.log Closing Spring root WebApplicationContext
30-Nov-2021 16:26:21.770 INFORMACIÓN [http-nio-8080-exec-22] org.apache.catalina.core.ApplicationContext.log No Spring WebApplicationInitializer types detected on classpath
30-Nov-2021 16:26:22.740 INFORMACIÓN [http-nio-8080-exec-22] org.apache.catalina.core.ApplicationContext.log Initializing Spring root WebApplicationContext
30-Nov-2021 16:26:23.658 INFORMACIÓN [http-nio-8080-exec-22] org.apache.catalina.core.ApplicationContext.log Initializing Spring FrameworkServlet 'appServlet'
30-Nov-2021 16:37:41.125 INFORMACIÓN [ContainerBackgroundProcessor[StandardEngine[Catalina]]] org.apache.catalina.core.ApplicationContext.log Destroying Spring FrameworkServlet 'appServlet'
30-Nov-2021 16:37:41.146 INFORMACIÓN [ContainerBackgroundProcessor[StandardEngine[Catalina]]] org.apache.catalina.core.ApplicationContext.log Closing Spring root WebApplicationContext
30-Nov-2021 16:37:41.147 GRAVE [ContainerBackgroundProcessor[StandardEngine[Catalina]]] org.apache.catalina.core.StandardContext.listenerStop Excepción enviando evento de contexto destruído a instancia de escuchador de clase py.com.roshka.fielcorresponsal.listener.FielcorresponsalContextLoaderListener
 java.lang.IllegalStateException: java.io.FileNotFoundException: C:\Users\User\Documents\Proyectos\web\target\fielcorresponsal##2.9.4-RELEASE\WEB-INF\lib\activation-1.1.jar (El sistema no puede encontrar la ruta especificada)
	at org.apache.catalina.webresources.AbstractSingleArchiveResourceSet.getArchiveEntry(AbstractSingleArchiveResourceSet.java:97)
	at org.apache.catalina.webresources.AbstractArchiveResourceSet.getResource(AbstractArchiveResourceSet.java:260)
	at org.apache.catalina.webresources.StandardRoot.getResourceInternal(StandardRoot.java:280)
	at org.apache.catalina.webresources.Cache.getResource(Cache.java:62)
	at org.apache.catalina.webresources.StandardRoot.getResource(StandardRoot.java:215)
	at org.apache.catalina.webresources.StandardRoot.getClassLoaderResource(StandardRoot.java:224)
	at org.apache.catalina.loader.WebappClassLoaderBase.findClassInternal(WebappClassLoaderBase.java:2158)
	at org.apache.catalina.loader.WebappClassLoaderBase.findClass(WebappClassLoaderBase.java:811)
	at org.apache.catalina.loader.WebappClassLoaderBase.loadClass(WebappClassLoaderBase.java:1254)
	at org.apache.catalina.loader.WebappClassLoaderBase.loadClass(WebappClassLoaderBase.java:1119)
	at org.springframework.web.context.ContextLoaderListener.contextDestroyed(ContextLoaderListener.java:145)
	at org.apache.catalina.core.StandardContext.listenerStop(StandardContext.java:4774)
	at org.apache.catalina.core.StandardContext.stopInternal(StandardContext.java:5411)
	at org.apache.catalina.util.LifecycleBase.stop(LifecycleBase.java:226)
	at org.apache.catalina.core.ContainerBase.removeChild(ContainerBase.java:815)
	at org.apache.catalina.startup.HostConfig.undeploy(HostConfig.java:1400)
	at org.apache.catalina.startup.HostConfig.checkResources(HostConfig.java:1326)
	at org.apache.catalina.startup.HostConfig.check(HostConfig.java:1586)
	at org.apache.catalina.startup.HostConfig.lifecycleEvent(HostConfig.java:280)
	at org.apache.catalina.util.LifecycleBase.fireLifecycleEvent(LifecycleBase.java:94)
	at org.apache.catalina.core.ContainerBase.backgroundProcess(ContainerBase.java:1136)
	at org.apache.catalina.core.ContainerBase$ContainerBackgroundProcessor.processChildren(ContainerBase.java:1372)
	at org.apache.catalina.core.ContainerBase$ContainerBackgroundProcessor.processChildren(ContainerBase.java:1376)
	at org.apache.catalina.core.ContainerBase$ContainerBackgroundProcessor.run(ContainerBase.java:1344)
	at java.lang.Thread.run(Thread.java:748)
Caused by: java.io.FileNotFoundException: C:\Users\User\Documents\Proyectos\web\target\fielcorresponsal##2.9.4-RELEASE\WEB-INF\lib\activation-1.1.jar (El sistema no puede encontrar la ruta especificada)
	at java.util.zip.ZipFile.open(Native Method)
	at java.util.zip.ZipFile.<init>(ZipFile.java:225)
	at java.util.zip.ZipFile.<init>(ZipFile.java:155)
	at java.util.jar.JarFile.<init>(JarFile.java:166)
	at java.util.jar.JarFile.<init>(JarFile.java:103)
	at org.apache.catalina.webresources.AbstractArchiveResourceSet.openJarFile(AbstractArchiveResourceSet.java:308)
	at org.apache.catalina.webresources.AbstractSingleArchiveResourceSet.getArchiveEntry(AbstractSingleArchiveResourceSet.java:93)
	... 24 more

30-Nov-2021 16:41:40.522 INFORMACIÓN [http-nio-8080-exec-62] org.apache.catalina.core.ApplicationContext.log Destroying Spring FrameworkServlet 'appServlet'
30-Nov-2021 16:41:40.579 INFORMACIÓN [http-nio-8080-exec-62] org.apache.catalina.core.ApplicationContext.log Closing Spring root WebApplicationContext
30-Nov-2021 16:41:53.433 INFORMACIÓN [http-nio-8080-exec-54] org.apache.catalina.core.ApplicationContext.log No Spring WebApplicationInitializer types detected on classpath
30-Nov-2021 16:41:54.156 INFORMACIÓN [http-nio-8080-exec-54] org.apache.catalina.core.ApplicationContext.log Initializing Spring root WebApplicationContext
30-Nov-2021 16:41:54.867 INFORMACIÓN [http-nio-8080-exec-54] org.apache.catalina.core.ApplicationContext.log Initializing Spring FrameworkServlet 'appServlet'
30-Nov-2021 16:47:35.818 INFORMACIÓN [localhost-startStop-3] org.apache.catalina.core.ApplicationContext.log Destroying Spring FrameworkServlet 'appServlet'
30-Nov-2021 16:47:35.890 INFORMACIÓN [localhost-startStop-3] org.apache.catalina.core.ApplicationContext.log Closing Spring root WebApplicationContext
30-Nov-2021 16:47:36.052 INFORMACIÓN [localhost-startStop-3] org.apache.catalina.core.ApplicationContext.log Destroying Spring FrameworkServlet 'appServlet'
30-Nov-2021 16:47:36.281 INFORMACIÓN [localhost-startStop-3] org.apache.catalina.core.ApplicationContext.log Closing Spring root WebApplicationContext
30-Nov-2021 16:47:36.450 INFORMACIÓN [localhost-startStop-3] org.apache.catalina.core.ApplicationContext.log Destroying Spring FrameworkServlet 'appServlet'
30-Nov-2021 16:47:36.535 INFORMACIÓN [localhost-startStop-3] org.apache.catalina.core.ApplicationContext.log Closing Spring root WebApplicationContext
30-Nov-2021 16:47:36.743 INFORMACIÓN [localhost-startStop-3] org.apache.catalina.core.ApplicationContext.log Destroying Spring FrameworkServlet 'appServlet'
30-Nov-2021 16:47:36.882 INFORMACIÓN [localhost-startStop-3] org.apache.catalina.core.ApplicationContext.log Closing Spring root WebApplicationContext
30-Nov-2021 16:47:37.121 INFORMACIÓN [localhost-startStop-3] org.apache.catalina.core.ApplicationContext.log Destroying Spring FrameworkServlet 'appServlet'
30-Nov-2021 16:47:37.128 INFORMACIÓN [localhost-startStop-3] org.apache.catalina.core.ApplicationContext.log Closing Spring root WebApplicationContext
30-Nov-2021 16:47:37.284 INFORMACIÓN [localhost-startStop-3] org.apache.catalina.core.ApplicationContext.log Destroying Spring FrameworkServlet 'appServlet'
30-Nov-2021 16:47:37.376 INFORMACIÓN [localhost-startStop-3] org.apache.catalina.core.ApplicationContext.log Closing Spring root WebApplicationContext
30-Nov-2021 16:47:37.596 INFORMACIÓN [localhost-startStop-3] org.apache.catalina.core.ApplicationContext.log Destroying Spring FrameworkServlet 'appServlet'
30-Nov-2021 16:47:37.686 INFORMACIÓN [localhost-startStop-3] org.apache.catalina.core.ApplicationContext.log Closing Spring root WebApplicationContext
30-Nov-2021 16:47:37.970 INFORMACIÓN [localhost-startStop-3] org.apache.catalina.core.ApplicationContext.log Destroying Spring FrameworkServlet 'appServlet'
30-Nov-2021 16:47:38.045 INFORMACIÓN [localhost-startStop-3] org.apache.catalina.core.ApplicationContext.log Closing Spring root WebApplicationContext
30-Nov-2021 16:52:19.175 INFORMACIÓN [localhost-startStop-1] org.apache.catalina.core.ApplicationContext.log No Spring WebApplicationInitializer types detected on classpath
30-Nov-2021 16:52:20.909 INFORMACIÓN [localhost-startStop-1] org.apache.catalina.core.ApplicationContext.log Initializing Spring root WebApplicationContext
30-Nov-2021 16:52:21.655 INFORMACIÓN [localhost-startStop-1] org.apache.catalina.core.ApplicationContext.log Initializing Spring FrameworkServlet 'appServlet'
30-Nov-2021 16:52:42.335 INFORMACIÓN [localhost-startStop-1] org.apache.catalina.core.ApplicationContext.log No Spring WebApplicationInitializer types detected on classpath
30-Nov-2021 16:52:43.064 INFORMACIÓN [localhost-startStop-1] org.apache.catalina.core.ApplicationContext.log Initializing Spring root WebApplicationContext
30-Nov-2021 16:52:43.996 INFORMACIÓN [localhost-startStop-1] org.apache.catalina.core.ApplicationContext.log Initializing Spring FrameworkServlet 'appServlet'
30-Nov-2021 16:52:57.168 INFORMACIÓN [localhost-startStop-1] org.apache.catalina.core.ApplicationContext.log No Spring WebApplicationInitializer types detected on classpath
30-Nov-2021 16:52:57.802 INFORMACIÓN [localhost-startStop-1] org.apache.catalina.core.ApplicationContext.log Initializing Spring root WebApplicationContext
30-Nov-2021 16:52:58.208 INFORMACIÓN [localhost-startStop-1] org.apache.catalina.core.ApplicationContext.log Initializing Spring FrameworkServlet 'appServlet'
30-Nov-2021 16:53:14.057 INFORMACIÓN [localhost-startStop-1] org.apache.catalina.core.ApplicationContext.log No Spring WebApplicationInitializer types detected on classpath
30-Nov-2021 16:53:14.644 INFORMACIÓN [localhost-startStop-1] org.apache.catalina.core.ApplicationContext.log Initializing Spring root WebApplicationContext
30-Nov-2021 16:53:15.061 INFORMACIÓN [localhost-startStop-1] org.apache.catalina.core.ApplicationContext.log Initializing Spring FrameworkServlet 'appServlet'
30-Nov-2021 16:53:31.543 INFORMACIÓN [localhost-startStop-1] org.apache.catalina.core.ApplicationContext.log No Spring WebApplicationInitializer types detected on classpath
30-Nov-2021 16:53:45.793 INFORMACIÓN [localhost-startStop-1] org.apache.catalina.core.ApplicationContext.log No Spring WebApplicationInitializer types detected on classpath
30-Nov-2021 16:53:45.939 INFORMACIÓN [localhost-startStop-1] org.apache.catalina.core.ApplicationContext.log Initializing Spring root WebApplicationContext
30-Nov-2021 16:53:46.387 INFORMACIÓN [localhost-startStop-1] org.apache.catalina.core.ApplicationContext.log Initializing Spring FrameworkServlet 'appServlet'
30-Nov-2021 16:53:58.241 INFORMACIÓN [localhost-startStop-1] org.apache.catalina.core.ApplicationContext.log No Spring WebApplicationInitializer types detected on classpath
30-Nov-2021 16:54:00.230 INFORMACIÓN [localhost-startStop-1] org.apache.catalina.core.ApplicationContext.log Initializing Spring root WebApplicationContext
30-Nov-2021 16:54:00.624 INFORMACIÓN [localhost-startStop-1] org.apache.catalina.core.ApplicationContext.log Initializing Spring FrameworkServlet 'appServlet'
30-Nov-2021 16:54:08.041 INFORMACIÓN [localhost-startStop-1] org.apache.catalina.core.ApplicationContext.log No Spring WebApplicationInitializer types detected on classpath
30-Nov-2021 16:54:08.673 INFORMACIÓN [localhost-startStop-1] org.apache.catalina.core.ApplicationContext.log Initializing Spring root WebApplicationContext
30-Nov-2021 16:54:09.093 INFORMACIÓN [localhost-startStop-1] org.apache.catalina.core.ApplicationContext.log Initializing Spring FrameworkServlet 'appServlet'
30-Nov-2021 16:54:22.721 INFORMACIÓN [localhost-startStop-1] org.apache.catalina.core.ApplicationContext.log No Spring WebApplicationInitializer types detected on classpath
30-Nov-2021 16:54:23.382 INFORMACIÓN [localhost-startStop-1] org.apache.catalina.core.ApplicationContext.log Initializing Spring root WebApplicationContext
30-Nov-2021 16:54:23.813 INFORMACIÓN [localhost-startStop-1] org.apache.catalina.core.ApplicationContext.log Initializing Spring FrameworkServlet 'appServlet'
30-Nov-2021 16:54:36.115 INFORMACIÓN [localhost-startStop-1] org.apache.catalina.core.ApplicationContext.log No Spring WebApplicationInitializer types detected on classpath
30-Nov-2021 16:54:36.812 INFORMACIÓN [localhost-startStop-1] org.apache.catalina.core.ApplicationContext.log Initializing Spring root WebApplicationContext
30-Nov-2021 16:54:37.205 INFORMACIÓN [localhost-startStop-1] org.apache.catalina.core.ApplicationContext.log Initializing Spring FrameworkServlet 'appServlet'
30-Nov-2021 16:54:48.181 INFORMACIÓN [http-nio-8080-exec-56] org.apache.catalina.core.ApplicationContext.log Destroying Spring FrameworkServlet 'appServlet'
30-Nov-2021 16:54:48.198 INFORMACIÓN [http-nio-8080-exec-56] org.apache.catalina.core.ApplicationContext.log Closing Spring root WebApplicationContext
30-Nov-2021 16:54:55.226 INFORMACIÓN [http-nio-8080-exec-38] org.apache.catalina.core.ApplicationContext.log No Spring WebApplicationInitializer types detected on classpath
30-Nov-2021 16:54:56.006 INFORMACIÓN [http-nio-8080-exec-38] org.apache.catalina.core.ApplicationContext.log Initializing Spring root WebApplicationContext
30-Nov-2021 16:54:56.484 INFORMACIÓN [http-nio-8080-exec-38] org.apache.catalina.core.ApplicationContext.log Initializing Spring FrameworkServlet 'appServlet'
