17-Jan-2022 15:29:10.018 INFORMACIÓN [http-nio-8080-exec-10] org.apache.catalina.core.ApplicationContext.log Manager: init: Associated with Deployer 'Catalina:type=Deployer,host=localhost'
17-Jan-2022 15:29:10.019 INFORMACIÓN [http-nio-8080-exec-10] org.apache.catalina.core.ApplicationContext.log Manager: init: Global resources are available
17-Jan-2022 15:29:16.400 INFORMACIÓN [http-nio-8080-exec-8] org.apache.catalina.core.ApplicationContext.log Manager: list: Listing contexts for virtual host 'localhost'
17-Jan-2022 15:29:16.406 INFORMACIÓN [http-nio-8080-exec-12] org.apache.catalina.core.ApplicationContext.log Manager: list: Listing contexts for virtual host 'localhost'
17-Jan-2022 15:29:27.639 INFORMACIÓN [http-nio-8080-exec-4] org.apache.catalina.core.ApplicationContext.log Manager: list: Listing contexts for virtual host 'localhost'
17-Jan-2022 15:29:27.643 INFORMACIÓN [http-nio-8080-exec-27] org.apache.catalina.core.ApplicationContext.log Manager: list: Listing contexts for virtual host 'localhost'
17-Jan-2022 15:29:27.965 INFORMACIÓN [http-nio-8080-exec-32] org.apache.catalina.core.ApplicationContext.log Manager: undeploy: Undeploying web application at '/fielcobranzas'
17-Jan-2022 15:29:28.820 INFORMACIÓN [http-nio-8080-exec-3] org.apache.catalina.core.ApplicationContext.log Manager: install: Installing context configuration at 'file:/C:/Users/User/AppData/Local/Temp/context2440564541683312567.xml'
17-Jan-2022 15:29:51.384 INFORMACIÓN [http-nio-8080-exec-20] org.apache.catalina.core.ApplicationContext.log Manager: list: Listing contexts for virtual host 'localhost'
17-Jan-2022 15:29:51.388 INFORMACIÓN [http-nio-8080-exec-40] org.apache.catalina.core.ApplicationContext.log Manager: list: Listing contexts for virtual host 'localhost'
17-Jan-2022 15:29:51.416 INFORMACIÓN [http-nio-8080-exec-23] org.apache.catalina.core.ApplicationContext.log Manager: undeploy: Undeploying web application at '/fielcobranzas'
17-Jan-2022 15:29:51.939 INFORMACIÓN [http-nio-8080-exec-19] org.apache.catalina.core.ApplicationContext.log Manager: install: Installing context configuration at 'file:/C:/Users/User/AppData/Local/Temp/context5242409358198163996.xml'
17-Jan-2022 15:29:56.211 INFORMACIÓN [http-nio-8080-exec-6] org.apache.catalina.core.ApplicationContext.log Manager: list: Listing contexts for virtual host 'localhost'
17-Jan-2022 15:29:56.216 INFORMACIÓN [http-nio-8080-exec-18] org.apache.catalina.core.ApplicationContext.log Manager: list: Listing contexts for virtual host 'localhost'
17-Jan-2022 15:29:56.246 INFORMACIÓN [http-nio-8080-exec-13] org.apache.catalina.core.ApplicationContext.log Manager: undeploy: Undeploying web application at '/fielcobranzas'
17-Jan-2022 15:29:56.776 INFORMACIÓN [http-nio-8080-exec-49] org.apache.catalina.core.ApplicationContext.log Manager: install: Installing context configuration at 'file:/C:/Users/User/AppData/Local/Temp/context1319465652173638840.xml'
17-Jan-2022 15:31:08.248 INFORMACIÓN [http-nio-8080-exec-6] org.apache.catalina.core.ApplicationContext.log Manager: list: Listing contexts for virtual host 'localhost'
17-Jan-2022 15:31:08.253 INFORMACIÓN [http-nio-8080-exec-2] org.apache.catalina.core.ApplicationContext.log Manager: list: Listing contexts for virtual host 'localhost'
17-Jan-2022 15:31:19.571 INFORMACIÓN [http-nio-8080-exec-64] org.apache.catalina.core.ApplicationContext.log Manager: start: Starting web application '/fielcobranzas'
17-Jan-2022 15:32:11.464 INFORMACIÓN [http-nio-8080-exec-69] org.apache.catalina.core.ApplicationContext.log Manager: list: Listing contexts for virtual host 'localhost'
17-Jan-2022 15:32:15.389 INFORMACIÓN [http-nio-8080-exec-69] org.apache.catalina.core.ApplicationContext.log Manager: list: Listing contexts for virtual host 'localhost'
17-Jan-2022 15:32:24.021 INFORMACIÓN [http-nio-8080-exec-70] org.apache.catalina.core.ApplicationContext.log Manager: list: Listing contexts for virtual host 'localhost'
17-Jan-2022 15:33:25.046 INFORMACIÓN [http-nio-8080-exec-63] org.apache.catalina.core.ApplicationContext.log Manager: list: Listing contexts for virtual host 'localhost'
17-Jan-2022 16:03:00.816 INFORMACIÓN [http-nio-8080-exec-84] org.apache.catalina.core.ApplicationContext.log Manager: undeploy: Undeploying web application at '/tarjetas-fielco'
17-Jan-2022 16:03:01.574 INFORMACIÓN [http-nio-8080-exec-82] org.apache.catalina.core.ApplicationContext.log Manager: list: Listing contexts for virtual host 'localhost'
17-Jan-2022 16:03:01.578 INFORMACIÓN [http-nio-8080-exec-80] org.apache.catalina.core.ApplicationContext.log Manager: list: Listing contexts for virtual host 'localhost'
17-Jan-2022 16:03:08.176 INFORMACIÓN [http-nio-8080-exec-81] org.apache.catalina.core.ApplicationContext.log Manager: start: Starting web application '/fielcobranzas'
