11-Jan-2022 16:04:18.931 INFORMACIÓN [http-nio-8080-exec-44] org.apache.catalina.core.ApplicationContext.log Manager: init: Associated with Deployer 'Catalina:type=Deployer,host=localhost'
11-Jan-2022 16:04:18.931 INFORMACIÓN [http-nio-8080-exec-44] org.apache.catalina.core.ApplicationContext.log Manager: init: Global resources are available
11-Jan-2022 16:04:19.371 INFORMACIÓN [http-nio-8080-exec-45] org.apache.catalina.core.ApplicationContext.log Manager: list: Listing contexts for virtual host 'localhost'
11-Jan-2022 16:04:19.392 INFORMACIÓN [http-nio-8080-exec-47] org.apache.catalina.core.ApplicationContext.log Manager: list: Listing contexts for virtual host 'localhost'
11-Jan-2022 16:04:19.792 INFORMACIÓN [http-nio-8080-exec-16] org.apache.catalina.core.ApplicationContext.log Manager: undeploy: Undeploying web application at '/fielcorresponsal'
11-Jan-2022 16:04:20.955 INFORMACIÓN [http-nio-8080-exec-38] org.apache.catalina.core.ApplicationContext.log Manager: install: Installing context configuration at 'file:/C:/Users/User/AppData/Local/Temp/context7060823955939265293.xml'
11-Jan-2022 16:04:32.138 INFORMACIÓN [http-nio-8080-exec-48] org.apache.catalina.core.ApplicationContext.log Manager: start: Starting web application '/fielcorresponsal'
11-Jan-2022 16:12:10.647 INFORMACIÓN [http-nio-8080-exec-60] org.apache.catalina.core.ApplicationContext.log Manager: list: Listing contexts for virtual host 'localhost'
11-Jan-2022 16:12:10.653 INFORMACIÓN [http-nio-8080-exec-59] org.apache.catalina.core.ApplicationContext.log Manager: list: Listing contexts for virtual host 'localhost'
11-Jan-2022 16:15:20.501 INFORMACIÓN [http-nio-8080-exec-57] org.apache.catalina.core.ApplicationContext.log Manager: list: Listing contexts for virtual host 'localhost'
11-Jan-2022 16:15:20.507 INFORMACIÓN [http-nio-8080-exec-58] org.apache.catalina.core.ApplicationContext.log Manager: list: Listing contexts for virtual host 'localhost'
11-Jan-2022 16:15:20.595 INFORMACIÓN [http-nio-8080-exec-54] org.apache.catalina.core.ApplicationContext.log Manager: undeploy: Undeploying web application at '/'
11-Jan-2022 16:15:22.274 INFORMACIÓN [http-nio-8080-exec-55] org.apache.catalina.core.ApplicationContext.log Manager: install: Installing context configuration at 'file:/C:/Users/User/AppData/Local/Temp/context5762947469109879035.xml'
11-Jan-2022 16:15:38.579 INFORMACIÓN [http-nio-8080-exec-60] org.apache.catalina.core.ApplicationContext.log Manager: start: Starting web application '/'
11-Jan-2022 16:19:59.190 INFORMACIÓN [http-nio-8080-exec-67] org.apache.catalina.core.ApplicationContext.log Manager: list: Listing contexts for virtual host 'localhost'
11-Jan-2022 16:19:59.196 INFORMACIÓN [http-nio-8080-exec-68] org.apache.catalina.core.ApplicationContext.log Manager: list: Listing contexts for virtual host 'localhost'
11-Jan-2022 16:20:49.610 INFORMACIÓN [http-nio-8080-exec-70] org.apache.catalina.core.ApplicationContext.log Manager: list: Listing contexts for virtual host 'localhost'
11-Jan-2022 16:20:49.635 INFORMACIÓN [http-nio-8080-exec-72] org.apache.catalina.core.ApplicationContext.log Manager: undeploy: Undeploying web application at '/'
11-Jan-2022 16:20:50.359 INFORMACIÓN [http-nio-8080-exec-65] org.apache.catalina.core.ApplicationContext.log Manager: install: Installing context configuration at 'file:/C:/Users/User/AppData/Local/Temp/context5811185336496382161.xml'
11-Jan-2022 16:21:13.204 INFORMACIÓN [http-nio-8080-exec-70] org.apache.catalina.core.ApplicationContext.log Manager: list: Listing contexts for virtual host 'localhost'
11-Jan-2022 16:21:13.224 INFORMACIÓN [http-nio-8080-exec-68] org.apache.catalina.core.ApplicationContext.log Manager: undeploy: Undeploying web application at '/'
11-Jan-2022 16:21:13.883 INFORMACIÓN [http-nio-8080-exec-70] org.apache.catalina.core.ApplicationContext.log Manager: install: Installing context configuration at 'file:/C:/Users/User/AppData/Local/Temp/context7493135254845613695.xml'
11-Jan-2022 16:24:17.486 INFORMACIÓN [http-nio-8080-exec-68] org.apache.catalina.core.ApplicationContext.log Manager: list: Listing contexts for virtual host 'localhost'
11-Jan-2022 16:24:17.495 INFORMACIÓN [http-nio-8080-exec-79] org.apache.catalina.core.ApplicationContext.log Manager: undeploy: Undeploying web application at '/'
11-Jan-2022 16:24:28.937 INFORMACIÓN [http-nio-8080-exec-68] org.apache.catalina.core.ApplicationContext.log Manager: list: Listing contexts for virtual host 'localhost'
11-Jan-2022 16:24:28.940 INFORMACIÓN [http-nio-8080-exec-64] org.apache.catalina.core.ApplicationContext.log Manager: list: Listing contexts for virtual host 'localhost'
11-Jan-2022 16:24:28.987 INFORMACIÓN [http-nio-8080-exec-80] org.apache.catalina.core.ApplicationContext.log Manager: install: Installing context configuration at 'file:/C:/Users/User/AppData/Local/Temp/context2223979790219672970.xml'
11-Jan-2022 16:24:34.837 INFORMACIÓN [http-nio-8080-exec-77] org.apache.catalina.core.ApplicationContext.log Manager: start: Starting web application '/pago-servicios-fielcorresponsal'
11-Jan-2022 16:26:27.657 INFORMACIÓN [http-nio-8080-exec-86] org.apache.catalina.core.ApplicationContext.log Manager: list: Listing contexts for virtual host 'localhost'
11-Jan-2022 16:26:27.661 INFORMACIÓN [http-nio-8080-exec-90] org.apache.catalina.core.ApplicationContext.log Manager: list: Listing contexts for virtual host 'localhost'
11-Jan-2022 16:26:52.800 INFORMACIÓN [http-nio-8080-exec-91] org.apache.catalina.core.ApplicationContext.log Manager: list: Listing contexts for virtual host 'localhost'
11-Jan-2022 16:26:52.836 INFORMACIÓN [http-nio-8080-exec-89] org.apache.catalina.core.ApplicationContext.log Manager: list: Listing contexts for virtual host 'localhost'
11-Jan-2022 16:26:52.847 INFORMACIÓN [http-nio-8080-exec-86] org.apache.catalina.core.ApplicationContext.log Manager: install: Installing context configuration at 'file:/C:/Users/User/AppData/Local/Temp/context6577375809010636478.xml'
11-Jan-2022 16:27:11.145 INFORMACIÓN [http-nio-8080-exec-88] org.apache.catalina.core.ApplicationContext.log Manager: list: Listing contexts for virtual host 'localhost'
11-Jan-2022 16:27:11.183 INFORMACIÓN [http-nio-8080-exec-89] org.apache.catalina.core.ApplicationContext.log Manager: undeploy: Undeploying web application at '/fielcobranzas'
11-Jan-2022 16:27:11.742 INFORMACIÓN [http-nio-8080-exec-86] org.apache.catalina.core.ApplicationContext.log Manager: install: Installing context configuration at 'file:/C:/Users/User/AppData/Local/Temp/context6486076525203431650.xml'
11-Jan-2022 16:27:15.540 INFORMACIÓN [http-nio-8080-exec-86] org.apache.catalina.core.ApplicationContext.log Manager: list: Listing contexts for virtual host 'localhost'
11-Jan-2022 16:27:15.577 INFORMACIÓN [http-nio-8080-exec-88] org.apache.catalina.core.ApplicationContext.log Manager: undeploy: Undeploying web application at '/fielcobranzas'
11-Jan-2022 16:27:16.102 INFORMACIÓN [http-nio-8080-exec-87] org.apache.catalina.core.ApplicationContext.log Manager: install: Installing context configuration at 'file:/C:/Users/User/AppData/Local/Temp/context2103941065364013706.xml'
11-Jan-2022 16:27:18.593 INFORMACIÓN [http-nio-8080-exec-86] org.apache.catalina.core.ApplicationContext.log Manager: list: Listing contexts for virtual host 'localhost'
11-Jan-2022 16:27:18.597 INFORMACIÓN [http-nio-8080-exec-85] org.apache.catalina.core.ApplicationContext.log Manager: list: Listing contexts for virtual host 'localhost'
11-Jan-2022 16:27:27.922 INFORMACIÓN [http-nio-8080-exec-88] org.apache.catalina.core.ApplicationContext.log Manager: start: Starting web application '/fielcobranzas'
11-Jan-2022 16:29:49.705 INFORMACIÓN [http-nio-8080-exec-101] org.apache.catalina.core.ApplicationContext.log Manager: list: Listing contexts for virtual host 'localhost'
11-Jan-2022 16:29:49.739 INFORMACIÓN [http-nio-8080-exec-92] org.apache.catalina.core.ApplicationContext.log Manager: undeploy: Undeploying web application at '/fielcobranzas'
11-Jan-2022 16:29:50.260 INFORMACIÓN [http-nio-8080-exec-96] org.apache.catalina.core.ApplicationContext.log Manager: install: Installing context configuration at 'file:/C:/Users/User/AppData/Local/Temp/context1385475419686248130.xml'
11-Jan-2022 16:30:06.198 INFORMACIÓN [http-nio-8080-exec-101] org.apache.catalina.core.ApplicationContext.log Manager: list: Listing contexts for virtual host 'localhost'
11-Jan-2022 16:30:06.221 INFORMACIÓN [http-nio-8080-exec-102] org.apache.catalina.core.ApplicationContext.log Manager: undeploy: Undeploying web application at '/fielcobranzas'
11-Jan-2022 16:30:06.740 INFORMACIÓN [http-nio-8080-exec-92] org.apache.catalina.core.ApplicationContext.log Manager: install: Installing context configuration at 'file:/C:/Users/User/AppData/Local/Temp/context3086186226124838314.xml'
11-Jan-2022 16:30:09.661 INFORMACIÓN [http-nio-8080-exec-107] org.apache.catalina.core.ApplicationContext.log Manager: list: Listing contexts for virtual host 'localhost'
11-Jan-2022 16:30:09.694 INFORMACIÓN [http-nio-8080-exec-98] org.apache.catalina.core.ApplicationContext.log Manager: undeploy: Undeploying web application at '/fielcobranzas'
11-Jan-2022 16:30:10.224 INFORMACIÓN [http-nio-8080-exec-102] org.apache.catalina.core.ApplicationContext.log Manager: install: Installing context configuration at 'file:/C:/Users/User/AppData/Local/Temp/context442528363933630490.xml'
11-Jan-2022 16:41:09.074 INFORMACIÓN [http-nio-8080-exec-109] org.apache.catalina.core.ApplicationContext.log Manager: list: Listing contexts for virtual host 'localhost'
11-Jan-2022 16:41:09.094 INFORMACIÓN [http-nio-8080-exec-110] org.apache.catalina.core.ApplicationContext.log Manager: list: Listing contexts for virtual host 'localhost'
11-Jan-2022 16:41:09.103 INFORMACIÓN [http-nio-8080-exec-112] org.apache.catalina.core.ApplicationContext.log Manager: install: Installing context configuration at 'file:/C:/Users/User/AppData/Local/Temp/context7407998458884635711.xml'
11-Jan-2022 16:41:28.078 INFORMACIÓN [http-nio-8080-exec-111] org.apache.catalina.core.ApplicationContext.log Manager: list: Listing contexts for virtual host 'localhost'
11-Jan-2022 16:41:28.106 INFORMACIÓN [http-nio-8080-exec-107] org.apache.catalina.core.ApplicationContext.log Manager: undeploy: Undeploying web application at '/'
11-Jan-2022 16:41:28.651 INFORMACIÓN [http-nio-8080-exec-110] org.apache.catalina.core.ApplicationContext.log Manager: install: Installing context configuration at 'file:/C:/Users/User/AppData/Local/Temp/context1894543925840978019.xml'
11-Jan-2022 16:41:32.785 INFORMACIÓN [http-nio-8080-exec-112] org.apache.catalina.core.ApplicationContext.log Manager: list: Listing contexts for virtual host 'localhost'
11-Jan-2022 16:41:32.817 INFORMACIÓN [http-nio-8080-exec-109] org.apache.catalina.core.ApplicationContext.log Manager: undeploy: Undeploying web application at '/'
11-Jan-2022 16:41:33.361 INFORMACIÓN [http-nio-8080-exec-107] org.apache.catalina.core.ApplicationContext.log Manager: install: Installing context configuration at 'file:/C:/Users/User/AppData/Local/Temp/context471903909978502604.xml'
11-Jan-2022 17:02:40.439 INFORMACIÓN [http-nio-8080-exec-108] org.apache.catalina.core.ApplicationContext.log Manager: list: Listing contexts for virtual host 'localhost'
11-Jan-2022 17:02:40.447 INFORMACIÓN [http-nio-8080-exec-110] org.apache.catalina.core.ApplicationContext.log Manager: list: Listing contexts for virtual host 'localhost'
11-Jan-2022 17:02:42.910 INFORMACIÓN [http-nio-8080-exec-114] org.apache.catalina.core.ApplicationContext.log Manager: undeploy: Undeploying web application at '/bancard'
11-Jan-2022 17:02:43.545 INFORMACIÓN [http-nio-8080-exec-110] org.apache.catalina.core.ApplicationContext.log Manager: list: Listing contexts for virtual host 'localhost'
11-Jan-2022 17:02:43.548 INFORMACIÓN [http-nio-8080-exec-112] org.apache.catalina.core.ApplicationContext.log Manager: list: Listing contexts for virtual host 'localhost'
11-Jan-2022 17:02:45.487 INFORMACIÓN [http-nio-8080-exec-111] org.apache.catalina.core.ApplicationContext.log Manager: undeploy: Undeploying web application at '/fielcobranzas'
11-Jan-2022 17:02:46.115 INFORMACIÓN [http-nio-8080-exec-110] org.apache.catalina.core.ApplicationContext.log Manager: list: Listing contexts for virtual host 'localhost'
11-Jan-2022 17:02:46.119 INFORMACIÓN [http-nio-8080-exec-103] org.apache.catalina.core.ApplicationContext.log Manager: list: Listing contexts for virtual host 'localhost'
11-Jan-2022 17:02:49.539 INFORMACIÓN [http-nio-8080-exec-115] org.apache.catalina.core.ApplicationContext.log Manager: undeploy: Undeploying web application at '/ps-procesador'
11-Jan-2022 17:02:50.237 INFORMACIÓN [http-nio-8080-exec-110] org.apache.catalina.core.ApplicationContext.log Manager: list: Listing contexts for virtual host 'localhost'
11-Jan-2022 17:02:50.240 INFORMACIÓN [http-nio-8080-exec-117] org.apache.catalina.core.ApplicationContext.log Manager: list: Listing contexts for virtual host 'localhost'
11-Jan-2022 17:04:40.294 INFORMACIÓN [http-nio-8080-exec-104] org.apache.catalina.core.ApplicationContext.log Manager: list: Listing contexts for virtual host 'localhost'
11-Jan-2022 17:04:48.588 INFORMACIÓN [http-nio-8080-exec-116] org.apache.catalina.core.ApplicationContext.log Manager: list: Listing contexts for virtual host 'localhost'
11-Jan-2022 17:04:49.183 INFORMACIÓN [http-nio-8080-exec-120] org.apache.catalina.core.ApplicationContext.log Manager: restart: Reloading web application '/tarjetas-fielco'
11-Jan-2022 17:05:10.832 INFORMACIÓN [http-nio-8080-exec-119] org.apache.catalina.core.ApplicationContext.log Manager: list: Listing contexts for virtual host 'localhost'
11-Jan-2022 17:05:11.193 INFORMACIÓN [http-nio-8080-exec-122] org.apache.catalina.core.ApplicationContext.log Manager: restart: Reloading web application '/pago-servicios-fielcorresponsal'
11-Jan-2022 17:05:19.674 INFORMACIÓN [http-nio-8080-exec-125] org.apache.catalina.core.ApplicationContext.log Manager: list: Listing contexts for virtual host 'localhost'
11-Jan-2022 17:05:19.690 INFORMACIÓN [http-nio-8080-exec-119] org.apache.catalina.core.ApplicationContext.log Manager: list: Listing contexts for virtual host 'localhost'
11-Jan-2022 17:05:21.458 INFORMACIÓN [http-nio-8080-exec-125] org.apache.catalina.core.ApplicationContext.log Manager: restart: Reloading web application '/administrativo-fielcorresponsal'
11-Jan-2022 17:05:57.420 INFORMACIÓN [http-nio-8080-exec-124] org.apache.catalina.core.ApplicationContext.log Manager: list: Listing contexts for virtual host 'localhost'
11-Jan-2022 17:05:57.869 INFORMACIÓN [http-nio-8080-exec-119] org.apache.catalina.core.ApplicationContext.log Manager: restart: Reloading web application '/'
11-Jan-2022 17:05:57.870 GRAVE [http-nio-8080-exec-119] org.apache.catalina.core.ApplicationContext.log Manager: ManagerServlet.reload[/]
 java.lang.IllegalStateException: Aún no se ha arrancado el Contexto []
	at org.apache.catalina.core.StandardContext.reload(StandardContext.java:3764)
	at org.apache.catalina.manager.ManagerServlet.reload(ManagerServlet.java:1006)
	at org.apache.catalina.manager.ManagerServlet.doGet(ManagerServlet.java:346)
	at javax.servlet.http.HttpServlet.service(HttpServlet.java:622)
	at javax.servlet.http.HttpServlet.service(HttpServlet.java:729)
	at org.apache.catalina.core.ApplicationFilterChain.internalDoFilter(ApplicationFilterChain.java:230)
	at org.apache.catalina.core.ApplicationFilterChain.doFilter(ApplicationFilterChain.java:165)
	at org.apache.tomcat.websocket.server.WsFilter.doFilter(WsFilter.java:52)
	at org.apache.catalina.core.ApplicationFilterChain.internalDoFilter(ApplicationFilterChain.java:192)
	at org.apache.catalina.core.ApplicationFilterChain.doFilter(ApplicationFilterChain.java:165)
	at org.apache.catalina.filters.SetCharacterEncodingFilter.doFilter(SetCharacterEncodingFilter.java:108)
	at org.apache.catalina.core.ApplicationFilterChain.internalDoFilter(ApplicationFilterChain.java:192)
	at org.apache.catalina.core.ApplicationFilterChain.doFilter(ApplicationFilterChain.java:165)
	at org.apache.catalina.core.StandardWrapperValve.invoke(StandardWrapperValve.java:198)
	at org.apache.catalina.core.StandardContextValve.invoke(StandardContextValve.java:108)
	at org.apache.catalina.authenticator.AuthenticatorBase.invoke(AuthenticatorBase.java:589)
	at org.apache.catalina.valves.RequestFilterValve.process(RequestFilterValve.java:319)
	at org.apache.catalina.valves.RemoteAddrValve.invoke(RemoteAddrValve.java:88)
	at org.apache.catalina.core.StandardHostValve.invoke(StandardHostValve.java:140)
	at org.apache.catalina.valves.ErrorReportValve.invoke(ErrorReportValve.java:79)
	at org.apache.catalina.valves.AbstractAccessLogValve.invoke(AbstractAccessLogValve.java:620)
	at org.apache.catalina.core.StandardEngineValve.invoke(StandardEngineValve.java:87)
	at org.apache.catalina.connector.CoyoteAdapter.service(CoyoteAdapter.java:349)
	at org.apache.coyote.http11.Http11Processor.service(Http11Processor.java:784)
	at org.apache.coyote.AbstractProcessorLight.process(AbstractProcessorLight.java:66)
	at org.apache.coyote.AbstractProtocol$ConnectionHandler.process(AbstractProtocol.java:802)
	at org.apache.tomcat.util.net.NioEndpoint$SocketProcessor.doRun(NioEndpoint.java:1410)
	at org.apache.tomcat.util.net.SocketProcessorBase.run(SocketProcessorBase.java:49)
	at java.util.concurrent.ThreadPoolExecutor.runWorker(ThreadPoolExecutor.java:1149)
	at java.util.concurrent.ThreadPoolExecutor$Worker.run(ThreadPoolExecutor.java:624)
	at org.apache.tomcat.util.threads.TaskThread$WrappingRunnable.run(TaskThread.java:61)
	at java.lang.Thread.run(Thread.java:748)

11-Jan-2022 17:05:57.889 INFORMACIÓN [http-nio-8080-exec-124] org.apache.catalina.core.ApplicationContext.log Manager: list: Listing contexts for virtual host 'localhost'
11-Jan-2022 17:05:58.418 INFORMACIÓN [http-nio-8080-exec-119] org.apache.catalina.core.ApplicationContext.log Manager: restart: Reloading web application '/auth-fielcorresponsal'
11-Jan-2022 17:06:11.912 INFORMACIÓN [http-nio-8080-exec-127] org.apache.catalina.core.ApplicationContext.log Manager: list: Listing contexts for virtual host 'localhost'
11-Jan-2022 17:06:12.544 INFORMACIÓN [http-nio-8080-exec-124] org.apache.catalina.core.ApplicationContext.log Manager: restart: Reloading web application '/datos-generales-fielcorresponsal'
11-Jan-2022 17:07:22.608 INFORMACIÓN [http-nio-8080-exec-128] org.apache.catalina.core.ApplicationContext.log Manager: list: Listing contexts for virtual host 'localhost'
11-Jan-2022 17:07:22.647 INFORMACIÓN [http-nio-8080-exec-127] org.apache.catalina.core.ApplicationContext.log Manager: undeploy: Undeploying web application at '/'
11-Jan-2022 17:07:23.168 INFORMACIÓN [http-nio-8080-exec-108] org.apache.catalina.core.ApplicationContext.log Manager: install: Installing context configuration at 'file:/C:/Users/User/AppData/Local/Temp/context9159259644494323144.xml'
11-Jan-2022 17:07:32.144 INFORMACIÓN [http-nio-8080-exec-130] org.apache.catalina.core.ApplicationContext.log Manager: start: Starting web application '/'
11-Jan-2022 17:07:32.398 INFORMACIÓN [http-nio-8080-exec-131] org.apache.catalina.core.ApplicationContext.log Manager: list: Listing contexts for virtual host 'localhost'
11-Jan-2022 17:07:32.402 INFORMACIÓN [http-nio-8080-exec-110] org.apache.catalina.core.ApplicationContext.log Manager: list: Listing contexts for virtual host 'localhost'
11-Jan-2022 17:07:32.494 INFORMACIÓN [http-nio-8080-exec-128] org.apache.catalina.core.ApplicationContext.log Manager: undeploy: Undeploying web application at '/'
11-Jan-2022 17:07:33.626 INFORMACIÓN [http-nio-8080-exec-131] org.apache.catalina.core.ApplicationContext.log Manager: install: Installing context configuration at 'file:/C:/Users/User/AppData/Local/Temp/context3519339701773329755.xml'
11-Jan-2022 17:07:42.183 INFORMACIÓN [http-nio-8080-exec-127] org.apache.catalina.core.ApplicationContext.log Manager: start: Starting web application '/'
11-Jan-2022 17:08:57.495 INFORMACIÓN [http-nio-8080-exec-133] org.apache.catalina.core.ApplicationContext.log Manager: list: Listing contexts for virtual host 'localhost'
11-Jan-2022 17:08:57.498 INFORMACIÓN [http-nio-8080-exec-135] org.apache.catalina.core.ApplicationContext.log Manager: list: Listing contexts for virtual host 'localhost'
11-Jan-2022 17:08:57.541 INFORMACIÓN [http-nio-8080-exec-104] org.apache.catalina.core.ApplicationContext.log Manager: install: Installing context configuration at 'file:/C:/Users/User/AppData/Local/Temp/context8826805654972509330.xml'
11-Jan-2022 17:09:07.036 INFORMACIÓN [http-nio-8080-exec-137] org.apache.catalina.core.ApplicationContext.log Manager: start: Starting web application '/bancard'
11-Jan-2022 17:41:21.808 INFORMACIÓN [http-nio-8080-exec-139] org.apache.catalina.core.ApplicationContext.log Manager: list: Listing contexts for virtual host 'localhost'
11-Jan-2022 17:41:21.812 INFORMACIÓN [http-nio-8080-exec-140] org.apache.catalina.core.ApplicationContext.log Manager: list: Listing contexts for virtual host 'localhost'
11-Jan-2022 17:41:21.888 INFORMACIÓN [http-nio-8080-exec-137] org.apache.catalina.core.ApplicationContext.log Manager: install: Installing context configuration at 'file:/C:/Users/User/AppData/Local/Temp/context4790571805260688541.xml'
11-Jan-2022 17:41:34.054 INFORMACIÓN [http-nio-8080-exec-135] org.apache.catalina.core.ApplicationContext.log Manager: start: Starting web application '/ps-procesador'
11-Jan-2022 17:41:51.649 INFORMACIÓN [http-nio-8080-exec-135] org.apache.catalina.core.ApplicationContext.log Manager: list: Listing contexts for virtual host 'localhost'
11-Jan-2022 17:41:51.656 INFORMACIÓN [http-nio-8080-exec-142] org.apache.catalina.core.ApplicationContext.log Manager: list: Listing contexts for virtual host 'localhost'
11-Jan-2022 17:44:03.872 INFORMACIÓN [http-nio-8080-exec-136] org.apache.catalina.core.ApplicationContext.log Manager: list: Listing contexts for virtual host 'localhost'
11-Jan-2022 17:44:03.875 INFORMACIÓN [http-nio-8080-exec-138] org.apache.catalina.core.ApplicationContext.log Manager: list: Listing contexts for virtual host 'localhost'
11-Jan-2022 17:44:03.925 INFORMACIÓN [http-nio-8080-exec-141] org.apache.catalina.core.ApplicationContext.log Manager: undeploy: Undeploying web application at '/'
11-Jan-2022 17:44:04.988 INFORMACIÓN [http-nio-8080-exec-138] org.apache.catalina.core.ApplicationContext.log Manager: install: Installing context configuration at 'file:/C:/Users/User/AppData/Local/Temp/context406398693342316875.xml'
11-Jan-2022 17:44:16.468 INFORMACIÓN [http-nio-8080-exec-140] org.apache.catalina.core.ApplicationContext.log Manager: start: Starting web application '/'
11-Jan-2022 17:44:25.666 INFORMACIÓN [http-nio-8080-exec-136] org.apache.catalina.core.ApplicationContext.log Manager: list: Listing contexts for virtual host 'localhost'
11-Jan-2022 17:44:25.669 INFORMACIÓN [http-nio-8080-exec-143] org.apache.catalina.core.ApplicationContext.log Manager: list: Listing contexts for virtual host 'localhost'
11-Jan-2022 17:44:46.261 INFORMACIÓN [http-nio-8080-exec-137] org.apache.catalina.core.ApplicationContext.log Manager: list: Listing contexts for virtual host 'localhost'
11-Jan-2022 17:44:46.269 INFORMACIÓN [http-nio-8080-exec-148] org.apache.catalina.core.ApplicationContext.log Manager: undeploy: Undeploying web application at '/'
11-Jan-2022 17:44:46.877 INFORMACIÓN [http-nio-8080-exec-137] org.apache.catalina.core.ApplicationContext.log Manager: install: Installing context configuration at 'file:/C:/Users/User/AppData/Local/Temp/context5094573727663526370.xml'
11-Jan-2022 17:44:55.835 INFORMACIÓN [http-nio-8080-exec-149] org.apache.catalina.core.ApplicationContext.log Manager: list: Listing contexts for virtual host 'localhost'
11-Jan-2022 17:44:56.832 INFORMACIÓN [http-nio-8080-exec-133] org.apache.catalina.core.ApplicationContext.log Manager: undeploy: Undeploying web application at '/'
11-Jan-2022 17:46:53.197 INFORMACIÓN [http-nio-8080-exec-153] org.apache.catalina.core.ApplicationContext.log Manager: list: Listing contexts for virtual host 'localhost'
11-Jan-2022 17:46:54.641 INFORMACIÓN [http-nio-8080-exec-145] org.apache.catalina.core.ApplicationContext.log Manager: restart: Reloading web application '/ps-procesador'
11-Jan-2022 17:47:14.052 INFORMACIÓN [http-nio-8080-exec-155] org.apache.catalina.core.ApplicationContext.log Manager: list: Listing contexts for virtual host 'localhost'
11-Jan-2022 17:47:14.380 INFORMACIÓN [http-nio-8080-exec-133] org.apache.catalina.core.ApplicationContext.log Manager: restart: Reloading web application '/auth-fielcorresponsal'
11-Jan-2022 17:47:36.881 INFORMACIÓN [http-nio-8080-exec-155] org.apache.catalina.core.ApplicationContext.log Manager: list: Listing contexts for virtual host 'localhost'
11-Jan-2022 17:47:39.013 INFORMACIÓN [http-nio-8080-exec-152] org.apache.catalina.core.ApplicationContext.log Manager: restart: Reloading web application '/administrativo-fielcorresponsal'
11-Jan-2022 17:48:27.197 INFORMACIÓN [http-nio-8080-exec-155] org.apache.catalina.core.ApplicationContext.log Manager: list: Listing contexts for virtual host 'localhost'
11-Jan-2022 17:48:27.504 INFORMACIÓN [http-nio-8080-exec-150] org.apache.catalina.core.ApplicationContext.log Manager: restart: Reloading web application '/datos-generales-fielcorresponsal'
11-Jan-2022 17:48:50.684 INFORMACIÓN [http-nio-8080-exec-155] org.apache.catalina.core.ApplicationContext.log Manager: list: Listing contexts for virtual host 'localhost'
11-Jan-2022 17:48:50.707 INFORMACIÓN [http-nio-8080-exec-160] org.apache.catalina.core.ApplicationContext.log Manager: list: Listing contexts for virtual host 'localhost'
11-Jan-2022 17:48:51.219 INFORMACIÓN [http-nio-8080-exec-155] org.apache.catalina.core.ApplicationContext.log Manager: restart: Reloading web application '/tarjetas-fielco'
11-Jan-2022 17:49:07.721 INFORMACIÓN [http-nio-8080-exec-159] org.apache.catalina.core.ApplicationContext.log Manager: list: Listing contexts for virtual host 'localhost'
11-Jan-2022 17:49:07.751 INFORMACIÓN [http-nio-8080-exec-161] org.apache.catalina.core.ApplicationContext.log Manager: list: Listing contexts for virtual host 'localhost'
11-Jan-2022 17:49:08.478 INFORMACIÓN [http-nio-8080-exec-159] org.apache.catalina.core.ApplicationContext.log Manager: restart: Reloading web application '/auth-fielcorresponsal'
11-Jan-2022 17:49:35.959 INFORMACIÓN [http-nio-8080-exec-153] org.apache.catalina.core.ApplicationContext.log Manager: list: Listing contexts for virtual host 'localhost'
11-Jan-2022 17:49:48.935 INFORMACIÓN [http-nio-8080-exec-160] org.apache.catalina.core.ApplicationContext.log Manager: restart: Reloading web application '/fielcorresponsal'
11-Jan-2022 17:50:09.934 INFORMACIÓN [http-nio-8080-exec-153] org.apache.catalina.core.ApplicationContext.log Manager: list: Listing contexts for virtual host 'localhost'
11-Jan-2022 17:50:09.955 INFORMACIÓN [http-nio-8080-exec-164] org.apache.catalina.core.ApplicationContext.log Manager: list: Listing contexts for virtual host 'localhost'
11-Jan-2022 17:50:10.203 INFORMACIÓN [http-nio-8080-exec-153] org.apache.catalina.core.ApplicationContext.log Manager: restart: Reloading web application '/pago-servicios-fielcorresponsal'
11-Jan-2022 17:50:21.516 INFORMACIÓN [http-nio-8080-exec-139] org.apache.catalina.core.ApplicationContext.log Manager: list: Listing contexts for virtual host 'localhost'
11-Jan-2022 17:50:21.517 INFORMACIÓN [http-nio-8080-exec-162] org.apache.catalina.core.ApplicationContext.log Manager: list: Listing contexts for virtual host 'localhost'
11-Jan-2022 17:50:21.551 INFORMACIÓN [http-nio-8080-exec-143] org.apache.catalina.core.ApplicationContext.log Manager: install: Installing context configuration at 'file:/C:/Users/User/AppData/Local/Temp/context4228773480057770930.xml'
11-Jan-2022 17:50:38.834 INFORMACIÓN [http-nio-8080-exec-139] org.apache.catalina.core.ApplicationContext.log Manager: start: Starting web application '/'
11-Jan-2022 17:50:39.362 INFORMACIÓN [http-nio-8080-exec-139] org.apache.catalina.core.ApplicationContext.log Manager: list: Listing contexts for virtual host 'localhost'
11-Jan-2022 17:50:40.598 INFORMACIÓN [http-nio-8080-exec-162] org.apache.catalina.core.ApplicationContext.log Manager: restart: Reloading web application '/administrativo-fielcorresponsal'
11-Jan-2022 17:51:18.109 INFORMACIÓN [http-nio-8080-exec-174] org.apache.catalina.core.ApplicationContext.log Manager: list: Listing contexts for virtual host 'localhost'
11-Jan-2022 17:51:18.805 INFORMACIÓN [http-nio-8080-exec-175] org.apache.catalina.core.ApplicationContext.log Manager: restart: Reloading web application '/bancard'
11-Jan-2022 17:51:28.785 INFORMACIÓN [http-nio-8080-exec-177] org.apache.catalina.core.ApplicationContext.log Manager: list: Listing contexts for virtual host 'localhost'
11-Jan-2022 17:51:29.085 INFORMACIÓN [http-nio-8080-exec-173] org.apache.catalina.core.ApplicationContext.log Manager: restart: Reloading web application '/datos-generales-fielcorresponsal'
11-Jan-2022 17:51:47.184 INFORMACIÓN [http-nio-8080-exec-176] org.apache.catalina.core.ApplicationContext.log Manager: list: Listing contexts for virtual host 'localhost'
11-Jan-2022 17:51:54.491 INFORMACIÓN [http-nio-8080-exec-170] org.apache.catalina.core.ApplicationContext.log Manager: restart: Reloading web application '/'
11-Jan-2022 17:52:07.235 INFORMACIÓN [http-nio-8080-exec-176] org.apache.catalina.core.ApplicationContext.log Manager: list: Listing contexts for virtual host 'localhost'
11-Jan-2022 17:52:07.703 INFORMACIÓN [http-nio-8080-exec-171] org.apache.catalina.core.ApplicationContext.log Manager: restart: Reloading web application '/tarjetas-fielco'
11-Jan-2022 17:52:11.479 INFORMACIÓN [http-nio-8080-exec-172] org.apache.catalina.core.ApplicationContext.log Manager: list: Listing contexts for virtual host 'localhost'
11-Jan-2022 17:52:11.484 INFORMACIÓN [http-nio-8080-exec-184] org.apache.catalina.core.ApplicationContext.log Manager: list: Listing contexts for virtual host 'localhost'
11-Jan-2022 17:52:21.840 INFORMACIÓN [http-nio-8080-exec-183] org.apache.catalina.core.ApplicationContext.log Manager: undeploy: Undeploying web application at '/'
11-Jan-2022 17:52:22.259 INFORMACIÓN [http-nio-8080-exec-180] org.apache.catalina.core.ApplicationContext.log Manager: list: Listing contexts for virtual host 'localhost'
11-Jan-2022 17:52:22.815 INFORMACIÓN [http-nio-8080-exec-180] org.apache.catalina.core.ApplicationContext.log Manager: install: Installing context configuration at 'file:/C:/Users/User/AppData/Local/Temp/context6590002514478791377.xml'
11-Jan-2022 17:52:34.829 INFORMACIÓN [http-nio-8080-exec-176] org.apache.catalina.core.ApplicationContext.log Manager: restart: Reloading web application '/ps-procesador'
11-Jan-2022 17:52:47.007 INFORMACIÓN [http-nio-8080-exec-183] org.apache.catalina.core.ApplicationContext.log Manager: start: Starting web application '/'
11-Jan-2022 17:52:47.351 INFORMACIÓN [http-nio-8080-exec-185] org.apache.catalina.core.ApplicationContext.log Manager: list: Listing contexts for virtual host 'localhost'
11-Jan-2022 17:52:47.992 INFORMACIÓN [http-nio-8080-exec-183] org.apache.catalina.core.ApplicationContext.log Manager: list: Listing contexts for virtual host 'localhost'
11-Jan-2022 17:52:48.330 INFORMACIÓN [http-nio-8080-exec-172] org.apache.catalina.core.ApplicationContext.log Manager: restart: Reloading web application '/auth-fielcorresponsal'
11-Jan-2022 17:53:05.578 INFORMACIÓN [http-nio-8080-exec-178] org.apache.catalina.core.ApplicationContext.log Manager: list: Listing contexts for virtual host 'localhost'
11-Jan-2022 17:53:11.838 INFORMACIÓN [http-nio-8080-exec-187] org.apache.catalina.core.ApplicationContext.log Manager: restart: Reloading web application '/fielcorresponsal'
11-Jan-2022 17:53:29.061 INFORMACIÓN [http-nio-8080-exec-194] org.apache.catalina.core.ApplicationContext.log Manager: list: Listing contexts for virtual host 'localhost'
11-Jan-2022 17:53:29.728 INFORMACIÓN [http-nio-8080-exec-191] org.apache.catalina.core.ApplicationContext.log Manager: list: Listing contexts for virtual host 'localhost'
11-Jan-2022 17:53:29.935 INFORMACIÓN [http-nio-8080-exec-192] org.apache.catalina.core.ApplicationContext.log Manager: restart: Reloading web application '/pago-servicios-fielcorresponsal'
11-Jan-2022 17:53:36.655 INFORMACIÓN [http-nio-8080-exec-191] org.apache.catalina.core.ApplicationContext.log Manager: list: Listing contexts for virtual host 'localhost'
11-Jan-2022 17:53:37.102 INFORMACIÓN [http-nio-8080-exec-190] org.apache.catalina.core.ApplicationContext.log Manager: restart: Reloading web application '/'
11-Jan-2022 17:53:52.434 INFORMACIÓN [http-nio-8080-exec-189] org.apache.catalina.core.ApplicationContext.log Manager: list: Listing contexts for virtual host 'localhost'
11-Jan-2022 17:53:53.557 INFORMACIÓN [http-nio-8080-exec-181] org.apache.catalina.core.ApplicationContext.log Manager: restart: Reloading web application '/administrativo-fielcorresponsal'
11-Jan-2022 17:54:04.101 INFORMACIÓN [http-nio-8080-exec-194] org.apache.catalina.core.ApplicationContext.log Manager: list: Listing contexts for virtual host 'localhost'
11-Jan-2022 17:54:04.104 INFORMACIÓN [http-nio-8080-exec-193] org.apache.catalina.core.ApplicationContext.log Manager: list: Listing contexts for virtual host 'localhost'
11-Jan-2022 17:54:23.141 INFORMACIÓN [http-nio-8080-exec-198] org.apache.catalina.core.ApplicationContext.log Manager: undeploy: Undeploying web application at '/administrativo-fielcorresponsal'
11-Jan-2022 17:54:23.480 INFORMACIÓN [http-nio-8080-exec-197] org.apache.catalina.core.ApplicationContext.log Manager: list: Listing contexts for virtual host 'localhost'
11-Jan-2022 17:54:24.310 INFORMACIÓN [http-nio-8080-exec-193] org.apache.catalina.core.ApplicationContext.log Manager: restart: Reloading web application '/bancard'
11-Jan-2022 17:54:24.339 INFORMACIÓN [http-nio-8080-exec-196] org.apache.catalina.core.ApplicationContext.log Manager: list: Listing contexts for virtual host 'localhost'
11-Jan-2022 17:54:24.344 INFORMACIÓN [http-nio-8080-exec-197] org.apache.catalina.core.ApplicationContext.log Manager: list: Listing contexts for virtual host 'localhost'
11-Jan-2022 17:54:32.335 INFORMACIÓN [http-nio-8080-exec-197] org.apache.catalina.core.ApplicationContext.log Manager: list: Listing contexts for virtual host 'localhost'
11-Jan-2022 17:54:32.624 INFORMACIÓN [http-nio-8080-exec-195] org.apache.catalina.core.ApplicationContext.log Manager: restart: Reloading web application '/datos-generales-fielcorresponsal'
11-Jan-2022 17:54:48.843 INFORMACIÓN [http-nio-8080-exec-201] org.apache.catalina.core.ApplicationContext.log Manager: list: Listing contexts for virtual host 'localhost'
11-Jan-2022 17:57:52.660 INFORMACIÓN [http-nio-8080-exec-205] org.apache.catalina.core.ApplicationContext.log Manager: list: Listing contexts for virtual host 'localhost'
11-Jan-2022 17:57:55.629 INFORMACIÓN [http-nio-8080-exec-201] org.apache.catalina.core.ApplicationContext.log Manager: list: Listing contexts for virtual host 'localhost'
11-Jan-2022 17:57:56.866 INFORMACIÓN [http-nio-8080-exec-196] org.apache.catalina.core.ApplicationContext.log Manager: list: Listing contexts for virtual host 'localhost'
11-Jan-2022 17:57:57.527 INFORMACIÓN [http-nio-8080-exec-210] org.apache.catalina.core.ApplicationContext.log Manager: list: Listing contexts for virtual host 'localhost'
11-Jan-2022 17:57:59.879 INFORMACIÓN [http-nio-8080-exec-204] org.apache.catalina.core.ApplicationContext.log Manager: list: Listing contexts for virtual host 'localhost'
11-Jan-2022 17:58:41.800 INFORMACIÓN [http-nio-8080-exec-205] org.apache.catalina.core.ApplicationContext.log Manager: list: Listing contexts for virtual host 'localhost'
11-Jan-2022 17:59:35.651 INFORMACIÓN [http-nio-8080-exec-204] org.apache.catalina.core.ApplicationContext.log Manager: list: Listing contexts for virtual host 'localhost'
11-Jan-2022 17:59:43.104 INFORMACIÓN [http-nio-8080-exec-208] org.apache.catalina.core.ApplicationContext.log Manager: list: Listing contexts for virtual host 'localhost'
11-Jan-2022 17:59:44.434 INFORMACIÓN [http-nio-8080-exec-206] org.apache.catalina.core.ApplicationContext.log Manager: list: Listing contexts for virtual host 'localhost'
11-Jan-2022 17:59:46.617 INFORMACIÓN [http-nio-8080-exec-207] org.apache.catalina.core.ApplicationContext.log Manager: list: Listing contexts for virtual host 'localhost'
11-Jan-2022 17:59:49.449 INFORMACIÓN [http-nio-8080-exec-204] org.apache.catalina.core.ApplicationContext.log Manager: list: Listing contexts for virtual host 'localhost'
11-Jan-2022 17:59:50.420 INFORMACIÓN [http-nio-8080-exec-211] org.apache.catalina.core.ApplicationContext.log Manager: restart: Reloading web application '/fielcorresponsal'
11-Jan-2022 18:00:25.167 INFORMACIÓN [http-nio-8080-exec-212] org.apache.catalina.core.ApplicationContext.log Manager: list: Listing contexts for virtual host 'localhost'
11-Jan-2022 18:00:25.492 INFORMACIÓN [http-nio-8080-exec-207] org.apache.catalina.core.ApplicationContext.log Manager: restart: Reloading web application '/auth-fielcorresponsal'
11-Jan-2022 18:00:47.904 INFORMACIÓN [http-nio-8080-exec-209] org.apache.catalina.core.ApplicationContext.log Manager: list: Listing contexts for virtual host 'localhost'
11-Jan-2022 18:00:48.488 INFORMACIÓN [http-nio-8080-exec-217] org.apache.catalina.core.ApplicationContext.log Manager: list: Listing contexts for virtual host 'localhost'
11-Jan-2022 18:00:49.123 INFORMACIÓN [http-nio-8080-exec-206] org.apache.catalina.core.ApplicationContext.log Manager: list: Listing contexts for virtual host 'localhost'
11-Jan-2022 18:00:50.972 INFORMACIÓN [http-nio-8080-exec-210] org.apache.catalina.core.ApplicationContext.log Manager: list: Listing contexts for virtual host 'localhost'
11-Jan-2022 18:00:51.474 INFORMACIÓN [http-nio-8080-exec-217] org.apache.catalina.core.ApplicationContext.log Manager: list: Listing contexts for virtual host 'localhost'
11-Jan-2022 18:00:53.005 INFORMACIÓN [http-nio-8080-exec-218] org.apache.catalina.core.ApplicationContext.log Manager: list: Listing contexts for virtual host 'localhost'
11-Jan-2022 18:00:54.480 INFORMACIÓN [http-nio-8080-exec-210] org.apache.catalina.core.ApplicationContext.log Manager: list: Listing contexts for virtual host 'localhost'
11-Jan-2022 18:00:55.639 INFORMACIÓN [http-nio-8080-exec-219] org.apache.catalina.core.ApplicationContext.log Manager: list: Listing contexts for virtual host 'localhost'
11-Jan-2022 18:00:56.233 INFORMACIÓN [http-nio-8080-exec-220] org.apache.catalina.core.ApplicationContext.log Manager: list: Listing contexts for virtual host 'localhost'
11-Jan-2022 18:00:56.884 INFORMACIÓN [http-nio-8080-exec-212] org.apache.catalina.core.ApplicationContext.log Manager: list: Listing contexts for virtual host 'localhost'
11-Jan-2022 18:01:18.510 INFORMACIÓN [http-nio-8080-exec-212] org.apache.catalina.core.ApplicationContext.log Manager: list: Listing contexts for virtual host 'localhost'
11-Jan-2022 18:02:28.689 INFORMACIÓN [http-nio-8080-exec-224] org.apache.catalina.core.ApplicationContext.log Manager: start: Starting web application '/bancard'
11-Jan-2022 18:02:39.320 INFORMACIÓN [http-nio-8080-exec-225] org.apache.catalina.core.ApplicationContext.log Manager: list: Listing contexts for virtual host 'localhost'
11-Jan-2022 18:02:39.322 INFORMACIÓN [http-nio-8080-exec-217] org.apache.catalina.core.ApplicationContext.log Manager: list: Listing contexts for virtual host 'localhost'
11-Jan-2022 18:02:39.362 INFORMACIÓN [http-nio-8080-exec-218] org.apache.catalina.core.ApplicationContext.log Manager: install: Installing context configuration at 'file:/C:/Users/User/AppData/Local/Temp/context1039684193374438299.xml'
11-Jan-2022 18:03:08.573 INFORMACIÓN [http-nio-8080-exec-226] org.apache.catalina.core.ApplicationContext.log Manager: start: Starting web application '/administrativo-fielcorresponsal'
11-Jan-2022 18:03:17.133 INFORMACIÓN [http-nio-8080-exec-221] org.apache.catalina.core.ApplicationContext.log Manager: list: Listing contexts for virtual host 'localhost'
11-Jan-2022 18:03:17.136 INFORMACIÓN [http-nio-8080-exec-218] org.apache.catalina.core.ApplicationContext.log Manager: list: Listing contexts for virtual host 'localhost'
11-Jan-2022 18:03:32.396 INFORMACIÓN [http-nio-8080-exec-219] org.apache.catalina.core.ApplicationContext.log Manager: list: Listing contexts for virtual host 'localhost'
11-Jan-2022 18:03:32.398 INFORMACIÓN [http-nio-8080-exec-220] org.apache.catalina.core.ApplicationContext.log Manager: list: Listing contexts for virtual host 'localhost'
11-Jan-2022 18:03:32.440 INFORMACIÓN [http-nio-8080-exec-221] org.apache.catalina.core.ApplicationContext.log Manager: undeploy: Undeploying web application at '/'
11-Jan-2022 18:03:36.395 INFORMACIÓN [http-nio-8080-exec-223] org.apache.catalina.core.ApplicationContext.log Manager: install: Installing context configuration at 'file:/C:/Users/User/AppData/Local/Temp/context1807589935633276377.xml'
11-Jan-2022 18:03:49.399 INFORMACIÓN [http-nio-8080-exec-217] org.apache.catalina.core.ApplicationContext.log Manager: start: Starting web application '/'
