15-Nov-2021 16:30:45.304 INFORMACIÓN [http-nio-8090-exec-5] org.apache.catalina.core.ApplicationContext.log Manager: init: Associated with Deployer 'Catalina:type=Deployer,host=localhost'
15-Nov-2021 16:30:45.305 INFORMACIÓN [http-nio-8090-exec-5] org.apache.catalina.core.ApplicationContext.log Manager: init: Global resources are available
15-Nov-2021 16:30:45.365 INFORMACIÓN [http-nio-8090-exec-2] org.apache.catalina.core.ApplicationContext.log Manager: list: Listing contexts for virtual host 'localhost'
15-Nov-2021 16:30:45.410 INFORMACIÓN [http-nio-8090-exec-2] org.apache.catalina.core.ApplicationContext.log Manager: list: Listing contexts for virtual host 'localhost'
15-Nov-2021 16:30:45.446 INFORMACIÓN [http-nio-8090-exec-9] org.apache.catalina.core.ApplicationContext.log Manager: install: Installing context configuration at 'file:/C:/Users/User/AppData/Local/Temp/context5896586932159517082.xml'
15-Nov-2021 16:31:02.313 INFORMACIÓN [http-nio-8090-exec-9] org.apache.catalina.core.ApplicationContext.log Manager: start: Starting web application '/'
15-Nov-2021 16:32:20.680 INFORMACIÓN [http-nio-8090-exec-6] org.apache.catalina.core.ApplicationContext.log Manager: list: Listing contexts for virtual host 'localhost'
15-Nov-2021 16:32:20.699 INFORMACIÓN [http-nio-8090-exec-6] org.apache.catalina.core.ApplicationContext.log Manager: list: Listing contexts for virtual host 'localhost'
15-Nov-2021 16:33:08.030 INFORMACIÓN [http-nio-8090-exec-8] org.apache.catalina.core.ApplicationContext.log Manager: undeploy: Undeploying web application at '/administrativo-fielcorresponsal'
15-Nov-2021 16:33:08.661 INFORMACIÓN [http-nio-8090-exec-1] org.apache.catalina.core.ApplicationContext.log Manager: list: Listing contexts for virtual host 'localhost'
15-Nov-2021 16:33:08.671 INFORMACIÓN [http-nio-8090-exec-1] org.apache.catalina.core.ApplicationContext.log Manager: list: Listing contexts for virtual host 'localhost'
15-Nov-2021 16:33:11.677 INFORMACIÓN [http-nio-8090-exec-6] org.apache.catalina.core.ApplicationContext.log Manager: undeploy: Undeploying web application at '/auth-fielcorresponsal'
15-Nov-2021 16:33:12.258 INFORMACIÓN [http-nio-8090-exec-5] org.apache.catalina.core.ApplicationContext.log Manager: list: Listing contexts for virtual host 'localhost'
15-Nov-2021 16:33:12.271 INFORMACIÓN [http-nio-8090-exec-5] org.apache.catalina.core.ApplicationContext.log Manager: list: Listing contexts for virtual host 'localhost'
15-Nov-2021 16:33:14.137 INFORMACIÓN [http-nio-8090-exec-11] org.apache.catalina.core.ApplicationContext.log Manager: undeploy: Undeploying web application at '/bancard'
15-Nov-2021 16:33:14.776 INFORMACIÓN [http-nio-8090-exec-3] org.apache.catalina.core.ApplicationContext.log Manager: list: Listing contexts for virtual host 'localhost'
15-Nov-2021 16:33:14.787 INFORMACIÓN [http-nio-8090-exec-3] org.apache.catalina.core.ApplicationContext.log Manager: list: Listing contexts for virtual host 'localhost'
15-Nov-2021 16:33:17.541 INFORMACIÓN [http-nio-8090-exec-10] org.apache.catalina.core.ApplicationContext.log Manager: undeploy: Undeploying web application at '/datos-generales-fielcorresponsal'
15-Nov-2021 16:33:18.076 INFORMACIÓN [http-nio-8090-exec-9] org.apache.catalina.core.ApplicationContext.log Manager: list: Listing contexts for virtual host 'localhost'
15-Nov-2021 16:33:18.084 INFORMACIÓN [http-nio-8090-exec-9] org.apache.catalina.core.ApplicationContext.log Manager: list: Listing contexts for virtual host 'localhost'
15-Nov-2021 16:33:21.051 INFORMACIÓN [http-nio-8090-exec-12] org.apache.catalina.core.ApplicationContext.log Manager: undeploy: Undeploying web application at '/fielcobranzas'
15-Nov-2021 16:33:21.691 INFORMACIÓN [http-nio-8090-exec-1] org.apache.catalina.core.ApplicationContext.log Manager: list: Listing contexts for virtual host 'localhost'
15-Nov-2021 16:33:21.704 INFORMACIÓN [http-nio-8090-exec-1] org.apache.catalina.core.ApplicationContext.log Manager: list: Listing contexts for virtual host 'localhost'
15-Nov-2021 16:33:24.012 INFORMACIÓN [http-nio-8090-exec-9] org.apache.catalina.core.ApplicationContext.log Manager: undeploy: Undeploying web application at '/fielcorresponsal'
15-Nov-2021 16:33:24.555 INFORMACIÓN [http-nio-8090-exec-1] org.apache.catalina.core.ApplicationContext.log Manager: list: Listing contexts for virtual host 'localhost'
15-Nov-2021 16:33:24.564 INFORMACIÓN [http-nio-8090-exec-1] org.apache.catalina.core.ApplicationContext.log Manager: list: Listing contexts for virtual host 'localhost'
15-Nov-2021 16:33:27.279 INFORMACIÓN [http-nio-8090-exec-13] org.apache.catalina.core.ApplicationContext.log Manager: undeploy: Undeploying web application at '/pago-servicios-fielcorresponsal'
15-Nov-2021 16:33:27.855 INFORMACIÓN [http-nio-8090-exec-15] org.apache.catalina.core.ApplicationContext.log Manager: list: Listing contexts for virtual host 'localhost'
15-Nov-2021 16:33:27.870 INFORMACIÓN [http-nio-8090-exec-15] org.apache.catalina.core.ApplicationContext.log Manager: list: Listing contexts for virtual host 'localhost'
15-Nov-2021 16:33:30.968 INFORMACIÓN [http-nio-8090-exec-2] org.apache.catalina.core.ApplicationContext.log Manager: undeploy: Undeploying web application at '/ps-procesador'
15-Nov-2021 16:33:31.522 INFORMACIÓN [http-nio-8090-exec-1] org.apache.catalina.core.ApplicationContext.log Manager: list: Listing contexts for virtual host 'localhost'
15-Nov-2021 16:33:31.533 INFORMACIÓN [http-nio-8090-exec-1] org.apache.catalina.core.ApplicationContext.log Manager: list: Listing contexts for virtual host 'localhost'
15-Nov-2021 16:33:33.338 INFORMACIÓN [http-nio-8090-exec-7] org.apache.catalina.core.ApplicationContext.log Manager: undeploy: Undeploying web application at '/tickets-fielcorresponsal'
15-Nov-2021 16:33:34.015 INFORMACIÓN [http-nio-8090-exec-18] org.apache.catalina.core.ApplicationContext.log Manager: list: Listing contexts for virtual host 'localhost'
15-Nov-2021 16:33:34.024 INFORMACIÓN [http-nio-8090-exec-18] org.apache.catalina.core.ApplicationContext.log Manager: list: Listing contexts for virtual host 'localhost'
15-Nov-2021 16:33:35.693 INFORMACIÓN [http-nio-8090-exec-5] org.apache.catalina.core.ApplicationContext.log Manager: undeploy: Undeploying web application at '/transacciones-fielcorresponsal'
15-Nov-2021 16:33:36.262 INFORMACIÓN [http-nio-8090-exec-14] org.apache.catalina.core.ApplicationContext.log Manager: list: Listing contexts for virtual host 'localhost'
15-Nov-2021 16:33:36.272 INFORMACIÓN [http-nio-8090-exec-14] org.apache.catalina.core.ApplicationContext.log Manager: list: Listing contexts for virtual host 'localhost'
15-Nov-2021 17:28:05.352 INFORMACIÓN [http-nio-8090-exec-21] org.apache.catalina.core.ApplicationContext.log Manager: list: Listing contexts for virtual host 'localhost'
15-Nov-2021 17:28:05.372 INFORMACIÓN [http-nio-8090-exec-22] org.apache.catalina.core.ApplicationContext.log Manager: undeploy: Undeploying web application at '/'
15-Nov-2021 17:28:05.958 INFORMACIÓN [http-nio-8090-exec-22] org.apache.catalina.core.ApplicationContext.log Manager: install: Installing context configuration at 'file:/C:/Users/User/AppData/Local/Temp/context3282855856908632523.xml'
