19-Jan-2022 08:55:13.134 INFORMACIÓN [http-nio-8080-exec-220] org.apache.catalina.core.ApplicationContext.log Manager: list: Listing contexts for virtual host 'localhost'
19-Jan-2022 08:55:13.134 INFORMACIÓN [http-nio-8080-exec-212] org.apache.catalina.core.ApplicationContext.log Manager: list: Listing contexts for virtual host 'localhost'
19-Jan-2022 15:29:39.487 INFORMACIÓN [http-nio-8080-exec-40] org.apache.catalina.core.ApplicationContext.log Manager: init: Associated with Deployer 'Catalina:type=Deployer,host=localhost'
19-Jan-2022 15:29:39.488 INFORMACIÓN [http-nio-8080-exec-40] org.apache.catalina.core.ApplicationContext.log Manager: init: Global resources are available
19-Jan-2022 15:29:39.768 INFORMACIÓN [http-nio-8080-exec-14] org.apache.catalina.core.ApplicationContext.log Manager: list: Listing contexts for virtual host 'localhost'
19-Jan-2022 15:29:39.771 INFORMACIÓN [http-nio-8080-exec-21] org.apache.catalina.core.ApplicationContext.log Manager: list: Listing contexts for virtual host 'localhost'
19-Jan-2022 15:29:40.075 INFORMACIÓN [http-nio-8080-exec-8] org.apache.catalina.core.ApplicationContext.log Manager: undeploy: Undeploying web application at '/fielcorresponsal'
19-Jan-2022 15:29:40.689 INFORMACIÓN [http-nio-8080-exec-18] org.apache.catalina.core.ApplicationContext.log Manager: install: Installing context configuration at 'file:/C:/Users/User/AppData/Local/Temp/context5237192425585841350.xml'
19-Jan-2022 15:29:55.310 INFORMACIÓN [http-nio-8080-exec-17] org.apache.catalina.core.ApplicationContext.log Manager: start: Starting web application '/fielcorresponsal'
19-Jan-2022 17:11:52.454 INFORMACIÓN [http-nio-8080-exec-57] org.apache.catalina.core.ApplicationContext.log Manager: list: Listing contexts for virtual host 'localhost'
19-Jan-2022 17:11:52.459 INFORMACIÓN [http-nio-8080-exec-54] org.apache.catalina.core.ApplicationContext.log Manager: list: Listing contexts for virtual host 'localhost'
19-Jan-2022 17:12:24.042 INFORMACIÓN [http-nio-8080-exec-62] org.apache.catalina.core.ApplicationContext.log Manager: list: Listing contexts for virtual host 'localhost'
19-Jan-2022 17:12:24.563 INFORMACIÓN [http-nio-8080-exec-55] org.apache.catalina.core.ApplicationContext.log Manager: list: Listing contexts for virtual host 'localhost'
19-Jan-2022 17:12:24.582 INFORMACIÓN [http-nio-8080-exec-63] org.apache.catalina.core.ApplicationContext.log Manager: install: Installing context configuration at 'file:/C:/Users/User/AppData/Local/Temp/context8529021795411828440.xml'
19-Jan-2022 17:13:14.481 INFORMACIÓN [http-nio-8080-exec-54] org.apache.catalina.core.ApplicationContext.log Manager: list: Listing contexts for virtual host 'localhost'
19-Jan-2022 17:13:14.556 INFORMACIÓN [http-nio-8080-exec-60] org.apache.catalina.core.ApplicationContext.log Manager: undeploy: Undeploying web application at '/wu-external-api'
19-Jan-2022 17:13:15.215 INFORMACIÓN [http-nio-8080-exec-57] org.apache.catalina.core.ApplicationContext.log Manager: install: Installing context configuration at 'file:/C:/Users/User/AppData/Local/Temp/context7780707235054240371.xml'
19-Jan-2022 17:13:37.672 INFORMACIÓN [http-nio-8080-exec-58] org.apache.catalina.core.ApplicationContext.log Manager: list: Listing contexts for virtual host 'localhost'
19-Jan-2022 17:13:37.758 INFORMACIÓN [http-nio-8080-exec-62] org.apache.catalina.core.ApplicationContext.log Manager: undeploy: Undeploying web application at '/wu-external-api'
19-Jan-2022 17:13:38.363 INFORMACIÓN [http-nio-8080-exec-54] org.apache.catalina.core.ApplicationContext.log Manager: install: Installing context configuration at 'file:/C:/Users/User/AppData/Local/Temp/context765371433621240462.xml'
19-Jan-2022 17:36:32.875 INFORMACIÓN [http-nio-8080-exec-67] org.apache.catalina.core.ApplicationContext.log Manager: list: Listing contexts for virtual host 'localhost'
19-Jan-2022 17:36:32.891 INFORMACIÓN [http-nio-8080-exec-66] org.apache.catalina.core.ApplicationContext.log Manager: list: Listing contexts for virtual host 'localhost'
19-Jan-2022 17:36:36.279 INFORMACIÓN [http-nio-8080-exec-70] org.apache.catalina.core.ApplicationContext.log Manager: undeploy: Undeploying web application at '/wu-external-api'
19-Jan-2022 17:36:36.828 INFORMACIÓN [http-nio-8080-exec-72] org.apache.catalina.core.ApplicationContext.log Manager: list: Listing contexts for virtual host 'localhost'
19-Jan-2022 17:36:36.843 INFORMACIÓN [http-nio-8080-exec-67] org.apache.catalina.core.ApplicationContext.log Manager: list: Listing contexts for virtual host 'localhost'
