24-Nov-2021 15:26:11.822 INFORMACIÓN [http-nio-8090-exec-5] org.apache.catalina.core.ApplicationContext.log Manager: init: Associated with Deployer 'Catalina:type=Deployer,host=localhost'
24-Nov-2021 15:26:11.823 INFORMACIÓN [http-nio-8090-exec-5] org.apache.catalina.core.ApplicationContext.log Manager: init: Global resources are available
24-Nov-2021 15:26:13.073 INFORMACIÓN [http-nio-8090-exec-6] org.apache.catalina.core.ApplicationContext.log Manager: list: Listing contexts for virtual host 'localhost'
24-Nov-2021 15:26:13.118 INFORMACIÓN [http-nio-8090-exec-9] org.apache.catalina.core.ApplicationContext.log Manager: list: Listing contexts for virtual host 'localhost'
24-Nov-2021 15:26:13.165 INFORMACIÓN [http-nio-8090-exec-8] org.apache.catalina.core.ApplicationContext.log Manager: install: Installing context configuration at 'file:/C:/Users/User/AppData/Local/Temp/context873651419306856748.xml'
24-Nov-2021 15:26:41.840 INFORMACIÓN [http-nio-8090-exec-1] org.apache.catalina.core.ApplicationContext.log Manager: start: Starting web application '/administrativo-fielcorresponsal'
24-Nov-2021 15:26:49.567 INFORMACIÓN [http-nio-8090-exec-8] org.apache.catalina.core.ApplicationContext.log Manager: list: Listing contexts for virtual host 'localhost'
24-Nov-2021 15:26:49.607 INFORMACIÓN [http-nio-8090-exec-9] org.apache.catalina.core.ApplicationContext.log Manager: list: Listing contexts for virtual host 'localhost'
24-Nov-2021 15:26:49.644 INFORMACIÓN [http-nio-8090-exec-3] org.apache.catalina.core.ApplicationContext.log Manager: install: Installing context configuration at 'file:/C:/Users/User/AppData/Local/Temp/context4242381294581775892.xml'
24-Nov-2021 15:27:02.923 INFORMACIÓN [http-nio-8090-exec-10] org.apache.catalina.core.ApplicationContext.log Manager: start: Starting web application '/auth-fielcorresponsal'
24-Nov-2021 15:27:36.325 INFORMACIÓN [http-nio-8090-exec-2] org.apache.catalina.core.ApplicationContext.log Manager: list: Listing contexts for virtual host 'localhost'
24-Nov-2021 15:27:36.356 INFORMACIÓN [http-nio-8090-exec-10] org.apache.catalina.core.ApplicationContext.log Manager: list: Listing contexts for virtual host 'localhost'
24-Nov-2021 15:47:56.071 INFORMACIÓN [http-nio-8090-exec-3] org.apache.catalina.core.ApplicationContext.log Manager: list: Listing contexts for virtual host 'localhost'
24-Nov-2021 15:47:56.095 INFORMACIÓN [http-nio-8090-exec-7] org.apache.catalina.core.ApplicationContext.log Manager: list: Listing contexts for virtual host 'localhost'
24-Nov-2021 15:47:56.130 INFORMACIÓN [http-nio-8090-exec-10] org.apache.catalina.core.ApplicationContext.log Manager: install: Installing context configuration at 'file:/C:/Users/User/AppData/Local/Temp/context187537568481290722.xml'
24-Nov-2021 15:48:10.622 INFORMACIÓN [http-nio-8090-exec-2] org.apache.catalina.core.ApplicationContext.log Manager: start: Starting web application '/creditos-cobro-fielcorresponsal'
24-Nov-2021 16:09:09.186 INFORMACIÓN [http-nio-8080-exec-26] org.apache.catalina.core.ApplicationContext.log Manager: init: Associated with Deployer 'Catalina:type=Deployer,host=localhost'
24-Nov-2021 16:09:09.187 INFORMACIÓN [http-nio-8080-exec-26] org.apache.catalina.core.ApplicationContext.log Manager: init: Global resources are available
24-Nov-2021 16:09:09.322 INFORMACIÓN [http-nio-8080-exec-13] org.apache.catalina.core.ApplicationContext.log Manager: list: Listing contexts for virtual host 'localhost'
24-Nov-2021 16:09:09.462 INFORMACIÓN [http-nio-8080-exec-8] org.apache.catalina.core.ApplicationContext.log Manager: list: Listing contexts for virtual host 'localhost'
24-Nov-2021 16:09:09.544 INFORMACIÓN [http-nio-8080-exec-23] org.apache.catalina.core.ApplicationContext.log Manager: undeploy: Undeploying web application at '/administrativo-fielcorresponsal'
24-Nov-2021 16:09:11.652 INFORMACIÓN [http-nio-8080-exec-26] org.apache.catalina.core.ApplicationContext.log Manager: install: Installing context configuration at 'file:/C:/Users/User/AppData/Local/Temp/context6289420577876828190.xml'
24-Nov-2021 16:09:42.459 INFORMACIÓN [http-nio-8080-exec-16] org.apache.catalina.core.ApplicationContext.log Manager: start: Starting web application '/administrativo-fielcorresponsal'
24-Nov-2021 16:10:03.027 INFORMACIÓN [http-nio-8080-exec-5] org.apache.catalina.core.ApplicationContext.log Manager: list: Listing contexts for virtual host 'localhost'
24-Nov-2021 16:10:03.074 INFORMACIÓN [http-nio-8080-exec-17] org.apache.catalina.core.ApplicationContext.log Manager: list: Listing contexts for virtual host 'localhost'
24-Nov-2021 16:10:03.121 INFORMACIÓN [http-nio-8080-exec-8] org.apache.catalina.core.ApplicationContext.log Manager: undeploy: Undeploying web application at '/auth-fielcorresponsal'
24-Nov-2021 16:10:03.855 INFORMACIÓN [http-nio-8080-exec-1] org.apache.catalina.core.ApplicationContext.log Manager: install: Installing context configuration at 'file:/C:/Users/User/AppData/Local/Temp/context6055819220290834873.xml'
24-Nov-2021 16:10:19.063 INFORMACIÓN [http-nio-8080-exec-6] org.apache.catalina.core.ApplicationContext.log Manager: start: Starting web application '/auth-fielcorresponsal'
24-Nov-2021 16:10:33.658 INFORMACIÓN [http-nio-8080-exec-17] org.apache.catalina.core.ApplicationContext.log Manager: list: Listing contexts for virtual host 'localhost'
24-Nov-2021 16:10:33.696 INFORMACIÓN [http-nio-8080-exec-15] org.apache.catalina.core.ApplicationContext.log Manager: list: Listing contexts for virtual host 'localhost'
24-Nov-2021 16:10:33.733 INFORMACIÓN [http-nio-8080-exec-2] org.apache.catalina.core.ApplicationContext.log Manager: undeploy: Undeploying web application at '/creditos-cobro-fielcorresponsal'
24-Nov-2021 16:10:34.441 INFORMACIÓN [http-nio-8080-exec-13] org.apache.catalina.core.ApplicationContext.log Manager: install: Installing context configuration at 'file:/C:/Users/User/AppData/Local/Temp/context2320548830315951841.xml'
24-Nov-2021 16:10:51.251 INFORMACIÓN [http-nio-8080-exec-32] org.apache.catalina.core.ApplicationContext.log Manager: start: Starting web application '/creditos-cobro-fielcorresponsal'
24-Nov-2021 16:14:55.138 INFORMACIÓN [http-nio-8080-exec-56] org.apache.catalina.core.ApplicationContext.log Manager: list: Listing contexts for virtual host 'localhost'
24-Nov-2021 16:14:55.158 INFORMACIÓN [http-nio-8080-exec-43] org.apache.catalina.core.ApplicationContext.log Manager: list: Listing contexts for virtual host 'localhost'
24-Nov-2021 16:15:14.920 INFORMACIÓN [http-nio-8080-exec-56] org.apache.catalina.core.ApplicationContext.log Manager: list: Listing contexts for virtual host 'localhost'
24-Nov-2021 16:15:14.978 INFORMACIÓN [http-nio-8080-exec-57] org.apache.catalina.core.ApplicationContext.log Manager: list: Listing contexts for virtual host 'localhost'
24-Nov-2021 16:15:15.009 INFORMACIÓN [http-nio-8080-exec-55] org.apache.catalina.core.ApplicationContext.log Manager: install: Installing context configuration at 'file:/C:/Users/User/AppData/Local/Temp/context821127886231096672.xml'
24-Nov-2021 16:15:32.594 INFORMACIÓN [http-nio-8080-exec-58] org.apache.catalina.core.ApplicationContext.log Manager: start: Starting web application '/datos-generales-fielcorresponsal'
24-Nov-2021 16:16:06.977 INFORMACIÓN [http-nio-8080-exec-57] org.apache.catalina.core.ApplicationContext.log Manager: list: Listing contexts for virtual host 'localhost'
24-Nov-2021 16:16:07.012 INFORMACIÓN [http-nio-8080-exec-51] org.apache.catalina.core.ApplicationContext.log Manager: list: Listing contexts for virtual host 'localhost'
24-Nov-2021 16:16:07.055 INFORMACIÓN [http-nio-8080-exec-44] org.apache.catalina.core.ApplicationContext.log Manager: install: Installing context configuration at 'file:/C:/Users/User/AppData/Local/Temp/context4343986928670785431.xml'
24-Nov-2021 16:16:26.667 INFORMACIÓN [http-nio-8080-exec-54] org.apache.catalina.core.ApplicationContext.log Manager: start: Starting web application '/tarjetas-fielcorresponsal'
24-Nov-2021 16:16:27.310 INFORMACIÓN [http-nio-8080-exec-58] org.apache.catalina.core.ApplicationContext.log Manager: list: Listing contexts for virtual host 'localhost'
24-Nov-2021 16:16:27.356 INFORMACIÓN [http-nio-8080-exec-57] org.apache.catalina.core.ApplicationContext.log Manager: list: Listing contexts for virtual host 'localhost'
24-Nov-2021 16:16:27.413 INFORMACIÓN [http-nio-8080-exec-50] org.apache.catalina.core.ApplicationContext.log Manager: undeploy: Undeploying web application at '/tarjetas-fielcorresponsal'
24-Nov-2021 16:16:28.140 INFORMACIÓN [http-nio-8080-exec-44] org.apache.catalina.core.ApplicationContext.log Manager: install: Installing context configuration at 'file:/C:/Users/User/AppData/Local/Temp/context5349198043479458391.xml'
24-Nov-2021 16:16:47.304 INFORMACIÓN [http-nio-8080-exec-49] org.apache.catalina.core.ApplicationContext.log Manager: start: Starting web application '/tarjetas-fielcorresponsal'
24-Nov-2021 16:17:07.814 INFORMACIÓN [http-nio-8080-exec-61] org.apache.catalina.core.ApplicationContext.log Manager: list: Listing contexts for virtual host 'localhost'
24-Nov-2021 16:17:07.854 INFORMACIÓN [http-nio-8080-exec-43] org.apache.catalina.core.ApplicationContext.log Manager: list: Listing contexts for virtual host 'localhost'
24-Nov-2021 16:17:07.884 INFORMACIÓN [http-nio-8080-exec-60] org.apache.catalina.core.ApplicationContext.log Manager: install: Installing context configuration at 'file:/C:/Users/User/AppData/Local/Temp/context4006385825197619623.xml'
24-Nov-2021 16:17:25.544 INFORMACIÓN [http-nio-8080-exec-58] org.apache.catalina.core.ApplicationContext.log Manager: start: Starting web application '/tickets-fielcorresponsal'
24-Nov-2021 16:17:25.796 INFORMACIÓN [http-nio-8080-exec-51] org.apache.catalina.core.ApplicationContext.log Manager: list: Listing contexts for virtual host 'localhost'
24-Nov-2021 16:17:25.849 INFORMACIÓN [http-nio-8080-exec-60] org.apache.catalina.core.ApplicationContext.log Manager: list: Listing contexts for virtual host 'localhost'
24-Nov-2021 16:17:25.883 INFORMACIÓN [http-nio-8080-exec-56] org.apache.catalina.core.ApplicationContext.log Manager: undeploy: Undeploying web application at '/tickets-fielcorresponsal'
24-Nov-2021 16:17:26.693 INFORMACIÓN [http-nio-8080-exec-51] org.apache.catalina.core.ApplicationContext.log Manager: install: Installing context configuration at 'file:/C:/Users/User/AppData/Local/Temp/context3703749422977238607.xml'
24-Nov-2021 16:17:50.306 INFORMACIÓN [http-nio-8080-exec-59] org.apache.catalina.core.ApplicationContext.log Manager: start: Starting web application '/tickets-fielcorresponsal'
24-Nov-2021 16:17:53.505 INFORMACIÓN [http-nio-8080-exec-61] org.apache.catalina.core.ApplicationContext.log Manager: list: Listing contexts for virtual host 'localhost'
24-Nov-2021 16:17:53.569 INFORMACIÓN [http-nio-8080-exec-58] org.apache.catalina.core.ApplicationContext.log Manager: list: Listing contexts for virtual host 'localhost'
24-Nov-2021 16:17:53.629 INFORMACIÓN [http-nio-8080-exec-66] org.apache.catalina.core.ApplicationContext.log Manager: install: Installing context configuration at 'file:/C:/Users/User/AppData/Local/Temp/context5781474408265089420.xml'
24-Nov-2021 16:18:07.526 INFORMACIÓN [http-nio-8080-exec-63] org.apache.catalina.core.ApplicationContext.log Manager: start: Starting web application '/transacciones-fielcorresponsal'
24-Nov-2021 16:18:07.875 INFORMACIÓN [http-nio-8080-exec-49] org.apache.catalina.core.ApplicationContext.log Manager: list: Listing contexts for virtual host 'localhost'
24-Nov-2021 16:18:07.927 INFORMACIÓN [http-nio-8080-exec-66] org.apache.catalina.core.ApplicationContext.log Manager: list: Listing contexts for virtual host 'localhost'
24-Nov-2021 16:18:07.975 INFORMACIÓN [http-nio-8080-exec-63] org.apache.catalina.core.ApplicationContext.log Manager: undeploy: Undeploying web application at '/transacciones-fielcorresponsal'
24-Nov-2021 16:18:08.918 INFORMACIÓN [http-nio-8080-exec-59] org.apache.catalina.core.ApplicationContext.log Manager: install: Installing context configuration at 'file:/C:/Users/User/AppData/Local/Temp/context1813532349964696097.xml'
24-Nov-2021 16:18:18.532 INFORMACIÓN [http-nio-8080-exec-58] org.apache.catalina.core.ApplicationContext.log Manager: start: Starting web application '/transacciones-fielcorresponsal'
