2022-03-10T09:15:00,172  INFO [http-nio-8080-exec-60][[]][][][][][] org.springframework.web.context.ContextLoader:271 - Root WebApplicationContext: initialization started
2022-03-10T09:15:00,536  INFO [http-nio-8080-exec-60][[]][][][][][] org.springframework.web.context.ContextLoader:307 - Root WebApplicationContext initialized in 315 ms
2022-03-10T09:15:00,694  INFO [http-nio-8080-exec-60][[]][][][][][] org.springframework.web.servlet.DispatcherServlet:525 - Initializing Servlet 'appServlet'
2022-03-10T09:15:02,435 DEBUG [http-nio-8080-exec-60][[]][][][][][] org.mybatis.spring.mapper.ClassPathMapperScanner:441 - Ignored because not a concrete top-level class: URL [jar:file:/C:/Users/User/Documents/Proyectos/miempresa-gateway/cuentas/target/miempresa-cuentas%23%231.4.3/WEB-INF/lib/bantotal-cliente-1.7.22.jar!/py/com/elcomercio/bantotal/api/dao/mapper/PrestamoCuotaRowMapper.class]
2022-03-10T09:15:02,775 DEBUG [http-nio-8080-exec-60][[]][][][][][] org.mybatis.spring.mapper.ClassPathMapperScanner:441 - Ignored because not a concrete top-level class: URL [jar:file:/C:/Users/User/Documents/Proyectos/miempresa-gateway/cuentas/target/miempresa-cuentas%23%231.4.3/WEB-INF/lib/bantotal-cliente-1.7.22.jar!/py/com/elcomercio/bantotal/api/dao/mapper/ITGFFuncionarioRowMapper.class]
2022-03-10T09:15:02,777 DEBUG [http-nio-8080-exec-60][[]][][][][][] org.mybatis.spring.mapper.ClassPathMapperScanner:441 - Ignored because not a concrete top-level class: URL [jar:file:/C:/Users/User/Documents/Proyectos/miempresa-gateway/cuentas/target/miempresa-cuentas%23%231.4.3/WEB-INF/lib/bantotal-cliente-1.7.22.jar!/py/com/elcomercio/bantotal/api/dao/mapper/ApnRowMapper.class]
2022-03-10T09:15:02,777 DEBUG [http-nio-8080-exec-60][[]][][][][][] org.mybatis.spring.mapper.ClassPathMapperScanner:441 - Ignored because not a concrete top-level class: URL [jar:file:/C:/Users/User/Documents/Proyectos/miempresa-gateway/cuentas/target/miempresa-cuentas%23%231.4.3/WEB-INF/lib/bantotal-cliente-1.7.22.jar!/py/com/elcomercio/bantotal/api/dao/mapper/empresas/ITGFEmpresasMapper.class]
2022-03-10T09:15:02,778 DEBUG [http-nio-8080-exec-60][[]][][][][][] org.mybatis.spring.mapper.ClassPathMapperScanner:441 - Ignored because not a concrete top-level class: URL [jar:file:/C:/Users/User/Documents/Proyectos/miempresa-gateway/cuentas/target/miempresa-cuentas%23%231.4.3/WEB-INF/lib/bantotal-cliente-1.7.22.jar!/py/com/elcomercio/bantotal/api/dao/mapper/empresas/ITGFCuentaRowMapper.class]
2022-03-10T09:15:02,779 DEBUG [http-nio-8080-exec-60][[]][][][][][] org.mybatis.spring.mapper.ClassPathMapperScanner:441 - Ignored because not a concrete top-level class: URL [jar:file:/C:/Users/User/Documents/Proyectos/miempresa-gateway/cuentas/target/miempresa-cuentas%23%231.4.3/WEB-INF/lib/bantotal-cliente-1.7.22.jar!/py/com/elcomercio/bantotal/api/dao/mapper/SaldoTarjetaITGFMapper.class]
2022-03-10T09:15:02,780 DEBUG [http-nio-8080-exec-60][[]][][][][][] org.mybatis.spring.mapper.ClassPathMapperScanner:441 - Ignored because not a concrete top-level class: URL [jar:file:/C:/Users/User/Documents/Proyectos/miempresa-gateway/cuentas/target/miempresa-cuentas%23%231.4.3/WEB-INF/lib/bantotal-cliente-1.7.22.jar!/py/com/elcomercio/bantotal/api/dao/mapper/AgenciaRowMapper.class]
2022-03-10T09:15:02,782 DEBUG [http-nio-8080-exec-60][[]][][][][][] org.mybatis.spring.mapper.ClassPathMapperScanner:441 - Ignored because not a concrete top-level class: URL [jar:file:/C:/Users/User/Documents/Proyectos/miempresa-gateway/cuentas/target/miempresa-cuentas%23%231.4.3/WEB-INF/lib/bantotal-cliente-1.7.22.jar!/py/com/elcomercio/bantotal/api/dao/mapper/DatosUsuarioAgenciaDTOMapper.class]
2022-03-10T09:15:02,783 DEBUG [http-nio-8080-exec-60][[]][][][][][] org.mybatis.spring.mapper.ClassPathMapperScanner:441 - Ignored because not a concrete top-level class: URL [jar:file:/C:/Users/User/Documents/Proyectos/miempresa-gateway/cuentas/target/miempresa-cuentas%23%231.4.3/WEB-INF/lib/bantotal-cliente-1.7.22.jar!/py/com/elcomercio/bantotal/api/dao/mapper/RazonSocialRowMapper.class]
2022-03-10T09:15:02,784 DEBUG [http-nio-8080-exec-60][[]][][][][][] org.mybatis.spring.mapper.ClassPathMapperScanner:441 - Ignored because not a concrete top-level class: URL [jar:file:/C:/Users/User/Documents/Proyectos/miempresa-gateway/cuentas/target/miempresa-cuentas%23%231.4.3/WEB-INF/lib/bantotal-cliente-1.7.22.jar!/py/com/elcomercio/bantotal/api/dao/mapper/PaisRowMapper.class]
2022-03-10T09:15:02,785 DEBUG [http-nio-8080-exec-60][[]][][][][][] org.mybatis.spring.mapper.ClassPathMapperScanner:441 - Ignored because not a concrete top-level class: URL [jar:file:/C:/Users/User/Documents/Proyectos/miempresa-gateway/cuentas/target/miempresa-cuentas%23%231.4.3/WEB-INF/lib/bantotal-cliente-1.7.22.jar!/py/com/elcomercio/bantotal/api/dao/mapper/WuExcepcionItemMapper.class]
2022-03-10T09:15:02,786 DEBUG [http-nio-8080-exec-60][[]][][][][][] org.mybatis.spring.mapper.ClassPathMapperScanner:441 - Ignored because not a concrete top-level class: URL [jar:file:/C:/Users/User/Documents/Proyectos/miempresa-gateway/cuentas/target/miempresa-cuentas%23%231.4.3/WEB-INF/lib/bantotal-cliente-1.7.22.jar!/py/com/elcomercio/bantotal/api/dao/mapper/DatosFacturadoraMapper.class]
2022-03-10T09:15:02,787 DEBUG [http-nio-8080-exec-60][[]][][][][][] org.mybatis.spring.mapper.ClassPathMapperScanner:441 - Ignored because not a concrete top-level class: URL [jar:file:/C:/Users/User/Documents/Proyectos/miempresa-gateway/cuentas/target/miempresa-cuentas%23%231.4.3/WEB-INF/lib/bantotal-cliente-1.7.22.jar!/py/com/elcomercio/bantotal/api/dao/mapper/ReglaComisionRowMapper.class]
2022-03-10T09:15:02,788 DEBUG [http-nio-8080-exec-60][[]][][][][][] org.mybatis.spring.mapper.ClassPathMapperScanner:441 - Ignored because not a concrete top-level class: URL [jar:file:/C:/Users/User/Documents/Proyectos/miempresa-gateway/cuentas/target/miempresa-cuentas%23%231.4.3/WEB-INF/lib/bantotal-cliente-1.7.22.jar!/py/com/elcomercio/bantotal/api/dao/mapper/TarjetaCreditoRowMapper.class]
2022-03-10T09:15:02,813 DEBUG [http-nio-8080-exec-60][[]][][][][][] org.mybatis.spring.mapper.ClassPathMapperScanner:441 - Ignored because not a concrete top-level class: URL [jar:file:/C:/Users/User/Documents/Proyectos/miempresa-gateway/cuentas/target/miempresa-cuentas%23%231.4.3/WEB-INF/lib/bantotal-cliente-1.7.22.jar!/py/com/elcomercio/bantotal/api/dao/mapper/ValorOperacionesDetMapper.class]
2022-03-10T09:15:02,814 DEBUG [http-nio-8080-exec-60][[]][][][][][] org.mybatis.spring.mapper.ClassPathMapperScanner:441 - Ignored because not a concrete top-level class: URL [jar:file:/C:/Users/User/Documents/Proyectos/miempresa-gateway/cuentas/target/miempresa-cuentas%23%231.4.3/WEB-INF/lib/bantotal-cliente-1.7.22.jar!/py/com/elcomercio/bantotal/api/dao/mapper/DatosDeudaFacturaMapper.class]
2022-03-10T09:15:02,815 DEBUG [http-nio-8080-exec-60][[]][][][][][] org.mybatis.spring.mapper.ClassPathMapperScanner:441 - Ignored because not a concrete top-level class: URL [jar:file:/C:/Users/User/Documents/Proyectos/miempresa-gateway/cuentas/target/miempresa-cuentas%23%231.4.3/WEB-INF/lib/bantotal-cliente-1.7.22.jar!/py/com/elcomercio/bantotal/api/dao/mapper/TipoDocumentoRowMapper.class]
2022-03-10T09:15:02,816 DEBUG [http-nio-8080-exec-60][[]][][][][][] org.mybatis.spring.mapper.ClassPathMapperScanner:441 - Ignored because not a concrete top-level class: URL [jar:file:/C:/Users/User/Documents/Proyectos/miempresa-gateway/cuentas/target/miempresa-cuentas%23%231.4.3/WEB-INF/lib/bantotal-cliente-1.7.22.jar!/py/com/elcomercio/bantotal/api/dao/mapper/DatoPrestamoRowMapper.class]
2022-03-10T09:15:02,816 DEBUG [http-nio-8080-exec-60][[]][][][][][] org.mybatis.spring.mapper.ClassPathMapperScanner:441 - Ignored because not a concrete top-level class: URL [jar:file:/C:/Users/User/Documents/Proyectos/miempresa-gateway/cuentas/target/miempresa-cuentas%23%231.4.3/WEB-INF/lib/bantotal-cliente-1.7.22.jar!/py/com/elcomercio/bantotal/api/dao/mapper/OperacionEODRowMapper.class]
2022-03-10T09:15:02,817 DEBUG [http-nio-8080-exec-60][[]][][][][][] org.mybatis.spring.mapper.ClassPathMapperScanner:441 - Ignored because not a concrete top-level class: URL [jar:file:/C:/Users/User/Documents/Proyectos/miempresa-gateway/cuentas/target/miempresa-cuentas%23%231.4.3/WEB-INF/lib/bantotal-cliente-1.7.22.jar!/py/com/elcomercio/bantotal/api/dao/mapper/DatosMontoOperacionMapper.class]
2022-03-10T09:15:02,818 DEBUG [http-nio-8080-exec-60][[]][][][][][] org.mybatis.spring.mapper.ClassPathMapperScanner:441 - Ignored because not a concrete top-level class: URL [jar:file:/C:/Users/User/Documents/Proyectos/miempresa-gateway/cuentas/target/miempresa-cuentas%23%231.4.3/WEB-INF/lib/bantotal-cliente-1.7.22.jar!/py/com/elcomercio/bantotal/api/dao/mapper/RolUsuarioMapper.class]
2022-03-10T09:15:02,818 DEBUG [http-nio-8080-exec-60][[]][][][][][] org.mybatis.spring.mapper.ClassPathMapperScanner:441 - Ignored because not a concrete top-level class: URL [jar:file:/C:/Users/User/Documents/Proyectos/miempresa-gateway/cuentas/target/miempresa-cuentas%23%231.4.3/WEB-INF/lib/bantotal-cliente-1.7.22.jar!/py/com/elcomercio/bantotal/api/dao/mapper/CuentaClienteRowMapper.class]
2022-03-10T09:15:02,819 DEBUG [http-nio-8080-exec-60][[]][][][][][] org.mybatis.spring.mapper.ClassPathMapperScanner:441 - Ignored because not a concrete top-level class: URL [jar:file:/C:/Users/User/Documents/Proyectos/miempresa-gateway/cuentas/target/miempresa-cuentas%23%231.4.3/WEB-INF/lib/bantotal-cliente-1.7.22.jar!/py/com/elcomercio/bantotal/api/dao/mapper/PaisesRowMapper.class]
2022-03-10T09:15:02,821 DEBUG [http-nio-8080-exec-60][[]][][][][][] org.mybatis.spring.mapper.ClassPathMapperScanner:441 - Ignored because not a concrete top-level class: URL [jar:file:/C:/Users/User/Documents/Proyectos/miempresa-gateway/cuentas/target/miempresa-cuentas%23%231.4.3/WEB-INF/lib/bantotal-cliente-1.7.22.jar!/py/com/elcomercio/bantotal/api/dao/mapper/TicketRowMapper.class]
2022-03-10T09:15:02,822 DEBUG [http-nio-8080-exec-60][[]][][][][][] org.mybatis.spring.mapper.ClassPathMapperScanner:441 - Ignored because not a concrete top-level class: URL [jar:file:/C:/Users/User/Documents/Proyectos/miempresa-gateway/cuentas/target/miempresa-cuentas%23%231.4.3/WEB-INF/lib/bantotal-cliente-1.7.22.jar!/py/com/elcomercio/bantotal/api/dao/mapper/PSCreditAccountMapper.class]
2022-03-10T09:15:02,824 DEBUG [http-nio-8080-exec-60][[]][][][][][] org.mybatis.spring.mapper.ClassPathMapperScanner:441 - Ignored because not a concrete top-level class: URL [jar:file:/C:/Users/User/Documents/Proyectos/miempresa-gateway/cuentas/target/miempresa-cuentas%23%231.4.3/WEB-INF/lib/bantotal-cliente-1.7.22.jar!/py/com/elcomercio/bantotal/api/dao/mapper/ClienteSimilarMapper.class]
2022-03-10T09:15:02,825 DEBUG [http-nio-8080-exec-60][[]][][][][][] org.mybatis.spring.mapper.ClassPathMapperScanner:441 - Ignored because not a concrete top-level class: URL [jar:file:/C:/Users/User/Documents/Proyectos/miempresa-gateway/cuentas/target/miempresa-cuentas%23%231.4.3/WEB-INF/lib/bantotal-cliente-1.7.22.jar!/py/com/elcomercio/bantotal/api/dao/mapper/PrestamoDatosTicketRowMapper.class]
2022-03-10T09:15:02,875 DEBUG [http-nio-8080-exec-60][[]][][][][][] org.mybatis.spring.mapper.ClassPathMapperScanner:441 - Ignored because not a concrete top-level class: URL [jar:file:/C:/Users/User/Documents/Proyectos/miempresa-gateway/cuentas/target/miempresa-cuentas%23%231.4.3/WEB-INF/lib/bantotal-cliente-1.7.22.jar!/py/com/elcomercio/bantotal/api/dao/mapper/CiudadesRowMapper.class]
2022-03-10T09:15:03,550  INFO [http-nio-8080-exec-60][[]][][][][][] org.springframework.context.support.PostProcessorRegistrationDelegate$BeanPostProcessorChecker:335 - Bean 'org.springframework.retry.annotation.RetryConfiguration' of type [org.springframework.retry.annotation.RetryConfiguration$$EnhancerBySpringCGLIB$$3e7bf25] is not eligible for getting processed by all BeanPostProcessors (for example: not eligible for auto-proxying)
2022-03-10T09:15:03,729  INFO [http-nio-8080-exec-60][[]][][][][][] org.springframework.context.support.PostProcessorRegistrationDelegate$BeanPostProcessorChecker:335 - Bean 'cacheManagerConfiguration' of type [com.roshka.michi.cache.CacheManagerConfiguration$$EnhancerBySpringCGLIB$$148fab65] is not eligible for getting processed by all BeanPostProcessors (for example: not eligible for auto-proxying)
2022-03-10T09:15:04,159  INFO [http-nio-8080-exec-60][[]][][][][][] org.springframework.context.support.PostProcessorRegistrationDelegate$BeanPostProcessorChecker:335 - Bean 'serverConfig' of type [com.roshka.michi.configuration.server.ServerConfig$$EnhancerBySpringCGLIB$$28331c3e] is not eligible for getting processed by all BeanPostProcessors (for example: not eligible for auto-proxying)
2022-03-10T09:15:04,168  INFO [http-nio-8080-exec-60][[]][][][][][] org.springframework.context.support.PostProcessorRegistrationDelegate$BeanPostProcessorChecker:335 - Bean 'serverStaticConfig' of type [com.roshka.michi.configuration.server.ServerStaticConfig$$EnhancerBySpringCGLIB$$4162dacc] is not eligible for getting processed by all BeanPostProcessors (for example: not eligible for auto-proxying)
2022-03-10T09:15:04,176  INFO [http-nio-8080-exec-60][[]][][][][][] org.springframework.context.support.PostProcessorRegistrationDelegate$BeanPostProcessorChecker:335 - Bean 'serverStaticInfo' of type [com.roshka.michi.bean.ServerStaticInfo] is not eligible for getting processed by all BeanPostProcessors (for example: not eligible for auto-proxying)
2022-03-10T09:15:04,182  INFO [http-nio-8080-exec-60][[]][][][][][] org.springframework.context.support.PostProcessorRegistrationDelegate$BeanPostProcessorChecker:335 - Bean 'serverInfo' of type [com.roshka.michi.bean.ServerInfo] is not eligible for getting processed by all BeanPostProcessors (for example: not eligible for auto-proxying)
2022-03-10T09:15:04,188  INFO [http-nio-8080-exec-60][[]][][][][][] org.springframework.context.support.PostProcessorRegistrationDelegate$BeanPostProcessorChecker:335 - Bean 'springMetricsConfigurerAdapter' of type [com.roshka.michi.configuration.SpringMetricsConfigurerAdapter$$EnhancerBySpringCGLIB$$232fd909] is not eligible for getting processed by all BeanPostProcessors (for example: not eligible for auto-proxying)
2022-03-10T09:15:04,195  INFO [http-nio-8080-exec-60][[]][][][][][] org.springframework.context.support.PostProcessorRegistrationDelegate$BeanPostProcessorChecker:335 - Bean 'com.ryantenney.metrics.spring.config.annotation.DelegatingMetricsConfiguration' of type [com.ryantenney.metrics.spring.config.annotation.DelegatingMetricsConfiguration$$EnhancerBySpringCGLIB$$8264939b] is not eligible for getting processed by all BeanPostProcessors (for example: not eligible for auto-proxying)
2022-03-10T09:15:04,217  INFO [http-nio-8080-exec-60][[]][][][][][] org.springframework.context.support.PostProcessorRegistrationDelegate$BeanPostProcessorChecker:335 - Bean 'getMetricRegistry' of type [com.codahale.metrics.MetricRegistry] is not eligible for getting processed by all BeanPostProcessors (for example: not eligible for auto-proxying)
2022-03-10T09:15:04,292  INFO [http-nio-8080-exec-60][[]][][][][][] org.springframework.context.support.PostProcessorRegistrationDelegate$BeanPostProcessorChecker:335 - Bean 'getHealthCheckRegistry' of type [com.codahale.metrics.health.HealthCheckRegistry] is not eligible for getting processed by all BeanPostProcessors (for example: not eligible for auto-proxying)
2022-03-10T09:15:06,925  INFO [http-nio-8080-exec-60][[]][][][][][] org.springframework.ws.soap.saaj.SaajSoapMessageFactory:137 - Creating SAAJ 1.3 MessageFactory with SOAP 1.1 Protocol
2022-03-10T09:15:07,159  WARN [http-nio-8080-exec-60][[]][][][][][] org.springframework.web.context.support.XmlWebApplicationContext:559 - Exception encountered during context initialization - cancelling refresh attempt: org.springframework.beans.factory.UnsatisfiedDependencyException: Error creating bean with name 'cuentaAPI' defined in file [C:\Users\User\Documents\Proyectos\miempresa-gateway\cuentas\target\miempresa-cuentas##1.4.3\WEB-INF\classes\py\com\fielco\miempresa\cuentas\controller\CuentaAPI.class]: Unsatisfied dependency expressed through constructor parameter 0; nested exception is org.springframework.beans.factory.BeanCreationException: Error creating bean with name 'cuentaServiceImpl' defined in file [C:\Users\User\Documents\Proyectos\miempresa-gateway\cuentas\target\miempresa-cuentas##1.4.3\WEB-INF\classes\py\com\fielco\miempresa\cuentas\service\CuentaServiceImpl.class]: Bean instantiation via constructor failed; nested exception is org.springframework.beans.BeanInstantiationException: Failed to instantiate [py.com.fielco.miempresa.cuentas.service.CuentaServiceImpl]: Constructor threw exception; nested exception is java.lang.RuntimeException: Uncompilable source code - Erroneous tree type: com.roshka.michi.bean.ServerInfo
2022-03-10T09:15:07,162 ERROR [http-nio-8080-exec-60][[]][][][][][] org.springframework.web.servlet.DispatcherServlet:534 - Context initialization failed
org.springframework.beans.factory.UnsatisfiedDependencyException: Error creating bean with name 'cuentaAPI' defined in file [C:\Users\User\Documents\Proyectos\miempresa-gateway\cuentas\target\miempresa-cuentas##1.4.3\WEB-INF\classes\py\com\fielco\miempresa\cuentas\controller\CuentaAPI.class]: Unsatisfied dependency expressed through constructor parameter 0; nested exception is org.springframework.beans.factory.BeanCreationException: Error creating bean with name 'cuentaServiceImpl' defined in file [C:\Users\User\Documents\Proyectos\miempresa-gateway\cuentas\target\miempresa-cuentas##1.4.3\WEB-INF\classes\py\com\fielco\miempresa\cuentas\service\CuentaServiceImpl.class]: Bean instantiation via constructor failed; nested exception is org.springframework.beans.BeanInstantiationException: Failed to instantiate [py.com.fielco.miempresa.cuentas.service.CuentaServiceImpl]: Constructor threw exception; nested exception is java.lang.RuntimeException: Uncompilable source code - Erroneous tree type: com.roshka.michi.bean.ServerInfo
	at org.springframework.beans.factory.support.ConstructorResolver.createArgumentArray(ConstructorResolver.java:799) ~[spring-beans-5.2.18.RELEASE.jar:5.2.18.RELEASE]
	at org.springframework.beans.factory.support.ConstructorResolver.autowireConstructor(ConstructorResolver.java:228) ~[spring-beans-5.2.18.RELEASE.jar:5.2.18.RELEASE]
	at org.springframework.beans.factory.support.AbstractAutowireCapableBeanFactory.autowireConstructor(AbstractAutowireCapableBeanFactory.java:1361) ~[spring-beans-5.2.18.RELEASE.jar:5.2.18.RELEASE]
	at org.springframework.beans.factory.support.AbstractAutowireCapableBeanFactory.createBeanInstance(AbstractAutowireCapableBeanFactory.java:1208) ~[spring-beans-5.2.18.RELEASE.jar:5.2.18.RELEASE]
	at org.springframework.beans.factory.support.AbstractAutowireCapableBeanFactory.doCreateBean(AbstractAutowireCapableBeanFactory.java:556) ~[spring-beans-5.2.18.RELEASE.jar:5.2.18.RELEASE]
	at org.springframework.beans.factory.support.AbstractAutowireCapableBeanFactory.createBean(AbstractAutowireCapableBeanFactory.java:516) ~[spring-beans-5.2.18.RELEASE.jar:5.2.18.RELEASE]
	at org.springframework.beans.factory.support.AbstractBeanFactory.lambda$doGetBean$0(AbstractBeanFactory.java:324) ~[spring-beans-5.2.18.RELEASE.jar:5.2.18.RELEASE]
	at org.springframework.beans.factory.support.DefaultSingletonBeanRegistry.getSingleton(DefaultSingletonBeanRegistry.java:234) ~[spring-beans-5.2.18.RELEASE.jar:5.2.18.RELEASE]
	at org.springframework.beans.factory.support.AbstractBeanFactory.doGetBean(AbstractBeanFactory.java:322) ~[spring-beans-5.2.18.RELEASE.jar:5.2.18.RELEASE]
	at org.springframework.beans.factory.support.AbstractBeanFactory.getBean(AbstractBeanFactory.java:202) ~[spring-beans-5.2.18.RELEASE.jar:5.2.18.RELEASE]
	at org.springframework.beans.factory.support.DefaultListableBeanFactory.preInstantiateSingletons(DefaultListableBeanFactory.java:897) ~[spring-beans-5.2.18.RELEASE.jar:5.2.18.RELEASE]
	at org.springframework.context.support.AbstractApplicationContext.finishBeanFactoryInitialization(AbstractApplicationContext.java:879) ~[spring-context-5.2.18.RELEASE.jar:5.2.18.RELEASE]
	at org.springframework.context.support.AbstractApplicationContext.refresh(AbstractApplicationContext.java:551) ~[spring-context-5.2.18.RELEASE.jar:5.2.18.RELEASE]
	at org.springframework.web.servlet.FrameworkServlet.configureAndRefreshWebApplicationContext(FrameworkServlet.java:702) ~[spring-webmvc-5.2.18.RELEASE.jar:5.2.18.RELEASE]
	at org.springframework.web.servlet.FrameworkServlet.createWebApplicationContext(FrameworkServlet.java:668) ~[spring-webmvc-5.2.18.RELEASE.jar:5.2.18.RELEASE]
	at org.springframework.web.servlet.FrameworkServlet.createWebApplicationContext(FrameworkServlet.java:716) ~[spring-webmvc-5.2.18.RELEASE.jar:5.2.18.RELEASE]
	at org.springframework.web.servlet.FrameworkServlet.initWebApplicationContext(FrameworkServlet.java:591) ~[spring-webmvc-5.2.18.RELEASE.jar:5.2.18.RELEASE]
	at org.springframework.web.servlet.FrameworkServlet.initServletBean(FrameworkServlet.java:530) [spring-webmvc-5.2.18.RELEASE.jar:5.2.18.RELEASE]
	at org.springframework.web.servlet.HttpServletBean.init(HttpServletBean.java:170) [spring-webmvc-5.2.18.RELEASE.jar:5.2.18.RELEASE]
	at javax.servlet.GenericServlet.init(GenericServlet.java:158) [servlet-api.jar:3.1.FR]
	at org.apache.catalina.core.StandardWrapper.initServlet(StandardWrapper.java:1183) [catalina.jar:8.5.6]
	at org.apache.catalina.core.StandardWrapper.loadServlet(StandardWrapper.java:1099) [catalina.jar:8.5.6]
	at org.apache.catalina.core.StandardWrapper.load(StandardWrapper.java:989) [catalina.jar:8.5.6]
	at org.apache.catalina.core.StandardContext.loadOnStartup(StandardContext.java:4913) [catalina.jar:8.5.6]
	at org.apache.catalina.core.StandardContext.startInternal(StandardContext.java:5223) [catalina.jar:8.5.6]
	at org.apache.catalina.util.LifecycleBase.start(LifecycleBase.java:150) [catalina.jar:8.5.6]
	at org.apache.catalina.core.StandardContext.reload(StandardContext.java:3782) [catalina.jar:8.5.6]
	at org.apache.catalina.manager.ManagerServlet.reload(ManagerServlet.java:1006) [catalina.jar:8.5.6]
	at org.apache.catalina.manager.ManagerServlet.doGet(ManagerServlet.java:346) [catalina.jar:8.5.6]
	at javax.servlet.http.HttpServlet.service(HttpServlet.java:622) [servlet-api.jar:?]
	at javax.servlet.http.HttpServlet.service(HttpServlet.java:729) [servlet-api.jar:?]
	at org.apache.catalina.core.ApplicationFilterChain.internalDoFilter(ApplicationFilterChain.java:230) [catalina.jar:8.5.6]
	at org.apache.catalina.core.ApplicationFilterChain.doFilter(ApplicationFilterChain.java:165) [catalina.jar:8.5.6]
	at org.apache.tomcat.websocket.server.WsFilter.doFilter(WsFilter.java:52) [tomcat-websocket.jar:8.5.6]
	at org.apache.catalina.core.ApplicationFilterChain.internalDoFilter(ApplicationFilterChain.java:192) [catalina.jar:8.5.6]
	at org.apache.catalina.core.ApplicationFilterChain.doFilter(ApplicationFilterChain.java:165) [catalina.jar:8.5.6]
	at org.apache.catalina.filters.SetCharacterEncodingFilter.doFilter(SetCharacterEncodingFilter.java:108) [catalina.jar:8.5.6]
	at org.apache.catalina.core.ApplicationFilterChain.internalDoFilter(ApplicationFilterChain.java:192) [catalina.jar:8.5.6]
	at org.apache.catalina.core.ApplicationFilterChain.doFilter(ApplicationFilterChain.java:165) [catalina.jar:8.5.6]
	at org.apache.catalina.core.StandardWrapperValve.invoke(StandardWrapperValve.java:198) [catalina.jar:8.5.6]
	at org.apache.catalina.core.StandardContextValve.invoke(StandardContextValve.java:108) [catalina.jar:8.5.6]
	at org.apache.catalina.authenticator.AuthenticatorBase.invoke(AuthenticatorBase.java:589) [catalina.jar:8.5.6]
	at org.apache.catalina.valves.RequestFilterValve.process(RequestFilterValve.java:319) [catalina.jar:8.5.6]
	at org.apache.catalina.valves.RemoteAddrValve.invoke(RemoteAddrValve.java:88) [catalina.jar:8.5.6]
	at org.apache.catalina.core.StandardHostValve.invoke(StandardHostValve.java:140) [catalina.jar:8.5.6]
	at org.apache.catalina.valves.ErrorReportValve.invoke(ErrorReportValve.java:79) [catalina.jar:8.5.6]
	at org.apache.catalina.valves.AbstractAccessLogValve.invoke(AbstractAccessLogValve.java:620) [catalina.jar:8.5.6]
	at org.apache.catalina.core.StandardEngineValve.invoke(StandardEngineValve.java:87) [catalina.jar:8.5.6]
	at org.apache.catalina.connector.CoyoteAdapter.service(CoyoteAdapter.java:349) [catalina.jar:8.5.6]
	at org.apache.coyote.http11.Http11Processor.service(Http11Processor.java:784) [tomcat-coyote.jar:8.5.6]
	at org.apache.coyote.AbstractProcessorLight.process(AbstractProcessorLight.java:66) [tomcat-coyote.jar:8.5.6]
	at org.apache.coyote.AbstractProtocol$ConnectionHandler.process(AbstractProtocol.java:802) [tomcat-coyote.jar:8.5.6]
	at org.apache.tomcat.util.net.NioEndpoint$SocketProcessor.doRun(NioEndpoint.java:1410) [tomcat-coyote.jar:8.5.6]
	at org.apache.tomcat.util.net.SocketProcessorBase.run(SocketProcessorBase.java:49) [tomcat-coyote.jar:8.5.6]
	at java.util.concurrent.ThreadPoolExecutor.runWorker(ThreadPoolExecutor.java:1149) [?:1.8.0_221]
	at java.util.concurrent.ThreadPoolExecutor$Worker.run(ThreadPoolExecutor.java:624) [?:1.8.0_221]
	at org.apache.tomcat.util.threads.TaskThread$WrappingRunnable.run(TaskThread.java:61) [tomcat-util.jar:8.5.6]
	at java.lang.Thread.run(Thread.java:748) [?:1.8.0_221]
Caused by: org.springframework.beans.factory.BeanCreationException: Error creating bean with name 'cuentaServiceImpl' defined in file [C:\Users\User\Documents\Proyectos\miempresa-gateway\cuentas\target\miempresa-cuentas##1.4.3\WEB-INF\classes\py\com\fielco\miempresa\cuentas\service\CuentaServiceImpl.class]: Bean instantiation via constructor failed; nested exception is org.springframework.beans.BeanInstantiationException: Failed to instantiate [py.com.fielco.miempresa.cuentas.service.CuentaServiceImpl]: Constructor threw exception; nested exception is java.lang.RuntimeException: Uncompilable source code - Erroneous tree type: com.roshka.michi.bean.ServerInfo
	at org.springframework.beans.factory.support.ConstructorResolver.instantiate(ConstructorResolver.java:314) ~[spring-beans-5.2.18.RELEASE.jar:5.2.18.RELEASE]
	at org.springframework.beans.factory.support.ConstructorResolver.autowireConstructor(ConstructorResolver.java:295) ~[spring-beans-5.2.18.RELEASE.jar:5.2.18.RELEASE]
	at org.springframework.beans.factory.support.AbstractAutowireCapableBeanFactory.autowireConstructor(AbstractAutowireCapableBeanFactory.java:1361) ~[spring-beans-5.2.18.RELEASE.jar:5.2.18.RELEASE]
	at org.springframework.beans.factory.support.AbstractAutowireCapableBeanFactory.createBeanInstance(AbstractAutowireCapableBeanFactory.java:1208) ~[spring-beans-5.2.18.RELEASE.jar:5.2.18.RELEASE]
	at org.springframework.beans.factory.support.AbstractAutowireCapableBeanFactory.doCreateBean(AbstractAutowireCapableBeanFactory.java:556) ~[spring-beans-5.2.18.RELEASE.jar:5.2.18.RELEASE]
	at org.springframework.beans.factory.support.AbstractAutowireCapableBeanFactory.createBean(AbstractAutowireCapableBeanFactory.java:516) ~[spring-beans-5.2.18.RELEASE.jar:5.2.18.RELEASE]
	at org.springframework.beans.factory.support.AbstractBeanFactory.lambda$doGetBean$0(AbstractBeanFactory.java:324) ~[spring-beans-5.2.18.RELEASE.jar:5.2.18.RELEASE]
	at org.springframework.beans.factory.support.DefaultSingletonBeanRegistry.getSingleton(DefaultSingletonBeanRegistry.java:234) ~[spring-beans-5.2.18.RELEASE.jar:5.2.18.RELEASE]
	at org.springframework.beans.factory.support.AbstractBeanFactory.doGetBean(AbstractBeanFactory.java:322) ~[spring-beans-5.2.18.RELEASE.jar:5.2.18.RELEASE]
	at org.springframework.beans.factory.support.AbstractBeanFactory.getBean(AbstractBeanFactory.java:202) ~[spring-beans-5.2.18.RELEASE.jar:5.2.18.RELEASE]
	at org.springframework.beans.factory.config.DependencyDescriptor.resolveCandidate(DependencyDescriptor.java:276) ~[spring-beans-5.2.18.RELEASE.jar:5.2.18.RELEASE]
	at org.springframework.beans.factory.support.DefaultListableBeanFactory.doResolveDependency(DefaultListableBeanFactory.java:1307) ~[spring-beans-5.2.18.RELEASE.jar:5.2.18.RELEASE]
	at org.springframework.beans.factory.support.DefaultListableBeanFactory.resolveDependency(DefaultListableBeanFactory.java:1227) ~[spring-beans-5.2.18.RELEASE.jar:5.2.18.RELEASE]
	at org.springframework.beans.factory.support.ConstructorResolver.resolveAutowiredArgument(ConstructorResolver.java:886) ~[spring-beans-5.2.18.RELEASE.jar:5.2.18.RELEASE]
	at org.springframework.beans.factory.support.ConstructorResolver.createArgumentArray(ConstructorResolver.java:790) ~[spring-beans-5.2.18.RELEASE.jar:5.2.18.RELEASE]
	... 57 more
Caused by: org.springframework.beans.BeanInstantiationException: Failed to instantiate [py.com.fielco.miempresa.cuentas.service.CuentaServiceImpl]: Constructor threw exception; nested exception is java.lang.RuntimeException: Uncompilable source code - Erroneous tree type: com.roshka.michi.bean.ServerInfo
	at org.springframework.beans.BeanUtils.instantiateClass(BeanUtils.java:220) ~[spring-beans-5.2.18.RELEASE.jar:5.2.18.RELEASE]
	at org.springframework.beans.factory.support.SimpleInstantiationStrategy.instantiate(SimpleInstantiationStrategy.java:117) ~[spring-beans-5.2.18.RELEASE.jar:5.2.18.RELEASE]
	at org.springframework.beans.factory.support.ConstructorResolver.instantiate(ConstructorResolver.java:310) ~[spring-beans-5.2.18.RELEASE.jar:5.2.18.RELEASE]
	at org.springframework.beans.factory.support.ConstructorResolver.autowireConstructor(ConstructorResolver.java:295) ~[spring-beans-5.2.18.RELEASE.jar:5.2.18.RELEASE]
	at org.springframework.beans.factory.support.AbstractAutowireCapableBeanFactory.autowireConstructor(AbstractAutowireCapableBeanFactory.java:1361) ~[spring-beans-5.2.18.RELEASE.jar:5.2.18.RELEASE]
	at org.springframework.beans.factory.support.AbstractAutowireCapableBeanFactory.createBeanInstance(AbstractAutowireCapableBeanFactory.java:1208) ~[spring-beans-5.2.18.RELEASE.jar:5.2.18.RELEASE]
	at org.springframework.beans.factory.support.AbstractAutowireCapableBeanFactory.doCreateBean(AbstractAutowireCapableBeanFactory.java:556) ~[spring-beans-5.2.18.RELEASE.jar:5.2.18.RELEASE]
	at org.springframework.beans.factory.support.AbstractAutowireCapableBeanFactory.createBean(AbstractAutowireCapableBeanFactory.java:516) ~[spring-beans-5.2.18.RELEASE.jar:5.2.18.RELEASE]
	at org.springframework.beans.factory.support.AbstractBeanFactory.lambda$doGetBean$0(AbstractBeanFactory.java:324) ~[spring-beans-5.2.18.RELEASE.jar:5.2.18.RELEASE]
	at org.springframework.beans.factory.support.DefaultSingletonBeanRegistry.getSingleton(DefaultSingletonBeanRegistry.java:234) ~[spring-beans-5.2.18.RELEASE.jar:5.2.18.RELEASE]
	at org.springframework.beans.factory.support.AbstractBeanFactory.doGetBean(AbstractBeanFactory.java:322) ~[spring-beans-5.2.18.RELEASE.jar:5.2.18.RELEASE]
	at org.springframework.beans.factory.support.AbstractBeanFactory.getBean(AbstractBeanFactory.java:202) ~[spring-beans-5.2.18.RELEASE.jar:5.2.18.RELEASE]
	at org.springframework.beans.factory.config.DependencyDescriptor.resolveCandidate(DependencyDescriptor.java:276) ~[spring-beans-5.2.18.RELEASE.jar:5.2.18.RELEASE]
	at org.springframework.beans.factory.support.DefaultListableBeanFactory.doResolveDependency(DefaultListableBeanFactory.java:1307) ~[spring-beans-5.2.18.RELEASE.jar:5.2.18.RELEASE]
	at org.springframework.beans.factory.support.DefaultListableBeanFactory.resolveDependency(DefaultListableBeanFactory.java:1227) ~[spring-beans-5.2.18.RELEASE.jar:5.2.18.RELEASE]
	at org.springframework.beans.factory.support.ConstructorResolver.resolveAutowiredArgument(ConstructorResolver.java:886) ~[spring-beans-5.2.18.RELEASE.jar:5.2.18.RELEASE]
	at org.springframework.beans.factory.support.ConstructorResolver.createArgumentArray(ConstructorResolver.java:790) ~[spring-beans-5.2.18.RELEASE.jar:5.2.18.RELEASE]
	... 57 more
Caused by: java.lang.RuntimeException: Uncompilable source code - Erroneous tree type: com.roshka.michi.bean.ServerInfo
	at py.com.fielco.miempresa.cuentas.service.CuentaServiceImpl.<init>(CuentaServiceImpl.java:75) ~[classes/:?]
	at sun.reflect.NativeConstructorAccessorImpl.newInstance0(Native Method) ~[?:1.8.0_221]
	at sun.reflect.NativeConstructorAccessorImpl.newInstance(NativeConstructorAccessorImpl.java:62) ~[?:1.8.0_221]
	at sun.reflect.DelegatingConstructorAccessorImpl.newInstance(DelegatingConstructorAccessorImpl.java:45) ~[?:1.8.0_221]
	at java.lang.reflect.Constructor.newInstance(Constructor.java:423) ~[?:1.8.0_221]
	at org.springframework.beans.BeanUtils.instantiateClass(BeanUtils.java:207) ~[spring-beans-5.2.18.RELEASE.jar:5.2.18.RELEASE]
	at org.springframework.beans.factory.support.SimpleInstantiationStrategy.instantiate(SimpleInstantiationStrategy.java:117) ~[spring-beans-5.2.18.RELEASE.jar:5.2.18.RELEASE]
	at org.springframework.beans.factory.support.ConstructorResolver.instantiate(ConstructorResolver.java:310) ~[spring-beans-5.2.18.RELEASE.jar:5.2.18.RELEASE]
	at org.springframework.beans.factory.support.ConstructorResolver.autowireConstructor(ConstructorResolver.java:295) ~[spring-beans-5.2.18.RELEASE.jar:5.2.18.RELEASE]
	at org.springframework.beans.factory.support.AbstractAutowireCapableBeanFactory.autowireConstructor(AbstractAutowireCapableBeanFactory.java:1361) ~[spring-beans-5.2.18.RELEASE.jar:5.2.18.RELEASE]
	at org.springframework.beans.factory.support.AbstractAutowireCapableBeanFactory.createBeanInstance(AbstractAutowireCapableBeanFactory.java:1208) ~[spring-beans-5.2.18.RELEASE.jar:5.2.18.RELEASE]
	at org.springframework.beans.factory.support.AbstractAutowireCapableBeanFactory.doCreateBean(AbstractAutowireCapableBeanFactory.java:556) ~[spring-beans-5.2.18.RELEASE.jar:5.2.18.RELEASE]
	at org.springframework.beans.factory.support.AbstractAutowireCapableBeanFactory.createBean(AbstractAutowireCapableBeanFactory.java:516) ~[spring-beans-5.2.18.RELEASE.jar:5.2.18.RELEASE]
	at org.springframework.beans.factory.support.AbstractBeanFactory.lambda$doGetBean$0(AbstractBeanFactory.java:324) ~[spring-beans-5.2.18.RELEASE.jar:5.2.18.RELEASE]
	at org.springframework.beans.factory.support.DefaultSingletonBeanRegistry.getSingleton(DefaultSingletonBeanRegistry.java:234) ~[spring-beans-5.2.18.RELEASE.jar:5.2.18.RELEASE]
	at org.springframework.beans.factory.support.AbstractBeanFactory.doGetBean(AbstractBeanFactory.java:322) ~[spring-beans-5.2.18.RELEASE.jar:5.2.18.RELEASE]
	at org.springframework.beans.factory.support.AbstractBeanFactory.getBean(AbstractBeanFactory.java:202) ~[spring-beans-5.2.18.RELEASE.jar:5.2.18.RELEASE]
	at org.springframework.beans.factory.config.DependencyDescriptor.resolveCandidate(DependencyDescriptor.java:276) ~[spring-beans-5.2.18.RELEASE.jar:5.2.18.RELEASE]
	at org.springframework.beans.factory.support.DefaultListableBeanFactory.doResolveDependency(DefaultListableBeanFactory.java:1307) ~[spring-beans-5.2.18.RELEASE.jar:5.2.18.RELEASE]
	at org.springframework.beans.factory.support.DefaultListableBeanFactory.resolveDependency(DefaultListableBeanFactory.java:1227) ~[spring-beans-5.2.18.RELEASE.jar:5.2.18.RELEASE]
	at org.springframework.beans.factory.support.ConstructorResolver.resolveAutowiredArgument(ConstructorResolver.java:886) ~[spring-beans-5.2.18.RELEASE.jar:5.2.18.RELEASE]
	at org.springframework.beans.factory.support.ConstructorResolver.createArgumentArray(ConstructorResolver.java:790) ~[spring-beans-5.2.18.RELEASE.jar:5.2.18.RELEASE]
	... 57 more
2022-03-10T09:58:20,479  INFO [http-nio-8080-exec-74][[]][][][][][] org.springframework.web.context.ContextLoader:271 - Root WebApplicationContext: initialization started
2022-03-10T09:58:20,823  INFO [http-nio-8080-exec-74][[]][][][][][] org.springframework.web.context.ContextLoader:307 - Root WebApplicationContext initialized in 334 ms
2022-03-10T09:58:21,537  INFO [http-nio-8080-exec-74][[]][][][][][] org.springframework.web.servlet.DispatcherServlet:525 - Initializing Servlet 'appServlet'
2022-03-10T09:58:23,718 DEBUG [http-nio-8080-exec-74][[]][][][][][] org.mybatis.spring.mapper.ClassPathMapperScanner:441 - Ignored because not a concrete top-level class: URL [jar:file:/C:/Users/User/Documents/Proyectos/miempresa-gateway/cuentas/target/miempresa-cuentas%23%231.4.3/WEB-INF/lib/bantotal-cliente-1.7.22.jar!/py/com/elcomercio/bantotal/api/dao/mapper/PrestamoCuotaRowMapper.class]
2022-03-10T09:58:23,893 DEBUG [http-nio-8080-exec-74][[]][][][][][] org.mybatis.spring.mapper.ClassPathMapperScanner:441 - Ignored because not a concrete top-level class: URL [jar:file:/C:/Users/User/Documents/Proyectos/miempresa-gateway/cuentas/target/miempresa-cuentas%23%231.4.3/WEB-INF/lib/bantotal-cliente-1.7.22.jar!/py/com/elcomercio/bantotal/api/dao/mapper/ITGFFuncionarioRowMapper.class]
2022-03-10T09:58:23,893 DEBUG [http-nio-8080-exec-74][[]][][][][][] org.mybatis.spring.mapper.ClassPathMapperScanner:441 - Ignored because not a concrete top-level class: URL [jar:file:/C:/Users/User/Documents/Proyectos/miempresa-gateway/cuentas/target/miempresa-cuentas%23%231.4.3/WEB-INF/lib/bantotal-cliente-1.7.22.jar!/py/com/elcomercio/bantotal/api/dao/mapper/ApnRowMapper.class]
2022-03-10T09:58:23,894 DEBUG [http-nio-8080-exec-74][[]][][][][][] org.mybatis.spring.mapper.ClassPathMapperScanner:441 - Ignored because not a concrete top-level class: URL [jar:file:/C:/Users/User/Documents/Proyectos/miempresa-gateway/cuentas/target/miempresa-cuentas%23%231.4.3/WEB-INF/lib/bantotal-cliente-1.7.22.jar!/py/com/elcomercio/bantotal/api/dao/mapper/empresas/ITGFEmpresasMapper.class]
2022-03-10T09:58:23,895 DEBUG [http-nio-8080-exec-74][[]][][][][][] org.mybatis.spring.mapper.ClassPathMapperScanner:441 - Ignored because not a concrete top-level class: URL [jar:file:/C:/Users/User/Documents/Proyectos/miempresa-gateway/cuentas/target/miempresa-cuentas%23%231.4.3/WEB-INF/lib/bantotal-cliente-1.7.22.jar!/py/com/elcomercio/bantotal/api/dao/mapper/empresas/ITGFCuentaRowMapper.class]
2022-03-10T09:58:23,895 DEBUG [http-nio-8080-exec-74][[]][][][][][] org.mybatis.spring.mapper.ClassPathMapperScanner:441 - Ignored because not a concrete top-level class: URL [jar:file:/C:/Users/User/Documents/Proyectos/miempresa-gateway/cuentas/target/miempresa-cuentas%23%231.4.3/WEB-INF/lib/bantotal-cliente-1.7.22.jar!/py/com/elcomercio/bantotal/api/dao/mapper/SaldoTarjetaITGFMapper.class]
2022-03-10T09:58:23,896 DEBUG [http-nio-8080-exec-74][[]][][][][][] org.mybatis.spring.mapper.ClassPathMapperScanner:441 - Ignored because not a concrete top-level class: URL [jar:file:/C:/Users/User/Documents/Proyectos/miempresa-gateway/cuentas/target/miempresa-cuentas%23%231.4.3/WEB-INF/lib/bantotal-cliente-1.7.22.jar!/py/com/elcomercio/bantotal/api/dao/mapper/AgenciaRowMapper.class]
2022-03-10T09:58:23,897 DEBUG [http-nio-8080-exec-74][[]][][][][][] org.mybatis.spring.mapper.ClassPathMapperScanner:441 - Ignored because not a concrete top-level class: URL [jar:file:/C:/Users/User/Documents/Proyectos/miempresa-gateway/cuentas/target/miempresa-cuentas%23%231.4.3/WEB-INF/lib/bantotal-cliente-1.7.22.jar!/py/com/elcomercio/bantotal/api/dao/mapper/DatosUsuarioAgenciaDTOMapper.class]
2022-03-10T09:58:23,898 DEBUG [http-nio-8080-exec-74][[]][][][][][] org.mybatis.spring.mapper.ClassPathMapperScanner:441 - Ignored because not a concrete top-level class: URL [jar:file:/C:/Users/User/Documents/Proyectos/miempresa-gateway/cuentas/target/miempresa-cuentas%23%231.4.3/WEB-INF/lib/bantotal-cliente-1.7.22.jar!/py/com/elcomercio/bantotal/api/dao/mapper/RazonSocialRowMapper.class]
2022-03-10T09:58:23,899 DEBUG [http-nio-8080-exec-74][[]][][][][][] org.mybatis.spring.mapper.ClassPathMapperScanner:441 - Ignored because not a concrete top-level class: URL [jar:file:/C:/Users/User/Documents/Proyectos/miempresa-gateway/cuentas/target/miempresa-cuentas%23%231.4.3/WEB-INF/lib/bantotal-cliente-1.7.22.jar!/py/com/elcomercio/bantotal/api/dao/mapper/PaisRowMapper.class]
2022-03-10T09:58:23,899 DEBUG [http-nio-8080-exec-74][[]][][][][][] org.mybatis.spring.mapper.ClassPathMapperScanner:441 - Ignored because not a concrete top-level class: URL [jar:file:/C:/Users/User/Documents/Proyectos/miempresa-gateway/cuentas/target/miempresa-cuentas%23%231.4.3/WEB-INF/lib/bantotal-cliente-1.7.22.jar!/py/com/elcomercio/bantotal/api/dao/mapper/WuExcepcionItemMapper.class]
2022-03-10T09:58:23,900 DEBUG [http-nio-8080-exec-74][[]][][][][][] org.mybatis.spring.mapper.ClassPathMapperScanner:441 - Ignored because not a concrete top-level class: URL [jar:file:/C:/Users/User/Documents/Proyectos/miempresa-gateway/cuentas/target/miempresa-cuentas%23%231.4.3/WEB-INF/lib/bantotal-cliente-1.7.22.jar!/py/com/elcomercio/bantotal/api/dao/mapper/DatosFacturadoraMapper.class]
2022-03-10T09:58:23,900 DEBUG [http-nio-8080-exec-74][[]][][][][][] org.mybatis.spring.mapper.ClassPathMapperScanner:441 - Ignored because not a concrete top-level class: URL [jar:file:/C:/Users/User/Documents/Proyectos/miempresa-gateway/cuentas/target/miempresa-cuentas%23%231.4.3/WEB-INF/lib/bantotal-cliente-1.7.22.jar!/py/com/elcomercio/bantotal/api/dao/mapper/ReglaComisionRowMapper.class]
2022-03-10T09:58:23,901 DEBUG [http-nio-8080-exec-74][[]][][][][][] org.mybatis.spring.mapper.ClassPathMapperScanner:441 - Ignored because not a concrete top-level class: URL [jar:file:/C:/Users/User/Documents/Proyectos/miempresa-gateway/cuentas/target/miempresa-cuentas%23%231.4.3/WEB-INF/lib/bantotal-cliente-1.7.22.jar!/py/com/elcomercio/bantotal/api/dao/mapper/TarjetaCreditoRowMapper.class]
2022-03-10T09:58:23,940 DEBUG [http-nio-8080-exec-74][[]][][][][][] org.mybatis.spring.mapper.ClassPathMapperScanner:441 - Ignored because not a concrete top-level class: URL [jar:file:/C:/Users/User/Documents/Proyectos/miempresa-gateway/cuentas/target/miempresa-cuentas%23%231.4.3/WEB-INF/lib/bantotal-cliente-1.7.22.jar!/py/com/elcomercio/bantotal/api/dao/mapper/ValorOperacionesDetMapper.class]
2022-03-10T09:58:23,941 DEBUG [http-nio-8080-exec-74][[]][][][][][] org.mybatis.spring.mapper.ClassPathMapperScanner:441 - Ignored because not a concrete top-level class: URL [jar:file:/C:/Users/User/Documents/Proyectos/miempresa-gateway/cuentas/target/miempresa-cuentas%23%231.4.3/WEB-INF/lib/bantotal-cliente-1.7.22.jar!/py/com/elcomercio/bantotal/api/dao/mapper/DatosDeudaFacturaMapper.class]
2022-03-10T09:58:23,942 DEBUG [http-nio-8080-exec-74][[]][][][][][] org.mybatis.spring.mapper.ClassPathMapperScanner:441 - Ignored because not a concrete top-level class: URL [jar:file:/C:/Users/User/Documents/Proyectos/miempresa-gateway/cuentas/target/miempresa-cuentas%23%231.4.3/WEB-INF/lib/bantotal-cliente-1.7.22.jar!/py/com/elcomercio/bantotal/api/dao/mapper/TipoDocumentoRowMapper.class]
2022-03-10T09:58:23,943 DEBUG [http-nio-8080-exec-74][[]][][][][][] org.mybatis.spring.mapper.ClassPathMapperScanner:441 - Ignored because not a concrete top-level class: URL [jar:file:/C:/Users/User/Documents/Proyectos/miempresa-gateway/cuentas/target/miempresa-cuentas%23%231.4.3/WEB-INF/lib/bantotal-cliente-1.7.22.jar!/py/com/elcomercio/bantotal/api/dao/mapper/DatoPrestamoRowMapper.class]
2022-03-10T09:58:23,943 DEBUG [http-nio-8080-exec-74][[]][][][][][] org.mybatis.spring.mapper.ClassPathMapperScanner:441 - Ignored because not a concrete top-level class: URL [jar:file:/C:/Users/User/Documents/Proyectos/miempresa-gateway/cuentas/target/miempresa-cuentas%23%231.4.3/WEB-INF/lib/bantotal-cliente-1.7.22.jar!/py/com/elcomercio/bantotal/api/dao/mapper/OperacionEODRowMapper.class]
2022-03-10T09:58:23,944 DEBUG [http-nio-8080-exec-74][[]][][][][][] org.mybatis.spring.mapper.ClassPathMapperScanner:441 - Ignored because not a concrete top-level class: URL [jar:file:/C:/Users/User/Documents/Proyectos/miempresa-gateway/cuentas/target/miempresa-cuentas%23%231.4.3/WEB-INF/lib/bantotal-cliente-1.7.22.jar!/py/com/elcomercio/bantotal/api/dao/mapper/DatosMontoOperacionMapper.class]
2022-03-10T09:58:23,944 DEBUG [http-nio-8080-exec-74][[]][][][][][] org.mybatis.spring.mapper.ClassPathMapperScanner:441 - Ignored because not a concrete top-level class: URL [jar:file:/C:/Users/User/Documents/Proyectos/miempresa-gateway/cuentas/target/miempresa-cuentas%23%231.4.3/WEB-INF/lib/bantotal-cliente-1.7.22.jar!/py/com/elcomercio/bantotal/api/dao/mapper/RolUsuarioMapper.class]
2022-03-10T09:58:23,945 DEBUG [http-nio-8080-exec-74][[]][][][][][] org.mybatis.spring.mapper.ClassPathMapperScanner:441 - Ignored because not a concrete top-level class: URL [jar:file:/C:/Users/User/Documents/Proyectos/miempresa-gateway/cuentas/target/miempresa-cuentas%23%231.4.3/WEB-INF/lib/bantotal-cliente-1.7.22.jar!/py/com/elcomercio/bantotal/api/dao/mapper/CuentaClienteRowMapper.class]
2022-03-10T09:58:23,945 DEBUG [http-nio-8080-exec-74][[]][][][][][] org.mybatis.spring.mapper.ClassPathMapperScanner:441 - Ignored because not a concrete top-level class: URL [jar:file:/C:/Users/User/Documents/Proyectos/miempresa-gateway/cuentas/target/miempresa-cuentas%23%231.4.3/WEB-INF/lib/bantotal-cliente-1.7.22.jar!/py/com/elcomercio/bantotal/api/dao/mapper/PaisesRowMapper.class]
2022-03-10T09:58:23,946 DEBUG [http-nio-8080-exec-74][[]][][][][][] org.mybatis.spring.mapper.ClassPathMapperScanner:441 - Ignored because not a concrete top-level class: URL [jar:file:/C:/Users/User/Documents/Proyectos/miempresa-gateway/cuentas/target/miempresa-cuentas%23%231.4.3/WEB-INF/lib/bantotal-cliente-1.7.22.jar!/py/com/elcomercio/bantotal/api/dao/mapper/TicketRowMapper.class]
2022-03-10T09:58:23,947 DEBUG [http-nio-8080-exec-74][[]][][][][][] org.mybatis.spring.mapper.ClassPathMapperScanner:441 - Ignored because not a concrete top-level class: URL [jar:file:/C:/Users/User/Documents/Proyectos/miempresa-gateway/cuentas/target/miempresa-cuentas%23%231.4.3/WEB-INF/lib/bantotal-cliente-1.7.22.jar!/py/com/elcomercio/bantotal/api/dao/mapper/PSCreditAccountMapper.class]
2022-03-10T09:58:23,947 DEBUG [http-nio-8080-exec-74][[]][][][][][] org.mybatis.spring.mapper.ClassPathMapperScanner:441 - Ignored because not a concrete top-level class: URL [jar:file:/C:/Users/User/Documents/Proyectos/miempresa-gateway/cuentas/target/miempresa-cuentas%23%231.4.3/WEB-INF/lib/bantotal-cliente-1.7.22.jar!/py/com/elcomercio/bantotal/api/dao/mapper/ClienteSimilarMapper.class]
2022-03-10T09:58:23,948 DEBUG [http-nio-8080-exec-74][[]][][][][][] org.mybatis.spring.mapper.ClassPathMapperScanner:441 - Ignored because not a concrete top-level class: URL [jar:file:/C:/Users/User/Documents/Proyectos/miempresa-gateway/cuentas/target/miempresa-cuentas%23%231.4.3/WEB-INF/lib/bantotal-cliente-1.7.22.jar!/py/com/elcomercio/bantotal/api/dao/mapper/PrestamoDatosTicketRowMapper.class]
2022-03-10T09:58:24,005 DEBUG [http-nio-8080-exec-74][[]][][][][][] org.mybatis.spring.mapper.ClassPathMapperScanner:441 - Ignored because not a concrete top-level class: URL [jar:file:/C:/Users/User/Documents/Proyectos/miempresa-gateway/cuentas/target/miempresa-cuentas%23%231.4.3/WEB-INF/lib/bantotal-cliente-1.7.22.jar!/py/com/elcomercio/bantotal/api/dao/mapper/CiudadesRowMapper.class]
2022-03-10T09:58:27,801  INFO [http-nio-8080-exec-74][[]][][][][][] org.springframework.context.support.PostProcessorRegistrationDelegate$BeanPostProcessorChecker:335 - Bean 'org.springframework.retry.annotation.RetryConfiguration' of type [org.springframework.retry.annotation.RetryConfiguration$$EnhancerBySpringCGLIB$$b9501e31] is not eligible for getting processed by all BeanPostProcessors (for example: not eligible for auto-proxying)
2022-03-10T09:58:28,012  INFO [http-nio-8080-exec-74][[]][][][][][] org.springframework.context.support.PostProcessorRegistrationDelegate$BeanPostProcessorChecker:335 - Bean 'cacheManagerConfiguration' of type [com.roshka.michi.cache.CacheManagerConfiguration$$EnhancerBySpringCGLIB$$c9f80a71] is not eligible for getting processed by all BeanPostProcessors (for example: not eligible for auto-proxying)
2022-03-10T09:58:28,724  INFO [http-nio-8080-exec-74][[]][][][][][] org.springframework.context.support.PostProcessorRegistrationDelegate$BeanPostProcessorChecker:335 - Bean 'serverConfig' of type [com.roshka.michi.configuration.server.ServerConfig$$EnhancerBySpringCGLIB$$dd9b7b4a] is not eligible for getting processed by all BeanPostProcessors (for example: not eligible for auto-proxying)
2022-03-10T09:58:28,740  INFO [http-nio-8080-exec-74][[]][][][][][] org.springframework.context.support.PostProcessorRegistrationDelegate$BeanPostProcessorChecker:335 - Bean 'serverStaticConfig' of type [com.roshka.michi.configuration.server.ServerStaticConfig$$EnhancerBySpringCGLIB$$f6cb39d8] is not eligible for getting processed by all BeanPostProcessors (for example: not eligible for auto-proxying)
2022-03-10T09:58:28,752  INFO [http-nio-8080-exec-74][[]][][][][][] org.springframework.context.support.PostProcessorRegistrationDelegate$BeanPostProcessorChecker:335 - Bean 'serverStaticInfo' of type [com.roshka.michi.bean.ServerStaticInfo] is not eligible for getting processed by all BeanPostProcessors (for example: not eligible for auto-proxying)
2022-03-10T09:58:28,769  INFO [http-nio-8080-exec-74][[]][][][][][] org.springframework.context.support.PostProcessorRegistrationDelegate$BeanPostProcessorChecker:335 - Bean 'serverInfo' of type [com.roshka.michi.bean.ServerInfo] is not eligible for getting processed by all BeanPostProcessors (for example: not eligible for auto-proxying)
2022-03-10T09:58:28,787  INFO [http-nio-8080-exec-74][[]][][][][][] org.springframework.context.support.PostProcessorRegistrationDelegate$BeanPostProcessorChecker:335 - Bean 'springMetricsConfigurerAdapter' of type [com.roshka.michi.configuration.SpringMetricsConfigurerAdapter$$EnhancerBySpringCGLIB$$d8983815] is not eligible for getting processed by all BeanPostProcessors (for example: not eligible for auto-proxying)
2022-03-10T09:58:28,806  INFO [http-nio-8080-exec-74][[]][][][][][] org.springframework.context.support.PostProcessorRegistrationDelegate$BeanPostProcessorChecker:335 - Bean 'com.ryantenney.metrics.spring.config.annotation.DelegatingMetricsConfiguration' of type [com.ryantenney.metrics.spring.config.annotation.DelegatingMetricsConfiguration$$EnhancerBySpringCGLIB$$37ccf2a7] is not eligible for getting processed by all BeanPostProcessors (for example: not eligible for auto-proxying)
2022-03-10T09:58:28,837  INFO [http-nio-8080-exec-74][[]][][][][][] org.springframework.context.support.PostProcessorRegistrationDelegate$BeanPostProcessorChecker:335 - Bean 'getMetricRegistry' of type [com.codahale.metrics.MetricRegistry] is not eligible for getting processed by all BeanPostProcessors (for example: not eligible for auto-proxying)
2022-03-10T09:58:28,998  INFO [http-nio-8080-exec-74][[]][][][][][] org.springframework.context.support.PostProcessorRegistrationDelegate$BeanPostProcessorChecker:335 - Bean 'getHealthCheckRegistry' of type [com.codahale.metrics.health.HealthCheckRegistry] is not eligible for getting processed by all BeanPostProcessors (for example: not eligible for auto-proxying)
2022-03-10T09:58:32,332  INFO [http-nio-8080-exec-74][[]][][][][][] org.springframework.ws.soap.saaj.SaajSoapMessageFactory:137 - Creating SAAJ 1.3 MessageFactory with SOAP 1.1 Protocol
2022-03-10T09:58:32,995 DEBUG [http-nio-8080-exec-74][[]][][][][][] org.springframework.jdbc.core.JdbcTemplate:427 - Executing SQL query [select * from "dbo"."cfg_estado_producto"]
2022-03-10T09:58:37,144 ERROR [http-nio-8080-exec-74][[]][][][][][] py.com.fielco.miempresa.cuentas.dao.CuentaDAOImpl:68 - ERROR al obtener la lista de estado de las cuentas
org.springframework.jdbc.BadSqlGrammarException: StatementCallback; bad SQL grammar [select * from "dbo"."cfg_estado_producto"]; nested exception is java.sql.SQLSyntaxErrorException: [SQL0204] cfg_estado_producto en "dbo" de tipo *FILE no encontrado.
	at org.springframework.jdbc.support.SQLErrorCodeSQLExceptionTranslator.doTranslate(SQLErrorCodeSQLExceptionTranslator.java:239) ~[spring-jdbc-5.2.18.RELEASE.jar:5.2.18.RELEASE]
	at org.springframework.jdbc.support.AbstractFallbackSQLExceptionTranslator.translate(AbstractFallbackSQLExceptionTranslator.java:72) ~[spring-jdbc-5.2.18.RELEASE.jar:5.2.18.RELEASE]
	at org.springframework.jdbc.core.JdbcTemplate.translateException(JdbcTemplate.java:1443) ~[spring-jdbc-5.2.18.RELEASE.jar:5.2.18.RELEASE]
	at org.springframework.jdbc.core.JdbcTemplate.execute(JdbcTemplate.java:388) ~[spring-jdbc-5.2.18.RELEASE.jar:5.2.18.RELEASE]
	at org.springframework.jdbc.core.JdbcTemplate.query(JdbcTemplate.java:452) ~[spring-jdbc-5.2.18.RELEASE.jar:5.2.18.RELEASE]
	at py.com.fielco.miempresa.cuentas.dao.CuentaDAOImpl.listarEstados(CuentaDAOImpl.java:55) ~[classes/:?]
	at py.com.fielco.miempresa.cuentas.bean.ConfigurationBean.getEstadoCuentaBean(ConfigurationBean.java:25) ~[classes/:?]
	at py.com.fielco.miempresa.cuentas.bean.ConfigurationBean$$EnhancerBySpringCGLIB$$260a9de3.CGLIB$getEstadoCuentaBean$0(<generated>) ~[classes/:?]
	at py.com.fielco.miempresa.cuentas.bean.ConfigurationBean$$EnhancerBySpringCGLIB$$260a9de3$$FastClassBySpringCGLIB$$1dcbe835.invoke(<generated>) ~[classes/:?]
	at org.springframework.cglib.proxy.MethodProxy.invokeSuper(MethodProxy.java:244) ~[spring-core-5.2.18.RELEASE.jar:5.2.18.RELEASE]
	at org.springframework.context.annotation.ConfigurationClassEnhancer$BeanMethodInterceptor.intercept(ConfigurationClassEnhancer.java:331) ~[spring-context-5.2.18.RELEASE.jar:5.2.18.RELEASE]
	at py.com.fielco.miempresa.cuentas.bean.ConfigurationBean$$EnhancerBySpringCGLIB$$260a9de3.getEstadoCuentaBean(<generated>) ~[classes/:?]
	at sun.reflect.NativeMethodAccessorImpl.invoke0(Native Method) ~[?:1.8.0_221]
	at sun.reflect.NativeMethodAccessorImpl.invoke(NativeMethodAccessorImpl.java:62) ~[?:1.8.0_221]
	at sun.reflect.DelegatingMethodAccessorImpl.invoke(DelegatingMethodAccessorImpl.java:43) ~[?:1.8.0_221]
	at java.lang.reflect.Method.invoke(Method.java:498) ~[?:1.8.0_221]
	at org.springframework.beans.factory.support.SimpleInstantiationStrategy.instantiate(SimpleInstantiationStrategy.java:154) ~[spring-beans-5.2.18.RELEASE.jar:5.2.18.RELEASE]
	at org.springframework.beans.factory.support.ConstructorResolver.instantiate(ConstructorResolver.java:652) ~[spring-beans-5.2.18.RELEASE.jar:5.2.18.RELEASE]
	at org.springframework.beans.factory.support.ConstructorResolver.instantiateUsingFactoryMethod(ConstructorResolver.java:485) ~[spring-beans-5.2.18.RELEASE.jar:5.2.18.RELEASE]
	at org.springframework.beans.factory.support.AbstractAutowireCapableBeanFactory.instantiateUsingFactoryMethod(AbstractAutowireCapableBeanFactory.java:1341) ~[spring-beans-5.2.18.RELEASE.jar:5.2.18.RELEASE]
	at org.springframework.beans.factory.support.AbstractAutowireCapableBeanFactory.createBeanInstance(AbstractAutowireCapableBeanFactory.java:1181) ~[spring-beans-5.2.18.RELEASE.jar:5.2.18.RELEASE]
	at org.springframework.beans.factory.support.AbstractAutowireCapableBeanFactory.doCreateBean(AbstractAutowireCapableBeanFactory.java:556) ~[spring-beans-5.2.18.RELEASE.jar:5.2.18.RELEASE]
	at org.springframework.beans.factory.support.AbstractAutowireCapableBeanFactory.createBean(AbstractAutowireCapableBeanFactory.java:516) ~[spring-beans-5.2.18.RELEASE.jar:5.2.18.RELEASE]
	at org.springframework.beans.factory.support.AbstractBeanFactory.lambda$doGetBean$1(AbstractBeanFactory.java:363) ~[spring-beans-5.2.18.RELEASE.jar:5.2.18.RELEASE]
	at org.springframework.web.context.support.ServletContextScope.get(ServletContextScope.java:71) ~[spring-web-5.2.18.RELEASE.jar:5.2.18.RELEASE]
	at org.springframework.beans.factory.support.AbstractBeanFactory.doGetBean(AbstractBeanFactory.java:360) ~[spring-beans-5.2.18.RELEASE.jar:5.2.18.RELEASE]
	at org.springframework.beans.factory.support.AbstractBeanFactory.getBean(AbstractBeanFactory.java:202) ~[spring-beans-5.2.18.RELEASE.jar:5.2.18.RELEASE]
	at org.springframework.aop.target.SimpleBeanTargetSource.getTarget(SimpleBeanTargetSource.java:35) ~[spring-aop-5.2.18.RELEASE.jar:5.2.18.RELEASE]
	at org.springframework.aop.framework.CglibAopProxy$DynamicAdvisedInterceptor.intercept(CglibAopProxy.java:676) ~[spring-aop-5.2.18.RELEASE.jar:5.2.18.RELEASE]
	at py.com.fielco.miempresa.cuentas.bean.EstadoCuentaBean$$EnhancerBySpringCGLIB$$501d9c.getEstadoCuentaList(<generated>) ~[classes/:?]
	at py.com.fielco.miempresa.cuentas.service.CuentaServiceImpl.<init>(CuentaServiceImpl.java:80) ~[classes/:?]
	at sun.reflect.NativeConstructorAccessorImpl.newInstance0(Native Method) ~[?:1.8.0_221]
	at sun.reflect.NativeConstructorAccessorImpl.newInstance(NativeConstructorAccessorImpl.java:62) ~[?:1.8.0_221]
	at sun.reflect.DelegatingConstructorAccessorImpl.newInstance(DelegatingConstructorAccessorImpl.java:45) ~[?:1.8.0_221]
	at java.lang.reflect.Constructor.newInstance(Constructor.java:423) ~[?:1.8.0_221]
	at org.springframework.beans.BeanUtils.instantiateClass(BeanUtils.java:207) ~[spring-beans-5.2.18.RELEASE.jar:5.2.18.RELEASE]
	at org.springframework.beans.factory.support.SimpleInstantiationStrategy.instantiate(SimpleInstantiationStrategy.java:117) ~[spring-beans-5.2.18.RELEASE.jar:5.2.18.RELEASE]
	at org.springframework.beans.factory.support.ConstructorResolver.instantiate(ConstructorResolver.java:310) ~[spring-beans-5.2.18.RELEASE.jar:5.2.18.RELEASE]
	at org.springframework.beans.factory.support.ConstructorResolver.autowireConstructor(ConstructorResolver.java:295) ~[spring-beans-5.2.18.RELEASE.jar:5.2.18.RELEASE]
	at org.springframework.beans.factory.support.AbstractAutowireCapableBeanFactory.autowireConstructor(AbstractAutowireCapableBeanFactory.java:1361) ~[spring-beans-5.2.18.RELEASE.jar:5.2.18.RELEASE]
	at org.springframework.beans.factory.support.AbstractAutowireCapableBeanFactory.createBeanInstance(AbstractAutowireCapableBeanFactory.java:1208) ~[spring-beans-5.2.18.RELEASE.jar:5.2.18.RELEASE]
	at org.springframework.beans.factory.support.AbstractAutowireCapableBeanFactory.doCreateBean(AbstractAutowireCapableBeanFactory.java:556) ~[spring-beans-5.2.18.RELEASE.jar:5.2.18.RELEASE]
	at org.springframework.beans.factory.support.AbstractAutowireCapableBeanFactory.createBean(AbstractAutowireCapableBeanFactory.java:516) ~[spring-beans-5.2.18.RELEASE.jar:5.2.18.RELEASE]
	at org.springframework.beans.factory.support.AbstractBeanFactory.lambda$doGetBean$0(AbstractBeanFactory.java:324) ~[spring-beans-5.2.18.RELEASE.jar:5.2.18.RELEASE]
	at org.springframework.beans.factory.support.DefaultSingletonBeanRegistry.getSingleton(DefaultSingletonBeanRegistry.java:234) ~[spring-beans-5.2.18.RELEASE.jar:5.2.18.RELEASE]
	at org.springframework.beans.factory.support.AbstractBeanFactory.doGetBean(AbstractBeanFactory.java:322) ~[spring-beans-5.2.18.RELEASE.jar:5.2.18.RELEASE]
	at org.springframework.beans.factory.support.AbstractBeanFactory.getBean(AbstractBeanFactory.java:202) ~[spring-beans-5.2.18.RELEASE.jar:5.2.18.RELEASE]
	at org.springframework.beans.factory.config.DependencyDescriptor.resolveCandidate(DependencyDescriptor.java:276) ~[spring-beans-5.2.18.RELEASE.jar:5.2.18.RELEASE]
	at org.springframework.beans.factory.support.DefaultListableBeanFactory.doResolveDependency(DefaultListableBeanFactory.java:1307) ~[spring-beans-5.2.18.RELEASE.jar:5.2.18.RELEASE]
	at org.springframework.beans.factory.support.DefaultListableBeanFactory.resolveDependency(DefaultListableBeanFactory.java:1227) ~[spring-beans-5.2.18.RELEASE.jar:5.2.18.RELEASE]
	at org.springframework.beans.factory.support.ConstructorResolver.resolveAutowiredArgument(ConstructorResolver.java:886) ~[spring-beans-5.2.18.RELEASE.jar:5.2.18.RELEASE]
	at org.springframework.beans.factory.support.ConstructorResolver.createArgumentArray(ConstructorResolver.java:790) ~[spring-beans-5.2.18.RELEASE.jar:5.2.18.RELEASE]
	at org.springframework.beans.factory.support.ConstructorResolver.autowireConstructor(ConstructorResolver.java:228) ~[spring-beans-5.2.18.RELEASE.jar:5.2.18.RELEASE]
	at org.springframework.beans.factory.support.AbstractAutowireCapableBeanFactory.autowireConstructor(AbstractAutowireCapableBeanFactory.java:1361) ~[spring-beans-5.2.18.RELEASE.jar:5.2.18.RELEASE]
	at org.springframework.beans.factory.support.AbstractAutowireCapableBeanFactory.createBeanInstance(AbstractAutowireCapableBeanFactory.java:1208) ~[spring-beans-5.2.18.RELEASE.jar:5.2.18.RELEASE]
	at org.springframework.beans.factory.support.AbstractAutowireCapableBeanFactory.doCreateBean(AbstractAutowireCapableBeanFactory.java:556) ~[spring-beans-5.2.18.RELEASE.jar:5.2.18.RELEASE]
	at org.springframework.beans.factory.support.AbstractAutowireCapableBeanFactory.createBean(AbstractAutowireCapableBeanFactory.java:516) ~[spring-beans-5.2.18.RELEASE.jar:5.2.18.RELEASE]
	at org.springframework.beans.factory.support.AbstractBeanFactory.lambda$doGetBean$0(AbstractBeanFactory.java:324) ~[spring-beans-5.2.18.RELEASE.jar:5.2.18.RELEASE]
	at org.springframework.beans.factory.support.DefaultSingletonBeanRegistry.getSingleton(DefaultSingletonBeanRegistry.java:234) [spring-beans-5.2.18.RELEASE.jar:5.2.18.RELEASE]
	at org.springframework.beans.factory.support.AbstractBeanFactory.doGetBean(AbstractBeanFactory.java:322) [spring-beans-5.2.18.RELEASE.jar:5.2.18.RELEASE]
	at org.springframework.beans.factory.support.AbstractBeanFactory.getBean(AbstractBeanFactory.java:202) [spring-beans-5.2.18.RELEASE.jar:5.2.18.RELEASE]
	at org.springframework.beans.factory.support.DefaultListableBeanFactory.preInstantiateSingletons(DefaultListableBeanFactory.java:897) [spring-beans-5.2.18.RELEASE.jar:5.2.18.RELEASE]
	at org.springframework.context.support.AbstractApplicationContext.finishBeanFactoryInitialization(AbstractApplicationContext.java:879) [spring-context-5.2.18.RELEASE.jar:5.2.18.RELEASE]
	at org.springframework.context.support.AbstractApplicationContext.refresh(AbstractApplicationContext.java:551) [spring-context-5.2.18.RELEASE.jar:5.2.18.RELEASE]
	at org.springframework.web.servlet.FrameworkServlet.configureAndRefreshWebApplicationContext(FrameworkServlet.java:702) [spring-webmvc-5.2.18.RELEASE.jar:5.2.18.RELEASE]
	at org.springframework.web.servlet.FrameworkServlet.createWebApplicationContext(FrameworkServlet.java:668) [spring-webmvc-5.2.18.RELEASE.jar:5.2.18.RELEASE]
	at org.springframework.web.servlet.FrameworkServlet.createWebApplicationContext(FrameworkServlet.java:716) [spring-webmvc-5.2.18.RELEASE.jar:5.2.18.RELEASE]
	at org.springframework.web.servlet.FrameworkServlet.initWebApplicationContext(FrameworkServlet.java:591) [spring-webmvc-5.2.18.RELEASE.jar:5.2.18.RELEASE]
	at org.springframework.web.servlet.FrameworkServlet.initServletBean(FrameworkServlet.java:530) [spring-webmvc-5.2.18.RELEASE.jar:5.2.18.RELEASE]
	at org.springframework.web.servlet.HttpServletBean.init(HttpServletBean.java:170) [spring-webmvc-5.2.18.RELEASE.jar:5.2.18.RELEASE]
	at javax.servlet.GenericServlet.init(GenericServlet.java:158) [servlet-api.jar:3.1.FR]
	at org.apache.catalina.core.StandardWrapper.initServlet(StandardWrapper.java:1183) [catalina.jar:8.5.6]
	at org.apache.catalina.core.StandardWrapper.loadServlet(StandardWrapper.java:1099) [catalina.jar:8.5.6]
	at org.apache.catalina.core.StandardWrapper.load(StandardWrapper.java:989) [catalina.jar:8.5.6]
	at org.apache.catalina.core.StandardContext.loadOnStartup(StandardContext.java:4913) [catalina.jar:8.5.6]
	at org.apache.catalina.core.StandardContext.startInternal(StandardContext.java:5223) [catalina.jar:8.5.6]
	at org.apache.catalina.util.LifecycleBase.start(LifecycleBase.java:150) [catalina.jar:8.5.6]
	at org.apache.catalina.core.StandardContext.reload(StandardContext.java:3782) [catalina.jar:8.5.6]
	at org.apache.catalina.manager.ManagerServlet.reload(ManagerServlet.java:1006) [catalina.jar:8.5.6]
	at org.apache.catalina.manager.ManagerServlet.doGet(ManagerServlet.java:346) [catalina.jar:8.5.6]
	at javax.servlet.http.HttpServlet.service(HttpServlet.java:622) [servlet-api.jar:?]
	at javax.servlet.http.HttpServlet.service(HttpServlet.java:729) [servlet-api.jar:?]
	at org.apache.catalina.core.ApplicationFilterChain.internalDoFilter(ApplicationFilterChain.java:230) [catalina.jar:8.5.6]
	at org.apache.catalina.core.ApplicationFilterChain.doFilter(ApplicationFilterChain.java:165) [catalina.jar:8.5.6]
	at org.apache.tomcat.websocket.server.WsFilter.doFilter(WsFilter.java:52) [tomcat-websocket.jar:8.5.6]
	at org.apache.catalina.core.ApplicationFilterChain.internalDoFilter(ApplicationFilterChain.java:192) [catalina.jar:8.5.6]
	at org.apache.catalina.core.ApplicationFilterChain.doFilter(ApplicationFilterChain.java:165) [catalina.jar:8.5.6]
	at org.apache.catalina.filters.SetCharacterEncodingFilter.doFilter(SetCharacterEncodingFilter.java:108) [catalina.jar:8.5.6]
	at org.apache.catalina.core.ApplicationFilterChain.internalDoFilter(ApplicationFilterChain.java:192) [catalina.jar:8.5.6]
	at org.apache.catalina.core.ApplicationFilterChain.doFilter(ApplicationFilterChain.java:165) [catalina.jar:8.5.6]
	at org.apache.catalina.core.StandardWrapperValve.invoke(StandardWrapperValve.java:198) [catalina.jar:8.5.6]
	at org.apache.catalina.core.StandardContextValve.invoke(StandardContextValve.java:108) [catalina.jar:8.5.6]
	at org.apache.catalina.authenticator.AuthenticatorBase.invoke(AuthenticatorBase.java:589) [catalina.jar:8.5.6]
	at org.apache.catalina.valves.RequestFilterValve.process(RequestFilterValve.java:319) [catalina.jar:8.5.6]
	at org.apache.catalina.valves.RemoteAddrValve.invoke(RemoteAddrValve.java:88) [catalina.jar:8.5.6]
	at org.apache.catalina.core.StandardHostValve.invoke(StandardHostValve.java:140) [catalina.jar:8.5.6]
	at org.apache.catalina.valves.ErrorReportValve.invoke(ErrorReportValve.java:79) [catalina.jar:8.5.6]
	at org.apache.catalina.valves.AbstractAccessLogValve.invoke(AbstractAccessLogValve.java:620) [catalina.jar:8.5.6]
	at org.apache.catalina.core.StandardEngineValve.invoke(StandardEngineValve.java:87) [catalina.jar:8.5.6]
	at org.apache.catalina.connector.CoyoteAdapter.service(CoyoteAdapter.java:349) [catalina.jar:8.5.6]
	at org.apache.coyote.http11.Http11Processor.service(Http11Processor.java:784) [tomcat-coyote.jar:8.5.6]
	at org.apache.coyote.AbstractProcessorLight.process(AbstractProcessorLight.java:66) [tomcat-coyote.jar:8.5.6]
	at org.apache.coyote.AbstractProtocol$ConnectionHandler.process(AbstractProtocol.java:802) [tomcat-coyote.jar:8.5.6]
	at org.apache.tomcat.util.net.NioEndpoint$SocketProcessor.doRun(NioEndpoint.java:1410) [tomcat-coyote.jar:8.5.6]
	at org.apache.tomcat.util.net.SocketProcessorBase.run(SocketProcessorBase.java:49) [tomcat-coyote.jar:8.5.6]
	at java.util.concurrent.ThreadPoolExecutor.runWorker(ThreadPoolExecutor.java:1149) [?:1.8.0_221]
	at java.util.concurrent.ThreadPoolExecutor$Worker.run(ThreadPoolExecutor.java:624) [?:1.8.0_221]
	at org.apache.tomcat.util.threads.TaskThread$WrappingRunnable.run(TaskThread.java:61) [tomcat-util.jar:8.5.6]
	at java.lang.Thread.run(Thread.java:748) [?:1.8.0_221]
Caused by: java.sql.SQLSyntaxErrorException: [SQL0204] cfg_estado_producto en "dbo" de tipo *FILE no encontrado.
	at com.ibm.as400.access.JDError.createSQLExceptionSubClass(JDError.java:828) ~[jt400-20110405.jar:?]
	at com.ibm.as400.access.JDError.throwSQLException(JDError.java:699) ~[jt400-20110405.jar:?]
	at com.ibm.as400.access.JDError.throwSQLException(JDError.java:669) ~[jt400-20110405.jar:?]
	at com.ibm.as400.access.AS400JDBCStatement.commonPrepare(AS400JDBCStatement.java:1703) ~[jt400-20110405.jar:?]
	at com.ibm.as400.access.AS400JDBCStatement.executeQuery(AS400JDBCStatement.java:2302) ~[jt400-20110405.jar:?]
	at org.apache.tomcat.dbcp.dbcp2.DelegatingStatement.executeQuery(DelegatingStatement.java:210) ~[tomcat-dbcp.jar:8.5.6]
	at org.apache.tomcat.dbcp.dbcp2.DelegatingStatement.executeQuery(DelegatingStatement.java:210) ~[tomcat-dbcp.jar:8.5.6]
	at org.springframework.jdbc.core.JdbcTemplate$1QueryStatementCallback.doInStatement(JdbcTemplate.java:439) ~[spring-jdbc-5.2.18.RELEASE.jar:5.2.18.RELEASE]
	at org.springframework.jdbc.core.JdbcTemplate.execute(JdbcTemplate.java:376) ~[spring-jdbc-5.2.18.RELEASE.jar:5.2.18.RELEASE]
	... 105 more
2022-03-10T09:58:37,180  INFO [http-nio-8080-exec-74][[]][][][][][] py.com.fielco.miempresa.cuentas.bean.ConfigurationBean:29 - Cantidad de estados recuperados: 1
2022-03-10T09:58:39,638 ERROR [http-nio-8080-exec-74][[]][][][][][] com.roshka.michi.service.RegisterService:62 - Se ignora error
com.roshka.michi.exception.APIClientException: null
	at com.roshka.michi.communication.HttpCommunication.doPost(HttpCommunication.java:460) ~[michi-common-client-2.8.2.jar:?]
	at com.roshka.michi.communication.HttpCommunication.doPost(HttpCommunication.java:128) ~[michi-common-client-2.8.2.jar:?]
	at com.roshka.michi.communication.HttpCommunication.perform(HttpCommunication.java:45) ~[michi-common-client-2.8.2.jar:?]
	at com.roshka.michi.discovery.client.DiscoveryAPIClient.register(DiscoveryAPIClient.java:58) ~[michi-discovery-client-2.8.2.jar:?]
	at com.roshka.michi.service.RegisterService.register(RegisterService.java:53) [common-2.8.2.jar:?]
	at com.roshka.michi.service.RegisterService$$FastClassBySpringCGLIB$$34aa55da.invoke(<generated>) [common-2.8.2.jar:?]
	at org.springframework.cglib.proxy.MethodProxy.invoke(MethodProxy.java:218) [spring-core-5.2.18.RELEASE.jar:5.2.18.RELEASE]
	at org.springframework.aop.framework.CglibAopProxy$CglibMethodInvocation.invokeJoinpoint(CglibAopProxy.java:783) [spring-aop-5.2.18.RELEASE.jar:5.2.18.RELEASE]
	at org.springframework.aop.framework.ReflectiveMethodInvocation.proceed(ReflectiveMethodInvocation.java:163) [spring-aop-5.2.18.RELEASE.jar:5.2.18.RELEASE]
	at org.springframework.aop.framework.CglibAopProxy$CglibMethodInvocation.proceed(CglibAopProxy.java:753) [spring-aop-5.2.18.RELEASE.jar:5.2.18.RELEASE]
	at org.springframework.retry.interceptor.RetryOperationsInterceptor$1.doWithRetry(RetryOperationsInterceptor.java:91) [spring-retry-1.2.2.RELEASE.jar:?]
	at org.springframework.retry.support.RetryTemplate.doExecute(RetryTemplate.java:287) [spring-retry-1.2.2.RELEASE.jar:?]
	at org.springframework.retry.support.RetryTemplate.execute(RetryTemplate.java:164) [spring-retry-1.2.2.RELEASE.jar:?]
	at org.springframework.retry.interceptor.RetryOperationsInterceptor.invoke(RetryOperationsInterceptor.java:118) [spring-retry-1.2.2.RELEASE.jar:?]
	at org.springframework.retry.annotation.AnnotationAwareRetryOperationsInterceptor.invoke(AnnotationAwareRetryOperationsInterceptor.java:153) [spring-retry-1.2.2.RELEASE.jar:?]
	at org.springframework.aop.framework.ReflectiveMethodInvocation.proceed(ReflectiveMethodInvocation.java:186) [spring-aop-5.2.18.RELEASE.jar:5.2.18.RELEASE]
	at org.springframework.aop.framework.CglibAopProxy$CglibMethodInvocation.proceed(CglibAopProxy.java:753) [spring-aop-5.2.18.RELEASE.jar:5.2.18.RELEASE]
	at org.springframework.aop.framework.CglibAopProxy$DynamicAdvisedInterceptor.intercept(CglibAopProxy.java:698) [spring-aop-5.2.18.RELEASE.jar:5.2.18.RELEASE]
	at com.roshka.michi.service.RegisterService$$EnhancerBySpringCGLIB$$6ab90000.register(<generated>) [common-2.8.2.jar:?]
	at com.roshka.michi.application.MichiStartup.register(MichiStartup.java:33) [common-2.8.2.jar:?]
	at com.roshka.michi.application.MichiStartup.onApplicationEvent(MichiStartup.java:24) [common-2.8.2.jar:?]
	at com.roshka.michi.application.MichiStartup.onApplicationEvent(MichiStartup.java:14) [common-2.8.2.jar:?]
	at sun.reflect.NativeMethodAccessorImpl.invoke0(Native Method) ~[?:1.8.0_221]
	at sun.reflect.NativeMethodAccessorImpl.invoke(NativeMethodAccessorImpl.java:62) ~[?:1.8.0_221]
	at sun.reflect.DelegatingMethodAccessorImpl.invoke(DelegatingMethodAccessorImpl.java:43) ~[?:1.8.0_221]
	at java.lang.reflect.Method.invoke(Method.java:498) ~[?:1.8.0_221]
	at org.springframework.aop.support.AopUtils.invokeJoinpointUsingReflection(AopUtils.java:344) [spring-aop-5.2.18.RELEASE.jar:5.2.18.RELEASE]
	at org.springframework.aop.framework.JdkDynamicAopProxy.invoke(JdkDynamicAopProxy.java:205) [spring-aop-5.2.18.RELEASE.jar:5.2.18.RELEASE]
	at com.sun.proxy.$Proxy1475.onApplicationEvent(Unknown Source) [?:?]
	at org.springframework.context.event.SimpleApplicationEventMulticaster.doInvokeListener(SimpleApplicationEventMulticaster.java:172) [spring-context-5.2.18.RELEASE.jar:5.2.18.RELEASE]
	at org.springframework.context.event.SimpleApplicationEventMulticaster.invokeListener(SimpleApplicationEventMulticaster.java:165) [spring-context-5.2.18.RELEASE.jar:5.2.18.RELEASE]
	at org.springframework.context.event.SimpleApplicationEventMulticaster.multicastEvent(SimpleApplicationEventMulticaster.java:139) [spring-context-5.2.18.RELEASE.jar:5.2.18.RELEASE]
	at org.springframework.context.support.AbstractApplicationContext.publishEvent(AbstractApplicationContext.java:404) [spring-context-5.2.18.RELEASE.jar:5.2.18.RELEASE]
	at org.springframework.context.support.AbstractApplicationContext.publishEvent(AbstractApplicationContext.java:361) [spring-context-5.2.18.RELEASE.jar:5.2.18.RELEASE]
	at org.springframework.context.support.AbstractApplicationContext.finishRefresh(AbstractApplicationContext.java:898) [spring-context-5.2.18.RELEASE.jar:5.2.18.RELEASE]
	at org.springframework.context.support.AbstractApplicationContext.refresh(AbstractApplicationContext.java:554) [spring-context-5.2.18.RELEASE.jar:5.2.18.RELEASE]
	at org.springframework.web.servlet.FrameworkServlet.configureAndRefreshWebApplicationContext(FrameworkServlet.java:702) [spring-webmvc-5.2.18.RELEASE.jar:5.2.18.RELEASE]
	at org.springframework.web.servlet.FrameworkServlet.createWebApplicationContext(FrameworkServlet.java:668) [spring-webmvc-5.2.18.RELEASE.jar:5.2.18.RELEASE]
	at org.springframework.web.servlet.FrameworkServlet.createWebApplicationContext(FrameworkServlet.java:716) [spring-webmvc-5.2.18.RELEASE.jar:5.2.18.RELEASE]
	at org.springframework.web.servlet.FrameworkServlet.initWebApplicationContext(FrameworkServlet.java:591) [spring-webmvc-5.2.18.RELEASE.jar:5.2.18.RELEASE]
	at org.springframework.web.servlet.FrameworkServlet.initServletBean(FrameworkServlet.java:530) [spring-webmvc-5.2.18.RELEASE.jar:5.2.18.RELEASE]
	at org.springframework.web.servlet.HttpServletBean.init(HttpServletBean.java:170) [spring-webmvc-5.2.18.RELEASE.jar:5.2.18.RELEASE]
	at javax.servlet.GenericServlet.init(GenericServlet.java:158) [servlet-api.jar:3.1.FR]
	at org.apache.catalina.core.StandardWrapper.initServlet(StandardWrapper.java:1183) [catalina.jar:8.5.6]
	at org.apache.catalina.core.StandardWrapper.loadServlet(StandardWrapper.java:1099) [catalina.jar:8.5.6]
	at org.apache.catalina.core.StandardWrapper.load(StandardWrapper.java:989) [catalina.jar:8.5.6]
	at org.apache.catalina.core.StandardContext.loadOnStartup(StandardContext.java:4913) [catalina.jar:8.5.6]
	at org.apache.catalina.core.StandardContext.startInternal(StandardContext.java:5223) [catalina.jar:8.5.6]
	at org.apache.catalina.util.LifecycleBase.start(LifecycleBase.java:150) [catalina.jar:8.5.6]
	at org.apache.catalina.core.StandardContext.reload(StandardContext.java:3782) [catalina.jar:8.5.6]
	at org.apache.catalina.manager.ManagerServlet.reload(ManagerServlet.java:1006) [catalina.jar:8.5.6]
	at org.apache.catalina.manager.ManagerServlet.doGet(ManagerServlet.java:346) [catalina.jar:8.5.6]
	at javax.servlet.http.HttpServlet.service(HttpServlet.java:622) [servlet-api.jar:?]
	at javax.servlet.http.HttpServlet.service(HttpServlet.java:729) [servlet-api.jar:?]
	at org.apache.catalina.core.ApplicationFilterChain.internalDoFilter(ApplicationFilterChain.java:230) [catalina.jar:8.5.6]
	at org.apache.catalina.core.ApplicationFilterChain.doFilter(ApplicationFilterChain.java:165) [catalina.jar:8.5.6]
	at org.apache.tomcat.websocket.server.WsFilter.doFilter(WsFilter.java:52) [tomcat-websocket.jar:8.5.6]
	at org.apache.catalina.core.ApplicationFilterChain.internalDoFilter(ApplicationFilterChain.java:192) [catalina.jar:8.5.6]
	at org.apache.catalina.core.ApplicationFilterChain.doFilter(ApplicationFilterChain.java:165) [catalina.jar:8.5.6]
	at org.apache.catalina.filters.SetCharacterEncodingFilter.doFilter(SetCharacterEncodingFilter.java:108) [catalina.jar:8.5.6]
	at org.apache.catalina.core.ApplicationFilterChain.internalDoFilter(ApplicationFilterChain.java:192) [catalina.jar:8.5.6]
	at org.apache.catalina.core.ApplicationFilterChain.doFilter(ApplicationFilterChain.java:165) [catalina.jar:8.5.6]
	at org.apache.catalina.core.StandardWrapperValve.invoke(StandardWrapperValve.java:198) [catalina.jar:8.5.6]
	at org.apache.catalina.core.StandardContextValve.invoke(StandardContextValve.java:108) [catalina.jar:8.5.6]
	at org.apache.catalina.authenticator.AuthenticatorBase.invoke(AuthenticatorBase.java:589) [catalina.jar:8.5.6]
	at org.apache.catalina.valves.RequestFilterValve.process(RequestFilterValve.java:319) [catalina.jar:8.5.6]
	at org.apache.catalina.valves.RemoteAddrValve.invoke(RemoteAddrValve.java:88) [catalina.jar:8.5.6]
	at org.apache.catalina.core.StandardHostValve.invoke(StandardHostValve.java:140) [catalina.jar:8.5.6]
	at org.apache.catalina.valves.ErrorReportValve.invoke(ErrorReportValve.java:79) [catalina.jar:8.5.6]
	at org.apache.catalina.valves.AbstractAccessLogValve.invoke(AbstractAccessLogValve.java:620) [catalina.jar:8.5.6]
	at org.apache.catalina.core.StandardEngineValve.invoke(StandardEngineValve.java:87) [catalina.jar:8.5.6]
	at org.apache.catalina.connector.CoyoteAdapter.service(CoyoteAdapter.java:349) [catalina.jar:8.5.6]
	at org.apache.coyote.http11.Http11Processor.service(Http11Processor.java:784) [tomcat-coyote.jar:8.5.6]
	at org.apache.coyote.AbstractProcessorLight.process(AbstractProcessorLight.java:66) [tomcat-coyote.jar:8.5.6]
	at org.apache.coyote.AbstractProtocol$ConnectionHandler.process(AbstractProtocol.java:802) [tomcat-coyote.jar:8.5.6]
	at org.apache.tomcat.util.net.NioEndpoint$SocketProcessor.doRun(NioEndpoint.java:1410) [tomcat-coyote.jar:8.5.6]
	at org.apache.tomcat.util.net.SocketProcessorBase.run(SocketProcessorBase.java:49) [tomcat-coyote.jar:8.5.6]
	at java.util.concurrent.ThreadPoolExecutor.runWorker(ThreadPoolExecutor.java:1149) [?:1.8.0_221]
	at java.util.concurrent.ThreadPoolExecutor$Worker.run(ThreadPoolExecutor.java:624) [?:1.8.0_221]
	at org.apache.tomcat.util.threads.TaskThread$WrappingRunnable.run(TaskThread.java:61) [tomcat-util.jar:8.5.6]
	at java.lang.Thread.run(Thread.java:748) [?:1.8.0_221]
2022-03-10T09:58:40,529  INFO [http-nio-8080-exec-74][[]][][][][][] org.springframework.web.servlet.DispatcherServlet:547 - Completed initialization in 18992 ms
