2022-03-10T09:15:08,232  INFO [http-nio-8080-exec-67][[]][][][][][] com.roshka.michi.application.MichiShutdown:21 - Application SHUTDOWN
2022-03-10T09:15:08,671 DEBUG [http-nio-8080-exec-67][[]][][][][][] com.roshka.michi.service.RegisterService:106 - Deregistrando la aplicación...
2022-03-10T09:15:08,672 DEBUG [http-nio-8080-exec-67][[]][][][][][] com.roshka.michi.communication.HttpCommunication:40 - URL: POSTP | http://192.168.30.64:8080/michi-discovery/unregister 
2022-03-10T09:15:08,823 DEBUG [http-nio-8080-exec-67][[]][][][][][] com.roshka.michi.communication.HttpCommunication:446 - RESP STATUS : HTTP/1.1 500 Error Interno del Servidor
2022-03-10T09:15:08,824 DEBUG [http-nio-8080-exec-67][[]][][][][][] com.roshka.michi.communication.HttpCommunication:451 - RESPONSE    : {"code":"g1005","message":"Unexpected DATABASE error","type":"DATABASE","useApiMessage":false}
2022-03-10T09:15:08,834  WARN [http-nio-8080-exec-67][[]][][][][][] com.roshka.michi.service.RegisterService:113 - No se pudo deregistrar la aplicación!
com.roshka.michi.exception.APIClientException: null
	at com.roshka.michi.communication.HttpCommunication.doPost(HttpCommunication.java:460) ~[michi-common-client-2.8.2.jar:?]
	at com.roshka.michi.communication.HttpCommunication.doPost(HttpCommunication.java:128) ~[michi-common-client-2.8.2.jar:?]
	at com.roshka.michi.communication.HttpCommunication.perform(HttpCommunication.java:45) ~[michi-common-client-2.8.2.jar:?]
	at com.roshka.michi.discovery.client.DiscoveryAPIClient.unregister(DiscoveryAPIClient.java:91) ~[michi-discovery-client-2.8.2.jar:?]
	at com.roshka.michi.service.RegisterService.unregister(RegisterService.java:109) [common-2.8.2.jar:?]
	at com.roshka.michi.service.RegisterService$$FastClassBySpringCGLIB$$34aa55da.invoke(<generated>) [common-2.8.2.jar:?]
	at org.springframework.cglib.proxy.MethodProxy.invoke(MethodProxy.java:218) [spring-core-5.2.18.RELEASE.jar:5.2.18.RELEASE]
	at org.springframework.aop.framework.CglibAopProxy$CglibMethodInvocation.invokeJoinpoint(CglibAopProxy.java:783) [spring-aop-5.2.18.RELEASE.jar:5.2.18.RELEASE]
	at org.springframework.aop.framework.ReflectiveMethodInvocation.proceed(ReflectiveMethodInvocation.java:163) [spring-aop-5.2.18.RELEASE.jar:5.2.18.RELEASE]
	at org.springframework.aop.framework.CglibAopProxy$CglibMethodInvocation.proceed(CglibAopProxy.java:753) [spring-aop-5.2.18.RELEASE.jar:5.2.18.RELEASE]
	at org.springframework.retry.annotation.AnnotationAwareRetryOperationsInterceptor.invoke(AnnotationAwareRetryOperationsInterceptor.java:156) [spring-retry-1.2.2.RELEASE.jar:?]
	at org.springframework.aop.framework.ReflectiveMethodInvocation.proceed(ReflectiveMethodInvocation.java:186) [spring-aop-5.2.18.RELEASE.jar:5.2.18.RELEASE]
	at org.springframework.aop.framework.CglibAopProxy$CglibMethodInvocation.proceed(CglibAopProxy.java:753) [spring-aop-5.2.18.RELEASE.jar:5.2.18.RELEASE]
	at org.springframework.aop.framework.CglibAopProxy$DynamicAdvisedInterceptor.intercept(CglibAopProxy.java:698) [spring-aop-5.2.18.RELEASE.jar:5.2.18.RELEASE]
	at com.roshka.michi.service.RegisterService$$EnhancerBySpringCGLIB$$6cce2378.unregister(<generated>) [common-2.8.2.jar:?]
	at com.roshka.michi.application.MichiShutdown.unregister(MichiShutdown.java:28) [common-2.8.2.jar:?]
	at com.roshka.michi.application.MichiShutdown.onApplicationEvent(MichiShutdown.java:22) [common-2.8.2.jar:?]
	at com.roshka.michi.application.MichiShutdown.onApplicationEvent(MichiShutdown.java:11) [common-2.8.2.jar:?]
	at sun.reflect.NativeMethodAccessorImpl.invoke0(Native Method) ~[?:1.8.0_221]
	at sun.reflect.NativeMethodAccessorImpl.invoke(NativeMethodAccessorImpl.java:62) ~[?:1.8.0_221]
	at sun.reflect.DelegatingMethodAccessorImpl.invoke(DelegatingMethodAccessorImpl.java:43) ~[?:1.8.0_221]
	at java.lang.reflect.Method.invoke(Method.java:498) ~[?:1.8.0_221]
	at org.springframework.aop.support.AopUtils.invokeJoinpointUsingReflection(AopUtils.java:344) [spring-aop-5.2.18.RELEASE.jar:5.2.18.RELEASE]
	at org.springframework.aop.framework.JdkDynamicAopProxy.invoke(JdkDynamicAopProxy.java:205) [spring-aop-5.2.18.RELEASE.jar:5.2.18.RELEASE]
	at com.sun.proxy.$Proxy1028.onApplicationEvent(Unknown Source) [?:?]
	at org.springframework.context.event.SimpleApplicationEventMulticaster.doInvokeListener(SimpleApplicationEventMulticaster.java:172) [spring-context-5.2.18.RELEASE.jar:5.2.18.RELEASE]
	at org.springframework.context.event.SimpleApplicationEventMulticaster.invokeListener(SimpleApplicationEventMulticaster.java:165) [spring-context-5.2.18.RELEASE.jar:5.2.18.RELEASE]
	at org.springframework.context.event.SimpleApplicationEventMulticaster.multicastEvent(SimpleApplicationEventMulticaster.java:139) [spring-context-5.2.18.RELEASE.jar:5.2.18.RELEASE]
	at org.springframework.context.support.AbstractApplicationContext.publishEvent(AbstractApplicationContext.java:404) [spring-context-5.2.18.RELEASE.jar:5.2.18.RELEASE]
	at org.springframework.context.support.AbstractApplicationContext.publishEvent(AbstractApplicationContext.java:361) [spring-context-5.2.18.RELEASE.jar:5.2.18.RELEASE]
	at org.springframework.context.support.AbstractApplicationContext.doClose(AbstractApplicationContext.java:1013) [spring-context-5.2.18.RELEASE.jar:5.2.18.RELEASE]
	at org.springframework.context.support.AbstractApplicationContext.close(AbstractApplicationContext.java:979) [spring-context-5.2.18.RELEASE.jar:5.2.18.RELEASE]
	at org.springframework.web.servlet.FrameworkServlet.destroy(FrameworkServlet.java:866) [spring-webmvc-5.2.18.RELEASE.jar:5.2.18.RELEASE]
	at org.apache.catalina.core.StandardWrapper.unload(StandardWrapper.java:1359) [catalina.jar:8.5.6]
	at org.apache.catalina.core.StandardWrapper.stopInternal(StandardWrapper.java:1690) [catalina.jar:8.5.6]
	at org.apache.catalina.util.LifecycleBase.stop(LifecycleBase.java:226) [catalina.jar:8.5.6]
	at org.apache.catalina.core.StandardContext.stopInternal(StandardContext.java:5399) [catalina.jar:8.5.6]
	at org.apache.catalina.util.LifecycleBase.stop(LifecycleBase.java:226) [catalina.jar:8.5.6]
	at org.apache.catalina.core.StandardContext.reload(StandardContext.java:3775) [catalina.jar:8.5.6]
	at org.apache.catalina.manager.ManagerServlet.reload(ManagerServlet.java:1006) [catalina.jar:8.5.6]
	at org.apache.catalina.manager.ManagerServlet.doGet(ManagerServlet.java:346) [catalina.jar:8.5.6]
	at javax.servlet.http.HttpServlet.service(HttpServlet.java:622) [servlet-api.jar:?]
	at javax.servlet.http.HttpServlet.service(HttpServlet.java:729) [servlet-api.jar:?]
	at org.apache.catalina.core.ApplicationFilterChain.internalDoFilter(ApplicationFilterChain.java:230) [catalina.jar:8.5.6]
	at org.apache.catalina.core.ApplicationFilterChain.doFilter(ApplicationFilterChain.java:165) [catalina.jar:8.5.6]
	at org.apache.tomcat.websocket.server.WsFilter.doFilter(WsFilter.java:52) [tomcat-websocket.jar:8.5.6]
	at org.apache.catalina.core.ApplicationFilterChain.internalDoFilter(ApplicationFilterChain.java:192) [catalina.jar:8.5.6]
	at org.apache.catalina.core.ApplicationFilterChain.doFilter(ApplicationFilterChain.java:165) [catalina.jar:8.5.6]
	at org.apache.catalina.filters.SetCharacterEncodingFilter.doFilter(SetCharacterEncodingFilter.java:108) [catalina.jar:8.5.6]
	at org.apache.catalina.core.ApplicationFilterChain.internalDoFilter(ApplicationFilterChain.java:192) [catalina.jar:8.5.6]
	at org.apache.catalina.core.ApplicationFilterChain.doFilter(ApplicationFilterChain.java:165) [catalina.jar:8.5.6]
	at org.apache.catalina.core.StandardWrapperValve.invoke(StandardWrapperValve.java:198) [catalina.jar:8.5.6]
	at org.apache.catalina.core.StandardContextValve.invoke(StandardContextValve.java:108) [catalina.jar:8.5.6]
	at org.apache.catalina.authenticator.AuthenticatorBase.invoke(AuthenticatorBase.java:589) [catalina.jar:8.5.6]
	at org.apache.catalina.valves.RequestFilterValve.process(RequestFilterValve.java:319) [catalina.jar:8.5.6]
	at org.apache.catalina.valves.RemoteAddrValve.invoke(RemoteAddrValve.java:88) [catalina.jar:8.5.6]
	at org.apache.catalina.core.StandardHostValve.invoke(StandardHostValve.java:140) [catalina.jar:8.5.6]
	at org.apache.catalina.valves.ErrorReportValve.invoke(ErrorReportValve.java:79) [catalina.jar:8.5.6]
	at org.apache.catalina.valves.AbstractAccessLogValve.invoke(AbstractAccessLogValve.java:620) [catalina.jar:8.5.6]
	at org.apache.catalina.core.StandardEngineValve.invoke(StandardEngineValve.java:87) [catalina.jar:8.5.6]
	at org.apache.catalina.connector.CoyoteAdapter.service(CoyoteAdapter.java:349) [catalina.jar:8.5.6]
	at org.apache.coyote.http11.Http11Processor.service(Http11Processor.java:784) [tomcat-coyote.jar:8.5.6]
	at org.apache.coyote.AbstractProcessorLight.process(AbstractProcessorLight.java:66) [tomcat-coyote.jar:8.5.6]
	at org.apache.coyote.AbstractProtocol$ConnectionHandler.process(AbstractProtocol.java:802) [tomcat-coyote.jar:8.5.6]
	at org.apache.tomcat.util.net.NioEndpoint$SocketProcessor.doRun(NioEndpoint.java:1410) [tomcat-coyote.jar:8.5.6]
	at org.apache.tomcat.util.net.SocketProcessorBase.run(SocketProcessorBase.java:49) [tomcat-coyote.jar:8.5.6]
	at java.util.concurrent.ThreadPoolExecutor.runWorker(ThreadPoolExecutor.java:1149) [?:1.8.0_221]
	at java.util.concurrent.ThreadPoolExecutor$Worker.run(ThreadPoolExecutor.java:624) [?:1.8.0_221]
	at org.apache.tomcat.util.threads.TaskThread$WrappingRunnable.run(TaskThread.java:61) [tomcat-util.jar:8.5.6]
	at java.lang.Thread.run(Thread.java:748) [?:1.8.0_221]
2022-03-10T09:15:18,704  INFO [http-nio-8080-exec-67][[]][][][][][] org.springframework.web.context.ContextLoader:271 - Root WebApplicationContext: initialization started
2022-03-10T09:15:19,028  INFO [http-nio-8080-exec-67][[]][][][][][] org.springframework.web.context.ContextLoader:307 - Root WebApplicationContext initialized in 303 ms
2022-03-10T09:15:19,187  INFO [http-nio-8080-exec-67][[]][][][][][] org.springframework.web.servlet.DispatcherServlet:525 - Initializing Servlet 'appServlet'
2022-03-10T09:15:20,477 DEBUG [http-nio-8080-exec-67][[]][][][][][] org.mybatis.spring.mapper.ClassPathMapperScanner:441 - Ignored because not a concrete top-level class: URL [jar:file:/C:/Users/User/Documents/Proyectos/miempresa-gateway/empresas/target/miempresa-empresas%23%231.4.3/WEB-INF/lib/bantotal-cliente-1.7.22.jar!/py/com/elcomercio/bantotal/api/dao/mapper/PrestamoCuotaRowMapper.class]
2022-03-10T09:15:20,824 DEBUG [http-nio-8080-exec-67][[]][][][][][] org.mybatis.spring.mapper.ClassPathMapperScanner:441 - Ignored because not a concrete top-level class: URL [jar:file:/C:/Users/User/Documents/Proyectos/miempresa-gateway/empresas/target/miempresa-empresas%23%231.4.3/WEB-INF/lib/bantotal-cliente-1.7.22.jar!/py/com/elcomercio/bantotal/api/dao/mapper/ITGFFuncionarioRowMapper.class]
2022-03-10T09:15:20,825 DEBUG [http-nio-8080-exec-67][[]][][][][][] org.mybatis.spring.mapper.ClassPathMapperScanner:441 - Ignored because not a concrete top-level class: URL [jar:file:/C:/Users/User/Documents/Proyectos/miempresa-gateway/empresas/target/miempresa-empresas%23%231.4.3/WEB-INF/lib/bantotal-cliente-1.7.22.jar!/py/com/elcomercio/bantotal/api/dao/mapper/ApnRowMapper.class]
2022-03-10T09:15:20,825 DEBUG [http-nio-8080-exec-67][[]][][][][][] org.mybatis.spring.mapper.ClassPathMapperScanner:441 - Ignored because not a concrete top-level class: URL [jar:file:/C:/Users/User/Documents/Proyectos/miempresa-gateway/empresas/target/miempresa-empresas%23%231.4.3/WEB-INF/lib/bantotal-cliente-1.7.22.jar!/py/com/elcomercio/bantotal/api/dao/mapper/empresas/ITGFEmpresasMapper.class]
2022-03-10T09:15:20,826 DEBUG [http-nio-8080-exec-67][[]][][][][][] org.mybatis.spring.mapper.ClassPathMapperScanner:441 - Ignored because not a concrete top-level class: URL [jar:file:/C:/Users/User/Documents/Proyectos/miempresa-gateway/empresas/target/miempresa-empresas%23%231.4.3/WEB-INF/lib/bantotal-cliente-1.7.22.jar!/py/com/elcomercio/bantotal/api/dao/mapper/empresas/ITGFCuentaRowMapper.class]
2022-03-10T09:15:20,826 DEBUG [http-nio-8080-exec-67][[]][][][][][] org.mybatis.spring.mapper.ClassPathMapperScanner:441 - Ignored because not a concrete top-level class: URL [jar:file:/C:/Users/User/Documents/Proyectos/miempresa-gateway/empresas/target/miempresa-empresas%23%231.4.3/WEB-INF/lib/bantotal-cliente-1.7.22.jar!/py/com/elcomercio/bantotal/api/dao/mapper/SaldoTarjetaITGFMapper.class]
2022-03-10T09:15:20,827 DEBUG [http-nio-8080-exec-67][[]][][][][][] org.mybatis.spring.mapper.ClassPathMapperScanner:441 - Ignored because not a concrete top-level class: URL [jar:file:/C:/Users/User/Documents/Proyectos/miempresa-gateway/empresas/target/miempresa-empresas%23%231.4.3/WEB-INF/lib/bantotal-cliente-1.7.22.jar!/py/com/elcomercio/bantotal/api/dao/mapper/AgenciaRowMapper.class]
2022-03-10T09:15:20,827 DEBUG [http-nio-8080-exec-67][[]][][][][][] org.mybatis.spring.mapper.ClassPathMapperScanner:441 - Ignored because not a concrete top-level class: URL [jar:file:/C:/Users/User/Documents/Proyectos/miempresa-gateway/empresas/target/miempresa-empresas%23%231.4.3/WEB-INF/lib/bantotal-cliente-1.7.22.jar!/py/com/elcomercio/bantotal/api/dao/mapper/DatosUsuarioAgenciaDTOMapper.class]
2022-03-10T09:15:20,828 DEBUG [http-nio-8080-exec-67][[]][][][][][] org.mybatis.spring.mapper.ClassPathMapperScanner:441 - Ignored because not a concrete top-level class: URL [jar:file:/C:/Users/User/Documents/Proyectos/miempresa-gateway/empresas/target/miempresa-empresas%23%231.4.3/WEB-INF/lib/bantotal-cliente-1.7.22.jar!/py/com/elcomercio/bantotal/api/dao/mapper/RazonSocialRowMapper.class]
2022-03-10T09:15:20,828 DEBUG [http-nio-8080-exec-67][[]][][][][][] org.mybatis.spring.mapper.ClassPathMapperScanner:441 - Ignored because not a concrete top-level class: URL [jar:file:/C:/Users/User/Documents/Proyectos/miempresa-gateway/empresas/target/miempresa-empresas%23%231.4.3/WEB-INF/lib/bantotal-cliente-1.7.22.jar!/py/com/elcomercio/bantotal/api/dao/mapper/PaisRowMapper.class]
2022-03-10T09:15:20,829 DEBUG [http-nio-8080-exec-67][[]][][][][][] org.mybatis.spring.mapper.ClassPathMapperScanner:441 - Ignored because not a concrete top-level class: URL [jar:file:/C:/Users/User/Documents/Proyectos/miempresa-gateway/empresas/target/miempresa-empresas%23%231.4.3/WEB-INF/lib/bantotal-cliente-1.7.22.jar!/py/com/elcomercio/bantotal/api/dao/mapper/WuExcepcionItemMapper.class]
2022-03-10T09:15:20,829 DEBUG [http-nio-8080-exec-67][[]][][][][][] org.mybatis.spring.mapper.ClassPathMapperScanner:441 - Ignored because not a concrete top-level class: URL [jar:file:/C:/Users/User/Documents/Proyectos/miempresa-gateway/empresas/target/miempresa-empresas%23%231.4.3/WEB-INF/lib/bantotal-cliente-1.7.22.jar!/py/com/elcomercio/bantotal/api/dao/mapper/DatosFacturadoraMapper.class]
2022-03-10T09:15:20,829 DEBUG [http-nio-8080-exec-67][[]][][][][][] org.mybatis.spring.mapper.ClassPathMapperScanner:441 - Ignored because not a concrete top-level class: URL [jar:file:/C:/Users/User/Documents/Proyectos/miempresa-gateway/empresas/target/miempresa-empresas%23%231.4.3/WEB-INF/lib/bantotal-cliente-1.7.22.jar!/py/com/elcomercio/bantotal/api/dao/mapper/ReglaComisionRowMapper.class]
2022-03-10T09:15:20,830 DEBUG [http-nio-8080-exec-67][[]][][][][][] org.mybatis.spring.mapper.ClassPathMapperScanner:441 - Ignored because not a concrete top-level class: URL [jar:file:/C:/Users/User/Documents/Proyectos/miempresa-gateway/empresas/target/miempresa-empresas%23%231.4.3/WEB-INF/lib/bantotal-cliente-1.7.22.jar!/py/com/elcomercio/bantotal/api/dao/mapper/TarjetaCreditoRowMapper.class]
2022-03-10T09:15:20,870 DEBUG [http-nio-8080-exec-67][[]][][][][][] org.mybatis.spring.mapper.ClassPathMapperScanner:441 - Ignored because not a concrete top-level class: URL [jar:file:/C:/Users/User/Documents/Proyectos/miempresa-gateway/empresas/target/miempresa-empresas%23%231.4.3/WEB-INF/lib/bantotal-cliente-1.7.22.jar!/py/com/elcomercio/bantotal/api/dao/mapper/ValorOperacionesDetMapper.class]
2022-03-10T09:15:20,871 DEBUG [http-nio-8080-exec-67][[]][][][][][] org.mybatis.spring.mapper.ClassPathMapperScanner:441 - Ignored because not a concrete top-level class: URL [jar:file:/C:/Users/User/Documents/Proyectos/miempresa-gateway/empresas/target/miempresa-empresas%23%231.4.3/WEB-INF/lib/bantotal-cliente-1.7.22.jar!/py/com/elcomercio/bantotal/api/dao/mapper/DatosDeudaFacturaMapper.class]
2022-03-10T09:15:20,872 DEBUG [http-nio-8080-exec-67][[]][][][][][] org.mybatis.spring.mapper.ClassPathMapperScanner:441 - Ignored because not a concrete top-level class: URL [jar:file:/C:/Users/User/Documents/Proyectos/miempresa-gateway/empresas/target/miempresa-empresas%23%231.4.3/WEB-INF/lib/bantotal-cliente-1.7.22.jar!/py/com/elcomercio/bantotal/api/dao/mapper/TipoDocumentoRowMapper.class]
2022-03-10T09:15:20,872 DEBUG [http-nio-8080-exec-67][[]][][][][][] org.mybatis.spring.mapper.ClassPathMapperScanner:441 - Ignored because not a concrete top-level class: URL [jar:file:/C:/Users/User/Documents/Proyectos/miempresa-gateway/empresas/target/miempresa-empresas%23%231.4.3/WEB-INF/lib/bantotal-cliente-1.7.22.jar!/py/com/elcomercio/bantotal/api/dao/mapper/DatoPrestamoRowMapper.class]
2022-03-10T09:15:20,873 DEBUG [http-nio-8080-exec-67][[]][][][][][] org.mybatis.spring.mapper.ClassPathMapperScanner:441 - Ignored because not a concrete top-level class: URL [jar:file:/C:/Users/User/Documents/Proyectos/miempresa-gateway/empresas/target/miempresa-empresas%23%231.4.3/WEB-INF/lib/bantotal-cliente-1.7.22.jar!/py/com/elcomercio/bantotal/api/dao/mapper/OperacionEODRowMapper.class]
2022-03-10T09:15:20,873 DEBUG [http-nio-8080-exec-67][[]][][][][][] org.mybatis.spring.mapper.ClassPathMapperScanner:441 - Ignored because not a concrete top-level class: URL [jar:file:/C:/Users/User/Documents/Proyectos/miempresa-gateway/empresas/target/miempresa-empresas%23%231.4.3/WEB-INF/lib/bantotal-cliente-1.7.22.jar!/py/com/elcomercio/bantotal/api/dao/mapper/DatosMontoOperacionMapper.class]
2022-03-10T09:15:20,873 DEBUG [http-nio-8080-exec-67][[]][][][][][] org.mybatis.spring.mapper.ClassPathMapperScanner:441 - Ignored because not a concrete top-level class: URL [jar:file:/C:/Users/User/Documents/Proyectos/miempresa-gateway/empresas/target/miempresa-empresas%23%231.4.3/WEB-INF/lib/bantotal-cliente-1.7.22.jar!/py/com/elcomercio/bantotal/api/dao/mapper/RolUsuarioMapper.class]
2022-03-10T09:15:20,874 DEBUG [http-nio-8080-exec-67][[]][][][][][] org.mybatis.spring.mapper.ClassPathMapperScanner:441 - Ignored because not a concrete top-level class: URL [jar:file:/C:/Users/User/Documents/Proyectos/miempresa-gateway/empresas/target/miempresa-empresas%23%231.4.3/WEB-INF/lib/bantotal-cliente-1.7.22.jar!/py/com/elcomercio/bantotal/api/dao/mapper/CuentaClienteRowMapper.class]
2022-03-10T09:15:20,874 DEBUG [http-nio-8080-exec-67][[]][][][][][] org.mybatis.spring.mapper.ClassPathMapperScanner:441 - Ignored because not a concrete top-level class: URL [jar:file:/C:/Users/User/Documents/Proyectos/miempresa-gateway/empresas/target/miempresa-empresas%23%231.4.3/WEB-INF/lib/bantotal-cliente-1.7.22.jar!/py/com/elcomercio/bantotal/api/dao/mapper/PaisesRowMapper.class]
2022-03-10T09:15:20,874 DEBUG [http-nio-8080-exec-67][[]][][][][][] org.mybatis.spring.mapper.ClassPathMapperScanner:441 - Ignored because not a concrete top-level class: URL [jar:file:/C:/Users/User/Documents/Proyectos/miempresa-gateway/empresas/target/miempresa-empresas%23%231.4.3/WEB-INF/lib/bantotal-cliente-1.7.22.jar!/py/com/elcomercio/bantotal/api/dao/mapper/TicketRowMapper.class]
2022-03-10T09:15:20,875 DEBUG [http-nio-8080-exec-67][[]][][][][][] org.mybatis.spring.mapper.ClassPathMapperScanner:441 - Ignored because not a concrete top-level class: URL [jar:file:/C:/Users/User/Documents/Proyectos/miempresa-gateway/empresas/target/miempresa-empresas%23%231.4.3/WEB-INF/lib/bantotal-cliente-1.7.22.jar!/py/com/elcomercio/bantotal/api/dao/mapper/PSCreditAccountMapper.class]
2022-03-10T09:15:20,875 DEBUG [http-nio-8080-exec-67][[]][][][][][] org.mybatis.spring.mapper.ClassPathMapperScanner:441 - Ignored because not a concrete top-level class: URL [jar:file:/C:/Users/User/Documents/Proyectos/miempresa-gateway/empresas/target/miempresa-empresas%23%231.4.3/WEB-INF/lib/bantotal-cliente-1.7.22.jar!/py/com/elcomercio/bantotal/api/dao/mapper/ClienteSimilarMapper.class]
2022-03-10T09:15:20,876 DEBUG [http-nio-8080-exec-67][[]][][][][][] org.mybatis.spring.mapper.ClassPathMapperScanner:441 - Ignored because not a concrete top-level class: URL [jar:file:/C:/Users/User/Documents/Proyectos/miempresa-gateway/empresas/target/miempresa-empresas%23%231.4.3/WEB-INF/lib/bantotal-cliente-1.7.22.jar!/py/com/elcomercio/bantotal/api/dao/mapper/PrestamoDatosTicketRowMapper.class]
2022-03-10T09:15:20,932 DEBUG [http-nio-8080-exec-67][[]][][][][][] org.mybatis.spring.mapper.ClassPathMapperScanner:441 - Ignored because not a concrete top-level class: URL [jar:file:/C:/Users/User/Documents/Proyectos/miempresa-gateway/empresas/target/miempresa-empresas%23%231.4.3/WEB-INF/lib/bantotal-cliente-1.7.22.jar!/py/com/elcomercio/bantotal/api/dao/mapper/CiudadesRowMapper.class]
2022-03-10T09:15:21,467  INFO [http-nio-8080-exec-67][[]][][][][][] org.springframework.context.support.PostProcessorRegistrationDelegate$BeanPostProcessorChecker:335 - Bean 'org.springframework.retry.annotation.RetryConfiguration' of type [org.springframework.retry.annotation.RetryConfiguration$$EnhancerBySpringCGLIB$$e1daf547] is not eligible for getting processed by all BeanPostProcessors (for example: not eligible for auto-proxying)
2022-03-10T09:15:21,592  INFO [http-nio-8080-exec-67][[]][][][][][] org.springframework.context.support.PostProcessorRegistrationDelegate$BeanPostProcessorChecker:335 - Bean 'cacheManagerConfiguration' of type [com.roshka.michi.cache.CacheManagerConfiguration$$EnhancerBySpringCGLIB$$f282e187] is not eligible for getting processed by all BeanPostProcessors (for example: not eligible for auto-proxying)
2022-03-10T09:15:21,944  INFO [http-nio-8080-exec-67][[]][][][][][] org.springframework.context.support.PostProcessorRegistrationDelegate$BeanPostProcessorChecker:335 - Bean 'serverConfig' of type [com.roshka.michi.configuration.server.ServerConfig$$EnhancerBySpringCGLIB$$6265260] is not eligible for getting processed by all BeanPostProcessors (for example: not eligible for auto-proxying)
2022-03-10T09:15:21,953  INFO [http-nio-8080-exec-67][[]][][][][][] org.springframework.context.support.PostProcessorRegistrationDelegate$BeanPostProcessorChecker:335 - Bean 'serverStaticConfig' of type [com.roshka.michi.configuration.server.ServerStaticConfig$$EnhancerBySpringCGLIB$$1f5610ee] is not eligible for getting processed by all BeanPostProcessors (for example: not eligible for auto-proxying)
2022-03-10T09:15:21,959  INFO [http-nio-8080-exec-67][[]][][][][][] com.roshka.michi.configuration.server.ServerStaticConfig:32 - Configuraciones estaticas code: miempresa-empresas version: 1.4.3 descripcion: MiEmpresa Empresas API
2022-03-10T09:15:21,960  INFO [http-nio-8080-exec-67][[]][][][][][] org.springframework.context.support.PostProcessorRegistrationDelegate$BeanPostProcessorChecker:335 - Bean 'serverStaticInfo' of type [com.roshka.michi.bean.ServerStaticInfo] is not eligible for getting processed by all BeanPostProcessors (for example: not eligible for auto-proxying)
2022-03-10T09:15:21,964  INFO [http-nio-8080-exec-67][[]][][][][][] com.roshka.michi.configuration.server.ServerConfig:41 - Obteniendo información del Enviroment
2022-03-10T09:15:21,967  INFO [http-nio-8080-exec-67][[]][][][][][] com.roshka.michi.configuration.server.ServerConfig:52 - Env miempresa-empresas_apikey : 58d4c35d5e45ca58e737@b298d7ae-93ca-4c4f-8b82-b595d5c54358@3d602485a91c9f1ec2b2
2022-03-10T09:15:21,968  INFO [http-nio-8080-exec-67][[]][][][][][] com.roshka.michi.configuration.server.ServerConfig:52 - Env miempresa-empresas_deploypath : miempresa-empresas
2022-03-10T09:15:21,969  INFO [http-nio-8080-exec-67][[]][][][][][] org.springframework.context.support.PostProcessorRegistrationDelegate$BeanPostProcessorChecker:335 - Bean 'serverInfo' of type [com.roshka.michi.bean.ServerInfo] is not eligible for getting processed by all BeanPostProcessors (for example: not eligible for auto-proxying)
2022-03-10T09:15:21,973  INFO [http-nio-8080-exec-67][[]][][][][][] org.springframework.context.support.PostProcessorRegistrationDelegate$BeanPostProcessorChecker:335 - Bean 'springMetricsConfigurerAdapter' of type [com.roshka.michi.configuration.SpringMetricsConfigurerAdapter$$EnhancerBySpringCGLIB$$1230f2b] is not eligible for getting processed by all BeanPostProcessors (for example: not eligible for auto-proxying)
2022-03-10T09:15:21,979  INFO [http-nio-8080-exec-67][[]][][][][][] org.springframework.context.support.PostProcessorRegistrationDelegate$BeanPostProcessorChecker:335 - Bean 'com.ryantenney.metrics.spring.config.annotation.DelegatingMetricsConfiguration' of type [com.ryantenney.metrics.spring.config.annotation.DelegatingMetricsConfiguration$$EnhancerBySpringCGLIB$$6057c9bd] is not eligible for getting processed by all BeanPostProcessors (for example: not eligible for auto-proxying)
2022-03-10T09:15:22,000  INFO [http-nio-8080-exec-67][[]][][][][][] org.springframework.context.support.PostProcessorRegistrationDelegate$BeanPostProcessorChecker:335 - Bean 'getMetricRegistry' of type [com.codahale.metrics.MetricRegistry] is not eligible for getting processed by all BeanPostProcessors (for example: not eligible for auto-proxying)
2022-03-10T09:15:22,068  INFO [http-nio-8080-exec-67][[]][][][][][] org.springframework.context.support.PostProcessorRegistrationDelegate$BeanPostProcessorChecker:335 - Bean 'getHealthCheckRegistry' of type [com.codahale.metrics.health.HealthCheckRegistry] is not eligible for getting processed by all BeanPostProcessors (for example: not eligible for auto-proxying)
2022-03-10T09:15:25,442 DEBUG [http-nio-8080-exec-67][[]][][][][][] py.com.fielco.bantotal.config.Configuracion:49 - Creando bantotal cliente url: http://192.168.30.44:9613/findemes/servlet/com.dlya.bantotal.ax9996c1?wsdl
2022-03-10T09:15:25,507  INFO [http-nio-8080-exec-67][[]][][][][][] org.springframework.ws.soap.saaj.SaajSoapMessageFactory:137 - Creating SAAJ 1.3 MessageFactory with SOAP 1.1 Protocol
2022-03-10T09:15:25,515 DEBUG [http-nio-8080-exec-67][[]][][][][][] py.com.fielco.bantotal.config.Configuracion:70 - Creando bean de atenticación snbt usuario: testcnb@elcomercio.local pass: ****
2022-03-10T09:15:25,854 DEBUG [http-nio-8080-exec-67][[]][][][][][] py.com.fielco.bantotal.config.Configuracion:76 - Creando bean WebServiceTemplate
2022-03-10T09:15:28,483  INFO [http-nio-8080-exec-67][[]][][][][][] com.roshka.michi.application.MichiStartup:22 - Application STARTED
2022-03-10T09:15:28,572 DEBUG [http-nio-8080-exec-67][[]][][][][][] com.roshka.michi.service.RegisterService:48 - Registrando en el discovery: http://192.168.30.64:8080/michi-discovery/. El api miempresa-empresas versión 1.4.3 , con id miempresa-empresas del enviroment Santi_Dev y con la URL http://localhost:8080/miempresa-empresas/
2022-03-10T09:15:28,594 DEBUG [http-nio-8080-exec-67][[]][][][][][] com.roshka.michi.communication.HttpCommunication:40 - URL: POSTP | http://192.168.30.64:8080/michi-discovery/register 
2022-03-10T09:15:30,440 DEBUG [http-nio-8080-exec-67][[]][][][][][] com.roshka.michi.communication.HttpCommunication:446 - RESP STATUS : HTTP/1.1 401 No Autorizado
2022-03-10T09:15:30,444 DEBUG [http-nio-8080-exec-67][[]][][][][][] com.roshka.michi.communication.HttpCommunication:451 - RESPONSE    : {"code":"reg1001","message":"Se esta intentando registrar url:http://localhost:8080/miempresa-empresas/ id:miempresa-empresas pero ya existe code:miempresa-empresas version:1.4.3","type":"SECURITY","useApiMessage":false}
2022-03-10T09:15:30,608 ERROR [http-nio-8080-exec-67][[]][][][][][] com.roshka.michi.service.RegisterService:62 - Se ignora error
com.roshka.michi.exception.APIClientException: null
	at com.roshka.michi.communication.HttpCommunication.doPost(HttpCommunication.java:460) ~[michi-common-client-2.8.2.jar:?]
	at com.roshka.michi.communication.HttpCommunication.doPost(HttpCommunication.java:128) ~[michi-common-client-2.8.2.jar:?]
	at com.roshka.michi.communication.HttpCommunication.perform(HttpCommunication.java:45) ~[michi-common-client-2.8.2.jar:?]
	at com.roshka.michi.discovery.client.DiscoveryAPIClient.register(DiscoveryAPIClient.java:58) ~[michi-discovery-client-2.8.2.jar:?]
	at com.roshka.michi.service.RegisterService.register(RegisterService.java:53) [common-2.8.2.jar:?]
	at com.roshka.michi.service.RegisterService$$FastClassBySpringCGLIB$$34aa55da.invoke(<generated>) [common-2.8.2.jar:?]
	at org.springframework.cglib.proxy.MethodProxy.invoke(MethodProxy.java:218) [spring-core-5.2.18.RELEASE.jar:5.2.18.RELEASE]
	at org.springframework.aop.framework.CglibAopProxy$CglibMethodInvocation.invokeJoinpoint(CglibAopProxy.java:783) [spring-aop-5.2.18.RELEASE.jar:5.2.18.RELEASE]
	at org.springframework.aop.framework.ReflectiveMethodInvocation.proceed(ReflectiveMethodInvocation.java:163) [spring-aop-5.2.18.RELEASE.jar:5.2.18.RELEASE]
	at org.springframework.aop.framework.CglibAopProxy$CglibMethodInvocation.proceed(CglibAopProxy.java:753) [spring-aop-5.2.18.RELEASE.jar:5.2.18.RELEASE]
	at org.springframework.retry.interceptor.RetryOperationsInterceptor$1.doWithRetry(RetryOperationsInterceptor.java:91) [spring-retry-1.2.2.RELEASE.jar:?]
	at org.springframework.retry.support.RetryTemplate.doExecute(RetryTemplate.java:287) [spring-retry-1.2.2.RELEASE.jar:?]
	at org.springframework.retry.support.RetryTemplate.execute(RetryTemplate.java:164) [spring-retry-1.2.2.RELEASE.jar:?]
	at org.springframework.retry.interceptor.RetryOperationsInterceptor.invoke(RetryOperationsInterceptor.java:118) [spring-retry-1.2.2.RELEASE.jar:?]
	at org.springframework.retry.annotation.AnnotationAwareRetryOperationsInterceptor.invoke(AnnotationAwareRetryOperationsInterceptor.java:153) [spring-retry-1.2.2.RELEASE.jar:?]
	at org.springframework.aop.framework.ReflectiveMethodInvocation.proceed(ReflectiveMethodInvocation.java:186) [spring-aop-5.2.18.RELEASE.jar:5.2.18.RELEASE]
	at org.springframework.aop.framework.CglibAopProxy$CglibMethodInvocation.proceed(CglibAopProxy.java:753) [spring-aop-5.2.18.RELEASE.jar:5.2.18.RELEASE]
	at org.springframework.aop.framework.CglibAopProxy$DynamicAdvisedInterceptor.intercept(CglibAopProxy.java:698) [spring-aop-5.2.18.RELEASE.jar:5.2.18.RELEASE]
	at com.roshka.michi.service.RegisterService$$EnhancerBySpringCGLIB$$635d62bd.register(<generated>) [common-2.8.2.jar:?]
	at com.roshka.michi.application.MichiStartup.register(MichiStartup.java:33) [common-2.8.2.jar:?]
	at com.roshka.michi.application.MichiStartup.onApplicationEvent(MichiStartup.java:24) [common-2.8.2.jar:?]
	at com.roshka.michi.application.MichiStartup.onApplicationEvent(MichiStartup.java:14) [common-2.8.2.jar:?]
	at sun.reflect.NativeMethodAccessorImpl.invoke0(Native Method) ~[?:1.8.0_221]
	at sun.reflect.NativeMethodAccessorImpl.invoke(NativeMethodAccessorImpl.java:62) ~[?:1.8.0_221]
	at sun.reflect.DelegatingMethodAccessorImpl.invoke(DelegatingMethodAccessorImpl.java:43) ~[?:1.8.0_221]
	at java.lang.reflect.Method.invoke(Method.java:498) ~[?:1.8.0_221]
	at org.springframework.aop.support.AopUtils.invokeJoinpointUsingReflection(AopUtils.java:344) [spring-aop-5.2.18.RELEASE.jar:5.2.18.RELEASE]
	at org.springframework.aop.framework.JdkDynamicAopProxy.invoke(JdkDynamicAopProxy.java:205) [spring-aop-5.2.18.RELEASE.jar:5.2.18.RELEASE]
	at com.sun.proxy.$Proxy1299.onApplicationEvent(Unknown Source) [?:?]
	at org.springframework.context.event.SimpleApplicationEventMulticaster.doInvokeListener(SimpleApplicationEventMulticaster.java:172) [spring-context-5.2.18.RELEASE.jar:5.2.18.RELEASE]
	at org.springframework.context.event.SimpleApplicationEventMulticaster.invokeListener(SimpleApplicationEventMulticaster.java:165) [spring-context-5.2.18.RELEASE.jar:5.2.18.RELEASE]
	at org.springframework.context.event.SimpleApplicationEventMulticaster.multicastEvent(SimpleApplicationEventMulticaster.java:139) [spring-context-5.2.18.RELEASE.jar:5.2.18.RELEASE]
	at org.springframework.context.support.AbstractApplicationContext.publishEvent(AbstractApplicationContext.java:404) [spring-context-5.2.18.RELEASE.jar:5.2.18.RELEASE]
	at org.springframework.context.support.AbstractApplicationContext.publishEvent(AbstractApplicationContext.java:361) [spring-context-5.2.18.RELEASE.jar:5.2.18.RELEASE]
	at org.springframework.context.support.AbstractApplicationContext.finishRefresh(AbstractApplicationContext.java:898) [spring-context-5.2.18.RELEASE.jar:5.2.18.RELEASE]
	at org.springframework.context.support.AbstractApplicationContext.refresh(AbstractApplicationContext.java:554) [spring-context-5.2.18.RELEASE.jar:5.2.18.RELEASE]
	at org.springframework.web.servlet.FrameworkServlet.configureAndRefreshWebApplicationContext(FrameworkServlet.java:702) [spring-webmvc-5.2.18.RELEASE.jar:5.2.18.RELEASE]
	at org.springframework.web.servlet.FrameworkServlet.createWebApplicationContext(FrameworkServlet.java:668) [spring-webmvc-5.2.18.RELEASE.jar:5.2.18.RELEASE]
	at org.springframework.web.servlet.FrameworkServlet.createWebApplicationContext(FrameworkServlet.java:716) [spring-webmvc-5.2.18.RELEASE.jar:5.2.18.RELEASE]
	at org.springframework.web.servlet.FrameworkServlet.initWebApplicationContext(FrameworkServlet.java:591) [spring-webmvc-5.2.18.RELEASE.jar:5.2.18.RELEASE]
	at org.springframework.web.servlet.FrameworkServlet.initServletBean(FrameworkServlet.java:530) [spring-webmvc-5.2.18.RELEASE.jar:5.2.18.RELEASE]
	at org.springframework.web.servlet.HttpServletBean.init(HttpServletBean.java:170) [spring-webmvc-5.2.18.RELEASE.jar:5.2.18.RELEASE]
	at javax.servlet.GenericServlet.init(GenericServlet.java:158) [servlet-api.jar:3.1.FR]
	at org.apache.catalina.core.StandardWrapper.initServlet(StandardWrapper.java:1183) [catalina.jar:8.5.6]
	at org.apache.catalina.core.StandardWrapper.loadServlet(StandardWrapper.java:1099) [catalina.jar:8.5.6]
	at org.apache.catalina.core.StandardWrapper.load(StandardWrapper.java:989) [catalina.jar:8.5.6]
	at org.apache.catalina.core.StandardContext.loadOnStartup(StandardContext.java:4913) [catalina.jar:8.5.6]
	at org.apache.catalina.core.StandardContext.startInternal(StandardContext.java:5223) [catalina.jar:8.5.6]
	at org.apache.catalina.util.LifecycleBase.start(LifecycleBase.java:150) [catalina.jar:8.5.6]
	at org.apache.catalina.core.StandardContext.reload(StandardContext.java:3782) [catalina.jar:8.5.6]
	at org.apache.catalina.manager.ManagerServlet.reload(ManagerServlet.java:1006) [catalina.jar:8.5.6]
	at org.apache.catalina.manager.ManagerServlet.doGet(ManagerServlet.java:346) [catalina.jar:8.5.6]
	at javax.servlet.http.HttpServlet.service(HttpServlet.java:622) [servlet-api.jar:?]
	at javax.servlet.http.HttpServlet.service(HttpServlet.java:729) [servlet-api.jar:?]
	at org.apache.catalina.core.ApplicationFilterChain.internalDoFilter(ApplicationFilterChain.java:230) [catalina.jar:8.5.6]
	at org.apache.catalina.core.ApplicationFilterChain.doFilter(ApplicationFilterChain.java:165) [catalina.jar:8.5.6]
	at org.apache.tomcat.websocket.server.WsFilter.doFilter(WsFilter.java:52) [tomcat-websocket.jar:8.5.6]
	at org.apache.catalina.core.ApplicationFilterChain.internalDoFilter(ApplicationFilterChain.java:192) [catalina.jar:8.5.6]
	at org.apache.catalina.core.ApplicationFilterChain.doFilter(ApplicationFilterChain.java:165) [catalina.jar:8.5.6]
	at org.apache.catalina.filters.SetCharacterEncodingFilter.doFilter(SetCharacterEncodingFilter.java:108) [catalina.jar:8.5.6]
	at org.apache.catalina.core.ApplicationFilterChain.internalDoFilter(ApplicationFilterChain.java:192) [catalina.jar:8.5.6]
	at org.apache.catalina.core.ApplicationFilterChain.doFilter(ApplicationFilterChain.java:165) [catalina.jar:8.5.6]
	at org.apache.catalina.core.StandardWrapperValve.invoke(StandardWrapperValve.java:198) [catalina.jar:8.5.6]
	at org.apache.catalina.core.StandardContextValve.invoke(StandardContextValve.java:108) [catalina.jar:8.5.6]
	at org.apache.catalina.authenticator.AuthenticatorBase.invoke(AuthenticatorBase.java:589) [catalina.jar:8.5.6]
	at org.apache.catalina.valves.RequestFilterValve.process(RequestFilterValve.java:319) [catalina.jar:8.5.6]
	at org.apache.catalina.valves.RemoteAddrValve.invoke(RemoteAddrValve.java:88) [catalina.jar:8.5.6]
	at org.apache.catalina.core.StandardHostValve.invoke(StandardHostValve.java:140) [catalina.jar:8.5.6]
	at org.apache.catalina.valves.ErrorReportValve.invoke(ErrorReportValve.java:79) [catalina.jar:8.5.6]
	at org.apache.catalina.valves.AbstractAccessLogValve.invoke(AbstractAccessLogValve.java:620) [catalina.jar:8.5.6]
	at org.apache.catalina.core.StandardEngineValve.invoke(StandardEngineValve.java:87) [catalina.jar:8.5.6]
	at org.apache.catalina.connector.CoyoteAdapter.service(CoyoteAdapter.java:349) [catalina.jar:8.5.6]
	at org.apache.coyote.http11.Http11Processor.service(Http11Processor.java:784) [tomcat-coyote.jar:8.5.6]
	at org.apache.coyote.AbstractProcessorLight.process(AbstractProcessorLight.java:66) [tomcat-coyote.jar:8.5.6]
	at org.apache.coyote.AbstractProtocol$ConnectionHandler.process(AbstractProtocol.java:802) [tomcat-coyote.jar:8.5.6]
	at org.apache.tomcat.util.net.NioEndpoint$SocketProcessor.doRun(NioEndpoint.java:1410) [tomcat-coyote.jar:8.5.6]
	at org.apache.tomcat.util.net.SocketProcessorBase.run(SocketProcessorBase.java:49) [tomcat-coyote.jar:8.5.6]
	at java.util.concurrent.ThreadPoolExecutor.runWorker(ThreadPoolExecutor.java:1149) [?:1.8.0_221]
	at java.util.concurrent.ThreadPoolExecutor$Worker.run(ThreadPoolExecutor.java:624) [?:1.8.0_221]
	at org.apache.tomcat.util.threads.TaskThread$WrappingRunnable.run(TaskThread.java:61) [tomcat-util.jar:8.5.6]
	at java.lang.Thread.run(Thread.java:748) [?:1.8.0_221]
2022-03-10T09:15:30,731  INFO [http-nio-8080-exec-67][[]][][][][][] com.roshka.michi.application.MichiStartup:34 - Registrado correctamente
2022-03-10T09:15:31,409  INFO [http-nio-8080-exec-67][[]][][][][][] org.springframework.web.servlet.DispatcherServlet:547 - Completed initialization in 12222 ms
2022-03-10T09:57:41,548  INFO [http-nio-8080-exec-73][[]][][][][][] com.roshka.michi.application.MichiShutdown:21 - Application SHUTDOWN
2022-03-10T09:57:41,551 DEBUG [http-nio-8080-exec-73][[]][][][][][] com.roshka.michi.service.RegisterService:106 - Deregistrando la aplicación...
2022-03-10T09:57:41,553 DEBUG [http-nio-8080-exec-73][[]][][][][][] com.roshka.michi.communication.HttpCommunication:40 - URL: POSTP | http://192.168.30.64:8080/michi-discovery/unregister 
2022-03-10T09:57:42,912 DEBUG [http-nio-8080-exec-73][[]][][][][][] com.roshka.michi.communication.HttpCommunication:446 - RESP STATUS : HTTP/1.1 500 Error Interno del Servidor
2022-03-10T09:57:42,913 DEBUG [http-nio-8080-exec-73][[]][][][][][] com.roshka.michi.communication.HttpCommunication:451 - RESPONSE    : {"code":"g1005","message":"Unexpected DATABASE error","type":"DATABASE","useApiMessage":false}
2022-03-10T09:57:42,916  WARN [http-nio-8080-exec-73][[]][][][][][] com.roshka.michi.service.RegisterService:113 - No se pudo deregistrar la aplicación!
com.roshka.michi.exception.APIClientException: null
	at com.roshka.michi.communication.HttpCommunication.doPost(HttpCommunication.java:460) ~[michi-common-client-2.8.2.jar:?]
	at com.roshka.michi.communication.HttpCommunication.doPost(HttpCommunication.java:128) ~[michi-common-client-2.8.2.jar:?]
	at com.roshka.michi.communication.HttpCommunication.perform(HttpCommunication.java:45) ~[michi-common-client-2.8.2.jar:?]
	at com.roshka.michi.discovery.client.DiscoveryAPIClient.unregister(DiscoveryAPIClient.java:91) ~[michi-discovery-client-2.8.2.jar:?]
	at com.roshka.michi.service.RegisterService.unregister(RegisterService.java:109) [common-2.8.2.jar:?]
	at com.roshka.michi.service.RegisterService$$FastClassBySpringCGLIB$$34aa55da.invoke(<generated>) [common-2.8.2.jar:?]
	at org.springframework.cglib.proxy.MethodProxy.invoke(MethodProxy.java:218) [spring-core-5.2.18.RELEASE.jar:5.2.18.RELEASE]
	at org.springframework.aop.framework.CglibAopProxy$CglibMethodInvocation.invokeJoinpoint(CglibAopProxy.java:783) [spring-aop-5.2.18.RELEASE.jar:5.2.18.RELEASE]
	at org.springframework.aop.framework.ReflectiveMethodInvocation.proceed(ReflectiveMethodInvocation.java:163) [spring-aop-5.2.18.RELEASE.jar:5.2.18.RELEASE]
	at org.springframework.aop.framework.CglibAopProxy$CglibMethodInvocation.proceed(CglibAopProxy.java:753) [spring-aop-5.2.18.RELEASE.jar:5.2.18.RELEASE]
	at org.springframework.retry.annotation.AnnotationAwareRetryOperationsInterceptor.invoke(AnnotationAwareRetryOperationsInterceptor.java:156) [spring-retry-1.2.2.RELEASE.jar:?]
	at org.springframework.aop.framework.ReflectiveMethodInvocation.proceed(ReflectiveMethodInvocation.java:186) [spring-aop-5.2.18.RELEASE.jar:5.2.18.RELEASE]
	at org.springframework.aop.framework.CglibAopProxy$CglibMethodInvocation.proceed(CglibAopProxy.java:753) [spring-aop-5.2.18.RELEASE.jar:5.2.18.RELEASE]
	at org.springframework.aop.framework.CglibAopProxy$DynamicAdvisedInterceptor.intercept(CglibAopProxy.java:698) [spring-aop-5.2.18.RELEASE.jar:5.2.18.RELEASE]
	at com.roshka.michi.service.RegisterService$$EnhancerBySpringCGLIB$$635d62bd.unregister(<generated>) [common-2.8.2.jar:?]
	at com.roshka.michi.application.MichiShutdown.unregister(MichiShutdown.java:28) [common-2.8.2.jar:?]
	at com.roshka.michi.application.MichiShutdown.onApplicationEvent(MichiShutdown.java:22) [common-2.8.2.jar:?]
	at com.roshka.michi.application.MichiShutdown.onApplicationEvent(MichiShutdown.java:11) [common-2.8.2.jar:?]
	at sun.reflect.NativeMethodAccessorImpl.invoke0(Native Method) ~[?:1.8.0_221]
	at sun.reflect.NativeMethodAccessorImpl.invoke(NativeMethodAccessorImpl.java:62) ~[?:1.8.0_221]
	at sun.reflect.DelegatingMethodAccessorImpl.invoke(DelegatingMethodAccessorImpl.java:43) ~[?:1.8.0_221]
	at java.lang.reflect.Method.invoke(Method.java:498) ~[?:1.8.0_221]
	at org.springframework.aop.support.AopUtils.invokeJoinpointUsingReflection(AopUtils.java:344) [spring-aop-5.2.18.RELEASE.jar:5.2.18.RELEASE]
	at org.springframework.aop.framework.JdkDynamicAopProxy.invoke(JdkDynamicAopProxy.java:205) [spring-aop-5.2.18.RELEASE.jar:5.2.18.RELEASE]
	at com.sun.proxy.$Proxy1299.onApplicationEvent(Unknown Source) [?:?]
	at org.springframework.context.event.SimpleApplicationEventMulticaster.doInvokeListener(SimpleApplicationEventMulticaster.java:172) [spring-context-5.2.18.RELEASE.jar:5.2.18.RELEASE]
	at org.springframework.context.event.SimpleApplicationEventMulticaster.invokeListener(SimpleApplicationEventMulticaster.java:165) [spring-context-5.2.18.RELEASE.jar:5.2.18.RELEASE]
	at org.springframework.context.event.SimpleApplicationEventMulticaster.multicastEvent(SimpleApplicationEventMulticaster.java:139) [spring-context-5.2.18.RELEASE.jar:5.2.18.RELEASE]
	at org.springframework.context.support.AbstractApplicationContext.publishEvent(AbstractApplicationContext.java:404) [spring-context-5.2.18.RELEASE.jar:5.2.18.RELEASE]
	at org.springframework.context.support.AbstractApplicationContext.publishEvent(AbstractApplicationContext.java:361) [spring-context-5.2.18.RELEASE.jar:5.2.18.RELEASE]
	at org.springframework.context.support.AbstractApplicationContext.doClose(AbstractApplicationContext.java:1013) [spring-context-5.2.18.RELEASE.jar:5.2.18.RELEASE]
	at org.springframework.context.support.AbstractApplicationContext.close(AbstractApplicationContext.java:979) [spring-context-5.2.18.RELEASE.jar:5.2.18.RELEASE]
	at org.springframework.web.servlet.FrameworkServlet.destroy(FrameworkServlet.java:866) [spring-webmvc-5.2.18.RELEASE.jar:5.2.18.RELEASE]
	at org.apache.catalina.core.StandardWrapper.unload(StandardWrapper.java:1359) [catalina.jar:8.5.6]
	at org.apache.catalina.core.StandardWrapper.stopInternal(StandardWrapper.java:1690) [catalina.jar:8.5.6]
	at org.apache.catalina.util.LifecycleBase.stop(LifecycleBase.java:226) [catalina.jar:8.5.6]
	at org.apache.catalina.core.StandardContext.stopInternal(StandardContext.java:5399) [catalina.jar:8.5.6]
	at org.apache.catalina.util.LifecycleBase.stop(LifecycleBase.java:226) [catalina.jar:8.5.6]
	at org.apache.catalina.core.StandardContext.reload(StandardContext.java:3775) [catalina.jar:8.5.6]
	at org.apache.catalina.manager.ManagerServlet.reload(ManagerServlet.java:1006) [catalina.jar:8.5.6]
	at org.apache.catalina.manager.ManagerServlet.doGet(ManagerServlet.java:346) [catalina.jar:8.5.6]
	at javax.servlet.http.HttpServlet.service(HttpServlet.java:622) [servlet-api.jar:?]
	at javax.servlet.http.HttpServlet.service(HttpServlet.java:729) [servlet-api.jar:?]
	at org.apache.catalina.core.ApplicationFilterChain.internalDoFilter(ApplicationFilterChain.java:230) [catalina.jar:8.5.6]
	at org.apache.catalina.core.ApplicationFilterChain.doFilter(ApplicationFilterChain.java:165) [catalina.jar:8.5.6]
	at org.apache.tomcat.websocket.server.WsFilter.doFilter(WsFilter.java:52) [tomcat-websocket.jar:8.5.6]
	at org.apache.catalina.core.ApplicationFilterChain.internalDoFilter(ApplicationFilterChain.java:192) [catalina.jar:8.5.6]
	at org.apache.catalina.core.ApplicationFilterChain.doFilter(ApplicationFilterChain.java:165) [catalina.jar:8.5.6]
	at org.apache.catalina.filters.SetCharacterEncodingFilter.doFilter(SetCharacterEncodingFilter.java:108) [catalina.jar:8.5.6]
	at org.apache.catalina.core.ApplicationFilterChain.internalDoFilter(ApplicationFilterChain.java:192) [catalina.jar:8.5.6]
	at org.apache.catalina.core.ApplicationFilterChain.doFilter(ApplicationFilterChain.java:165) [catalina.jar:8.5.6]
	at org.apache.catalina.core.StandardWrapperValve.invoke(StandardWrapperValve.java:198) [catalina.jar:8.5.6]
	at org.apache.catalina.core.StandardContextValve.invoke(StandardContextValve.java:108) [catalina.jar:8.5.6]
	at org.apache.catalina.authenticator.AuthenticatorBase.invoke(AuthenticatorBase.java:589) [catalina.jar:8.5.6]
	at org.apache.catalina.valves.RequestFilterValve.process(RequestFilterValve.java:319) [catalina.jar:8.5.6]
	at org.apache.catalina.valves.RemoteAddrValve.invoke(RemoteAddrValve.java:88) [catalina.jar:8.5.6]
	at org.apache.catalina.core.StandardHostValve.invoke(StandardHostValve.java:140) [catalina.jar:8.5.6]
	at org.apache.catalina.valves.ErrorReportValve.invoke(ErrorReportValve.java:79) [catalina.jar:8.5.6]
	at org.apache.catalina.valves.AbstractAccessLogValve.invoke(AbstractAccessLogValve.java:620) [catalina.jar:8.5.6]
	at org.apache.catalina.core.StandardEngineValve.invoke(StandardEngineValve.java:87) [catalina.jar:8.5.6]
	at org.apache.catalina.connector.CoyoteAdapter.service(CoyoteAdapter.java:349) [catalina.jar:8.5.6]
	at org.apache.coyote.http11.Http11Processor.service(Http11Processor.java:784) [tomcat-coyote.jar:8.5.6]
	at org.apache.coyote.AbstractProcessorLight.process(AbstractProcessorLight.java:66) [tomcat-coyote.jar:8.5.6]
	at org.apache.coyote.AbstractProtocol$ConnectionHandler.process(AbstractProtocol.java:802) [tomcat-coyote.jar:8.5.6]
	at org.apache.tomcat.util.net.NioEndpoint$SocketProcessor.doRun(NioEndpoint.java:1410) [tomcat-coyote.jar:8.5.6]
	at org.apache.tomcat.util.net.SocketProcessorBase.run(SocketProcessorBase.java:49) [tomcat-coyote.jar:8.5.6]
	at java.util.concurrent.ThreadPoolExecutor.runWorker(ThreadPoolExecutor.java:1149) [?:1.8.0_221]
	at java.util.concurrent.ThreadPoolExecutor$Worker.run(ThreadPoolExecutor.java:624) [?:1.8.0_221]
	at org.apache.tomcat.util.threads.TaskThread$WrappingRunnable.run(TaskThread.java:61) [tomcat-util.jar:8.5.6]
	at java.lang.Thread.run(Thread.java:748) [?:1.8.0_221]
2022-03-10T09:58:00,204  INFO [http-nio-8080-exec-73][[]][][][][][] org.springframework.web.context.ContextLoader:271 - Root WebApplicationContext: initialization started
2022-03-10T09:58:00,493  INFO [http-nio-8080-exec-73][[]][][][][][] org.springframework.web.context.ContextLoader:307 - Root WebApplicationContext initialized in 278 ms
2022-03-10T09:58:00,615  INFO [http-nio-8080-exec-73][[]][][][][][] org.springframework.web.servlet.DispatcherServlet:525 - Initializing Servlet 'appServlet'
2022-03-10T09:58:01,716 DEBUG [http-nio-8080-exec-73][[]][][][][][] org.mybatis.spring.mapper.ClassPathMapperScanner:441 - Ignored because not a concrete top-level class: URL [jar:file:/C:/Users/User/Documents/Proyectos/miempresa-gateway/empresas/target/miempresa-empresas%23%231.4.3/WEB-INF/lib/bantotal-cliente-1.7.22.jar!/py/com/elcomercio/bantotal/api/dao/mapper/PrestamoCuotaRowMapper.class]
2022-03-10T09:58:01,940 DEBUG [http-nio-8080-exec-73][[]][][][][][] org.mybatis.spring.mapper.ClassPathMapperScanner:441 - Ignored because not a concrete top-level class: URL [jar:file:/C:/Users/User/Documents/Proyectos/miempresa-gateway/empresas/target/miempresa-empresas%23%231.4.3/WEB-INF/lib/bantotal-cliente-1.7.22.jar!/py/com/elcomercio/bantotal/api/dao/mapper/ITGFFuncionarioRowMapper.class]
2022-03-10T09:58:01,941 DEBUG [http-nio-8080-exec-73][[]][][][][][] org.mybatis.spring.mapper.ClassPathMapperScanner:441 - Ignored because not a concrete top-level class: URL [jar:file:/C:/Users/User/Documents/Proyectos/miempresa-gateway/empresas/target/miempresa-empresas%23%231.4.3/WEB-INF/lib/bantotal-cliente-1.7.22.jar!/py/com/elcomercio/bantotal/api/dao/mapper/ApnRowMapper.class]
2022-03-10T09:58:01,941 DEBUG [http-nio-8080-exec-73][[]][][][][][] org.mybatis.spring.mapper.ClassPathMapperScanner:441 - Ignored because not a concrete top-level class: URL [jar:file:/C:/Users/User/Documents/Proyectos/miempresa-gateway/empresas/target/miempresa-empresas%23%231.4.3/WEB-INF/lib/bantotal-cliente-1.7.22.jar!/py/com/elcomercio/bantotal/api/dao/mapper/empresas/ITGFEmpresasMapper.class]
2022-03-10T09:58:01,942 DEBUG [http-nio-8080-exec-73][[]][][][][][] org.mybatis.spring.mapper.ClassPathMapperScanner:441 - Ignored because not a concrete top-level class: URL [jar:file:/C:/Users/User/Documents/Proyectos/miempresa-gateway/empresas/target/miempresa-empresas%23%231.4.3/WEB-INF/lib/bantotal-cliente-1.7.22.jar!/py/com/elcomercio/bantotal/api/dao/mapper/empresas/ITGFCuentaRowMapper.class]
2022-03-10T09:58:01,942 DEBUG [http-nio-8080-exec-73][[]][][][][][] org.mybatis.spring.mapper.ClassPathMapperScanner:441 - Ignored because not a concrete top-level class: URL [jar:file:/C:/Users/User/Documents/Proyectos/miempresa-gateway/empresas/target/miempresa-empresas%23%231.4.3/WEB-INF/lib/bantotal-cliente-1.7.22.jar!/py/com/elcomercio/bantotal/api/dao/mapper/SaldoTarjetaITGFMapper.class]
2022-03-10T09:58:01,943 DEBUG [http-nio-8080-exec-73][[]][][][][][] org.mybatis.spring.mapper.ClassPathMapperScanner:441 - Ignored because not a concrete top-level class: URL [jar:file:/C:/Users/User/Documents/Proyectos/miempresa-gateway/empresas/target/miempresa-empresas%23%231.4.3/WEB-INF/lib/bantotal-cliente-1.7.22.jar!/py/com/elcomercio/bantotal/api/dao/mapper/AgenciaRowMapper.class]
2022-03-10T09:58:01,943 DEBUG [http-nio-8080-exec-73][[]][][][][][] org.mybatis.spring.mapper.ClassPathMapperScanner:441 - Ignored because not a concrete top-level class: URL [jar:file:/C:/Users/User/Documents/Proyectos/miempresa-gateway/empresas/target/miempresa-empresas%23%231.4.3/WEB-INF/lib/bantotal-cliente-1.7.22.jar!/py/com/elcomercio/bantotal/api/dao/mapper/DatosUsuarioAgenciaDTOMapper.class]
2022-03-10T09:58:01,944 DEBUG [http-nio-8080-exec-73][[]][][][][][] org.mybatis.spring.mapper.ClassPathMapperScanner:441 - Ignored because not a concrete top-level class: URL [jar:file:/C:/Users/User/Documents/Proyectos/miempresa-gateway/empresas/target/miempresa-empresas%23%231.4.3/WEB-INF/lib/bantotal-cliente-1.7.22.jar!/py/com/elcomercio/bantotal/api/dao/mapper/RazonSocialRowMapper.class]
2022-03-10T09:58:01,945 DEBUG [http-nio-8080-exec-73][[]][][][][][] org.mybatis.spring.mapper.ClassPathMapperScanner:441 - Ignored because not a concrete top-level class: URL [jar:file:/C:/Users/User/Documents/Proyectos/miempresa-gateway/empresas/target/miempresa-empresas%23%231.4.3/WEB-INF/lib/bantotal-cliente-1.7.22.jar!/py/com/elcomercio/bantotal/api/dao/mapper/PaisRowMapper.class]
2022-03-10T09:58:01,945 DEBUG [http-nio-8080-exec-73][[]][][][][][] org.mybatis.spring.mapper.ClassPathMapperScanner:441 - Ignored because not a concrete top-level class: URL [jar:file:/C:/Users/User/Documents/Proyectos/miempresa-gateway/empresas/target/miempresa-empresas%23%231.4.3/WEB-INF/lib/bantotal-cliente-1.7.22.jar!/py/com/elcomercio/bantotal/api/dao/mapper/WuExcepcionItemMapper.class]
2022-03-10T09:58:01,945 DEBUG [http-nio-8080-exec-73][[]][][][][][] org.mybatis.spring.mapper.ClassPathMapperScanner:441 - Ignored because not a concrete top-level class: URL [jar:file:/C:/Users/User/Documents/Proyectos/miempresa-gateway/empresas/target/miempresa-empresas%23%231.4.3/WEB-INF/lib/bantotal-cliente-1.7.22.jar!/py/com/elcomercio/bantotal/api/dao/mapper/DatosFacturadoraMapper.class]
2022-03-10T09:58:01,946 DEBUG [http-nio-8080-exec-73][[]][][][][][] org.mybatis.spring.mapper.ClassPathMapperScanner:441 - Ignored because not a concrete top-level class: URL [jar:file:/C:/Users/User/Documents/Proyectos/miempresa-gateway/empresas/target/miempresa-empresas%23%231.4.3/WEB-INF/lib/bantotal-cliente-1.7.22.jar!/py/com/elcomercio/bantotal/api/dao/mapper/ReglaComisionRowMapper.class]
2022-03-10T09:58:01,946 DEBUG [http-nio-8080-exec-73][[]][][][][][] org.mybatis.spring.mapper.ClassPathMapperScanner:441 - Ignored because not a concrete top-level class: URL [jar:file:/C:/Users/User/Documents/Proyectos/miempresa-gateway/empresas/target/miempresa-empresas%23%231.4.3/WEB-INF/lib/bantotal-cliente-1.7.22.jar!/py/com/elcomercio/bantotal/api/dao/mapper/TarjetaCreditoRowMapper.class]
2022-03-10T09:58:01,972 DEBUG [http-nio-8080-exec-73][[]][][][][][] org.mybatis.spring.mapper.ClassPathMapperScanner:441 - Ignored because not a concrete top-level class: URL [jar:file:/C:/Users/User/Documents/Proyectos/miempresa-gateway/empresas/target/miempresa-empresas%23%231.4.3/WEB-INF/lib/bantotal-cliente-1.7.22.jar!/py/com/elcomercio/bantotal/api/dao/mapper/ValorOperacionesDetMapper.class]
2022-03-10T09:58:01,973 DEBUG [http-nio-8080-exec-73][[]][][][][][] org.mybatis.spring.mapper.ClassPathMapperScanner:441 - Ignored because not a concrete top-level class: URL [jar:file:/C:/Users/User/Documents/Proyectos/miempresa-gateway/empresas/target/miempresa-empresas%23%231.4.3/WEB-INF/lib/bantotal-cliente-1.7.22.jar!/py/com/elcomercio/bantotal/api/dao/mapper/DatosDeudaFacturaMapper.class]
2022-03-10T09:58:01,973 DEBUG [http-nio-8080-exec-73][[]][][][][][] org.mybatis.spring.mapper.ClassPathMapperScanner:441 - Ignored because not a concrete top-level class: URL [jar:file:/C:/Users/User/Documents/Proyectos/miempresa-gateway/empresas/target/miempresa-empresas%23%231.4.3/WEB-INF/lib/bantotal-cliente-1.7.22.jar!/py/com/elcomercio/bantotal/api/dao/mapper/TipoDocumentoRowMapper.class]
2022-03-10T09:58:01,973 DEBUG [http-nio-8080-exec-73][[]][][][][][] org.mybatis.spring.mapper.ClassPathMapperScanner:441 - Ignored because not a concrete top-level class: URL [jar:file:/C:/Users/User/Documents/Proyectos/miempresa-gateway/empresas/target/miempresa-empresas%23%231.4.3/WEB-INF/lib/bantotal-cliente-1.7.22.jar!/py/com/elcomercio/bantotal/api/dao/mapper/DatoPrestamoRowMapper.class]
2022-03-10T09:58:01,974 DEBUG [http-nio-8080-exec-73][[]][][][][][] org.mybatis.spring.mapper.ClassPathMapperScanner:441 - Ignored because not a concrete top-level class: URL [jar:file:/C:/Users/User/Documents/Proyectos/miempresa-gateway/empresas/target/miempresa-empresas%23%231.4.3/WEB-INF/lib/bantotal-cliente-1.7.22.jar!/py/com/elcomercio/bantotal/api/dao/mapper/OperacionEODRowMapper.class]
2022-03-10T09:58:01,974 DEBUG [http-nio-8080-exec-73][[]][][][][][] org.mybatis.spring.mapper.ClassPathMapperScanner:441 - Ignored because not a concrete top-level class: URL [jar:file:/C:/Users/User/Documents/Proyectos/miempresa-gateway/empresas/target/miempresa-empresas%23%231.4.3/WEB-INF/lib/bantotal-cliente-1.7.22.jar!/py/com/elcomercio/bantotal/api/dao/mapper/DatosMontoOperacionMapper.class]
2022-03-10T09:58:01,974 DEBUG [http-nio-8080-exec-73][[]][][][][][] org.mybatis.spring.mapper.ClassPathMapperScanner:441 - Ignored because not a concrete top-level class: URL [jar:file:/C:/Users/User/Documents/Proyectos/miempresa-gateway/empresas/target/miempresa-empresas%23%231.4.3/WEB-INF/lib/bantotal-cliente-1.7.22.jar!/py/com/elcomercio/bantotal/api/dao/mapper/RolUsuarioMapper.class]
2022-03-10T09:58:01,974 DEBUG [http-nio-8080-exec-73][[]][][][][][] org.mybatis.spring.mapper.ClassPathMapperScanner:441 - Ignored because not a concrete top-level class: URL [jar:file:/C:/Users/User/Documents/Proyectos/miempresa-gateway/empresas/target/miempresa-empresas%23%231.4.3/WEB-INF/lib/bantotal-cliente-1.7.22.jar!/py/com/elcomercio/bantotal/api/dao/mapper/CuentaClienteRowMapper.class]
2022-03-10T09:58:01,975 DEBUG [http-nio-8080-exec-73][[]][][][][][] org.mybatis.spring.mapper.ClassPathMapperScanner:441 - Ignored because not a concrete top-level class: URL [jar:file:/C:/Users/User/Documents/Proyectos/miempresa-gateway/empresas/target/miempresa-empresas%23%231.4.3/WEB-INF/lib/bantotal-cliente-1.7.22.jar!/py/com/elcomercio/bantotal/api/dao/mapper/PaisesRowMapper.class]
2022-03-10T09:58:01,975 DEBUG [http-nio-8080-exec-73][[]][][][][][] org.mybatis.spring.mapper.ClassPathMapperScanner:441 - Ignored because not a concrete top-level class: URL [jar:file:/C:/Users/User/Documents/Proyectos/miempresa-gateway/empresas/target/miempresa-empresas%23%231.4.3/WEB-INF/lib/bantotal-cliente-1.7.22.jar!/py/com/elcomercio/bantotal/api/dao/mapper/TicketRowMapper.class]
2022-03-10T09:58:01,975 DEBUG [http-nio-8080-exec-73][[]][][][][][] org.mybatis.spring.mapper.ClassPathMapperScanner:441 - Ignored because not a concrete top-level class: URL [jar:file:/C:/Users/User/Documents/Proyectos/miempresa-gateway/empresas/target/miempresa-empresas%23%231.4.3/WEB-INF/lib/bantotal-cliente-1.7.22.jar!/py/com/elcomercio/bantotal/api/dao/mapper/PSCreditAccountMapper.class]
2022-03-10T09:58:01,976 DEBUG [http-nio-8080-exec-73][[]][][][][][] org.mybatis.spring.mapper.ClassPathMapperScanner:441 - Ignored because not a concrete top-level class: URL [jar:file:/C:/Users/User/Documents/Proyectos/miempresa-gateway/empresas/target/miempresa-empresas%23%231.4.3/WEB-INF/lib/bantotal-cliente-1.7.22.jar!/py/com/elcomercio/bantotal/api/dao/mapper/ClienteSimilarMapper.class]
2022-03-10T09:58:01,976 DEBUG [http-nio-8080-exec-73][[]][][][][][] org.mybatis.spring.mapper.ClassPathMapperScanner:441 - Ignored because not a concrete top-level class: URL [jar:file:/C:/Users/User/Documents/Proyectos/miempresa-gateway/empresas/target/miempresa-empresas%23%231.4.3/WEB-INF/lib/bantotal-cliente-1.7.22.jar!/py/com/elcomercio/bantotal/api/dao/mapper/PrestamoDatosTicketRowMapper.class]
2022-03-10T09:58:02,038 DEBUG [http-nio-8080-exec-73][[]][][][][][] org.mybatis.spring.mapper.ClassPathMapperScanner:441 - Ignored because not a concrete top-level class: URL [jar:file:/C:/Users/User/Documents/Proyectos/miempresa-gateway/empresas/target/miempresa-empresas%23%231.4.3/WEB-INF/lib/bantotal-cliente-1.7.22.jar!/py/com/elcomercio/bantotal/api/dao/mapper/CiudadesRowMapper.class]
2022-03-10T09:58:02,479  INFO [http-nio-8080-exec-73][[]][][][][][] org.springframework.context.support.PostProcessorRegistrationDelegate$BeanPostProcessorChecker:335 - Bean 'org.springframework.retry.annotation.RetryConfiguration' of type [org.springframework.retry.annotation.RetryConfiguration$$EnhancerBySpringCGLIB$$91430402] is not eligible for getting processed by all BeanPostProcessors (for example: not eligible for auto-proxying)
2022-03-10T09:58:02,577  INFO [http-nio-8080-exec-73][[]][][][][][] org.springframework.context.support.PostProcessorRegistrationDelegate$BeanPostProcessorChecker:335 - Bean 'cacheManagerConfiguration' of type [com.roshka.michi.cache.CacheManagerConfiguration$$EnhancerBySpringCGLIB$$a1eaf042] is not eligible for getting processed by all BeanPostProcessors (for example: not eligible for auto-proxying)
2022-03-10T09:58:02,940  INFO [http-nio-8080-exec-73][[]][][][][][] org.springframework.context.support.PostProcessorRegistrationDelegate$BeanPostProcessorChecker:335 - Bean 'serverConfig' of type [com.roshka.michi.configuration.server.ServerConfig$$EnhancerBySpringCGLIB$$b58e611b] is not eligible for getting processed by all BeanPostProcessors (for example: not eligible for auto-proxying)
2022-03-10T09:58:02,948  INFO [http-nio-8080-exec-73][[]][][][][][] org.springframework.context.support.PostProcessorRegistrationDelegate$BeanPostProcessorChecker:335 - Bean 'serverStaticConfig' of type [com.roshka.michi.configuration.server.ServerStaticConfig$$EnhancerBySpringCGLIB$$cebe1fa9] is not eligible for getting processed by all BeanPostProcessors (for example: not eligible for auto-proxying)
2022-03-10T09:58:02,955  INFO [http-nio-8080-exec-73][[]][][][][][] com.roshka.michi.configuration.server.ServerStaticConfig:32 - Configuraciones estaticas code: miempresa-empresas version: 1.4.3 descripcion: MiEmpresa Empresas API
2022-03-10T09:58:02,956  INFO [http-nio-8080-exec-73][[]][][][][][] org.springframework.context.support.PostProcessorRegistrationDelegate$BeanPostProcessorChecker:335 - Bean 'serverStaticInfo' of type [com.roshka.michi.bean.ServerStaticInfo] is not eligible for getting processed by all BeanPostProcessors (for example: not eligible for auto-proxying)
2022-03-10T09:58:02,960  INFO [http-nio-8080-exec-73][[]][][][][][] com.roshka.michi.configuration.server.ServerConfig:41 - Obteniendo información del Enviroment
2022-03-10T09:58:02,962  INFO [http-nio-8080-exec-73][[]][][][][][] com.roshka.michi.configuration.server.ServerConfig:52 - Env miempresa-empresas_apikey : 58d4c35d5e45ca58e737@b298d7ae-93ca-4c4f-8b82-b595d5c54358@3d602485a91c9f1ec2b2
2022-03-10T09:58:02,963  INFO [http-nio-8080-exec-73][[]][][][][][] com.roshka.michi.configuration.server.ServerConfig:52 - Env miempresa-empresas_deploypath : miempresa-empresas
2022-03-10T09:58:02,964  INFO [http-nio-8080-exec-73][[]][][][][][] org.springframework.context.support.PostProcessorRegistrationDelegate$BeanPostProcessorChecker:335 - Bean 'serverInfo' of type [com.roshka.michi.bean.ServerInfo] is not eligible for getting processed by all BeanPostProcessors (for example: not eligible for auto-proxying)
2022-03-10T09:58:02,967  INFO [http-nio-8080-exec-73][[]][][][][][] org.springframework.context.support.PostProcessorRegistrationDelegate$BeanPostProcessorChecker:335 - Bean 'springMetricsConfigurerAdapter' of type [com.roshka.michi.configuration.SpringMetricsConfigurerAdapter$$EnhancerBySpringCGLIB$$b08b1de6] is not eligible for getting processed by all BeanPostProcessors (for example: not eligible for auto-proxying)
2022-03-10T09:58:02,971  INFO [http-nio-8080-exec-73][[]][][][][][] org.springframework.context.support.PostProcessorRegistrationDelegate$BeanPostProcessorChecker:335 - Bean 'com.ryantenney.metrics.spring.config.annotation.DelegatingMetricsConfiguration' of type [com.ryantenney.metrics.spring.config.annotation.DelegatingMetricsConfiguration$$EnhancerBySpringCGLIB$$fbfd878] is not eligible for getting processed by all BeanPostProcessors (for example: not eligible for auto-proxying)
2022-03-10T09:58:02,991  INFO [http-nio-8080-exec-73][[]][][][][][] org.springframework.context.support.PostProcessorRegistrationDelegate$BeanPostProcessorChecker:335 - Bean 'getMetricRegistry' of type [com.codahale.metrics.MetricRegistry] is not eligible for getting processed by all BeanPostProcessors (for example: not eligible for auto-proxying)
2022-03-10T09:58:03,052  INFO [http-nio-8080-exec-73][[]][][][][][] org.springframework.context.support.PostProcessorRegistrationDelegate$BeanPostProcessorChecker:335 - Bean 'getHealthCheckRegistry' of type [com.codahale.metrics.health.HealthCheckRegistry] is not eligible for getting processed by all BeanPostProcessors (for example: not eligible for auto-proxying)
2022-03-10T09:58:04,883 DEBUG [http-nio-8080-exec-73][[]][][][][][] py.com.fielco.bantotal.config.Configuracion:49 - Creando bantotal cliente url: http://192.168.30.44:9613/findemes/servlet/com.dlya.bantotal.ax9996c1?wsdl
2022-03-10T09:58:04,918  INFO [http-nio-8080-exec-73][[]][][][][][] org.springframework.ws.soap.saaj.SaajSoapMessageFactory:137 - Creating SAAJ 1.3 MessageFactory with SOAP 1.1 Protocol
2022-03-10T09:58:04,926 DEBUG [http-nio-8080-exec-73][[]][][][][][] py.com.fielco.bantotal.config.Configuracion:70 - Creando bean de atenticación snbt usuario: testcnb@elcomercio.local pass: ****
2022-03-10T09:58:05,085 DEBUG [http-nio-8080-exec-73][[]][][][][][] py.com.fielco.bantotal.config.Configuracion:76 - Creando bean WebServiceTemplate
2022-03-10T09:58:06,844  INFO [http-nio-8080-exec-73][[]][][][][][] com.roshka.michi.application.MichiStartup:22 - Application STARTED
2022-03-10T09:58:06,895 DEBUG [http-nio-8080-exec-73][[]][][][][][] com.roshka.michi.service.RegisterService:48 - Registrando en el discovery: http://192.168.30.64:8080/michi-discovery/. El api miempresa-empresas versión 1.4.3 , con id miempresa-empresas del enviroment Santi_Dev y con la URL http://localhost:8080/miempresa-empresas/
2022-03-10T09:58:06,906 DEBUG [http-nio-8080-exec-73][[]][][][][][] com.roshka.michi.communication.HttpCommunication:40 - URL: POSTP | http://192.168.30.64:8080/michi-discovery/register 
2022-03-10T09:58:08,918 DEBUG [http-nio-8080-exec-73][[]][][][][][] com.roshka.michi.communication.HttpCommunication:446 - RESP STATUS : HTTP/1.1 401 No Autorizado
2022-03-10T09:58:08,925 DEBUG [http-nio-8080-exec-73][[]][][][][][] com.roshka.michi.communication.HttpCommunication:451 - RESPONSE    : {"code":"reg1001","message":"Se esta intentando registrar url:http://localhost:8080/miempresa-empresas/ id:miempresa-empresas pero ya existe code:miempresa-empresas version:1.4.3","type":"SECURITY","useApiMessage":false}
2022-03-10T09:58:09,078 ERROR [http-nio-8080-exec-73][[]][][][][][] com.roshka.michi.service.RegisterService:62 - Se ignora error
com.roshka.michi.exception.APIClientException: null
	at com.roshka.michi.communication.HttpCommunication.doPost(HttpCommunication.java:460) ~[michi-common-client-2.8.2.jar:?]
	at com.roshka.michi.communication.HttpCommunication.doPost(HttpCommunication.java:128) ~[michi-common-client-2.8.2.jar:?]
	at com.roshka.michi.communication.HttpCommunication.perform(HttpCommunication.java:45) ~[michi-common-client-2.8.2.jar:?]
	at com.roshka.michi.discovery.client.DiscoveryAPIClient.register(DiscoveryAPIClient.java:58) ~[michi-discovery-client-2.8.2.jar:?]
	at com.roshka.michi.service.RegisterService.register(RegisterService.java:53) [common-2.8.2.jar:?]
	at com.roshka.michi.service.RegisterService$$FastClassBySpringCGLIB$$34aa55da.invoke(<generated>) [common-2.8.2.jar:?]
	at org.springframework.cglib.proxy.MethodProxy.invoke(MethodProxy.java:218) [spring-core-5.2.18.RELEASE.jar:5.2.18.RELEASE]
	at org.springframework.aop.framework.CglibAopProxy$CglibMethodInvocation.invokeJoinpoint(CglibAopProxy.java:783) [spring-aop-5.2.18.RELEASE.jar:5.2.18.RELEASE]
	at org.springframework.aop.framework.ReflectiveMethodInvocation.proceed(ReflectiveMethodInvocation.java:163) [spring-aop-5.2.18.RELEASE.jar:5.2.18.RELEASE]
	at org.springframework.aop.framework.CglibAopProxy$CglibMethodInvocation.proceed(CglibAopProxy.java:753) [spring-aop-5.2.18.RELEASE.jar:5.2.18.RELEASE]
	at org.springframework.retry.interceptor.RetryOperationsInterceptor$1.doWithRetry(RetryOperationsInterceptor.java:91) [spring-retry-1.2.2.RELEASE.jar:?]
	at org.springframework.retry.support.RetryTemplate.doExecute(RetryTemplate.java:287) [spring-retry-1.2.2.RELEASE.jar:?]
	at org.springframework.retry.support.RetryTemplate.execute(RetryTemplate.java:164) [spring-retry-1.2.2.RELEASE.jar:?]
	at org.springframework.retry.interceptor.RetryOperationsInterceptor.invoke(RetryOperationsInterceptor.java:118) [spring-retry-1.2.2.RELEASE.jar:?]
	at org.springframework.retry.annotation.AnnotationAwareRetryOperationsInterceptor.invoke(AnnotationAwareRetryOperationsInterceptor.java:153) [spring-retry-1.2.2.RELEASE.jar:?]
	at org.springframework.aop.framework.ReflectiveMethodInvocation.proceed(ReflectiveMethodInvocation.java:186) [spring-aop-5.2.18.RELEASE.jar:5.2.18.RELEASE]
	at org.springframework.aop.framework.CglibAopProxy$CglibMethodInvocation.proceed(CglibAopProxy.java:753) [spring-aop-5.2.18.RELEASE.jar:5.2.18.RELEASE]
	at org.springframework.aop.framework.CglibAopProxy$DynamicAdvisedInterceptor.intercept(CglibAopProxy.java:698) [spring-aop-5.2.18.RELEASE.jar:5.2.18.RELEASE]
	at com.roshka.michi.service.RegisterService$$EnhancerBySpringCGLIB$$20900728.register(<generated>) [common-2.8.2.jar:?]
	at com.roshka.michi.application.MichiStartup.register(MichiStartup.java:33) [common-2.8.2.jar:?]
	at com.roshka.michi.application.MichiStartup.onApplicationEvent(MichiStartup.java:24) [common-2.8.2.jar:?]
	at com.roshka.michi.application.MichiStartup.onApplicationEvent(MichiStartup.java:14) [common-2.8.2.jar:?]
	at sun.reflect.NativeMethodAccessorImpl.invoke0(Native Method) ~[?:1.8.0_221]
	at sun.reflect.NativeMethodAccessorImpl.invoke(NativeMethodAccessorImpl.java:62) ~[?:1.8.0_221]
	at sun.reflect.DelegatingMethodAccessorImpl.invoke(DelegatingMethodAccessorImpl.java:43) ~[?:1.8.0_221]
	at java.lang.reflect.Method.invoke(Method.java:498) ~[?:1.8.0_221]
	at org.springframework.aop.support.AopUtils.invokeJoinpointUsingReflection(AopUtils.java:344) [spring-aop-5.2.18.RELEASE.jar:5.2.18.RELEASE]
	at org.springframework.aop.framework.JdkDynamicAopProxy.invoke(JdkDynamicAopProxy.java:205) [spring-aop-5.2.18.RELEASE.jar:5.2.18.RELEASE]
	at com.sun.proxy.$Proxy1387.onApplicationEvent(Unknown Source) [?:?]
	at org.springframework.context.event.SimpleApplicationEventMulticaster.doInvokeListener(SimpleApplicationEventMulticaster.java:172) [spring-context-5.2.18.RELEASE.jar:5.2.18.RELEASE]
	at org.springframework.context.event.SimpleApplicationEventMulticaster.invokeListener(SimpleApplicationEventMulticaster.java:165) [spring-context-5.2.18.RELEASE.jar:5.2.18.RELEASE]
	at org.springframework.context.event.SimpleApplicationEventMulticaster.multicastEvent(SimpleApplicationEventMulticaster.java:139) [spring-context-5.2.18.RELEASE.jar:5.2.18.RELEASE]
	at org.springframework.context.support.AbstractApplicationContext.publishEvent(AbstractApplicationContext.java:404) [spring-context-5.2.18.RELEASE.jar:5.2.18.RELEASE]
	at org.springframework.context.support.AbstractApplicationContext.publishEvent(AbstractApplicationContext.java:361) [spring-context-5.2.18.RELEASE.jar:5.2.18.RELEASE]
	at org.springframework.context.support.AbstractApplicationContext.finishRefresh(AbstractApplicationContext.java:898) [spring-context-5.2.18.RELEASE.jar:5.2.18.RELEASE]
	at org.springframework.context.support.AbstractApplicationContext.refresh(AbstractApplicationContext.java:554) [spring-context-5.2.18.RELEASE.jar:5.2.18.RELEASE]
	at org.springframework.web.servlet.FrameworkServlet.configureAndRefreshWebApplicationContext(FrameworkServlet.java:702) [spring-webmvc-5.2.18.RELEASE.jar:5.2.18.RELEASE]
	at org.springframework.web.servlet.FrameworkServlet.createWebApplicationContext(FrameworkServlet.java:668) [spring-webmvc-5.2.18.RELEASE.jar:5.2.18.RELEASE]
	at org.springframework.web.servlet.FrameworkServlet.createWebApplicationContext(FrameworkServlet.java:716) [spring-webmvc-5.2.18.RELEASE.jar:5.2.18.RELEASE]
	at org.springframework.web.servlet.FrameworkServlet.initWebApplicationContext(FrameworkServlet.java:591) [spring-webmvc-5.2.18.RELEASE.jar:5.2.18.RELEASE]
	at org.springframework.web.servlet.FrameworkServlet.initServletBean(FrameworkServlet.java:530) [spring-webmvc-5.2.18.RELEASE.jar:5.2.18.RELEASE]
	at org.springframework.web.servlet.HttpServletBean.init(HttpServletBean.java:170) [spring-webmvc-5.2.18.RELEASE.jar:5.2.18.RELEASE]
	at javax.servlet.GenericServlet.init(GenericServlet.java:158) [servlet-api.jar:3.1.FR]
	at org.apache.catalina.core.StandardWrapper.initServlet(StandardWrapper.java:1183) [catalina.jar:8.5.6]
	at org.apache.catalina.core.StandardWrapper.loadServlet(StandardWrapper.java:1099) [catalina.jar:8.5.6]
	at org.apache.catalina.core.StandardWrapper.load(StandardWrapper.java:989) [catalina.jar:8.5.6]
	at org.apache.catalina.core.StandardContext.loadOnStartup(StandardContext.java:4913) [catalina.jar:8.5.6]
	at org.apache.catalina.core.StandardContext.startInternal(StandardContext.java:5223) [catalina.jar:8.5.6]
	at org.apache.catalina.util.LifecycleBase.start(LifecycleBase.java:150) [catalina.jar:8.5.6]
	at org.apache.catalina.core.StandardContext.reload(StandardContext.java:3782) [catalina.jar:8.5.6]
	at org.apache.catalina.manager.ManagerServlet.reload(ManagerServlet.java:1006) [catalina.jar:8.5.6]
	at org.apache.catalina.manager.ManagerServlet.doGet(ManagerServlet.java:346) [catalina.jar:8.5.6]
	at javax.servlet.http.HttpServlet.service(HttpServlet.java:622) [servlet-api.jar:?]
	at javax.servlet.http.HttpServlet.service(HttpServlet.java:729) [servlet-api.jar:?]
	at org.apache.catalina.core.ApplicationFilterChain.internalDoFilter(ApplicationFilterChain.java:230) [catalina.jar:8.5.6]
	at org.apache.catalina.core.ApplicationFilterChain.doFilter(ApplicationFilterChain.java:165) [catalina.jar:8.5.6]
	at org.apache.tomcat.websocket.server.WsFilter.doFilter(WsFilter.java:52) [tomcat-websocket.jar:8.5.6]
	at org.apache.catalina.core.ApplicationFilterChain.internalDoFilter(ApplicationFilterChain.java:192) [catalina.jar:8.5.6]
	at org.apache.catalina.core.ApplicationFilterChain.doFilter(ApplicationFilterChain.java:165) [catalina.jar:8.5.6]
	at org.apache.catalina.filters.SetCharacterEncodingFilter.doFilter(SetCharacterEncodingFilter.java:108) [catalina.jar:8.5.6]
	at org.apache.catalina.core.ApplicationFilterChain.internalDoFilter(ApplicationFilterChain.java:192) [catalina.jar:8.5.6]
	at org.apache.catalina.core.ApplicationFilterChain.doFilter(ApplicationFilterChain.java:165) [catalina.jar:8.5.6]
	at org.apache.catalina.core.StandardWrapperValve.invoke(StandardWrapperValve.java:198) [catalina.jar:8.5.6]
	at org.apache.catalina.core.StandardContextValve.invoke(StandardContextValve.java:108) [catalina.jar:8.5.6]
	at org.apache.catalina.authenticator.AuthenticatorBase.invoke(AuthenticatorBase.java:589) [catalina.jar:8.5.6]
	at org.apache.catalina.valves.RequestFilterValve.process(RequestFilterValve.java:319) [catalina.jar:8.5.6]
	at org.apache.catalina.valves.RemoteAddrValve.invoke(RemoteAddrValve.java:88) [catalina.jar:8.5.6]
	at org.apache.catalina.core.StandardHostValve.invoke(StandardHostValve.java:140) [catalina.jar:8.5.6]
	at org.apache.catalina.valves.ErrorReportValve.invoke(ErrorReportValve.java:79) [catalina.jar:8.5.6]
	at org.apache.catalina.valves.AbstractAccessLogValve.invoke(AbstractAccessLogValve.java:620) [catalina.jar:8.5.6]
	at org.apache.catalina.core.StandardEngineValve.invoke(StandardEngineValve.java:87) [catalina.jar:8.5.6]
	at org.apache.catalina.connector.CoyoteAdapter.service(CoyoteAdapter.java:349) [catalina.jar:8.5.6]
	at org.apache.coyote.http11.Http11Processor.service(Http11Processor.java:784) [tomcat-coyote.jar:8.5.6]
	at org.apache.coyote.AbstractProcessorLight.process(AbstractProcessorLight.java:66) [tomcat-coyote.jar:8.5.6]
	at org.apache.coyote.AbstractProtocol$ConnectionHandler.process(AbstractProtocol.java:802) [tomcat-coyote.jar:8.5.6]
	at org.apache.tomcat.util.net.NioEndpoint$SocketProcessor.doRun(NioEndpoint.java:1410) [tomcat-coyote.jar:8.5.6]
	at org.apache.tomcat.util.net.SocketProcessorBase.run(SocketProcessorBase.java:49) [tomcat-coyote.jar:8.5.6]
	at java.util.concurrent.ThreadPoolExecutor.runWorker(ThreadPoolExecutor.java:1149) [?:1.8.0_221]
	at java.util.concurrent.ThreadPoolExecutor$Worker.run(ThreadPoolExecutor.java:624) [?:1.8.0_221]
	at org.apache.tomcat.util.threads.TaskThread$WrappingRunnable.run(TaskThread.java:61) [tomcat-util.jar:8.5.6]
	at java.lang.Thread.run(Thread.java:748) [?:1.8.0_221]
2022-03-10T09:58:09,136 DEBUG [http-nio-8080-exec-73][[]][][][][][] com.roshka.michi.communication.HttpCommunication:40 - URL: POSTP | http://192.168.30.64:8080/michi-discovery/register-action/miempresa-empresas 
2022-03-10T09:58:09,174 DEBUG [http-nio-8080-exec-73][[]][][][][][] com.roshka.michi.communication.HttpCommunication:439 - RequestBody : [{"name":"","code":"miempresa-listar-empresas","config":{}}]
2022-03-10T09:58:10,344 DEBUG [http-nio-8080-exec-73][[]][][][][][] com.roshka.michi.communication.HttpCommunication:446 - RESP STATUS : HTTP/1.1 200 OK
2022-03-10T09:58:10,345 DEBUG [http-nio-8080-exec-73][[]][][][][][] com.roshka.michi.communication.HttpCommunication:451 - RESPONSE    : 
2022-03-10T09:58:10,345  INFO [http-nio-8080-exec-73][[]][][][][][] com.roshka.michi.application.MichiStartup:34 - Registrado correctamente
2022-03-10T09:58:10,725  INFO [http-nio-8080-exec-73][[]][][][][][] org.springframework.web.servlet.DispatcherServlet:547 - Completed initialization in 10110 ms
2022-03-10T10:11:50,160  INFO [localhost-startStop-3][[]][][][][][] com.roshka.michi.application.MichiShutdown:21 - Application SHUTDOWN
2022-03-10T10:11:50,162 DEBUG [localhost-startStop-3][[]][][][][][] com.roshka.michi.service.RegisterService:106 - Deregistrando la aplicación...
2022-03-10T10:11:50,162 DEBUG [localhost-startStop-3][[]][][][][][] com.roshka.michi.communication.HttpCommunication:40 - URL: POSTP | http://192.168.30.64:8080/michi-discovery/unregister 
2022-03-10T10:11:50,354 DEBUG [localhost-startStop-3][[]][][][][][] com.roshka.michi.communication.HttpCommunication:446 - RESP STATUS : HTTP/1.1 500 Error Interno del Servidor
2022-03-10T10:11:50,355 DEBUG [localhost-startStop-3][[]][][][][][] com.roshka.michi.communication.HttpCommunication:451 - RESPONSE    : {"code":"g1005","message":"Unexpected DATABASE error","type":"DATABASE","useApiMessage":false}
2022-03-10T10:11:50,358  WARN [localhost-startStop-3][[]][][][][][] com.roshka.michi.service.RegisterService:113 - No se pudo deregistrar la aplicación!
com.roshka.michi.exception.APIClientException: null
	at com.roshka.michi.communication.HttpCommunication.doPost(HttpCommunication.java:460) ~[michi-common-client-2.8.2.jar:?]
	at com.roshka.michi.communication.HttpCommunication.doPost(HttpCommunication.java:128) ~[michi-common-client-2.8.2.jar:?]
	at com.roshka.michi.communication.HttpCommunication.perform(HttpCommunication.java:45) ~[michi-common-client-2.8.2.jar:?]
	at com.roshka.michi.discovery.client.DiscoveryAPIClient.unregister(DiscoveryAPIClient.java:91) ~[michi-discovery-client-2.8.2.jar:?]
	at com.roshka.michi.service.RegisterService.unregister(RegisterService.java:109) [common-2.8.2.jar:?]
	at com.roshka.michi.service.RegisterService$$FastClassBySpringCGLIB$$34aa55da.invoke(<generated>) [common-2.8.2.jar:?]
	at org.springframework.cglib.proxy.MethodProxy.invoke(MethodProxy.java:218) [spring-core-5.2.18.RELEASE.jar:5.2.18.RELEASE]
	at org.springframework.aop.framework.CglibAopProxy$CglibMethodInvocation.invokeJoinpoint(CglibAopProxy.java:783) [spring-aop-5.2.18.RELEASE.jar:5.2.18.RELEASE]
	at org.springframework.aop.framework.ReflectiveMethodInvocation.proceed(ReflectiveMethodInvocation.java:163) [spring-aop-5.2.18.RELEASE.jar:5.2.18.RELEASE]
	at org.springframework.aop.framework.CglibAopProxy$CglibMethodInvocation.proceed(CglibAopProxy.java:753) [spring-aop-5.2.18.RELEASE.jar:5.2.18.RELEASE]
	at org.springframework.retry.annotation.AnnotationAwareRetryOperationsInterceptor.invoke(AnnotationAwareRetryOperationsInterceptor.java:156) [spring-retry-1.2.2.RELEASE.jar:?]
	at org.springframework.aop.framework.ReflectiveMethodInvocation.proceed(ReflectiveMethodInvocation.java:186) [spring-aop-5.2.18.RELEASE.jar:5.2.18.RELEASE]
	at org.springframework.aop.framework.CglibAopProxy$CglibMethodInvocation.proceed(CglibAopProxy.java:753) [spring-aop-5.2.18.RELEASE.jar:5.2.18.RELEASE]
	at org.springframework.aop.framework.CglibAopProxy$DynamicAdvisedInterceptor.intercept(CglibAopProxy.java:698) [spring-aop-5.2.18.RELEASE.jar:5.2.18.RELEASE]
	at com.roshka.michi.service.RegisterService$$EnhancerBySpringCGLIB$$20900728.unregister(<generated>) [common-2.8.2.jar:?]
	at com.roshka.michi.application.MichiShutdown.unregister(MichiShutdown.java:28) [common-2.8.2.jar:?]
	at com.roshka.michi.application.MichiShutdown.onApplicationEvent(MichiShutdown.java:22) [common-2.8.2.jar:?]
	at com.roshka.michi.application.MichiShutdown.onApplicationEvent(MichiShutdown.java:11) [common-2.8.2.jar:?]
	at sun.reflect.NativeMethodAccessorImpl.invoke0(Native Method) ~[?:1.8.0_221]
	at sun.reflect.NativeMethodAccessorImpl.invoke(NativeMethodAccessorImpl.java:62) ~[?:1.8.0_221]
	at sun.reflect.DelegatingMethodAccessorImpl.invoke(DelegatingMethodAccessorImpl.java:43) ~[?:1.8.0_221]
	at java.lang.reflect.Method.invoke(Method.java:498) ~[?:1.8.0_221]
	at org.springframework.aop.support.AopUtils.invokeJoinpointUsingReflection(AopUtils.java:344) [spring-aop-5.2.18.RELEASE.jar:5.2.18.RELEASE]
	at org.springframework.aop.framework.JdkDynamicAopProxy.invoke(JdkDynamicAopProxy.java:205) [spring-aop-5.2.18.RELEASE.jar:5.2.18.RELEASE]
	at com.sun.proxy.$Proxy1387.onApplicationEvent(Unknown Source) [?:?]
	at org.springframework.context.event.SimpleApplicationEventMulticaster.doInvokeListener(SimpleApplicationEventMulticaster.java:172) [spring-context-5.2.18.RELEASE.jar:5.2.18.RELEASE]
	at org.springframework.context.event.SimpleApplicationEventMulticaster.invokeListener(SimpleApplicationEventMulticaster.java:165) [spring-context-5.2.18.RELEASE.jar:5.2.18.RELEASE]
	at org.springframework.context.event.SimpleApplicationEventMulticaster.multicastEvent(SimpleApplicationEventMulticaster.java:139) [spring-context-5.2.18.RELEASE.jar:5.2.18.RELEASE]
	at org.springframework.context.support.AbstractApplicationContext.publishEvent(AbstractApplicationContext.java:404) [spring-context-5.2.18.RELEASE.jar:5.2.18.RELEASE]
	at org.springframework.context.support.AbstractApplicationContext.publishEvent(AbstractApplicationContext.java:361) [spring-context-5.2.18.RELEASE.jar:5.2.18.RELEASE]
	at org.springframework.context.support.AbstractApplicationContext.doClose(AbstractApplicationContext.java:1013) [spring-context-5.2.18.RELEASE.jar:5.2.18.RELEASE]
	at org.springframework.context.support.AbstractApplicationContext.close(AbstractApplicationContext.java:979) [spring-context-5.2.18.RELEASE.jar:5.2.18.RELEASE]
	at org.springframework.web.servlet.FrameworkServlet.destroy(FrameworkServlet.java:866) [spring-webmvc-5.2.18.RELEASE.jar:5.2.18.RELEASE]
	at org.apache.catalina.core.StandardWrapper.unload(StandardWrapper.java:1359) [catalina.jar:8.5.6]
	at org.apache.catalina.core.StandardWrapper.stopInternal(StandardWrapper.java:1690) [catalina.jar:8.5.6]
	at org.apache.catalina.util.LifecycleBase.stop(LifecycleBase.java:226) [catalina.jar:8.5.6]
	at org.apache.catalina.core.StandardContext.stopInternal(StandardContext.java:5399) [catalina.jar:8.5.6]
	at org.apache.catalina.util.LifecycleBase.stop(LifecycleBase.java:226) [catalina.jar:8.5.6]
	at org.apache.catalina.core.ContainerBase$StopChild.call(ContainerBase.java:1419) [catalina.jar:8.5.6]
	at org.apache.catalina.core.ContainerBase$StopChild.call(ContainerBase.java:1408) [catalina.jar:8.5.6]
	at java.util.concurrent.FutureTask.run(FutureTask.java:266) [?:1.8.0_221]
	at java.util.concurrent.ThreadPoolExecutor.runWorker(ThreadPoolExecutor.java:1149) [?:1.8.0_221]
	at java.util.concurrent.ThreadPoolExecutor$Worker.run(ThreadPoolExecutor.java:624) [?:1.8.0_221]
	at java.lang.Thread.run(Thread.java:748) [?:1.8.0_221]
